time        kinetic     stretching        bending             LJ electrostatics          total      potential    temperature
0        1.50103        1.26122    1.10583e-07              0     0.00767084        2.76992        1.26889        1.00069   -9.14635e-09     1.1366e-08
4        1.49552       0.476472       0.159081              0     0.00780878        2.76974       0.643362       0.997013       0.625216     0.00564395
8        1.49783        0.60429       0.273207              0     0.00728443        2.76975       0.884781       0.998551       0.385484     0.00165751
12        1.52566       0.643898       0.168455   -8.50087e-05     0.00666187        2.76974        0.81893        1.01711       0.423487     0.00165834
16        1.47822        0.53315       0.117565      -0.001308     0.00660253        2.76964        0.65601       0.985481       0.628529     0.00688398
20        1.55425       0.495615       0.330207     -0.0038047     0.00687359         2.7697       0.828891        1.03617       0.380149     0.00640875
24        1.52708       0.505188       0.202744    -0.00188619     0.00784897        2.76966       0.713894        1.01805       0.525127     0.00356119
28        1.52664       0.591552        0.16863    -0.00340133     0.00700241        2.76962       0.763783        1.01776       0.472951     0.00624208
32         1.4883        0.44595       0.233161   -0.000374341     0.00687358        2.76959        0.68561       0.992197       0.592095     0.00358647
36         1.5119       0.465146       0.246532    -0.00128092     0.00658429         2.7696       0.716981        1.00793       0.537146     0.00356896
40        1.47105       0.569501        0.18997    -0.00401236     0.00760612        2.76957       0.763065         0.9807       0.533998     0.00146034
44        1.49066       0.563119         0.2472    -0.00182312     0.00710091        2.76959       0.815597       0.993774        0.46234    0.000993891
48         1.5225       0.541922       0.274192    -0.00908438     0.00641376        2.76959       0.813444          1.015       0.433157    0.000492189
52        1.48691       0.548797        0.26552    -0.00489846     0.00728244        2.76958       0.816701       0.991271       0.465633    0.000343718
56        1.56062       0.630083       0.259719    -0.00677767     0.00743204        2.76961       0.890457        1.04041       0.317329     0.00120388
60        1.52994       0.597928       0.253058    -0.00467226     0.00714366        2.76958       0.853458        1.01996       0.385331    0.000846809
64        1.52603       0.593808       0.269923    -0.00467904     0.00706379        2.76958       0.866115        1.01736       0.376363     0.00107022
68        1.52836       0.575335       0.263548     -0.0019882     0.00702939        2.76957       0.843924        1.01891        0.39623     0.00105417
72        1.53162       0.591417       0.253622    -0.00219149     0.00732611        2.76956       0.850173        1.02108       0.386537     0.00122898
76        1.54154       0.601284       0.305415    -0.00835253     0.00733807        2.76957       0.905684        1.02769       0.322096     0.00025325
80        1.49894       0.575626       0.307322    -0.00452148     0.00714549        2.76956       0.885572       0.999291       0.384235    0.000814002
84        1.48784       0.601905       0.282877    -0.00311338     0.00712821        2.76957       0.888797       0.991891       0.391845     0.00108709
88        1.50935       0.628844       0.297414    -0.00533991     0.00724903        2.76957       0.928167        1.00624       0.331194    0.000858768
92        1.47179       0.626171       0.300913    -0.00701423      0.0071033        2.76957       0.927174       0.981196       0.370128    0.000469644
96        1.47784       0.618034       0.313783     -0.0115844     0.00737382        2.76957       0.927607        0.98523       0.363286    0.000830762
100        1.46526       0.642784       0.287304    -0.00871939     0.00741681        2.76956       0.928786       0.976842       0.373681     0.00183015
104        1.48915       0.636375       0.309773     -0.0206348     0.00719446        2.76955       0.932708       0.992765       0.347558    0.000140708
108        1.54056       0.655676       0.301549      -0.023164     0.00720509        2.76956       0.941266        1.02704       0.287511    0.000224599
112        1.50701       0.666788       0.310813     -0.0361776     0.00737109        2.76957       0.948795        1.00468       0.313707    5.41582e-05
116        1.47952       0.668918       0.314101     -0.0333172     0.00747138        2.76955       0.957174       0.986348       0.332638    0.000214665
120        1.47984       0.668471       0.324292     -0.0375682     0.00724612        2.76957       0.962441       0.986559       0.326909    0.000379818
124        1.53045       0.678606       0.323594     -0.0371666     0.00715203        2.76956       0.972186         1.0203       0.265456     0.00147335
128          1.487       0.674712       0.316183     -0.0381123      0.0072863        2.76955       0.960068       0.991333       0.321672    0.000812921
132        1.52706       0.672466       0.321348     -0.0379769     0.00733961        2.76955       0.963176        1.01804       0.278229     0.00107923
136        1.46376       0.684611       0.326766     -0.0434595     0.00730874        2.76955       0.975227       0.975842       0.330123    0.000432194
140        1.49821       0.694564       0.333735     -0.0443706     0.00739347        2.76955       0.991322       0.998807       0.278075     0.00193924
144        1.52738       0.699565       0.337627     -0.0422478     0.00715853        2.76956         1.0021        1.01825       0.239612    0.000461893
148        1.48873       0.710445       0.347975     -0.0518309     0.00755871        2.76956        1.01415       0.992486       0.266114    0.000565877
152        1.47333       0.701378       0.351733     -0.0502897     0.00749659        2.76956        1.01032       0.982218       0.285434    0.000482623
156        1.54304       0.720482        0.35043     -0.0467453     0.00734974        2.76958        1.03152        1.02869       0.194156    0.000859911
160        1.50852       0.723091       0.353633     -0.0532556     0.00739233        2.76957        1.03086        1.00568        0.22945    0.000740357
164        1.48703       0.724126       0.356526     -0.0486164     0.00766209        2.76957         1.0397       0.991354       0.242721    0.000119347
168        1.52182       0.713133       0.348871     -0.0519032      0.0073997        2.76956         1.0175        1.01455       0.230079    0.000157165
172        1.47659       0.725307       0.348553       -0.05499     0.00739392        2.76956        1.02626       0.984396       0.265545     0.00116015
176         1.5465       0.741523       0.341337     -0.0595352     0.00731661        2.76957        1.03064          1.031        0.19228    0.000152278
180         1.4728       0.739164       0.362409     -0.0628749      0.0073526        2.76957        1.04605       0.981866       0.250085    0.000631615
184        1.51094       0.736829        0.35517     -0.0545071     0.00754335        2.76957        1.04503        1.00729       0.212492      0.0011046
188        1.47591       0.749608       0.356771     -0.0520049     0.00740866        2.76957        1.06178       0.983939       0.231354     0.00052484
192        1.53306       0.752258       0.351639     -0.0579484     0.00765088        2.76956         1.0536        1.02204       0.181803     0.00109993
196        1.44945       0.743568       0.352357     -0.0667845     0.00762195        2.76956        1.03676       0.966297        0.28244    0.000907384
