time        kinetic     stretching        bending             LJ electrostatics          total      potential    temperature
0        1.51348        1.24868    9.69967e-06              0              0        2.76217        1.24869        1.00899   -1.80059e-05    1.80953e-05
0.2        1.64823       0.356729       0.273313   -0.000192037              0        2.76109        0.62985        1.09882       0.475433     0.00757097
0.4        1.58334       0.534276       0.223777    -0.00311418              0         2.7611       0.754938        1.05556       0.416565     0.00625341
0.6        1.57121       0.499933       0.293152     -0.0165497              0        2.76139       0.776535        1.04748       0.411565     0.00208153
0.8        1.45236       0.560784       0.324062     -0.0298813              0        2.76148       0.854965       0.968241       0.444795     0.00936132
1        1.44837       0.506287        0.27211    -0.00811139              0        2.76101       0.770286        0.96558       0.541315     0.00104418
1.2        1.48891        0.54173       0.247592   -0.000511512              0         2.7608        0.78881       0.992604       0.479639     0.00344334
1.4        1.39552       0.622106       0.212137   -0.000791439              0         2.7606       0.833451       0.930349       0.529842     0.00178316
1.6        1.51342       0.534489       0.243622     -0.0105698              0        2.76047       0.767542        1.00895       0.469424      0.0100785
1.8        1.59837       0.594212       0.249649     -0.0150741              0        2.76046       0.828787        1.06558       0.309903      0.0234031
2        1.67237       0.590418       0.280356     -0.0145007              0        2.76073       0.856274        1.11491       0.225826     0.00626426
2.2        1.56909       0.620287       0.277681     -0.0174931              0        2.76068       0.880475        1.04606       0.297933      0.0131822
2.4        1.49431       0.577977       0.275212     -0.0226727              0        2.76058       0.830516       0.996207        0.43342      0.0023323
2.6        1.41833       0.569983        0.28123     -0.0522824              0        2.76071       0.798931       0.945552       0.539548     0.00390526
2.8        1.57271       0.724456       0.287531      -0.079312              0        2.76118       0.932675        1.04847       0.252336     0.00346347
3        1.46819       0.665007       0.330253     -0.0595857              0        2.76103       0.935675       0.978794       0.356846    0.000320416
3.2         1.4258        0.61005       0.302117     -0.0129336              0        2.76013       0.899233       0.950535       0.430225     0.00486941
3.4        1.40705       0.639705       0.323821     -0.0221074              0         2.7605       0.941418       0.938033       0.404433     0.00759834
3.6        1.43603       0.660928         0.2961     -0.0203285              0        2.76031       0.936699       0.957353       0.374286      0.0132923
3.8        1.53829       0.800969       0.337284     -0.0372448              0        2.76065        1.10101        1.02553       0.108174       0.013175
4         1.4118       0.775314        0.30413     -0.0448467              0        2.76017         1.0346       0.941199       0.310509     0.00326763
4.2        1.42108       0.801056        0.33511     -0.0146548              0        2.76025        1.12151       0.947387       0.215228     0.00242997
4.4        1.52397       0.848585        0.28716    -0.00845755              0        2.76021        1.12729        1.01598      0.0982812       0.010679
4.6        1.44472       0.828608       0.349209    -0.00220962              0        2.76039        1.17561        0.96315       0.129334      0.0107294
4.8        1.52492       0.777004       0.353511    0.000360121              0         2.7604        1.13088        1.01661      0.0935083      0.0110983
5        1.47225         0.7912       0.348874     0.00378873              0        2.76005        1.14386       0.981502       0.142477      0.0014533
5.2        1.47611       0.822119       0.354203    0.000248401              0        2.76034        1.17657       0.984072       0.104793     0.00286873
5.4        1.49438       0.879497       0.342024    -0.00441997              0        2.76019         1.2171        0.99625      0.0415841     0.00713212
5.6        1.52894       0.889993       0.348975     -0.0114344              0        2.76018        1.22753        1.01929    0.000694557     0.00301197
5.8        1.57244       0.906455       0.337312      -0.034727              0        2.76061        1.20904        1.04829     -0.0266354     0.00576673
6         1.4605       0.823582       0.404922     -0.0402069              0        2.76028         1.1883       0.973665       0.101768     0.00971997
6.2        1.45618       0.857003       0.351796     -0.0503577              0         2.7603        1.15844       0.970787       0.134792      0.0108819
6.4        1.42824       0.903243       0.367631      -0.042303              0        2.76054        1.22857        0.95216       0.101258     0.00247191
6.6        1.43515        0.81272       0.400927     -0.0581261              0        2.76013        1.15552       0.956769       0.166735     0.00271686
6.8         1.4968       0.825175       0.390349     -0.0765005              0        2.76037        1.13902       0.997868       0.120673     0.00387644
7        1.50941       0.852125         0.3657     -0.0824658              0        2.76003        1.13536        1.00627       0.113209     0.00204793
7.2        1.50629       0.881224       0.318932     -0.0882874              0        2.76012        1.11187         1.0042       0.139083     0.00287627
7.4        1.43827       0.932575       0.408742     -0.0814432              0        2.76067        1.25987       0.958847      0.0604003     0.00212939
7.6        1.56474       0.952606       0.316042     -0.0877371              0         2.7604        1.18091        1.04316      0.0133281     0.00142638
7.8        1.57432       0.954302       0.444881       -0.07891              0        2.76123        1.32027        1.04955      -0.139984     0.00661985
8        1.46617       0.863218       0.405316     -0.0994066              0        2.76003        1.16913       0.977446       0.124215    0.000514979
8.2        1.45651       0.886656       0.382808       -0.11549              0        2.76062        1.15397       0.971003       0.147574     0.00257079
8.4        1.60425       0.910098       0.371855     -0.0892689              0        2.76079        1.19268         1.0695     -0.0370964    0.000948885
8.6        1.53316       0.977912       0.345547      -0.107613              0        2.76136        1.21585        1.02211     0.00344863     0.00890527
8.8        1.58941       0.882175       0.436308      -0.146843              0        2.76106        1.17164        1.05961      -0.004852     0.00486468
9         1.4697       0.955295       0.391772     -0.0770056              0        2.76122        1.27006       0.979797      0.0172022     0.00425666
9.2        1.51871       0.919602       0.383649     -0.0747695              0        2.76096        1.22848        1.01247     0.00141964      0.0123472
9.4        1.46043       0.934946       0.390401     -0.0738451              0        2.76083         1.2515       0.973622      0.0364984      0.0123946
9.6        1.53062       0.838476       0.366558     -0.0395087              0         2.7602        1.16553        1.02041      0.0613966     0.00265955
9.8        1.46326       0.919487       0.371097     -0.0478996              0        2.76081        1.24268       0.975504      0.0539058    0.000966126
10        1.38567       0.981877       0.383937     -0.0519103              0        2.76107         1.3139        0.92378      0.0568233     0.00467323
10.2        1.51656       0.949535        0.39679     -0.0460528              0        2.76094        1.30027        1.01104     -0.0646551     0.00875839
10.4        1.49799        1.00776       0.363424     -0.0601219              0        2.76066        1.31106        0.99866     -0.0647519      0.0163579
10.6        1.54732       0.948005       0.467584     -0.0481314              0        2.76136        1.36746        1.03155      -0.156606     0.00317982
10.8        1.43563        1.02041       0.414669     -0.0144603              0        2.76114        1.42062       0.957084     -0.0995964     0.00448797
11        1.47775       0.995823        0.40838     -0.0311458              0        2.76082        1.37306       0.985164      -0.104023      0.0140391
11.2        1.49311       0.927177       0.441939      -0.062106              0         2.7607        1.30701       0.995406     -0.0439612     0.00454085
11.4        1.47252        1.01479       0.456478     -0.0828184              0        2.76145        1.38845       0.981679      -0.107601     0.00808051
11.6        1.49296       0.966298       0.371289     -0.0745451              0        2.76063        1.26304       0.995309    -0.00456533     0.00919404
11.8        1.45722        1.01667       0.426906     -0.0870302              0         2.7611        1.35655       0.971478     -0.0565374     0.00387082
12        1.56414        1.00975       0.440451     -0.0574903              0        2.76132        1.39271        1.04276      -0.199453     0.00392252
12.2        1.58476        1.06607       0.431632     -0.0702034              0        2.76182         1.4275        1.05651      -0.253864     0.00342708
12.4        1.52781        1.08536       0.428368     -0.0926608              0        2.76171        1.42107        1.01854      -0.203822      0.0166494
12.6        1.58778        1.06282       0.420066      -0.103993              0        2.76199         1.3789        1.05852       -0.21404     0.00935664
12.8        1.46002        1.02764       0.444088      -0.075027              0        2.76177        1.39671       0.973346      -0.100488        0.00553
13        1.40284       0.981943       0.439439      -0.051912              0        2.76112        1.36947       0.935224     -0.0265049      0.0153173
13.2        1.42009        1.02904       0.459299      -0.037692              0        2.76201        1.45065       0.946729       -0.11054     0.00180508
13.4        1.52039        1.03519       0.451666     -0.0761587              0        2.76177        1.41069        1.01359       -0.17528     0.00596376
13.6        1.47446        1.12678       0.483869      -0.100722              0        2.76263        1.50993       0.982974      -0.236492      0.0147267
13.8        1.42956        1.03142       0.430302      -0.163444              0        2.76181        1.29828       0.953039      0.0292493     0.00472239
14        1.41208        1.06934       0.411433      -0.154003              0        2.76182        1.32677       0.941387      0.0125373      0.0104287
14.2        1.48179        1.12415       0.459897      -0.167585              0        2.76205        1.41646       0.987861      -0.140317     0.00411231
14.4         1.5639        1.07754       0.486359       -0.15065              0        2.76185        1.41325         1.0426      -0.221919     0.00661508
14.6        1.43808        1.06153       0.488387      -0.157696              0        2.76188        1.39222       0.958722     -0.0768716     0.00844565
14.8        1.48183        1.12777       0.436732      -0.161446              0        2.76153        1.40306       0.987886      -0.128418     0.00506368
15        1.46741        1.12847        0.44137      -0.205242              0        2.76168         1.3646       0.978272     -0.0794849     0.00915687
15.2        1.45539        1.13224       0.497893      -0.232841              0        2.76136         1.3973       0.970259     -0.0962136     0.00488552
15.4         1.6589        1.12644       0.461983      -0.201735              0         2.7616        1.38669        1.10593      -0.285745     0.00175707
15.6        1.46962        1.23839       0.424523      -0.180857              0         2.7625        1.48206       0.979744      -0.195424     0.00624888
15.8        1.58158        1.09221       0.439516      -0.165521              0        2.76129         1.3662        1.05439      -0.195993     0.00950066
16        1.46868         1.1195       0.481107      -0.217877              0        2.76138        1.38273       0.979117     -0.0947414     0.00472187
16.2        1.60756        1.00071       0.440295       -0.21403              0        2.76074        1.22697         1.0717     -0.0833751     0.00959172
16.4        1.60582        1.07769       0.467186      -0.176312              0        2.76081        1.36856        1.07055      -0.217433     0.00386133
16.6        1.58243        1.15426       0.434299      -0.175725              0        2.76208        1.41283        1.05495      -0.240355     0.00716889
16.8        1.54271        1.11176       0.441013      -0.207443              0        2.76153        1.34533        1.02847      -0.129602     0.00309112
17        1.53795        1.09612       0.474685      -0.222637              0        2.76139        1.34816         1.0253      -0.130164     0.00544424
17.2        1.47918        1.16885       0.403572      -0.228007              0         2.7613        1.34441       0.986123     -0.0647885     0.00249665
17.4        1.39574         1.1691       0.510831      -0.197647              0        2.76235        1.48228       0.930493       -0.12548     0.00980498
17.6        1.38889        1.18432       0.438528      -0.202083              0        2.76235        1.42076       0.925926     -0.0651329      0.0178359
17.8        1.44231        1.14251       0.458179      -0.220506              0          2.762        1.38018       0.961542     -0.0619611     0.00146404
18        1.46702        1.21403       0.431182       -0.21702              0        2.76235        1.42819       0.978012      -0.141651     0.00879351
18.2        1.56218        1.17261       0.471786      -0.255751              0         2.7619        1.38865        1.04145      -0.193918     0.00499789
18.4        1.50811        1.09446       0.482342      -0.254925              0        2.76147        1.32187         1.0054     -0.0694059    0.000900592
18.6        1.52228        1.21495       0.506312      -0.237904              0         2.7627        1.48336        1.01485      -0.249167     0.00622193
18.8        1.55263        1.15439       0.521377      -0.249138              0        2.76202        1.42663        1.03508      -0.221047     0.00381764
19        1.50244        1.11823       0.478315      -0.218308              0        2.76163        1.37824        1.00163      -0.134249      0.0151946
19.2        1.51385        1.22613       0.422375      -0.312618              0        2.76142        1.33589        1.00924      -0.093856     0.00553637
19.4        1.47597        1.17723       0.458947      -0.247118              0        2.76197        1.38905       0.983978      -0.106221     0.00317095
19.6        1.61418        1.14562       0.391401      -0.257652              0        2.76102        1.27937        1.07612      -0.141471     0.00894643
19.8        1.54126          1.204       0.531145       -0.27846              0        2.76146        1.45668        1.02751      -0.246991      0.0105011
20        1.41558        1.08986       0.502846      -0.245907              0        2.76159         1.3468       0.943723    -0.00991452     0.00911497
20.2        1.51472        1.21888       0.460278      -0.226846              0        2.76218        1.45231        1.00981      -0.207579     0.00272473
20.4        1.44642        1.16043       0.451132      -0.276315              0        2.76168        1.33525       0.964282     -0.0258502     0.00586516
20.6        1.62922        1.11493       0.526625      -0.286947              0        2.76184        1.35461        1.08615      -0.226905     0.00491856
20.8        1.55169        1.09847       0.532384        -0.2822              0        2.76169        1.34865        1.03446        -0.1501      0.0114426
21        1.46467        1.19023       0.466223      -0.317661              0        2.76191        1.33879       0.976444     -0.0498662     0.00832091
21.2        1.45663        1.15346       0.460854       -0.31854              0        2.76108        1.29577       0.971089     0.00347423     0.00519404
21.4        1.50546        1.12741       0.446337       -0.30871              0        2.76139        1.26504        1.00364     -0.0144042     0.00529034
21.6        1.51177        1.17691       0.454188      -0.301833              0        2.76147        1.32927        1.00784     -0.0816874     0.00212236
21.8         1.5181        1.17242       0.489642      -0.306114              0        2.76196        1.35595        1.01207      -0.115475     0.00337799
22        1.51668         1.1762       0.495074      -0.292836              0          2.762        1.37844        1.01112      -0.140006      0.0068826
22.2        1.56325        1.19949       0.440528      -0.287123              0        2.76173         1.3529        1.04216      -0.158657      0.0042446
22.4        1.65821        1.12713       0.484791      -0.324596              0        2.76147        1.28733        1.10547      -0.193687     0.00961631
22.6        1.45686        1.21433       0.498728      -0.316056              0        2.76156          1.397       0.971237     -0.0940405      0.0017397
22.8        1.40559        1.22486         0.4131      -0.296542              0        2.76158        1.34142       0.937062   -8.18475e-05      0.0146419
23        1.57175        1.22529       0.496594      -0.332149              0        2.76171        1.38973        1.04783      -0.204238     0.00447423
23.2        1.50398        1.22318        0.49398      -0.329544              0        2.76216        1.38762        1.00266      -0.134264     0.00481986
23.4        1.53636        1.21901       0.478516      -0.349514              0        2.76173        1.34801        1.02424      -0.126958     0.00432359
23.6        1.59109        1.15226       0.470988      -0.330247              0        2.76176          1.293        1.06073      -0.125663     0.00332436
23.8        1.44022         1.2471       0.425258      -0.332213              0        2.76176        1.34015       0.960149     -0.0213096     0.00269844
24        1.50013        1.14908       0.499188      -0.343819              0        2.76146        1.30445        1.00009      -0.050147     0.00702379
24.2        1.44277        1.16822        0.46513      -0.312097              0        2.76088        1.32125       0.961848    -0.00692815     0.00378226
24.4        1.58752        1.13046       0.443731      -0.333089              0        2.76097        1.24111        1.05835     -0.0715851     0.00392412
24.6        1.58196        1.11986       0.498311      -0.323386              0        2.76105        1.29479        1.05464      -0.130978      0.0152855
24.8        1.49158        1.22338       0.474767      -0.339024              0        2.76198        1.35912       0.994386     -0.0931021     0.00438338
25        1.68443        1.16654       0.482655      -0.370365              0        2.76153        1.27883        1.12295      -0.202796     0.00106816
25.2        1.51533        1.30161        0.49444      -0.328135              0        2.76309        1.46791        1.01022      -0.229099     0.00895161
25.4         1.5351         1.1538       0.483577      -0.346652              0        2.76211        1.29073         1.0234      -0.066515       0.002796
25.6        1.55234        1.10608       0.450261      -0.365065              0        2.76134        1.19127        1.03489      0.0144741     0.00325436
25.8        1.47247        1.15394       0.448182      -0.342362              0        2.76153        1.25976        0.98165      0.0252003     0.00409339
26        1.39391         1.1419       0.445289      -0.306269              0        2.76165        1.28092        0.92927      0.0776562     0.00916688
26.2        1.46068        1.12253       0.488797      -0.388483              0        2.76119        1.22285       0.973787      0.0707699     0.00688813
26.4         1.6053        1.15121       0.504397      -0.353547              0        2.76206        1.30206         1.0702      -0.151427     0.00612526
26.6        1.49147         1.2352        0.45793        -0.3449              0         2.7622        1.34823       0.994315     -0.0789447     0.00144685
26.8        1.46987        1.25407       0.476403      -0.389312              0        2.76173        1.34116       0.979913     -0.0509153     0.00161755
27        1.41734          1.248       0.493908      -0.345745              0        2.76285        1.39616       0.944891     -0.0555547     0.00491035
27.2        1.49395        1.19241       0.500282      -0.344601              0        2.76166         1.3481        0.99597     -0.0867472     0.00636152
27.4        1.50806        1.28235       0.452763      -0.345148              0        2.76243        1.38996        1.00538      -0.141253     0.00565506
27.6        1.55496        1.25703       0.468842      -0.356703              0        2.76212        1.36917        1.03664      -0.171272     0.00926425
27.8        1.66122         1.1742       0.465088      -0.344609              0        2.76205        1.29467        1.10748      -0.194641    0.000799932
28        1.53292        1.16266       0.452749      -0.363708              0        2.76159         1.2517        1.02194     -0.0309042      0.0078713
28.2        1.51312        1.14825       0.471881      -0.359129              0        2.76136        1.26101        1.00874     -0.0170528     0.00429421
28.4        1.48869        1.19728       0.455115      -0.352327              0        2.76155        1.30007       0.992462     -0.0419191      0.0147032
28.6        1.43104        1.19038       0.438821      -0.358847              0        2.76157        1.27035       0.954024      0.0510655     0.00911404
28.8        1.45301        1.10239       0.478958      -0.335569              0        2.76189        1.24578       0.968674      0.0546659     0.00842947
29        1.53773        1.20804       0.495655       -0.39336              0        2.76174        1.31034        1.02515     -0.0895355     0.00320643
29.2        1.54117        1.19166       0.519152      -0.338557              0        2.76194        1.37225        1.02745      -0.156463     0.00498109
29.4        1.62396        1.20671       0.412264      -0.401348              0        2.76205        1.21762        1.08264     -0.0904275      0.0108958
29.6        1.46781        1.17897       0.466352       -0.32816              0         2.7618        1.31717       0.978542     -0.0278807      0.0047018
29.8        1.44753        1.20657         0.4549      -0.379008              0         2.7619        1.28246       0.965019      0.0304465     0.00145984
30         1.4266        1.19508       0.457969      -0.376681              0        2.76198        1.27637       0.951067      0.0540974     0.00490653
30.2        1.40604         1.1471       0.445498      -0.343348              0        2.76243        1.24925       0.937361       0.102775     0.00435473
30.4        1.54392        1.18852       0.471696      -0.408186              0        2.76175        1.25203        1.02928      -0.044355      0.0101482
30.6        1.47348        1.15663       0.487288      -0.330291              0        2.76226        1.31363        0.98232     -0.0302622     0.00541822
30.8         1.4899        1.25409       0.509886      -0.344869              0        2.76259        1.41911       0.993266      -0.150233     0.00381725
31        1.54571        1.19301       0.435761      -0.339626              0        2.76137        1.28915        1.03047     -0.0740827     0.00059642
31.2        1.50129        1.26388       0.494788      -0.359003              0        2.76259        1.39966        1.00086      -0.145919     0.00756323
31.4        1.40694        1.07194       0.487868      -0.352305              0        2.76181         1.2075       0.937962        0.13794      0.0094286
31.6        1.41888        1.13033       0.483182      -0.383987              0        2.76138        1.22952       0.945919       0.107821      0.0051553
31.8        1.42276        1.21778        0.45693      -0.334047              0        2.76167        1.34066       0.948507     -0.0048285     0.00307858
32        1.51375         1.1288       0.439633      -0.392083              0        2.76131        1.17635        1.00917      0.0681839     0.00302486
32.2        1.48356        1.18078       0.464361      -0.328178              0        2.76175        1.31696       0.989038     -0.0397577    0.000983623
32.4        1.54397        1.18172       0.422023      -0.360172              0        2.76204        1.24357        1.02931      -0.041169      0.0156681
32.6        1.46656        1.14003       0.427331      -0.355767              0        2.76093         1.2116       0.977708      0.0769297     0.00584391
32.8        1.48405        1.12393       0.425884      -0.347197              0        2.76124        1.20261       0.989367      0.0649074     0.00966441
33        1.43571        1.20955       0.451818       -0.36498              0        2.76098        1.29638       0.957139      0.0246712     0.00422166
33.2        1.49386        1.21648       0.464499      -0.361045              0        2.76194        1.31994       0.995905     -0.0569897     0.00514145
33.4        1.48892        1.25415       0.475196       -0.40713              0        2.76201        1.32222       0.992611     -0.0549444     0.00582389
33.6        1.55377        1.12608       0.504526      -0.336652              0         2.7615        1.29395        1.03585     -0.0887417     0.00252144
33.8         1.4807        1.27195       0.445769      -0.334717              0        2.76274        1.38301       0.987136      -0.111766      0.0107981
34        1.49623        1.24064       0.547204      -0.383523              0        2.76282        1.40432       0.997486      -0.138177    0.000449946
34.2        1.61999        1.20123       0.480481      -0.334867              0        2.76278        1.34684        1.07999      -0.217615      0.0135664
34.4        1.60488        1.25646       0.463985      -0.388513              0         2.7624        1.33193        1.06992      -0.177267     0.00284981
34.6        1.54758        1.20316       0.461306      -0.340955              0        2.76237        1.32351        1.03172      -0.111481     0.00275952
34.8        1.51633        1.17811       0.474825      -0.391775              0        2.76189        1.26116        1.01089     -0.0202583     0.00465827
35        1.47168         1.1832       0.402122      -0.384897              0        2.76134        1.20042        0.98112      0.0858168     0.00342319
35.2        1.46289        1.11251       0.513565      -0.349739              0        2.76223        1.27633        0.97526      0.0178951     0.00511152
35.4        1.39531        1.20317        0.43247      -0.351015              0        2.76183        1.28462       0.930204      0.0787388     0.00316117
35.6        1.57353        1.17788       0.468935       -0.40689              0        2.76173        1.23992        1.04902     -0.0648373      0.0131146
35.8        1.57606        1.18977       0.503964      -0.376096              0        2.76207        1.31764         1.0507       -0.13361     0.00198478
36        1.55358        1.17124       0.507141      -0.370094              0        2.76246        1.30829        1.03572      -0.102083     0.00266854
36.2        1.52523        1.24162        0.48133      -0.365916              0        2.76249        1.35703        1.01682      -0.122541     0.00276948
36.4        1.56918        1.22901        0.44783      -0.383483              0        2.76234        1.29336        1.04612      -0.101431     0.00122424
36.6         1.3653        1.20778       0.568019      -0.350653              0        2.76299        1.42515       0.910203     -0.0307612     0.00330133
36.8        1.41145        1.08712       0.451601      -0.367828              0        2.76154         1.1709       0.940969       0.171555     0.00763437
37        1.43367        1.21388       0.502715      -0.377697              0        2.76266         1.3389       0.955782     -0.0153751     0.00545952
37.2        1.52295        1.11075       0.479623       -0.33412              0         2.7618        1.25625         1.0153     -0.0257671     0.00836754
37.4        1.57239        1.24449       0.494794      -0.345032              0        2.76305        1.39425        1.04826      -0.207422     0.00382952
37.6        1.61365          1.195       0.493779      -0.335519              0         2.7625        1.35326        1.07577      -0.207781     0.00337538
37.8        1.50772        1.09536       0.423333      -0.328989              0         2.7612         1.1897        1.00515      0.0599467     0.00383548
38        1.51933         1.1693       0.463972      -0.354006              0        2.76169        1.27927        1.01289     -0.0506445      0.0137317
38.2         1.5454        1.24028       0.476467      -0.361632              0        2.76232        1.35511        1.03026      -0.152941      0.0147546
38.4        1.44242         1.3351       0.439003      -0.376526              0        2.76315        1.39758       0.961613     -0.0822397     0.00538872
38.6        1.49506        1.14813       0.435257      -0.361595              0        2.76122        1.22179       0.996706      0.0401616       0.004208
38.8         1.4202         1.1692       0.487863      -0.372673              0        2.76164        1.28439       0.946798       0.052104     0.00494344
39        1.43689        1.23592       0.453252      -0.361217              0        2.76234        1.32796       0.957929    -0.00537937     0.00287324
39.2        1.52684         1.1516       0.437387       -0.31637              0        2.76255        1.27262         1.0179     -0.0396431      0.0027301
39.4        1.44489        1.18907        0.51318      -0.330791              0        2.76269        1.37146       0.963257     -0.0601914     0.00653361
39.6        1.35653        1.24591       0.464945      -0.374905              0          2.763        1.33595       0.904356       0.063853     0.00666788
39.8        1.47067        1.17419       0.490474      -0.375559              0        2.76284        1.28911        0.98045     0.00247544    0.000586529
40        1.47981        1.24687       0.473269       -0.35373              0        2.76269        1.36641       0.986541     -0.0874527     0.00392606
40.2        1.49019        1.23618       0.515019      -0.352647              0        2.76356        1.39856       0.993463      -0.125872     0.00068454
40.4         1.5588        1.22858       0.474691      -0.350656              0        2.76271        1.35262         1.0392      -0.149238     0.00052956
40.6        1.49005        1.22629       0.475471      -0.353154              0        2.76377         1.3486       0.993367     -0.0764824     0.00160164
40.8        1.41198        1.20061        0.54294      -0.382397              0        2.76302        1.36115       0.941317     -0.0105346     0.00042421
41        1.43848        1.20746       0.457028      -0.316423              0        2.76292        1.34806       0.958986     -0.0293993      0.0057757
41.2        1.47866        1.19559       0.437574      -0.327746              0        2.76287        1.30541       0.985776     -0.0249358     0.00372754
41.4        1.55596        1.15585       0.460506      -0.383155              0        2.76235         1.2332         1.0373     -0.0372281      0.0104177
41.6        1.38957        1.19487        0.49524      -0.323083              0        2.76361        1.36703       0.926379     0.00599482     0.00102173
41.8        1.57573        1.19596       0.457563      -0.363156              0        2.76251        1.29037        1.05049      -0.107821     0.00422988
42        1.55603        1.25407       0.415038      -0.337901              0        2.76285        1.33121        1.03736      -0.132965     0.00856694
42.2        1.46826        1.17158       0.533501      -0.340159              0        2.76263        1.36492       0.978838      -0.078496     0.00794912
42.4         1.5118          1.348       0.486906      -0.377006              0        2.76376         1.4579        1.00787       -0.20986     0.00391338
42.6        1.56321        1.22771       0.520266      -0.343444              0        2.76344        1.40453        1.04214      -0.214098      0.0097986
42.8        1.63284        1.22172       0.479177      -0.321704              0        2.76402         1.3792        1.08856      -0.250852     0.00283591
43        1.61108        1.20907       0.476257      -0.378045              0        2.76251        1.30728        1.07406      -0.159721     0.00385887
43.2        1.52209        1.20624       0.460173      -0.325626              0        2.76288        1.34079        1.01473      -0.106589     0.00658406
43.4        1.39058        1.24082       0.446874      -0.378992              0        2.76233         1.3087        0.92705      0.0551415     0.00791233
43.6        1.42937        1.14316       0.488037      -0.371699              0        2.76212         1.2595       0.952917      0.0712386     0.00201049
43.8        1.50358        1.24363       0.446596      -0.373291              0        2.76289        1.31693        1.00239     -0.0719887      0.0143665
44        1.56287        1.18912       0.502296      -0.374744              0        2.76257        1.31667        1.04191      -0.122593     0.00562353
44.2        1.49971        1.22426        0.50695      -0.368141              0        2.76329        1.36307       0.999806      -0.110346      0.0108585
44.4        1.56049        1.19501        0.50789      -0.390477              0        2.76297        1.31243        1.04033      -0.114195     0.00424717
44.6        1.36585        1.27971       0.458318      -0.390528              0        2.76292         1.3475       0.910565      0.0462476     0.00332257
44.8        1.47095         1.1636       0.514396      -0.391095              0        2.76283         1.2869       0.980632   -0.000760077     0.00573546
45        1.47555        1.19278       0.466159      -0.397815              0        2.76252        1.26113       0.983703      0.0153842      0.0104524
45.2        1.52302        1.18656       0.447487      -0.385726              0        2.76257        1.24833        1.01535     -0.0160255     0.00725326
45.4        1.50969        1.17239       0.473913      -0.388798              0        2.76242         1.2575        1.00646    -0.00662001     0.00185476
45.6         1.5681        1.10485       0.482881      -0.363285              0        2.76206        1.22444         1.0454     -0.0402454     0.00976259
45.8        1.50957        1.14922       0.493784       -0.35465              0        2.76246        1.28835        1.00638      -0.043147      0.0076832
46        1.58266        1.10252       0.487821      -0.377158              0        2.76184        1.21318        1.05511     -0.0418031     0.00779985
46.2         1.5339        1.19326       0.439846      -0.340195              0        2.76248        1.29291         1.0226     -0.0656354      0.0013125
46.4        1.31883         1.2979       0.495291      -0.375757              0        2.76352        1.41744        0.87922      0.0262023     0.00105436
46.6        1.41179        1.20034       0.427684      -0.397001              0        2.76217        1.23102       0.941196        0.10983     0.00952368
46.8        1.37769        1.22391       0.475022      -0.343524              0        2.76403        1.35541       0.918459      0.0236394     0.00728716
47        1.53999        1.21854       0.407805      -0.383138              0        2.76232        1.24321        1.02666     -0.0271772     0.00630757
47.2        1.53709        1.18811       0.498583      -0.433492              0        2.76249         1.2532        1.02473     -0.0296949     0.00189401
47.4        1.60278        1.21376       0.446813      -0.416208              0        2.76287        1.24436        1.06852     -0.0886803     0.00440544
47.6        1.42198        1.27607       0.429604      -0.458666              0        2.76268        1.24701       0.947988      0.0891705     0.00451923
47.8         1.4828         1.1462       0.497994      -0.452506              0         2.7625        1.19168       0.988534       0.082006     0.00600664
48        1.40673        1.23889       0.500188      -0.442986              0        2.76348         1.2961       0.937818      0.0559082     0.00475229
48.2        1.49688        1.14915       0.467056       -0.46609              0         2.7626        1.15012       0.997922       0.114012     0.00158472
48.4        1.36648        1.21624        0.50817      -0.514035              0        2.76274        1.21037       0.910988       0.183735      0.0021437
48.6        1.48068        1.18114        0.47552       -0.45322              0        2.76284        1.20344       0.987122      0.0711395     0.00757136
48.8        1.44667        1.15436       0.474551      -0.407041              0        2.76294        1.22187       0.964447      0.0930648     0.00133834
49         1.4426         1.1289       0.418844       -0.37411              0        2.76226        1.17363       0.961736       0.145131    0.000892246
49.2        1.47476         1.2414       0.503681      -0.377914              0        2.76365        1.36716       0.983175     -0.0941111      0.0158334
49.4        1.62915        1.25711       0.494147      -0.413634              0        2.76358        1.33762         1.0861      -0.206197     0.00300817
49.6        1.41596        1.10804       0.437837      -0.358275              0        2.76271         1.1876       0.943977       0.157163     0.00197929
49.8        1.44686        1.17606       0.487913      -0.419253              0        2.76283        1.24472       0.964572      0.0602104        0.01105
50        1.42247         1.2632        0.53899      -0.401269              0        2.76421        1.40092       0.948314     -0.0662209     0.00703639
50.2        1.48436        1.25362       0.415152      -0.444472              0         2.7624         1.2243       0.989571      0.0479537     0.00579435
50.4        1.42659        1.21187       0.495206      -0.462068              0        2.76319        1.24501       0.951059      0.0797785      0.0118106
50.6        1.42223        1.19166       0.405805      -0.465883              0        2.76247        1.13159       0.948156       0.203477     0.00517673
50.8        1.56969        1.15559       0.476569      -0.400557              0        2.76301         1.2316        1.04646     -0.0450166     0.00673226
51        1.54799        1.25367       0.536952      -0.428062              0        2.76388        1.36256        1.03199      -0.148157     0.00148779
51.2        1.58502        1.14928       0.439051      -0.428755              0        2.76239        1.15957        1.05668      0.0138466     0.00395144
51.4        1.43572        1.18805       0.510608      -0.445121              0        2.76293        1.25353       0.957144      0.0723166     0.00136271
51.6        1.57088        1.18098       0.484197      -0.443408              0        2.76317        1.22177        1.04726     -0.0327381     0.00326166
51.8        1.53042        1.23636       0.475359      -0.423112              0        2.76299         1.2886        1.02028     -0.0678981      0.0118656
52        1.40878        1.15376       0.453928       -0.44215              0        2.76269        1.16554        0.93919       0.183239     0.00512841
52.2         1.3344        1.19987       0.438787       -0.41676              0        2.76259         1.2219         0.8896       0.199024     0.00726908
52.4        1.63145        1.13544        0.49609      -0.431801              0        2.76274        1.19973        1.08763     -0.0763746     0.00793604
52.6        1.56795        1.24703       0.494409      -0.427083              0        2.76344        1.31435         1.0453      -0.139213      0.0203433
52.8        1.39596        1.21874       0.483045      -0.419826              0        2.76293        1.28196       0.930642      0.0826287     0.00237921
53        1.51984        1.12938       0.463931      -0.401123              0        2.76286        1.19218        1.01323      0.0447837     0.00605023
53.2        1.48651        1.19679       0.458816       -0.42749              0        2.76311        1.22812       0.991004      0.0401719     0.00830931
53.4        1.49719         1.1422       0.470972      -0.421866              0        2.76236         1.1913       0.998126      0.0698841     0.00398395
53.6         1.6205        1.19135       0.413937      -0.453846              0        2.76249        1.15144        1.08033     -0.0162815     0.00683906
53.8        1.50031        1.14065       0.503137      -0.430762              0         2.7628        1.21302        1.00021       0.043987     0.00547992
54        1.52049        1.11738       0.487763      -0.398055              0        2.76319        1.20709        1.01366      0.0308601     0.00475698
54.2        1.52906        1.11572       0.478928      -0.409448              0        2.76249         1.1852        1.01937       0.044921     0.00330479
54.4        1.43968        1.23616       0.484739      -0.385462              0        2.76433        1.33544       0.959787     -0.0143266     0.00353442
54.6        1.52408        1.22953       0.440621      -0.448019              0        2.76359        1.22213        1.01605      0.0164232    0.000962987
54.8        1.40277        1.14563       0.460372      -0.458632              0        2.76246        1.14738       0.935182       0.206512     0.00580291
55        1.38411        1.16014       0.513488      -0.449568              0        2.76359        1.22406        0.92274       0.151437      0.0039843
55.2        1.39217        1.21374       0.443726      -0.417653              0        2.76336        1.23982       0.928115       0.127041     0.00433059
55.4        1.51534         1.1435       0.448824      -0.426349              0        2.76304        1.16597        1.01022      0.0754722     0.00625949
55.6        1.38039        1.24075       0.433358      -0.464616              0        2.76357        1.20949       0.920262       0.169783     0.00390749
55.8         1.4836        1.09538       0.456426      -0.412031              0        2.76263        1.13977       0.989065        0.13774     0.00152069
56        1.42382        1.23478       0.475109      -0.414855              0         2.7631        1.29504       0.949214      0.0428969     0.00134878
56.2        1.51011        1.21341       0.466225      -0.442367              0        2.76321        1.23727        1.00674       0.013703     0.00213546
56.4        1.55263        1.16563       0.523201      -0.423801              0        2.76403        1.26503        1.03508     -0.0577778     0.00414754
56.6        1.41155        1.24911       0.469864        -0.5125              0        2.76439        1.20648       0.941036        0.14325      0.0031056
56.8        1.47762         1.1661       0.494154       -0.54206              0        2.76379        1.11819       0.985083       0.164889     0.00308427
57         1.4571        1.15021       0.472323      -0.544757              0        2.76264        1.07777       0.971402       0.221028     0.00673876
57.2         1.4862         1.3087       0.463366      -0.550588              0        2.76429        1.22148       0.990801      0.0493745     0.00723542
57.4        1.48026        1.25329        0.45614      -0.524847              0        2.76374        1.18458        0.98684      0.0960756     0.00282309
57.6        1.41111        1.32872         0.4874      -0.535698              0         2.7645        1.28042        0.94074      0.0669934     0.00597273
57.8        1.47917        1.27226       0.535658      -0.533055              0        2.76458        1.27486       0.986116     0.00776938     0.00277138
58        1.60042        1.28425       0.433758      -0.526929              0        2.76359        1.19107        1.06694     -0.0367814      0.0088838
58.2        1.56139        1.24425       0.453576      -0.472619              0        2.76439        1.22521        1.04093     -0.0249303     0.00272003
58.4        1.53048        1.15268       0.398886      -0.533202              0        2.76235        1.01836        1.02032       0.205614     0.00789004
58.6        1.54557        1.21957       0.470592      -0.461551              0        2.76423        1.22861        1.03038     -0.0208291      0.0108894
58.8        1.50486         1.1791       0.414244      -0.526961              0        2.76218        1.06638        1.00324        0.18355     0.00739358
59        1.56341        1.24095       0.423772      -0.526294              0        2.76362        1.13842        1.04227      0.0564594     0.00532626
59.2        1.54782        1.15194       0.532793      -0.536455              0        2.76311        1.14828        1.03188      0.0660042     0.00101362
59.4        1.50452         1.2987       0.478601      -0.515507              0        2.76346         1.2618        1.00302    -0.00500613     0.00214905
59.6        1.52831        1.19049       0.525931      -0.501905              0        2.76302        1.21452        1.01887      0.0145163     0.00567998
59.8        1.48518        1.30387       0.495005      -0.500218              0        2.76462        1.29866       0.990121      -0.025088     0.00586419
60        1.58063        1.25319       0.475213      -0.534619              0        2.76354        1.19378        1.05375     -0.0272567      0.0163834
60.2        1.44759        1.25247       0.426994      -0.532665              0        2.76314         1.1468       0.965057       0.154734      0.0140169
60.4        1.43039        1.14648       0.530192      -0.494154              0        2.76322        1.18251        0.95359       0.148049     0.00226688
60.6        1.45063          1.238       0.462575      -0.478441              0        2.76355        1.22213       0.967085      0.0886701     0.00212419
60.8        1.57651        1.14975       0.417528      -0.487741              0        2.76308        1.07953        1.05101      0.0913063      0.0157345
61        1.44933        1.22214       0.506815       -0.56877              0        2.76381        1.16018       0.966219       0.148782      0.0055168
61.2        1.45862        1.24995       0.472056      -0.571739              0        2.76401        1.15027       0.972413       0.154164    0.000960264
61.4         1.5147          1.162       0.469224      -0.552654              0        2.76281        1.07857         1.0098       0.167992     0.00154155
61.6        1.45357        1.19118       0.441221      -0.510771              0         2.7626        1.12163       0.969046       0.177779     0.00962823
61.8        1.55199        1.22148       0.434239      -0.581275              0        2.76303        1.07444        1.03466       0.129926     0.00667371
62        1.44778         1.2349       0.441258      -0.559719              0        2.76288        1.11644       0.965189       0.191911     0.00674454
62.2        1.35637        1.20136       0.445369      -0.572463              0        2.76285        1.07427       0.904243       0.326409     0.00580637
62.4        1.43616        1.16965       0.518164      -0.514613              0        2.76303         1.1732       0.957439       0.149106     0.00456009
62.6        1.50212        1.23319       0.500875      -0.557344              0        2.76356        1.17672        1.00141      0.0730628      0.0116575
62.8        1.45742        1.31699       0.502821      -0.523588              0        2.76397        1.29622       0.971612   -0.000910056      0.0112434
63        1.55554        1.19939       0.519779      -0.560242              0        2.76368        1.15892        1.03703      0.0454218     0.00378722
63.2        1.48828         1.2651       0.513274      -0.542014              0        2.76412        1.23636       0.992186      0.0281549       0.011316
63.4        1.49955         1.1691        0.40477      -0.540337              0        2.76218        1.03353       0.999702       0.226822     0.00226791
63.6        1.42661        1.29256       0.405165      -0.508919              0        2.76361         1.1888       0.951071       0.144091     0.00411069
63.8        1.53529        1.12463       0.481534      -0.501082              0        2.76301        1.10508        1.02353       0.102964      0.0196659
64        1.47359        1.21028       0.448704      -0.536044              0        2.76401        1.12294       0.982392       0.165037     0.00244153
64.2         1.4473        1.33784       0.445185      -0.565943              0        2.76402        1.21708       0.964865      0.0952609     0.00438077
64.4        1.46279        1.23498       0.479702      -0.495782              0          2.764         1.2189       0.975191      0.0723574     0.00996042
64.6         1.5087         1.2175       0.514176      -0.556553              0        2.76311        1.17513         1.0058      0.0784649    0.000828002
64.8        1.45139        1.10826       0.469769      -0.428527              0        2.76329         1.1495       0.967594       0.157916     0.00447915
65        1.42696        1.22774       0.504741      -0.504232              0        2.76426        1.22825       0.951308       0.105655     0.00339814
65.2        1.40582        1.20417       0.414508      -0.516198              0        2.76441        1.10248       0.937211       0.253676     0.00242966
65.4         1.4389        1.20557       0.424768      -0.498424              0        2.76416        1.13191       0.959269       0.183673     0.00966435
65.6         1.5727        1.09212       0.518461      -0.488429              0        2.76297        1.12215        1.04847      0.0557542      0.0123623
65.8        1.56521        1.25365       0.403247      -0.573868              0        2.76323        1.08303        1.04347       0.111086     0.00390454
66        1.60946        1.15785       0.460357      -0.497623              0         2.7634        1.12059        1.07298      0.0150228      0.0183267
66.2        1.55128        1.27756       0.443336      -0.556941              0        2.76373        1.16395        1.03418      0.0440931      0.0044058
66.4        1.49403        1.21821        0.57351      -0.535379              0         2.7644        1.25634       0.996018    0.000317863      0.0137152
66.6        1.45582        1.28129       0.509759      -0.501081              0        2.76429        1.28997       0.970548     0.00444109      0.0140564
66.8        1.55896        1.28644       0.462528      -0.591012              0         2.7639        1.15796        1.03931      0.0379841     0.00899998
67        1.35837        1.20881       0.386193       -0.53292              0        2.76394        1.06208       0.905579       0.335051     0.00843992
67.2        1.63731        1.18164       0.508067      -0.541563              0        2.76385        1.14814        1.09154     -0.0280715      0.0064689
67.4        1.42113        1.31327       0.443704      -0.543891              0        2.76443        1.21308       0.947423       0.120223     0.00999029
67.6        1.51571        1.26116       0.447438      -0.555307              0        2.76355        1.15329        1.01047       0.088362     0.00618945
67.8        1.41346        1.29054       0.476234      -0.600951              0        2.76446        1.16582       0.942306       0.180621     0.00455856
68        1.49531        1.24428       0.508774      -0.552599              0        2.76499        1.20046       0.996873      0.0638123     0.00541394
68.2        1.46793        1.28385       0.470184        -0.5117              0         2.7646        1.24233       0.978618      0.0520507     0.00228504
68.4        1.47256        1.23719       0.565565      -0.537927              0        2.76438        1.26483       0.981704      0.0248562     0.00214075
68.6         1.5625        1.24229       0.506048      -0.524206              0        2.76445        1.22414        1.04167     -0.0255411     0.00336083
68.8        1.52784        1.22016       0.500925      -0.508378              0        2.76431         1.2127        1.01856      0.0190212     0.00474942
69        1.53355        1.31285       0.499477       -0.54386              0        2.76459        1.26847        1.02236     -0.0510263      0.0136042
69.2        1.56912        1.35682        0.51277      -0.527044              0        2.76514        1.34255        1.04608      -0.150633      0.0041073
69.4        1.60628        1.28887       0.514193      -0.567025              0         2.7649        1.23604        1.07085     -0.0875017      0.0100831
69.6        1.55009        1.21157       0.480743      -0.551584              0        2.76373        1.14073         1.0334      0.0653036     0.00760744
69.8        1.49822         1.1598       0.484021      -0.487345              0         2.7639        1.15648       0.998816       0.102882      0.0063106
70        1.44725        1.21885       0.501275      -0.508242              0        2.76425        1.21188       0.964831      0.0989436      0.0061782
70.2        1.47651        1.22553       0.488641      -0.538767              0        2.76429        1.17541       0.984338       0.108505     0.00386808
70.4        1.44809        1.33491       0.438659       -0.56645              0        2.76432        1.20712       0.965393       0.100959     0.00815157
70.6        1.57395        1.18536       0.428224      -0.588577              0        2.76364          1.025         1.0493       0.152859      0.0118282
70.8        1.50697        1.30335       0.489994      -0.526111              0        2.76474        1.26723        1.00464     -0.0153217     0.00586478
71        1.50669         1.2303       0.535514      -0.587552              0        2.76376        1.17826        1.00446      0.0742164     0.00458744
71.2        1.49351        1.29793        0.50453      -0.556431              0         2.7645        1.24603       0.995673       0.014832      0.0101319
71.4        1.54051        1.14903       0.499668      -0.519802              0        2.76404        1.12889        1.02701      0.0899226     0.00471544
71.6        1.47659        1.34653       0.508947      -0.579708              0        2.76482        1.27577       0.984391     0.00576423     0.00670398
71.8        1.41158        1.16719       0.449684      -0.554826              0        2.76385        1.06205       0.941054       0.283374     0.00684667
72        1.36946        1.27582       0.439714      -0.542498              0        2.76368        1.17304        0.91297       0.218834      0.0023516
72.2        1.39304        1.26398       0.430122      -0.545116              0        2.76405        1.14899       0.928695       0.216463     0.00555578
72.4        1.46233        1.20948       0.523147      -0.541165              0        2.76458        1.19146       0.974887       0.104832     0.00596262
72.6         1.3504        1.15324       0.463777      -0.534514              0         2.7639         1.0825       0.900269       0.322893     0.00810155
72.8        1.41588        1.13909       0.526542      -0.530068              0        2.76445        1.13557       0.943917       0.206123     0.00688353
73        1.48858        1.18095       0.486732      -0.552691              0        2.76434        1.11499       0.992385       0.157298      0.0034694
73.2        1.57375        1.21533       0.450945       -0.51132              0        2.76437        1.15496        1.04917      0.0213822       0.014276
73.4        1.37769        1.23158       0.482378      -0.502993              0        2.76484        1.21096       0.918458       0.172983     0.00321196
73.6        1.44722        1.34883       0.435021      -0.588428              0        2.76446        1.19543       0.964816       0.119348     0.00245836
73.8        1.48188        1.22022       0.459654      -0.538303              0        2.76394        1.14157        0.98792       0.129928       0.010559
74        1.56086        1.18718       0.502383      -0.483214              0        2.76384        1.20635        1.04057     -0.0178934      0.0145298
74.2        1.55969         1.1895       0.435486      -0.427805              0        2.76334        1.19718        1.03979    -0.00183774     0.00830915
74.4        1.53992        1.20201       0.387201      -0.498938              0        2.76341        1.09028        1.02662        0.13037     0.00283937
74.6        1.50161        1.22174       0.444713      -0.597637              0        2.76329        1.06882        1.00108       0.191488     0.00137087
74.8        1.45836        1.15337       0.411603      -0.586789              0        2.76183       0.978188       0.972237       0.320412      0.0048706
75        1.46443        1.20848       0.482247      -0.505321              0        2.76406        1.18541       0.976288       0.105985     0.00823621
75.2        1.30428        1.21649       0.456305      -0.579014              0        2.76388        1.09378        0.86952       0.356012     0.00980601
75.4        1.48359        1.13208       0.522871      -0.572387              0        2.76384        1.08256       0.989057       0.191747     0.00593988
75.6         1.4822        1.26789       0.481822      -0.533606              0        2.76359         1.2161       0.988136      0.0582819     0.00699811
75.8        1.51019         1.2353       0.449551      -0.549748              0        2.76485         1.1351        1.00679       0.111494     0.00806509
76        1.50984        1.18267       0.447307      -0.530387              0        2.76363        1.09959        1.00656       0.151067     0.00313526
76.2        1.52383        1.23115       0.438903      -0.515556              0         2.7634         1.1545        1.01589        0.08064      0.0044327
76.4        1.36217        1.24349       0.465797      -0.516845              0        2.76395        1.19244        0.90811       0.203668     0.00567567
76.6        1.58112        1.29924        0.43611      -0.566316              0        2.76479        1.16903        1.05408      0.0135274      0.0011112
76.8        1.47548        1.29151       0.462893      -0.581635              0        2.76395        1.17277       0.983653      0.0988007      0.0168969
77        1.45053        1.17523        0.52883      -0.534282              0        2.76376        1.16978       0.967022        0.14047     0.00297218
77.2        1.56032        1.15185       0.529479      -0.515447              0        2.76404        1.16589        1.04021      0.0321349     0.00569578
77.4        1.42257         1.2455       0.481967      -0.535051              0        2.76392        1.19242       0.948377       0.138664       0.010278
77.6        1.53453        1.23585       0.453719      -0.585701              0        2.76406        1.10386        1.02302       0.122586      0.0030892
77.8        1.65388        1.18833       0.451683      -0.581263              0        2.76347        1.05875        1.10259      0.0459542     0.00488666
78        1.48955        1.24582       0.477158      -0.553751              0        2.76384        1.16923       0.993035       0.100103     0.00495181
78.2         1.5161        1.29093       0.490865      -0.498011              0        2.76482        1.28378        1.01073      -0.044376     0.00932053
78.4        1.50218        1.30117       0.519837      -0.513123              0        2.76572        1.30788        1.00146     -0.0505822     0.00623744
78.6        1.41301        1.31168       0.500129      -0.571292              0         2.7649        1.24052       0.942004       0.105368     0.00600116
78.8        1.49421        1.19884        0.47424      -0.557142              0        2.76313        1.11593       0.996142       0.147756     0.00522543
79         1.5273        1.32604        0.47709      -0.539824              0        2.76468        1.26331         1.0182      -0.028677     0.00274652
79.2        1.48304        1.26504        0.49948      -0.566404              0        2.76407        1.19812       0.988693      0.0764317     0.00648282
79.4        1.54949        1.21431       0.453731      -0.564063              0        2.76378        1.10398        1.03299       0.109162     0.00115562
79.6        1.54525        1.25738       0.462555       -0.50463              0        2.76452        1.21531        1.03016     0.00235258     0.00161745
79.8        1.58167        1.21298       0.467358      -0.520389              0        2.76438        1.15995        1.05445      0.0121699      0.0105936
80        1.51226        1.24075       0.510234      -0.504489              0        2.76455         1.2465        1.00818      0.0038064     0.00198271
80.2        1.42737        1.21331       0.522585      -0.513713              0        2.76513        1.22218       0.951578       0.111931     0.00365038
80.4        1.46325        1.22034       0.444318      -0.581319              0        2.76361        1.08334       0.975499       0.204484      0.0125356
80.6        1.51862        1.25646       0.527317      -0.534923              0        2.76502        1.24885        1.01241    -0.00778616     0.00533189
80.8        1.57072        1.20607       0.468749      -0.516134              0        2.76376        1.15868        1.04715      0.0257009     0.00865748
81        1.61861        1.20375       0.515952      -0.568281              0        2.76352        1.15143        1.07908     -0.0117848     0.00526085
81.2         1.5945        1.23732       0.470461      -0.529295              0        2.76419        1.17848          1.063     -0.0100973     0.00130096
81.4        1.77441        1.17948       0.472992      -0.494042              0        2.76323        1.15843        1.18294      -0.184579      0.0149616
81.6        1.48105        1.20284        0.38533      -0.572486              0         2.7634        1.01569       0.987364       0.263211     0.00346123
81.8        1.49435        1.16299       0.464436       -0.52045              0        2.76315        1.10698       0.996232       0.151621      0.0102081
82        1.58658        1.24404       0.459455      -0.550004              0        2.76397        1.15349        1.05772      0.0150269      0.0088675
82.2        1.51431        1.09651       0.461448      -0.518522              0        2.76296        1.03944        1.00954       0.187298      0.0219119
82.4        1.45909        1.21867       0.504815      -0.517583              0        2.76467         1.2059       0.972725      0.0873549      0.0123216
82.6        1.47738        1.20681       0.497008      -0.548805              0        2.76376        1.15501       0.984918       0.120804      0.0105681
82.8        1.43038        1.28949       0.455238      -0.518377              0        2.76489        1.22635       0.953588       0.103925     0.00423847
83        1.56183        1.19439       0.446903       -0.50863              0        2.76432        1.13266        1.04122      0.0672685     0.00256084
83.2        1.54851        1.20729       0.509216      -0.560799              0        2.76469        1.15571        1.03234      0.0526863        0.00778
83.4        1.48155        1.23976       0.506791      -0.611197              0        2.76516        1.13535       0.987698       0.145471     0.00278518
83.6        1.46726        1.21021       0.534636      -0.609803              0        2.76434        1.13504       0.978174        0.15939     0.00264815
83.8        1.66554         1.2689       0.459603      -0.634911              0        2.76461         1.0936        1.11036   -0.000126185     0.00560857
84        1.64522        1.18647        0.48286      -0.641943              0        2.76439        1.02739        1.09682      0.0879585     0.00381964
84.2        1.60311         1.2138        0.48951      -0.669485              0        2.76392        1.03382        1.06874       0.120509     0.00647864
84.4         1.5444        1.28048        0.50531      -0.655465              0        2.76561        1.13033         1.0296      0.0872756     0.00360441
84.6        1.60949        1.30114       0.491211      -0.684223              0        2.76474        1.10813        1.07299      0.0425793     0.00455111
84.8        1.55912         1.2793       0.479026      -0.703499              0        2.76412        1.05483        1.03942       0.145309      0.0048575
85         1.4928        1.38596       0.483873      -0.715697              0        2.76492        1.15414       0.995198       0.116985    0.000998341
85.2        1.59515        1.24301       0.453662       -0.67098              0        2.76408        1.02569        1.06343       0.140616     0.00263318
85.4        1.51846        1.22579       0.490425      -0.612821              0        2.76443        1.10339        1.01231       0.137816     0.00476095
85.6        1.53944        1.25824       0.477089      -0.663906              0        2.76393        1.07142        1.02629       0.147802      0.0052631
85.8        1.58439        1.24077       0.478752      -0.607994              0        2.76399        1.11153        1.05626      0.0635204     0.00455122
86         1.4952        1.23767       0.480829      -0.637986              0        2.76404        1.08051       0.996799       0.180056     0.00827484
86.2        1.38983         1.3336       0.522637      -0.613756              0          2.765        1.24248       0.926553       0.129714     0.00297999
86.4        1.53184        1.22934       0.483431      -0.668422              0        2.76276        1.04435        1.02123       0.181899     0.00466754
86.6        1.54982        1.31034        0.46176      -0.614048              0        2.76447        1.15805        1.03322      0.0499734     0.00662229
86.8        1.50264        1.22561       0.508649      -0.669713              0        2.76373        1.06455        1.00176        0.19287     0.00367706
87        1.46109        1.19476       0.515715      -0.657285              0        2.76342        1.05319       0.974058       0.246555     0.00258324
87.2        1.45849        1.23151       0.478426      -0.690535              0        2.76359         1.0194       0.972326       0.272933      0.0127642
87.4         1.5307         1.2208       0.467239      -0.652683              0        2.76383        1.03536        1.02047       0.188596     0.00917535
87.6        1.61079        1.15543        0.44869      -0.605794              0        2.76313       0.998323        1.07386       0.138481      0.0155286
87.8        1.56025         1.1796       0.473673      -0.611966              0        2.76335        1.04131        1.04016       0.142975      0.0188204
88        1.33416        1.23472       0.438904      -0.624119              0        2.76409        1.04951        0.88944       0.377114     0.00330672
88.2        1.48947          1.223       0.477146      -0.737752              0        2.76373       0.962391       0.992981       0.305213     0.00665758
88.4        1.46921         1.1105       0.461446      -0.646343              0        2.76237       0.925606       0.979473       0.358742     0.00881183
88.6        1.46897        1.30633        0.50647      -0.686064              0        2.76443        1.12673       0.979316       0.151365      0.0173598
88.8         1.5379        1.18205       0.471456      -0.689981              0        2.76379       0.963522        1.02526       0.258674      0.0037011
89        1.50994         1.2944       0.466028      -0.697942              0        2.76368        1.06249        1.00663       0.187853     0.00339385
89.2        1.48029        1.23498       0.493095      -0.595897              0        2.76379        1.13218       0.986859       0.150231     0.00108911
89.4        1.57859        1.21275       0.505689      -0.694962              0        2.76355        1.02348        1.05239       0.153198     0.00828748
89.6        1.49127        1.20712       0.416432      -0.709257              0        2.76331       0.914299       0.994181       0.350683     0.00705216
89.8         1.4448        1.21498       0.395826      -0.623421              0        2.76388       0.987381       0.963203       0.327274     0.00442268
90        1.47879        1.12487       0.459651      -0.660965              0        2.76321       0.923554       0.985862       0.357395     0.00346858
90.2        1.32121        1.14149       0.434339      -0.643392              0        2.76333       0.932437       0.880808       0.501154     0.00852825
90.4         1.3701        1.17622       0.457381       -0.61092              0        2.76379        1.02268       0.913397       0.367236      0.0037811
90.6        1.60044        1.17323       0.412501      -0.621856              0        2.76335        0.96387        1.06696       0.193244     0.00579914
90.8        1.54018        1.19624       0.514719      -0.637041              0        2.76305        1.07392        1.02678       0.139995     0.00896462
91        1.49366        1.34494       0.477493      -0.602916              0        2.76535        1.21952       0.995776       0.047349     0.00482176
91.2        1.55668         1.1975       0.434657      -0.650722              0        2.76309       0.981433        1.03779       0.220123     0.00484937
91.4        1.40635        1.24586       0.445037      -0.637794              0        2.76363         1.0531       0.937567       0.294905     0.00927025
91.6        1.44348        1.20652       0.453194      -0.612904              0        2.76396        1.04681       0.962317       0.269909     0.00376197
91.8         1.5502        1.15447       0.498759      -0.669504              0        2.76392        0.98373        1.03347       0.224894     0.00509465
92        1.41567        1.11457       0.463553      -0.657794              0        2.76305        0.92033       0.943778        0.41547      0.0115783
92.2        1.51686        1.30177       0.442044      -0.645483              0        2.76391        1.09833        1.01124       0.141303     0.00742409
92.4        1.48815        1.17038       0.501406      -0.626718              0        2.76387        1.04507       0.992097       0.228681     0.00197927
92.6        1.47886        1.31787       0.428166      -0.696996              0        2.76391        1.04904        0.98591       0.231899     0.00411269
92.8        1.59521        1.19115       0.483839       -0.64853              0        2.76394        1.02646        1.06347       0.139812     0.00245983
93        1.47706        1.30286       0.498246      -0.694672              0        2.76477        1.10644       0.984708       0.163395      0.0178753
93.2        1.48516        1.24812       0.524727      -0.659649              0        2.76416         1.1132       0.990108       0.158359     0.00743588
93.4        1.47131        1.27702       0.456834      -0.649069              0        2.76386        1.08479       0.980874        0.20443     0.00333559
93.6        1.43547        1.27411        0.49728      -0.698203              0        2.76435        1.07318       0.956981       0.253214     0.00247655
93.8        1.60474        1.21734       0.460076      -0.669389              0        2.76376        1.00803        1.06983        0.14815     0.00283941
94        1.52674        1.28219        0.47582      -0.612673              0        2.76411        1.14534        1.01783      0.0894282     0.00260593
94.2         1.5144         1.2926       0.426881      -0.618274              0        2.76341        1.10121         1.0096        0.14481     0.00299556
94.4        1.47142         1.2457       0.458092      -0.631676              0        2.76389        1.07212       0.980947       0.218538     0.00181105
94.6        1.54238        1.24235       0.464724      -0.649268              0        2.76346        1.05781        1.02826       0.162384    0.000877999
94.8        1.52801        1.24924        0.49197      -0.690124              0        2.76384        1.05109        1.01867       0.182896     0.00184194
95        1.58585        1.24055       0.434353      -0.649964              0        2.76368        1.02494        1.05723       0.150352     0.00252985
95.2        1.61703        1.31311       0.494256      -0.675742              0        2.76416        1.13163        1.07802      0.0031133      0.0123902
95.4        1.50706        1.25894       0.500311      -0.700662              0        2.76409        1.05859        1.00471       0.190835     0.00760255
95.6        1.45273        1.20297       0.408053      -0.631156              0        2.76335        0.97987       0.968484       0.324202     0.00655698
95.8        1.43176        1.25087       0.411032      -0.664602              0        2.76331       0.997304       0.954505       0.331368     0.00287924
96        1.42368        1.26224       0.454284      -0.658154              0         2.7645        1.05837       0.949117       0.258215      0.0242398
96.2        1.52681        1.18124         0.4536      -0.628949              0        2.76366        1.00589        1.01788        0.22277     0.00818761
96.4        1.44126        1.17081       0.499646      -0.616328              0        2.76334        1.05413        0.96084        0.26423     0.00372052
96.6         1.5637        1.19893       0.460288      -0.625234              0        2.76363        1.03399        1.04247       0.162652     0.00328864
96.8        1.45499        1.27131       0.442482       -0.64295              0        2.76479        1.07084       0.969995       0.235003     0.00396062
97        1.36525        1.17403       0.479092      -0.609237              0        2.76346        1.04389       0.910167       0.348303     0.00602481
97.2        1.47826        1.17764        0.52618      -0.618724              0         2.7644         1.0851       0.985508       0.195994     0.00503923
97.4        1.64615        1.20314       0.427459      -0.599171              0        2.76442        1.03143        1.09743      0.0801976     0.00664629
97.6        1.57705        1.30349       0.455174      -0.591135              0        2.76498        1.16753        1.05136     0.00936337      0.0110399
97.8        1.51918        1.22075       0.491619      -0.598436              0         2.7646        1.11393        1.01279       0.124759     0.00673104
98        1.51606        1.23999       0.526629      -0.609814              0        2.76476        1.15681        1.01071      0.0831353     0.00875949
98.2        1.48351         1.1769       0.486005      -0.638236              0        2.76399        1.02467       0.989006       0.249769     0.00604205
98.4        1.42786         1.2351       0.468746      -0.649138              0        2.76474         1.0547        0.95191       0.274444     0.00773059
98.6        1.37981        1.25999       0.462798      -0.609447              0        2.76492        1.11334       0.919872       0.269947     0.00182727
98.8         1.4357        1.22377       0.441892      -0.666986              0        2.76462       0.998679       0.957132       0.323666     0.00657892
99        1.38782        1.16202       0.451486      -0.647627              0        2.76372       0.965877       0.925216       0.406489     0.00353194
99.2        1.47226        1.16202       0.463155        -0.6455              0        2.76394       0.979675       0.981507       0.305867     0.00613685
99.4        1.38732        1.23352       0.453315      -0.673748              0        2.76402        1.01309       0.924881        0.34423      0.0193752
99.6        1.53342        1.14315       0.502576      -0.653054              0        2.76414       0.992671        1.02228       0.230428      0.0076306
99.8         1.4935        1.21598       0.399223      -0.631599              0        2.76346       0.983601       0.995664       0.282505     0.00385529
