time        kinetic     stretching        bending             LJ electrostatics          total      potential    temperature
0        1.50103        1.26122    1.10583e-07              0     0.00767084        2.76992        1.26889        1.00069   -2.16802e-08    2.26166e-08
4         1.5853        0.44433       0.164612              0     0.00786297        2.76972       0.616805        1.05686       0.538968       0.028647
8        1.50759       0.624461       0.265293     0.00189565     0.00740521        2.76974       0.899055        1.00506       0.344835      0.0182636
12        1.53905       0.661652       0.188239   -0.000926349     0.00700478         2.7697       0.855969        1.02604       0.370419     0.00425474
16        1.51432       0.525295       0.163167              0      0.0064776        2.76966        0.69494        1.00955       0.554879     0.00551711
20        1.50043       0.493235       0.341038    -0.00365891     0.00672889        2.76966       0.837342        1.00029        0.43077     0.00112213
24        1.55961       0.533215       0.209566   -0.000343874     0.00785194        2.76964        0.75029        1.03974       0.459078    0.000667349
28        1.53282       0.635093       0.186194     -0.0173503     0.00736623        2.76962       0.811303        1.02188       0.423848     0.00164864
32        1.48834       0.499462       0.263931    -0.00204325     0.00687676         2.7696       0.768227       0.992227       0.509318       0.003716
36        1.45358       0.509084       0.277327    -0.00442627     0.00679146        2.76962       0.788777       0.969055       0.526317    0.000947687
40         1.4979        0.56943       0.232395   -0.000972931     0.00769426        2.76963       0.808547       0.998601        0.46138     0.00179804
44        1.53991       0.584842       0.252694    -0.00465438     0.00716858        2.76962        0.84005        1.02661       0.389047    0.000617806
48        1.52984       0.532545       0.287307     0.00342418     0.00679404        2.76963        0.83007        1.01989       0.409367    0.000358724
52        1.47896       0.563702       0.292406    -0.00137372     0.00709761        2.76964       0.861832       0.985973       0.428184    0.000669301
56        1.47174       0.661715       0.272792      -0.011308     0.00734701        2.76965       0.930546       0.981161       0.362978     0.00437971
60        1.46248       0.627567       0.264131    -0.00969138     0.00706506        2.76962       0.889072        0.97499         0.4154     0.00266204
64        1.49823       0.642672       0.294382     -0.0124419     0.00709735        2.76963       0.931709       0.998821       0.337619     0.00206774
68        1.51102        0.61907       0.280257              0     0.00689435        2.76961       0.906221        1.00735       0.351056     0.00131311
72        1.47848       0.648223       0.282131    -0.00122376     0.00735173        2.76963       0.936481       0.985656       0.353852    0.000809105
76        1.50191       0.616719       0.280654              0     0.00731844         2.7696       0.904691        1.00127       0.362042    0.000961498
80        1.50055       0.634394        0.31072    -0.00084608     0.00713323        2.76961       0.951401        1.00037       0.316389     0.00126811
84        1.43818       0.636581       0.288532     -0.0177189     0.00723297        2.76961       0.914627       0.958786       0.414601     0.00220149
88        1.53082       0.691286       0.286984   -0.000411223     0.00713045        2.76964       0.984989        1.02055        0.25332    0.000507142
92        1.48439       0.681997       0.330345    -0.00985542     0.00712059        2.76964        1.00961       0.989595        0.27154     0.00409815
96        1.47785       0.751506       0.317057     -0.0019222     0.00736306        2.76965          1.074       0.985233       0.216496     0.00130437
100        1.52172       0.682547       0.320963    -0.00566515     0.00729861        2.76962        1.00514        1.01448       0.240672     0.00208665
104        1.44819       0.684774       0.338291    -0.00393085     0.00683682        2.76962        1.02597       0.965461       0.294213     0.00124597
108        1.48744       0.707329       0.340156    -0.00406605     0.00708041        2.76963         1.0505       0.991629       0.227918     0.00377321
112        1.49715       0.728677       0.328885    -0.00741759     0.00736252        2.76963        1.05751       0.998097       0.213851     0.00112479
116        1.50518       0.686654       0.327077     -0.0042667     0.00736708        2.76961        1.01683        1.00346       0.245892     0.00170157
120         1.5532       0.691295       0.358521    -0.00977638     0.00723989        2.76963        1.04728        1.03547       0.166211     0.00293711
124        1.43723        0.72883       0.355372     -0.0138857     0.00736782        2.76965        1.07768        0.95815        0.25363     0.00110926
128         1.5221       0.701385       0.353922    -0.00281409     0.00723173        2.76963        1.05972        1.01473       0.186249     0.00155879
132         1.5175       0.707938       0.355767    -0.00869969     0.00725286        2.76962        1.06226        1.01167         0.1883      0.0015682
136         1.4643       0.716955       0.350269    -0.00656027     0.00742695        2.76962        1.06809         0.9762       0.236566     0.00066641
140        1.46758       0.729885        0.35966     -0.0114715      0.0070846        2.76964        1.08516       0.978387       0.216135    0.000766272
144        1.50096          0.735       0.349174      -0.013232     0.00718363        2.76963        1.07813        1.00064       0.189756    0.000789699
148        1.45931       0.705002       0.351224    -0.00151596     0.00699427        2.76961         1.0617       0.972875       0.247478     0.00111508
152         1.4775       0.713436       0.364176    -0.00303331     0.00729071        2.76963        1.08187       0.985002       0.208824     0.00142943
156        1.52108       0.753189       0.360342    -0.00360434     0.00732868        2.76963        1.11726        1.01405       0.127628     0.00366712
160        1.48614       0.720844       0.363458    -0.00687914     0.00737192        2.76963        1.08479       0.990757       0.195221     0.00347742
164         1.4868       0.734445         0.3584     -0.0108803     0.00744688        2.76961        1.08941       0.991203       0.192027     0.00136927
168        1.56786       0.749533        0.35358     -0.0057908     0.00714119        2.76963        1.10446        1.04524      0.0949943     0.00231079
172        1.44774       0.726899       0.380741    -0.00136155     0.00718034        2.76964        1.11346       0.965157       0.207036     0.00140817
176        1.46513         0.7511       0.364725    -0.00364758     0.00705002        2.76965        1.11923        0.97675       0.183826     0.00147422
180        1.48864       0.742344       0.380616       -0.00316     0.00702298        2.76964        1.12682       0.992428       0.153316    0.000856169
184        1.51693        0.76655       0.386382     -0.0105788     0.00713303        2.76966        1.14949        1.01129       0.100041     0.00319683
188        1.51384       0.770591        0.35279    -0.00265714     0.00706593        2.76963        1.12779        1.00923       0.125561     0.00244053
192        1.49622         0.7845       0.370881    -0.00266668     0.00716317        2.76965        1.15988       0.997483       0.111894      0.0016545
196        1.47938       0.849451       0.376882    4.32298e-06      0.0072462        2.76966        1.23358       0.986254      0.0559964    0.000699752
200        1.51284       0.783774        0.39346    -0.00114217     0.00735438        2.76964        1.18345        1.00856      0.0727935     0.00056289
204        1.52157        0.76644       0.387743   -0.000947039      0.0071836        2.76963        1.16042        1.01438      0.0857133     0.00192818
208        1.48364        0.78624       0.379917     -0.0108229     0.00723762        2.76963        1.16257       0.989094       0.120017     0.00340484
212        1.50544       0.820933       0.410081   -4.58063e-05     0.00724457        2.76968        1.23821        1.00362       0.021881     0.00414878
216        1.54506       0.809793       0.387343      0.0027083     0.00732466        2.76965        1.20717        1.03004      0.0170659    0.000351037
220        1.45914       0.827235       0.393462    0.000493922     0.00714462        2.76965        1.22834       0.972762      0.0805573     0.00161144
224         1.5011        0.81847       0.379785    -0.00692749     0.00714715        2.76962        1.19848        1.00073      0.0688958     0.00115561
228        1.51476       0.862192       0.397927     4.6001e-06     0.00701072        2.76966        1.26713        1.00984     -0.0158318     0.00359886
232        1.52212       0.836147       0.405655   -0.000100708     0.00682346        2.76965        1.24852        1.01475     -0.0026985     0.00170513
236        1.44425       0.843127       0.407274              0     0.00730576        2.76967        1.25771       0.962832      0.0589413     0.00877118
240        1.49139       0.853363       0.399428    0.000746734     0.00701553        2.76967        1.26055       0.994262       0.015523      0.0022047
244        1.47939       0.845738       0.398676              0     0.00710024        2.76966        1.25151       0.986257      0.0384282    0.000331542
248        1.51796       0.845014       0.390363   -2.68635e-05     0.00738112        2.76965        1.24273        1.01197     0.00780949     0.00115109
252        1.46245       0.882334       0.415172     -0.0161938     0.00732798        2.76968        1.28864       0.974964      0.0165174     0.00207613
256        1.51823        0.86163        0.41327    -0.00256573     0.00692983        2.76968        1.27926        1.01215     -0.0316066     0.00379598
260        1.49917       0.897082       0.402987     -0.0017724     0.00733984        2.76968        1.30564       0.999446     -0.0368399     0.00171113
264         1.5379       0.883256       0.404671   -1.77307e-05     0.00694496        2.76967        1.29485        1.02527     -0.0657213      0.0026363
268         1.4904       0.879227       0.410939    -0.00014052     0.00729575        2.76969        1.29732       0.993601      -0.018738    0.000701931
272        1.50358       0.871267       0.390338    -0.00165304     0.00711643        2.76965        1.26707        1.00239    -0.00208087     0.00107628
276        1.53046       0.857455       0.420098    -0.00219559     0.00679799        2.76967        1.28216         1.0203      -0.044482     0.00154286
280        1.48467       0.881087       0.430403    -0.00455342     0.00729094        2.76969        1.31423       0.989781     -0.0328098     0.00360041
284        1.49149       0.902653       0.415335   -3.66813e-05     0.00705371         2.7697        1.32501       0.994324      -0.048807     0.00201214
288        1.55648       0.905221       0.430124              0     0.00730326         2.7697        1.34265        1.03765      -0.129955     0.00052836
292        1.53165       0.877304       0.448291   -1.46617e-05     0.00721986        2.76969         1.3328         1.0211      -0.100803     0.00604148
296        1.48484       0.866838       0.450592   -2.31276e-06     0.00700521        2.76971        1.32443       0.989893     -0.0404143    0.000848084
300        1.52374       0.888885       0.425035     -0.0026446     0.00714193        2.76969        1.31842        1.01582      -0.076825     0.00435935
304        1.48995       0.851977       0.428235     -0.0107956     0.00733194        2.76966        1.27675         0.9933     0.00220677    0.000751506
308        1.48839        0.90437       0.441118     -0.0023047     0.00709095         2.7697        1.35027       0.992259     -0.0723519     0.00338443
312         1.4337       0.878278       0.458717    -0.00383579     0.00709836        2.76969        1.34026       0.955797    -0.00466021    0.000401178
316        1.48394       0.923418       0.451961    -0.00618305      0.0071466        2.76972        1.37634       0.989295     -0.0913595    0.000792306
320        1.47781       0.932325       0.436338     -0.0220081     0.00733809        2.76971        1.35399       0.985207     -0.0623879    0.000290862
324        1.52301       0.942212       0.452114     -0.0423565     0.00747564        2.76971        1.35945        1.01534      -0.114923     0.00218145
328        1.52303       0.930491       0.414657     -0.0446793     0.00728608        2.76966        1.30775        1.01536     -0.0633157     0.00218178
332        1.57386       0.894487       0.439206     -0.0471794     0.00769498        2.76966        1.29421        1.04924      -0.100581     0.00217166
336        1.49018       0.973554       0.453792     -0.0555757     0.00741473        2.76972        1.37919       0.993451     -0.0999448    0.000300895
340        1.51121       0.960906       0.434505     -0.0590625     0.00722931        2.76966        1.34358        1.00748     -0.0876902     0.00255718
344        1.53004       0.912602       0.444921     -0.0730756     0.00764334        2.76963        1.29209        1.02003     -0.0528807    0.000381437
348        1.52235       0.958596       0.463223     -0.0642167     0.00719661        2.76969         1.3648         1.0149      -0.119096     0.00163637
352        1.46494        0.98807       0.432812     -0.0671235     0.00736092        2.76969        1.36112       0.976629     -0.0579993     0.00162248
356        1.50161        0.94141       0.454608     -0.0803435     0.00770099        2.76966        1.32337        1.00108     -0.0582979     0.00297256
360        1.47088       0.938363       0.466003     -0.0751047     0.00792578        2.76968        1.33719       0.980589     -0.0403663     0.00197617
364        1.50038       0.947958        0.47507     -0.0781291     0.00729444        2.76969        1.35219        1.00025     -0.0844964     0.00161611
368        1.48962        1.00582       0.460027     -0.0844129     0.00768177        2.76972        1.38911       0.993079      -0.111552     0.00253752
372        1.49652       0.923839       0.462767     -0.0697188     0.00732482        2.76967        1.32421        0.99768     -0.0514105    0.000350921
376        1.46891        0.95751       0.479611     -0.0831795     0.00801441        2.76971        1.36196       0.979273     -0.0614986    0.000338231
380         1.5077       0.939176       0.434016     -0.0848443     0.00774314        2.76965        1.29609        1.00514     -0.0352585     0.00111831
384         1.4909       0.972245       0.449171     -0.0818241     0.00749773        2.76968        1.34709       0.993931     -0.0692214    0.000912068
388        1.45787       0.974436       0.455003     -0.0861345      0.0077326        2.76968        1.35104       0.971914     -0.0415573     0.00232549
392         1.4527        1.01699        0.44787     -0.0749437     0.00766616        2.76973        1.39758       0.968468     -0.0827611     0.00220866
396        1.48231        1.01809       0.444226     -0.0878451     0.00770696        2.76973        1.38218       0.988209     -0.0974835     0.00271744
400        1.51151       0.987773       0.462588     -0.0897086     0.00754569        2.76972         1.3682        1.00767      -0.111673      0.0016859
404        1.46135        0.96521       0.450948     -0.0930986     0.00783684         2.7697         1.3309       0.974233     -0.0242629     0.00172014
408        1.48638        1.01569       0.469812      -0.101649     0.00763588        2.76971        1.39149       0.990921       -0.10878    0.000626007
412        1.43769       0.980472       0.463025      -0.099127     0.00761752         2.7697        1.35199       0.958461     -0.0241886     0.00420547
416        1.47188        1.03383       0.492015     -0.0985492     0.00791975        2.76974        1.43522       0.981256      -0.138344    0.000975403
420        1.49742        0.98442       0.448128     -0.0922736     0.00770904        2.76969        1.34798        0.99828     -0.0764175    0.000702678
424        1.43439        1.02013       0.473072     -0.0804212     0.00758684        2.76973        1.42037       0.956258     -0.0863535     0.00132701
428        1.55172        0.97557       0.450106     -0.0857388     0.00748552        2.76968        1.34742        1.03448       -0.13169     0.00222954
432        1.46645       0.998463       0.517682     -0.0805311     0.00750475        2.76976        1.44312       0.977633       -0.14189     0.00208176
436        1.46856        1.01282       0.446342     -0.0881385     0.00761533         2.7697        1.37864        0.97904     -0.0813007     0.00380241
440        1.45975       0.988524       0.469393     -0.0895832     0.00747532         2.7697        1.37581       0.973165     -0.0679818     0.00212896
444        1.49221        1.02047       0.475289     -0.0840761     0.00754244        2.76973        1.41923       0.994805      -0.143057     0.00134898
448        1.47377        1.00035       0.477316      -0.086531      0.0075356        2.76969        1.39867       0.982513      -0.103713    0.000964663
452        1.49421        1.01971       0.462763      -0.087608     0.00752141        2.76973        1.40239        0.99614      -0.127876     0.00101046
456        1.47914        1.03232       0.439813     -0.0905953     0.00771457        2.76971        1.38926       0.986097     -0.0990583    0.000366235
460        1.48387        1.00254       0.498144     -0.0839637     0.00750323        2.76974        1.42422       0.989244      -0.139196    0.000845653
464          1.496         1.0173       0.486843      -0.085815     0.00791218        2.76973        1.42624       0.997331      -0.153363    0.000857728
468        1.42178        1.03303       0.465815     -0.0885061     0.00774176        2.76973        1.41808       0.947852     -0.0718948     0.00176537
472        1.50882        1.01689       0.477796     -0.0892592     0.00761159        2.76972        1.41304        1.00588      -0.153823     0.00168079
476        1.52918         1.0169       0.476035     -0.0885845     0.00750332         2.7697        1.41185        1.01945      -0.173424     0.00209557
480         1.5507        1.02846       0.464829      -0.102462     0.00779548         2.7697        1.39862         1.0338      -0.181708     0.00208916
484        1.44461        1.01769       0.500472      -0.103051     0.00775117        2.76972        1.42286       0.963075      -0.101035     0.00327551
488        1.48922        1.03082       0.501571     -0.0954575     0.00754213        2.76974        1.44448       0.992814      -0.167183      0.0032211
492        1.42753       0.989129       0.482774     -0.0986143      0.0077549        2.76967        1.38104       0.951684     -0.0405776     0.00167842
496        1.45916        1.02199       0.489609      -0.110848     0.00786358         2.7697        1.40861       0.972775     -0.0989049    0.000833419
500        1.49547         1.0216       0.502524     -0.0956451     0.00780182        2.76972        1.43628       0.996983      -0.162507    0.000470768
504        1.53783        1.02157       0.474113      -0.107364     0.00793869        2.76968        1.39626        1.02522      -0.165099    0.000683292
508        1.59792        1.01125       0.492193       -0.10111     0.00764944        2.76972        1.40998        1.06528      -0.240108     0.00192338
512        1.52212        1.01538       0.479577      -0.101923     0.00776368        2.76969        1.40079        1.01475      -0.154948     0.00172351
516         1.4581         1.0503       0.468932     -0.0961669     0.00786043        2.76971        1.43092        0.97207      -0.121968     0.00264888
520        1.47509        1.05658       0.489891     -0.0991766     0.00739374         2.7697        1.45469       0.983394      -0.163433     0.00334687
524        1.63933        1.01585       0.527974     -0.0950997     0.00771783        2.76973        1.45645        1.09289      -0.327245        0.00119
528        1.50265        1.04567       0.481813     -0.0893903     0.00743667        2.76971        1.44553        1.00176      -0.179511     0.00104141
532        1.48269        1.07608       0.515805     -0.0944732     0.00779085        2.76975         1.5052       0.988459      -0.219117    0.000975073
536        1.52306        1.02286       0.509364     -0.0809166     0.00739791        2.76974         1.4587        1.01537      -0.214963     0.00294096
540        1.50347        1.00392       0.513101     -0.0926898     0.00771684        2.76972        1.43205        1.00232      -0.169188     0.00338483
544        1.45775         1.0579       0.472551     -0.0946601     0.00761333        2.76972        1.44341        0.97183      -0.133349     0.00191111
548        1.56006        1.01697       0.522423     -0.0861799     0.00742092        2.76973        1.46064        1.04004      -0.253101      0.0021361
552        1.50277        1.01718       0.486843     -0.0985821     0.00775904        2.76971         1.4132        1.00185      -0.152782     0.00652038
556        1.49824        1.07375       0.532485      -0.101911     0.00773493        2.76977        1.51206       0.998826      -0.241598     0.00107259
560        1.46445        1.01609       0.490548     -0.0899875     0.00767275         2.7697        1.42433       0.976301      -0.121322     0.00224229
564        1.49502        1.04936       0.522645     -0.0927336     0.00775963        2.76976        1.48703       0.996681      -0.213964     0.00166659
568        1.53195        1.00509       0.510674     -0.0982234      0.0079395        2.76972        1.42548         1.0213      -0.188835     0.00112316
572        1.56857         1.0634       0.490498      -0.107917     0.00777556        2.76974        1.45375        1.04572      -0.254819     0.00223756
576        1.47277        1.04888       0.527538      -0.102874     0.00768449        2.76976        1.48123       0.981846      -0.184433    0.000195043
580        1.50376        1.03223       0.526577      -0.111184     0.00779947        2.76973        1.45542        1.00251       -0.18999    0.000541582
584        1.46709        1.00681       0.537628      -0.106308     0.00788229        2.76971        1.44601       0.978057      -0.145181     0.00179169
588        1.46537        1.06393       0.514059     -0.0987574     0.00787096        2.76976         1.4871       0.976914      -0.183179    0.000462261
592        1.48983          1.054        0.54248      -0.115663     0.00773931        2.76976        1.48856       0.993221      -0.208838    0.000207189
596        1.52714        1.07316       0.526326      -0.124201     0.00786065        2.76975        1.48314        1.01809      -0.241205    0.000678544
600        1.43381        1.05768       0.517203      -0.113278     0.00812857        2.76972        1.46973       0.955872      -0.134457     0.00064043
604         1.5055        1.02282       0.543574      -0.109269     0.00778064        2.76974         1.4649        1.00367       -0.20186     0.00119156
608        1.44709        1.03534       0.537928      -0.101133     0.00751771        2.76975        1.47966       0.964727      -0.159269     0.00227049
612        1.53729        1.05792       0.507708      -0.111235     0.00820294        2.76974         1.4626        1.02486      -0.230853    0.000704483
616        1.47608        1.05061       0.559832      -0.119897     0.00755175        2.76975        1.49809       0.984052      -0.205993     0.00157742
620        1.51027        1.09704       0.525764      -0.107904     0.00752416        2.76979        1.52243        1.00684      -0.264444     0.00154273
624        1.51228         1.0317       0.523925      -0.107678     0.00787895        2.76972        1.45583        1.00819      -0.201956     0.00356815
628        1.48066        1.01057       0.520764      -0.109797     0.00811495        2.76968        1.42965       0.987109      -0.141516    0.000884577
632        1.51393        1.03461       0.520385      -0.120863     0.00775118        2.76972        1.44188        1.00929      -0.187462     0.00137032
636        1.54883        1.08585       0.510542      -0.110473      0.0080436        2.76975        1.49396        1.03255      -0.273429    0.000389975
640        1.47694        1.10236       0.523312      -0.112478     0.00790998        2.76978        1.52111       0.984628      -0.228607    0.000340152
644        1.53638        1.05769       0.522502      -0.114475     0.00786651        2.76974        1.47359        1.02425      -0.241384     0.00115664
648        1.49143        1.05441       0.508404       -0.10891     0.00774733        2.76974        1.46165        0.99429      -0.186172     0.00281856
652        1.55995        1.12814        0.51615      -0.118562     0.00792278        2.76977        1.53365        1.03997      -0.327212     0.00338493
656        1.50034        1.07439       0.490799       -0.11628     0.00754665         2.7697        1.45645        1.00023      -0.188499     0.00140671
660        1.50719        1.09882       0.511198      -0.119325     0.00751437        2.76974        1.49821        1.00479      -0.238548     0.00288359
664        1.48801        1.03622       0.472505      -0.121035     0.00768329        2.76967        1.39537       0.992005      -0.114756     0.00104686
668        1.47871        1.07457       0.519906      -0.138899     0.00774211        2.76973        1.46331       0.985805      -0.173254    0.000958245
672        1.53618        1.08036       0.532957       -0.12695     0.00789638        2.76972        1.49426        1.02412      -0.262873     0.00214966
676        1.48459        1.04474        0.52445      -0.136781     0.00787736        2.76969        1.44029       0.989724      -0.157131     0.00194236
680        1.51703        1.04607       0.505155      -0.133307     0.00796802         2.7697        1.42588        1.01136      -0.173735    0.000516646
684         1.5046        1.11743       0.537389      -0.135629     0.00800043        2.76975        1.52719        1.00306      -0.263691     0.00165059
688        1.47423        1.10226       0.505496      -0.132472     0.00811405        2.76973         1.4834       0.982819      -0.191178     0.00327898
692        1.47994        1.14595       0.505318      -0.141745     0.00764885        2.76976        1.51717       0.986625      -0.229277     0.00192804
696        1.41002        1.07084       0.544961      -0.134732     0.00759481        2.76973        1.48866       0.940011      -0.129092    0.000144561
700         1.4523        1.07975       0.535612      -0.126827     0.00785758        2.76974        1.49639       0.968202      -0.179283    0.000323462
704        1.52951        1.10153       0.520367      -0.132275     0.00812916        2.76976        1.49775        1.01967      -0.258688     0.00118822
708        1.44024        1.10211       0.499221      -0.134903     0.00779744        2.76974        1.47423       0.960163      -0.145632    0.000897804
712        1.52737         1.1255       0.527045       -0.13946     0.00780711        2.76976         1.5209        1.01824      -0.282711     0.00421006
716        1.54883        1.14137       0.524368      -0.139894     0.00781592        2.76978        1.53366        1.03256      -0.316009      0.0032946
720         1.5279        1.12799       0.502787      -0.130227     0.00796324        2.76977        1.50852         1.0186      -0.273374     0.00672286
724         1.4803        1.09231       0.515732      -0.125452     0.00825285        2.76976        1.49085       0.986864       -0.20179    0.000406961
728        1.49362        1.06013       0.520799      -0.143947     0.00804374        2.76972        1.44503       0.995745       -0.16916    0.000239793
732         1.5039        1.04946       0.488711      -0.129559     0.00812585        2.76972        1.41673         1.0026      -0.155239     0.00433107
736        1.50974         1.0826       0.498669      -0.132662     0.00797397        2.76975        1.45658        1.00649      -0.197807     0.00123635
740        1.54004        1.10613       0.507912      -0.152758     0.00766986        2.76974        1.46895        1.02669      -0.242133     0.00288145
744        1.56277        1.08658       0.510183      -0.167705     0.00811699        2.76974        1.43717        1.04185       -0.23424      0.0040373
748        1.48792        1.11771       0.506181      -0.146485     0.00783788        2.76975        1.48524       0.991946      -0.203895    0.000481738
752        1.46933        1.10098       0.481903      -0.143631     0.00754671        2.76972         1.4468       0.979552      -0.147484     0.00107034
756        1.49581        1.17841       0.524152      -0.160562     0.00785783        2.76978        1.54986       0.997206      -0.278652     0.00276705
760        1.46173        1.12567       0.522046      -0.157026       0.008058        2.76977        1.49875       0.974487      -0.192239     0.00152602
764        1.48112        1.08046       0.517576      -0.155691     0.00811188        2.76974        1.45046        0.98741      -0.163855     0.00202298
768        1.52855        1.10253       0.528635      -0.158093     0.00779002        2.76976        1.48087        1.01903      -0.241193       0.001532
772        1.50137        1.08767       0.517329      -0.157708     0.00817055        2.76975        1.45546        1.00091       -0.18748    0.000398429
776        1.47848        1.09953       0.503658      -0.160421     0.00819634        2.76975        1.45096       0.985653      -0.161893     0.00220652
780        1.45649        1.13109       0.532339      -0.160844     0.00815651        2.76977        1.51074       0.970994       -0.19977     0.00230398
784        1.54436         1.1117       0.509502      -0.165736     0.00797116        2.76976        1.46343        1.02958      -0.238829    0.000793641
788        1.52313        1.13365       0.537476      -0.163154     0.00807474        2.76982        1.51605        1.01542      -0.271239     0.00187896
792        1.46715        1.09477       0.525937      -0.166379     0.00795732        2.76977        1.46228       0.978102      -0.161812     0.00214599
796        1.58976        1.14706       0.534592      -0.147806     0.00800957        2.76982        1.54185        1.05984      -0.365114     0.00331626
800        1.48787        1.09762        0.51113      -0.162672      0.0078746        2.76977        1.45396       0.991912      -0.174277     0.00222228
804        1.46659        1.11404       0.508603      -0.166741     0.00780059        2.76974         1.4637       0.977726      -0.161309    0.000765621
808         1.4951        1.14913       0.518084      -0.171689     0.00821603        2.76978        1.50374       0.996734      -0.232009     0.00295142
812         1.5065        1.21418       0.525686      -0.161819     0.00768759        2.76982        1.58574        1.00433      -0.322707    0.000291457
816         1.5031        1.13158       0.542267      -0.175478     0.00781492        2.76978        1.50618        1.00206      -0.240247    0.000744838
820        1.50135        1.11119       0.538318      -0.178443     0.00789163        2.76975        1.47896         1.0009      -0.211396    0.000834456
824        1.50306        1.15222       0.547692      -0.176374     0.00775471        2.76976        1.53129        1.00204      -0.268849      0.0042519
828        1.52555        1.11799       0.518681      -0.178712      0.0081815        2.76972        1.46614        1.01704      -0.225466     0.00349232
832        1.52893        1.17431       0.556411      -0.211834     0.00798905        2.76978        1.52687        1.01929      -0.288452     0.00243037
836        1.45863        1.13259       0.498872      -0.188574     0.00805609        2.76974        1.45094       0.972418      -0.140284    0.000460115
840         1.5236        1.19807       0.560966       -0.21949     0.00808401        2.76979        1.54763        1.01573      -0.301799    0.000355806
844        1.50029        1.14584       0.535706      -0.209053     0.00851556        2.76977        1.48101        1.00019      -0.214245     0.00271058
848        1.49782        1.10658       0.548279       -0.21437     0.00828972        2.76972        1.44878       0.998547       -0.17913      0.0022444
852        1.45667        1.12946       0.507885      -0.229029     0.00821366        2.76973        1.41653       0.971112      -0.107088     0.00361884
856        1.49609        1.13472       0.527283      -0.224774     0.00832077        2.76972        1.44555       0.997396      -0.172827    0.000897932
860        1.50087        1.17611       0.549537      -0.220348     0.00833961        2.76977        1.51364        1.00058      -0.249673     0.00493635
864        1.46608        1.13859       0.524386      -0.227261      0.0085504        2.76975        1.44426       0.977389      -0.141877     0.00127878
868        1.54264        1.11517       0.523436      -0.214383     0.00832996        2.76972        1.43256        1.02843      -0.210901     0.00541818
872        1.52311         1.1095       0.556557      -0.225435     0.00820425        2.76976        1.44883        1.01541      -0.203206     0.00102908
876        1.44073        1.15517       0.501484      -0.233242     0.00839326        2.76975        1.43181       0.960484      -0.104334     0.00155631
880        1.47235        1.14992       0.535701      -0.225344      0.0082601        2.76975        1.46854       0.981568       -0.17293     0.00179149
884        1.50758        1.18905       0.536205       -0.22956     0.00833917        2.76977        1.50403        1.00506      -0.244206     0.00235849
888        1.47504        1.20136       0.539873      -0.234522     0.00824339        2.76977        1.51496       0.983362      -0.220831    0.000602169
892        1.54457        1.16294       0.531386      -0.223127     0.00798644        2.76975        1.47919        1.02971      -0.256252     0.00224617
896        1.47309        1.15177       0.515832      -0.220133      0.0079162        2.76972        1.45538       0.982062      -0.160537     0.00178589
900        1.45717        1.18783       0.515019      -0.215828     0.00862777        2.76975        1.49564       0.971446       -0.18398    0.000916219
904        1.52525        1.14865       0.520542      -0.226638     0.00860762        2.76975        1.45116        1.01683      -0.206914     0.00025017
908        1.54587         1.1386       0.521256      -0.219266     0.00806916        2.76973        1.44866        1.03058      -0.225689    0.000890496
912        1.47862        1.14547       0.542362      -0.237567     0.00822696        2.76978         1.4585       0.985749      -0.170411     0.00306848
916        1.45969        1.16119       0.537613      -0.232818     0.00833707        2.76978        1.47432       0.973127      -0.165068     0.00083191
920        1.55931        1.17025         0.5426      -0.224876     0.00831492        2.76979        1.49629        1.03954      -0.288774     0.00296843
924        1.42311        1.16128       0.549976      -0.237614     0.00834446        2.76977        1.48199       0.948739      -0.136422     0.00109238
928        1.48422        1.18573       0.570072      -0.252102     0.00863474        2.76981        1.51233       0.989478      -0.227406     0.00066949
932        1.51215        1.11145       0.518516      -0.256949     0.00857886        2.76971         1.3816         1.0081      -0.124942    0.000908275
936        1.53766        1.08723       0.491895      -0.258545     0.00839393        2.76969        1.32897        1.02511     -0.0999611     0.00301867
940        1.50489        1.15779       0.558336       -0.25353     0.00873504        2.76977        1.47133        1.00326      -0.208331     0.00188218
944         1.4829        1.15564       0.568986      -0.268871     0.00836072        2.76976        1.46411       0.988602      -0.178919     0.00166047
948        1.52787        1.16653       0.575676       -0.25708     0.00824527        2.76978        1.49337        1.01858      -0.253352     0.00188843
952        1.49929        1.12753       0.541115      -0.257024     0.00824976        2.76976        1.41987       0.999528       -0.15025    0.000848896
956        1.44631        1.16172       0.533203      -0.256888     0.00828596        2.76976        1.44632       0.964205      -0.124146     0.00127576
960        1.50695        1.12309       0.581516      -0.260639     0.00796075        2.76975        1.45193        1.00463      -0.189322    0.000200046
964        1.49883        1.12562       0.562391      -0.251229      0.0083409        2.76976        1.44512       0.999217      -0.175339     0.00115252
968        1.47701        1.14575        0.57277      -0.263059      0.0085657        2.76977        1.46403       0.984676      -0.173645     0.00237807
972        1.46078        1.15326       0.547008      -0.243478     0.00813907        2.76977        1.46493       0.973852      -0.157292     0.00135759
976        1.46185        1.17193       0.563239      -0.271535     0.00863054        2.76977        1.47227       0.974568      -0.167225     0.00287858
980        1.48516        1.16514       0.546709      -0.254413     0.00872028         2.7698        1.46616       0.990106       -0.18486     0.00334228
984        1.46873        1.19111       0.540593      -0.274832     0.00828787        2.76981        1.46516       0.979154       -0.16636       0.002274
988        1.47399        1.09416       0.523265      -0.283679     0.00853276        2.76974        1.34228       0.982659     -0.0484256     0.00189593
992        1.52097        1.15511       0.584777      -0.277121     0.00862595        2.76979        1.47139        1.01398      -0.224214     0.00164157
996        1.48584        1.12102       0.547697      -0.272661     0.00867556        2.76976        1.40473       0.990562      -0.122582     0.00176791
