           -2.28535815289            6.34793874792            8.43687137661
             10.478425022           0.991802893495             16.968501248
           -3.67196351557           -13.7833263795           -6.82862959733
           -9.86458970623            20.0068403843            4.97513374109
           -1.84124549677            -6.7888359986            10.9173257653
            5.44099484754           -6.79019862958            2.73698061843
           -8.53839776902           -6.77714611501           -8.79369147833
            3.54287858541           -32.6659281972            38.2253096015
            -9.1729363107           -1.72974930172           -20.7767668306
            5.03615981908            5.49284691669            14.2965154613
            16.5777775186              17.36140073           0.216341095993
            22.4667067072           -28.7918068948           -73.8240272436
           -4.17464747337           -12.6589766711           -13.8321789436
            8.04517575475            11.0592934202            24.4694910037
            -7.9274519086           -10.3548453424            4.40876958881
           0.529548519783           -3.85812465793           -8.58939431529
            7.29726542455           -2.34304673468           -5.19690268581
           -11.5635415703           -5.89878796529           -5.79673677836
           -8.10952887305            3.56821593956           -15.8188048446
            13.2148205414           -5.62729745078           -6.83797331095
            14.8134012454           -9.18485515088           -9.13780240449
            15.5985261333            13.0707622575            9.13857949737
            13.8488914703            -8.1218157398           -7.65928498812
            13.2340819303            3.26289437559           -1.22010803636
            10.0441239947            21.1285374948            12.8280847429
            5.22787959021            15.8255484124           -24.1047427018
           -6.44534510564           -12.4100999628             7.5217286127
            16.8977096948           -12.5279708367           -10.7823637068
            1.52096972992             27.335210391            19.5256372557
           -7.94715138066           -9.24533241467            1.05579196325
            6.27840067107            3.52319795992            5.81423755627
           -9.61956473082            27.7426125006            7.63853669262
           -14.8508707148            14.2490465751           -11.1385505925
           -0.89988860743            4.55251999345            8.55273873159
           -16.8492948513           -12.7416266437           -7.40467906257
           -10.7290215825           -12.5522930013           -15.8219277665
           -5.33178007102           -19.2464911053            3.21421113566
            0.42594256128          -0.519082554259            10.0268510878
            8.89973048057            3.32583857668           -8.40896856097
            6.13175866556           -2.18519922338           -3.97097862851
           -10.5781461657            5.29768975145            1.20887107875
           -15.1539290098           -14.7678308417           -14.3725768432
            -2.7391676176            8.18510127947            4.85726080263
           0.838344058268           -7.75955965641             15.503158203
            10.8558817836            6.28087239302           0.505670435877
            10.5516761411            10.6006519541            21.7593784906
            5.10762222632          -0.870038379134           -1.89803115236
            3.92197811793          -0.900330100044           -7.64096039827
           -8.26468284009           -6.59826729013           -4.55036995061
            0.93478361952              5.271666954            18.2504606616
            -2.0959934086            14.5784756664            -28.794238942
           -3.50098750414            5.69005475905             10.682850398
           -16.7905529181           -18.5619840132           -6.61033800055
            3.95232104097            31.6819186912           -17.7124570484
           -2.57837483102           -11.1078662065            14.4772768248
           -8.09947228764           -3.24576791593           -7.50187849374
            2.71448329072            20.2306979697           -8.17584926744
           -12.8749567358            -2.9683097526            2.20943686837
           -33.3339943202             21.906236664             5.0640824737
           -12.3856191074            -19.422733495            14.7052307141
            9.56093941379           -5.22604806637           -23.0603910837
            22.4720488079            7.93017049102             19.614924509
           -7.45127795916            4.01827939778            2.46629611566
           -5.23341792377           -22.1757652781           -2.43884162402
            2.15590953591            13.9365614928            38.0681950675
            6.40009038612           -14.8930655199           -8.24527899467
           -7.81889818521          0.0292731527165           -4.22623377029
            -12.205353511            -28.159012439            4.49489924282
         -0.0296086016669           -10.1123487123           -6.75143988375
             7.6334852679           -1.95405480598            7.16390689452
            34.6965494845            2.18879340731            2.26852743883
           -10.6571831297            1.92777329313           -1.98775529443
            -18.009888596            7.35727666683            15.0105056933
           -6.02058310845            14.4845458739           -2.38669600359
            3.78051732003           -12.1441151348            1.40330902107
            23.7660065972           -9.95041115385           -10.8679544715
            -15.747932435            2.52989100953           -12.3706338557
           -2.19404922299           -1.80125257391           -8.79150643233
            14.7521534652            16.1588500573            3.93674670254
            7.34149742124           -2.75593229588           -3.49893661422
           -2.13287045362           -11.9725280941           -28.4988010032
            16.4617051044            1.81520494324            11.4409577088
            12.7289843374           -14.8161561288           -9.46378494755
            9.14314577722            -28.350491823           -16.7094100141
            3.73191723089            5.66593794588           -1.17710773479
            21.5744090779            19.0263955283            6.24979581942
           -7.42949199249            4.23832982376            13.9618106815
           -2.57016117077           -5.23815169537           -14.7740126246
           -17.7425071963           -14.6308346269           -31.1617434897
            2.99101672024            16.8500521231            9.77459597997
           -8.31490443507            14.4185162059           -2.65585872625
           -3.46605707465           -3.75503860577            12.9180409022
            4.92273216478            -2.9235011137           -5.32327026084
            2.97358455431            14.7712853661            17.6272021166
           -3.92964264058            15.6845723608             8.0169101942
           -17.8664196507            1.40808155783           -24.8621865133
            6.02844110385           -14.1158369919            17.8284760303
           -3.56844776635          -0.733503120317            -1.2616231422
            -3.1751981911            1.00737499581           -11.9894996254
            6.00999896629            3.92654314686            1.99079616935
           -13.4615466274           -2.24331581169           -37.3011710338
           -14.6739613335           -2.93077768233          -0.936634039476
           -8.29323233295            19.6862232779            21.2241794998
            33.6034229905            7.14359550716            8.24624671728
            29.2680016808           -27.6586418774            1.42114796077
            7.38052016495           -3.19626244071            3.07749318177
            -5.9854506302           -10.4005780787            29.7384556818
            13.2975323603           -21.9297081657            33.8723207761
            1.27817820711            5.27116450366            -28.047863737
            7.48659185262            18.7773549933           -36.3320285791
           -12.2802223511           -23.9570203209           -1.52969483351
           -12.0005146782           -11.7579519291           -26.0634822217
           -4.31926666013           -4.05701095764            16.1356683258
            8.07229525368            26.7720379535            20.8240349868
            12.3421490366             12.996723046          -0.577436798643
           -16.4627144567           -30.8157934101           -15.9617994064
            -9.0129821086           -1.72997430768           -12.1584858853
            15.8399784678            4.80524777973           -27.4897545209
           -16.2000698546            3.47413143445            6.95019835966
           -2.27476527992            15.5833299783             28.672725674
            7.02116553658           -6.00828928489            5.39151463896
            8.23800946372           -2.64683414374           -12.2025846561
            17.7820941665            7.54891417184            10.1496199717
           -8.40490734849           -1.96063026979           -3.81097658347
           -8.14899771093            7.79471658462          0.0456118768482
            1.06507078001            -6.3806447634           -4.14634154177
           -3.10642732645           -1.03857101475           -8.99471419826
           -26.3018945965           -3.04876812159           -9.30384111204
           -6.90332970511           -6.33176727771           -1.79134254684
             4.9533272871            15.1323220452           -11.0700302217
            -18.607908193            17.3570686516           -6.61613154522
           -17.5457648592           -12.9663714386            1.02153790213
            3.21695569711            9.13029955507            13.8294294977
            3.97593552015            -14.251564803            3.01465627419
            9.72102523715           -9.17278897174            19.6664078842
           -4.46552625886            2.52343864467            9.12573910885
             13.976225664            2.85398660269           -24.5807762654
            13.0951759701            4.35401729931           -4.58947630285
            2.06361051842            5.82712168565            2.36827872324
            4.67763229781           -2.30542373585           -7.63523655445
            16.3756034507           -4.37839698776            6.57276817945
           -15.3544278312            5.61863900993           -12.1547005437
            14.8330816436            -8.5778427841           -8.71981124695
            6.01481347375          -0.905974008607            26.6913011517
            2.82292796924           -1.67300859986           -2.79078254905
             21.550509177           -14.3005424727           0.412249683304
           -1.83105658965            3.74716531262           -7.69049434021
            7.69789809833            7.76784469356            9.96414012268
           -12.8764617903            2.40414718277            3.11653710758
           -14.9283542849           -6.59302338139           -7.99084071521
           -15.2439004835           -1.87320789861            23.4213734237
           -4.45696745195            1.40862084926            -13.215370033
            13.9936434043            10.8090582002            3.68793742733
           -21.7753573542           -5.69025215822           -5.01341320184
           -12.0893716789           -36.5358997019            -2.3084066386
           -4.20153045462             29.943731909           -4.60588570286
            32.9287221633            1.67715168672           -10.7267078533
           -6.11535726639             6.0443566251            13.2322364811
           -3.22829269228            -4.1979973305          -0.838360802871
           -4.72631133123            3.20654995808           -8.08152954299
            1.56496899422            5.28435983422            9.30125515273
            3.52924393481            2.25513811563            10.8519710457
            21.7645078798            2.01384616015             8.3650364327
            8.01093100293           -10.5623676411           -2.80918444551
           -12.5036134388           -6.89091915574            1.18275696372
           -2.57294330227            6.39971759701           -4.49789457689
            29.5002303156           0.931786528058            7.87932744752
            7.84770472531           -20.2365382263           -8.61953910138
            18.1684566663            9.53708489539            14.2325320387
            4.15540943606             2.7506447745            4.16062030624
           -12.4314034136            5.61283182674           -3.32708936236
           -9.66891259947           -3.24817030037           0.142313328485
            -15.723787278            9.26451886505            3.53176176126
           -5.16682543098           -3.62825903448           -14.0689619686
           -10.4774634994          -0.939901146931            7.62335036879
            19.9376161462            15.5176488952           -8.92741660038
            7.66414971617           -12.2601686416           -3.62039574785
           -18.7469960794           -28.5993388773            2.59626532195
            16.8352454123           -2.67146933616           -9.65273623644
           -7.57965199594            13.7457886796           -1.25001702626
            7.75807114808           -3.87482842397            2.92955078329
           -3.17169307044            12.5677706099            1.62463793565
            19.8720983589            5.43062224804            6.18456606222
           -30.2372611696           -10.3445924295           -28.2810036104
           -9.19614061225            6.64770730663            16.8533732443
            10.3370369673           -2.05669889721            6.34972166973
           -14.1093356128           -4.50434216532           -20.4244042309
            27.5691102391           -7.86608360245            12.1092288929
            15.1056282821            7.77614856964            10.3992693057
           -20.7613204572           -4.87806774021            11.2093838933
            1.64880581959            4.91321821844            3.93003503593
            3.65277271327            18.1118129858             5.4631115971
            5.98594042485            4.09030779024             2.7318240505
            12.9789247674           -2.25979478949           -3.62298176022
             11.241052787           -9.99013311977            13.2409369786
            6.16041776578           -1.13571196737          -0.610173280179
           -11.3632431487            22.2886522524            -4.3865024563
           -12.2303660447            3.81671095343           -11.5084529872
           -21.0477725114            16.4265617476          -0.545461821539
            7.58786940184           -11.1098396738            -3.0874903842
            7.25788779727           -7.89713055444            3.67537711586
           -12.4931383583           -10.9781603721           -12.5101443172
           -3.70436619412            3.72251860911           -1.55326709765
           -3.13691277051            -14.487410768           -6.11416683392
            -4.9412819026           0.305505869751             8.5581552981
            16.1602629724            11.3688156414            6.51082294614
           -6.75075356168           -2.28427622762           -8.68721068857
           -27.2974493741           -6.99696694956            10.0570227913
           -3.56056374701           -6.66402862808           -5.44548373369
            11.9084139687           -6.40840439314           -27.5699737572
            2.52332155455            24.6625790848            7.07942973168
           -8.35233778499            24.6495610316            9.12854848461
          -0.244156838271           -5.36010528121            12.6393262784
           -6.04561324096            -4.0510542178           -4.51561176281
             10.108090263           -29.5556147997             3.5388914804
            1.24662584216            17.6556727563           -15.3023108983
           -3.45352966358            17.3886702056            8.67648792853
            3.83198154722           -33.1849836753            1.67190162385
             -2.431390764           -23.9549591141           -18.3975499148
           -22.8345633977          -0.983831861362           -1.28670808791
           -13.7189406728            13.4307918902           -5.65402812302
            7.91007346877             13.732054267           -6.62445827868
            20.7022581764             2.7804156892          -0.944236932877
            1.44843672874           -4.04800407923           -11.7039514309
           -17.3747710301           -10.7899691273           -4.97623188181
           -7.02762191282            1.93769558709            5.48166561261
            7.67254023503           -1.23011177017            3.73223055045
           -13.4714411251            12.8743330749           -1.07249028331
            1.38465406811            6.47572718326           -1.76234439925
            9.20515253354            7.65975274217            9.39977430134
           -5.74123733929            20.0692626583           -3.83807026779
           -22.6652097065            3.21670771174           -6.80772850293
            10.4784888877             16.600833483           -10.5512355481
            13.9774247456            3.16541008829            2.90899101372
           -33.5129328846           -5.39831131928           -4.31721591946
            12.9306257331            13.9389731534            1.82337893127
            7.61745620495            17.0604221706           -7.35045209539
            11.2480427092             -18.76062427            6.49689715678
            9.04353489978            7.20967467003            21.3706710686
            12.8917328953           0.187631777103            8.08932955206
           -5.57249815653           -12.6769402027           -8.29839304955
           -2.41914084103           -1.94758810973             12.964758755
            5.28973315809            4.85204736564           -1.20184844479
            1.10454174201            15.0748726183            6.26114512882
           -10.1342324016            -4.1567520972            1.88668733045
           -4.33704886968           -2.19432520088            14.9370489477
           -7.82671299773           -11.9930549759            9.12775205818
            2.64988657553           -2.86238182362            2.31122094023
            6.73438318898            15.2033345201           -7.87644844046
           -18.9398852819            4.31276092302            22.7081597892
            7.73162822596            7.71629748216           -31.9601272513
             29.715018471            9.30484439211            2.71330917614
           -4.23750500719           -3.13951206272            4.83499799038
           -10.7638528682           -9.65405842518           -2.43066222547
           -8.70785885155           -2.49489752856             13.432050887
           -6.21872014535         -0.0183319778419           -3.10357277569
            15.4525615992           -2.59033724852            6.28408143149
           -17.7131261685           -1.21689243832           -30.0085753725
           -4.82780576484            22.5047120291           -18.9403426343
            12.2117037285          -0.750783718935             14.473234245
           -6.59762524651           -8.57113050484           -3.82387880022
           -1.84783659659            17.0302529522            4.73723607708
           0.886349605137           -4.10201229145           -4.69705845278
            -1.6411794369            14.6803765731           -3.60907650904
            14.5068432681            25.8164413565           -25.9837190783
            10.2528150607           -19.1673985192           -2.87067044809
           -5.79562593453           -9.64355112773           -14.6203300415
           -1.88241416669            12.6821881757             5.9337888571
           -4.30637446927            5.02107493764            7.30568488448
            10.2640492814            -3.5595870033            17.5558241124
          -0.624404682012           -11.5526449181           0.938526572303
            12.7054594591            11.3839184454           -4.73311817187
            4.26489806473           -15.7847520275            18.9691243758
           -7.06077994522           -1.49944858913           -18.6919403373
            8.61828407156            15.1996531173            4.13870981194
            10.4542371232           -19.9465778063            16.9274424143
           -23.0457932546           -25.0696903967            30.3311176306
           -9.41363168918            24.9324081055          -0.325309409199
            6.33849484732           -6.05323815224           -4.79539300334
           -6.94069025624            2.36055166523            8.63034410581
            14.4618378384            12.8247603655            1.90645526168
           -5.84757545448            7.05680427715           -9.85102212385
          -0.177900548817            5.91337581708           -16.6643297899
           0.329786104285           -17.4419500464            7.39500536833
           -7.36792122854            2.80736962482           0.938302439353
            15.4283919873            1.52751752892            2.36702190566
           -6.11810201116           -13.3427921385            2.54457522472
            5.19507114544           -5.76351022802           -4.58296569494
            11.1096782279           -5.32788291276             7.1999499711
            3.87998505041            14.8907898005           -13.2275428706
          -0.161958135497          -0.802595577282           -2.81895543629
            9.50456122478           -7.27426433548           -16.3082401968
            10.0900724568            5.69615715179           -7.85987817553
           -11.4604171872           -22.5437907645           -2.00438570781
           -13.8111328985           -9.65841582843            1.17352655199
            14.0555124622            1.63551098874           -3.83136873556
           -1.26926886425             1.7056911551            2.25545917446
            -12.585384205           -5.66486145018          -0.426310146243
            3.99816971503           -4.94767227724           -22.4852871051
            -16.019431835           -33.3401300811           -11.3826498515
           -10.7228279355           -8.50044085787           -2.64477281429
           -10.8481349339           0.539255461294           -0.99959897296
            3.94241300214           0.121947175884             21.453982683
            16.1780885432            11.2531091871           -6.52398283176
          -0.920341707883            6.96328285031             12.153973004
            5.41356690735          -0.186547284315           -5.00042726609
            3.61564476231           -4.04349186837           -6.27217753268
            -18.031334781           -2.76772724068          -0.472257750373
           -3.17885173841            6.02889982876            32.9361965228
            8.92391194848            -2.4476694525            22.5646472342
           -4.90490212784            19.6555101228            2.92813210437
            0.72836191508            14.4647097042             3.6004601104
            12.8551152155           -6.61750775516           -5.58781906798
           -7.99980479881           -9.08962634656            7.45681992365
           -18.3091743698            10.7697988576            3.46467982994
            17.5752371244           -9.64465934744             -15.94421818
            1.75987389615            -11.243562814           0.161064614001
            2.51761995822           -5.57207161129            6.58398289177
            1.55133673991            18.2590652876           -1.58212717473
            4.51788066624            11.1627759515           -8.86193741144
           -8.34894039725            4.13585942215           -21.4741054092
           -11.3088324059            -8.7655369972            7.51435589217
           -21.3514349559           -5.11580414741            6.25366856059
            17.2063624953           -2.01164397628           -12.1188439329
            3.81616673585            3.32398526994            13.0816516906
            20.7828162425            14.0455999444            6.71151405354
           -12.4802314964            17.1956824736             7.0781901606
            4.49495833886            9.48178252067            7.83759729158
           -10.0913538823           -2.34409697109            2.46749338768
            6.22749657615            8.06402781542           -12.8360472411
            16.7357300364           -7.57337599537           -13.7689755696
           -1.27741758138           -14.7954487381            5.90936323678
             -3.195437974           -11.7632011114            -2.7335756899
            17.9389546486           -4.95474293012            4.88414299253
           -25.7678573879            35.4259494057            73.6861916067
            -5.7952733643            11.5749553126             6.6310687015
          -0.357404637233            7.87185169057           -4.24922956781
           -4.78802288116           -9.14133735717             1.1433213234
          0.0669977219591           0.851166677885           -14.6976252019
           -1.75548980345           -3.35734065902           -2.65441099379
            8.51390361592            9.21851882181            35.4400070547
           -32.7143062558            5.58567527405            8.87265329195
           -7.04336417088           -18.4289071139           -20.7408736211
            17.3777226652          -0.580196624804           -16.0489775476
             6.3558021171            6.02724233956            15.2765916868
           -12.6977578556           -16.0755904347           -4.76763287136
            5.03820356852            21.8036470322            -7.2254612774
            6.96522364821            -3.3752934602          -0.552345265897
           -9.07885488947           -5.24677293556            26.0320212564
             -5.118740373            8.98665077508           -6.53075615763
             6.2196035597            5.45985546637           -6.69158949169
            9.89056102552           -3.64508288396             6.3718295407
           -15.8933241801           -10.5871557921           -14.7094837068
            3.56705746683           -19.8692484084           -15.2526732915
            10.2235946703            6.57124232245            19.3620962945
            17.2322174798            25.8366711804            3.45647573613
           -28.8980414029           -5.91920575086           -3.28745864034
            11.6986470005           -21.7651011774           -7.93354633236
           -6.00571869533            27.0419083131            1.75740794897
           -28.1052808594             5.2199049036            8.49737634226
            1.72757685574           -13.2415461622            1.67594384021
           0.194193071517           -19.7027854331            1.63671696996
            27.1247040144            7.09664972443           -1.68967483447
          -0.517688643243            10.3633882158           -2.47620155934
           -19.6347746573            25.9834978301             6.1499475653
            21.2923094345           -23.9903689133           -9.59897576114
            -13.725565362           -4.89593660825           -2.33336066947
           -7.74188294378            5.30504443198            5.52425962284
            10.8954666737            2.13083187541           -3.97664471008
            6.48188105813           -2.83227697624           -12.4260725641
          -0.657927411163            8.62536548462         -0.0520168480937
            3.33058358241           -3.41684625196            22.3935516944
            3.81873001065           -7.26646293664            -6.8672724424
           -4.57239381929             17.743010648           -19.0373423438
            -3.6790898316            23.4685542401             28.976828993
           0.183075460941            6.81898247441            9.04513340655
            18.1066025406            1.63194736214           -27.1503225547
            8.87316268287           -13.5129869666            1.98357995226
            10.7670055481           -2.13124134694           -12.4352993068
           -13.8254200777            18.1965807037            32.9559299235
            1.25633293362            4.48283202504           -5.06150073796
           -23.8269545432           -13.0343710602           -10.3383457214
            -9.6340471586           -18.9885820383            28.3805013563
            8.25166772429           -9.03039697882            13.6849416594
           -10.0471438945           -4.58622247886            19.9561009318
            7.70088918485            6.57674246796            6.57370106434
           -13.2428715913             9.0414611652            19.5058843073
            11.8478713691            3.85552478555           -16.0771654689
            6.11307114503           -7.58987702207            2.90161438985
            8.31751703951            4.03692010363            1.01163947445
            33.7440702456           -5.19165193111           -11.5754439317
            9.22262041467           -29.0255273616           -2.01190270545
            -9.0285234144           -6.14893029712            6.23158160364
            -2.5695903787            0.30288160731           -11.9080863322
            5.04287451838            1.72320048832           -21.7874608032
          -0.235901891437            3.13144680459           -1.82245121525
            23.4270253209            1.51964830615            2.60041854184
           -3.47796051503            15.9565637054            3.45769645623
           -4.80919542884           -11.6746715667            4.01557494284
            10.9229593784            -35.091632122           -12.0342221374
           -3.51383026197           -13.6845081759            2.98571685382
           -17.5370389966             15.885610941           -14.0528841894
            4.08092769879            4.27558239654            12.3162149879
           -8.87729141971           -2.61870214385            1.07856777035
            13.9900422608           -5.28795505568            8.47251729364
           -13.2425992366            5.99862743306            22.8939882455
           0.360729839092           -8.18180437434           -25.0595194542
            3.94714136875           0.549093129847            1.25611635827
          -0.291006336133            16.1864668885            13.4863974413
           -7.34385122959            25.6243103776           -15.0393115801
            10.3506314929            1.81920513895            5.59072870564
           -8.26464075948            4.35225171192            7.07413486453
           -6.46798454273            6.85595796619           -9.58405849175
           -14.6504000755           -2.78324518289           -4.49816633548
         -0.0298501338061           -26.6438060679            21.6656561598
           0.811220113002           -8.94138273212            7.42145442642
            7.04789474609            4.15618951973           0.149019923029
           -11.8746053287            4.28870904325            17.8320785863
            14.7863032202            -7.9213238123           -4.10954943209
           -3.24285200619            15.2637774321           -5.80731885679
            6.14261554002           -12.1827526594           -21.6740744093
           -15.8302700679           -7.65514775601            12.0076063679
           -7.81336282337           -5.89242669351            17.2299212908
            25.0734874815            11.3248914378           -12.1601631938
              3.809634774            10.1418017308           -16.8748089994
            2.76403511449           -18.5046486869            5.46461696135
           -14.6210756149           -7.09105959065            -5.0400662466
            6.84910451126            4.86180665416           -24.2686590668
            -26.871262786           -11.6294160634            9.70653262483
            -0.1599122731            3.27434549126           -6.26117462762
            7.80330861012            7.37063107424           -10.9728865203
            5.16912234893           -8.69544279899            6.33244275325
            10.2825572408             4.5553316824            21.5953355372
           -1.14144716581             9.9928410448            8.03753052327
           -28.8478964661           -1.26042086843            -17.119307354
            7.84048949697           -5.66157570431           -4.47229287205
            46.5216449244           -14.7419050445           0.343796312963
           -23.7460768932            6.50245122949            6.47328981137
           -5.38085601758          -0.029559534161            19.9792914543
            8.20535884417           -12.5926207052            9.77529613684
           -7.40046369647            22.7609116402           -18.4606441954
            3.03275024334            9.56863503366            16.2291116914
           0.396024531966           -18.0657084269           -5.90372446017
            -25.236665047            3.45825826699           -13.2618703374
            21.9956079309           -26.8085961924           -4.54009881854
            28.7679688058           -20.6929725516           -17.6907093583
           -13.4418480792            10.3673707034            19.6192869216
           -7.01848747184             10.320404062            5.18619788912
           -12.7892120729             12.785450447           -1.06606740959
            27.6006195015            16.2946135797           -6.00267191267
           -18.1674352864            10.5965106025            5.11339332946
            3.98158148219          -0.994054494259           -5.54023615743
            5.62106529692            2.65259284779          -0.515564710768
              4.730008892            10.8734012907           -13.7107265953
           -7.28197921842           -22.7050385833            10.4238437355
           -5.19098088184           -15.7757087011            17.9364976008
            5.64125459772            14.8330909223            1.83993623825
           -3.24376822838            2.24268255157            1.04248021757
           -7.83483104256           -3.54937954976           -11.2622405119
            14.0333593897           -13.3944971455           -6.23393634848
            9.42337073118            2.02711657378           -11.2695994538
             5.7183059989           -3.99588511421            4.69859799895
            1.63689274025            10.4160592414            7.02301100556
           -0.72518596075            3.56801835143            11.3634123306
           -12.3826436863            3.87651771319           -30.7637960314
           -27.7537191573           -6.31330933034            10.7233058346
            10.9353628305            7.81158006319            27.0530860071
            18.5809893275           -12.7143888066            -9.0316966005
           -11.0118773829           -19.4034086857            9.66946609834
            18.0361444782            9.46789348425            -5.8674483702
            3.34045548549            8.91236062634          -0.767443894267
            5.97615427372            6.43044237824            8.28422561964
           -14.4187239732            16.4492486728           -18.2861161079
           -6.58891363087            14.2966750645            4.69642278871
           -5.85866076658           -9.43378307062            15.4777331942
           -10.9535877275           -5.83247920159           -5.99327901822
            2.65478580026           -13.6831186025            22.8319081668
            30.5976996695            1.21987108996           -14.2642017478
          -0.590938173836            5.59344766065           -14.7145979257
           -12.6748338593            5.77719340782            7.84574489129
           -2.24839315716           -4.36381826131            10.6320106354
           -9.17667149202           -9.31490563968           -4.41753293273
            2.37900110142            10.9685796611           -10.6295759139
            1.35280619361           0.478141392793           -13.6027330088
           -10.2182782863            -11.546873423           0.673798203095
            8.76893837795           -17.6827913583           -3.91994441416
            10.5150338545           -4.72976083551            11.4951022865
           -7.69131375846            22.2533759858           -13.9553088394
            -5.9915521576          -0.993246545439            6.59438491361
           -1.83692825467           -5.42298815147            5.32741023317
           -3.62581506597            10.4958936574            8.00783980304
            3.37638534038            11.2052528632           -8.89423921994
            2.84573778085           -2.60588843731           -14.6347228908
           -17.3250598526            22.6776229233           -1.56812727327
           -2.93418743314           -21.3775994181          -0.375241659123
           0.199134755649            19.3333969243          -0.551954422948
            6.23508678993            20.8142693982            9.42713173644
           -6.17241653132            5.40113250074               16.5226415
           -8.88001921174            -6.4106613502             4.5739864166
             13.237813223           -5.68104428692           -12.0930725508
            -7.6098656304           -10.6241944308           -6.11529921208
            7.65141247388            14.2420936938           -12.1626628056
           -20.8868333466            6.22698435469           -13.0909938632
           -7.87914152868            16.7590612809           -8.56255664194
           0.334812239442           -1.79609576869            2.00536688012
            10.4047684836            4.53473030039             16.384121672
           -12.3904388132            9.68079189651            7.51503829387
            -8.2318095415           -9.74448216673           -8.45251537493
            -6.1648136258          -0.925225547648           -13.5255516051
            12.4733201813            9.43483884873           -3.07570653897
            13.6119792698           -6.00509003283              6.289243555
           -11.6209369072           -11.3688924472            3.47248804769
            13.6914276296            3.63687391042           -8.23820725735
           -5.92217862691            2.08360768506            2.50987465513
            13.7680283105           -16.7223143801            5.62019620869
            6.98614049182            5.04603443092            8.27108602401
           -3.64272271129           -2.90448769674           -5.36949915739
           0.531327173513           -11.4866496415            11.9217349363
           -10.3422336914            8.55385045917           0.359578338052
           0.857082847666            10.7607179513             -6.339831298
            24.0572079306            10.5701072624            14.9669310581
           -15.6539141423            12.0003745505            2.08876861915
            12.4266712922           -3.43082492211             2.4319648125
            6.53731447464           -31.8631883099            -4.8464052733
           -16.0465715297            11.8907541998            22.9432654334
           -19.9717070903            16.0720760713           -1.39716444652
            8.26468319041            1.94585592694            -15.692790336
             47.180780797           -5.51208157652           -17.1245547796
             5.9825567699            17.7088655311            -4.1080399317
           -24.9349482266           -11.6686554649          0.0425263950497
            3.94482719105           -3.44280291878              7.772105086
           -6.91827565976           -23.6449161261            6.41339742015
            10.0522023522           -15.2772595984           -7.26494840704
           -3.25980529071           -6.77530558126             14.222718834
          -0.906466569523            17.5661294477            10.3669125722
            10.3170824715           -1.11543656917            15.0606842728
           -3.54489522781            23.6026499722            11.4159080229
            5.07925505884           -10.1349730229            -29.556951837
            10.9898491281            14.4708329212            6.60854039685
            -2.8533323476            13.7328715563            10.5455906535
            10.3413042429           -1.77471927208           -10.0374721963
           -6.94418640438           -4.30648768498            17.4316211194
             31.646180422            11.7623161294           -37.5508497824
             8.6632126121           -4.03744862931            1.81931693088
           -27.9527179651           -5.32801788782            22.9405622763
           -34.0877166546            1.15560985095           -15.4576079841
             6.6598111825            14.0072861805            -13.392538706
            25.7884536671          0.0601503786186           -1.79643717014
           -10.8124925689            -5.1494213549            5.14877485058
            -3.1320244626            5.96948419574           -2.29380378976
             13.571895838           -3.16382649915            -15.199161299
            4.13331707351            1.32609084293            2.90495612121
           -8.33892768441            10.9829415046            26.5195792427
            7.03440130515           -23.7016494179           -9.41342269776
           -16.5975285145             24.126020275            1.11726985949
           -20.7976589373           -8.24550843326           0.955239651773
            6.52246356736            8.57328759423           -9.16676771962
            25.5433245986            13.6692252932            32.2043019309
            19.4168741572            3.63385281715           -15.4008941867
           -8.52737704195           -17.3979090404            15.7384750156
            23.7819179198           0.063509253698            11.0029378042
           -13.7896650945            2.26687704058          -0.135115756191
            2.79754293346           -9.81550307264           -8.44348489311
            12.8227238193           -13.7252790928           -2.12803358526
           -11.8835624569           -4.98910324209           -4.56483960138
             3.7914642341            28.8190519989            10.8615806003
            2.47354835162            1.07484475767           -8.23273303057
            17.3746565495           -3.05617804662             19.418928542
           -32.0278737883             14.633227447           -3.33250480702
            2.00342783995           -9.78295010427            -6.1007916466
            11.0422259049           -5.30147578052            -11.531617669
           -3.15714706833           -9.27263372809            4.93215553002
           -17.6659812102           -26.4236188272           -25.0395416495
            4.68242345408           -6.66151618819           -10.9485950538
           -3.98892936682           -15.1969830538           -7.95437165722
          -0.103777801264            19.5363403548            2.56764018218
           -8.29739542393            -4.1316430495            6.14025027545
            31.6623357442           -14.5730320041           -19.2762574427
             19.210927176            18.2848139417           -12.9262074784
            -17.711337175            20.6595263553            14.5574716659
           -20.2544846404             1.0374993742             33.443197913
           -5.42490911649            -13.104736715           -11.0557442259
            5.61855866504            43.4578411636           -8.24597619909
           -10.8797188355            11.2515691048           -51.6164635801
           -9.92863761438           -26.2567508957           -6.62836291688
           -9.36464666318           -1.42839330139           -2.41876776583
          -0.405887270044            5.63603744538            11.1583706162
            4.01689689349           -5.50905011131           0.200986355814
           -5.16086175186           -15.3476993113           -11.4474443541
           -5.76909671371            17.4392988361           -28.6128369391
            4.31654158446           -4.92023901182            13.9901640096
            24.3032162281          -0.562405308811           -5.19506274947
           -29.2743342899           -1.89400111836            5.58695119556
             5.4437125388           -14.2032913963            2.59266549125
            1.91607962722            6.48358911575             15.067144681
           -19.6342416298            -9.6233318006           -9.50717797826
            14.8416887403           -6.75016272852            2.83473675991
            -9.7541260274           -25.5737270701            10.5492595709
            2.50319617767            4.06060322387          -0.756584053217
            12.8991105455           -2.09516049582            1.75946429387
            4.23409034764           -9.18402713511             24.364596902
            2.56055847393             8.5954133588            28.1766516775
            27.3002079663            1.18846785274           -4.26867737547
           -14.6453492369            7.28104536528           -8.21122049048
            15.3669182921           -12.6725646172           -5.12742059242
            1.85607328775            37.3464444533           -8.84907683458
           -8.45787912602            1.32836570317           -9.19846553684
           -27.5531951236           -2.73649247829            9.74856789277
            15.8545422607            4.04490125506            22.4961721809
            17.3364123117          -0.930999869887           -12.7509463012
           -6.48045198616           -17.9341159916           -18.4747110905
           -26.1934439452            17.5825038703            8.43834606512
           -7.90349909831         -0.0813419936639           -9.35049819758
            13.5721645356           -8.03259551039            21.1254281451
            2.14011846778            5.02317989756            10.8228241099
           -4.14260787889           -4.89259200434             -1.669098427
            13.6807298781           -3.00483494824            3.43876451344
            13.4058425045            21.7366000555           -18.8802437137
          -0.387330038002            4.85909691477           -14.3719427263
            6.29797293755           -13.5532220555            1.26788385675
            20.0148975165           0.842474579408            11.6830068384
           -22.6475873564            18.9620807446            8.92899849625
            6.22533326945           -16.2344072406            7.72895770658
            6.95281011513           -4.85840559133            12.7686374875
            1.52182036776            15.9887437353           -11.1820912329
           -8.87131424448           -1.15328058053           -13.6545690713
           -14.8437786229           -3.24916375514            -5.7486126371
            -7.2566411494           -15.4759952802           0.066957395836
            27.5545931428           -32.2938440628              11.95394151
            14.5682190033           -3.64903248654            1.58983805155
          -0.709916237305            3.39612109101           -3.20386355375
           -3.62519300953            3.75943729782           -4.14012444321
            10.8688293835            3.38435629416           -4.06197685383
           -3.95505327695            10.4915968099            13.4471950062
           -9.51856752414           -3.39953644913            13.4105160361
           -16.4894832869            4.18296424996           -6.96805122281
           -17.9384156698           -33.2521586084          -0.536732659308
           -21.4226007839           -8.44076303011            7.37561262264
            9.50449210071            7.52671174061            9.35980109734
            15.0398691582            21.6435181495          0.0788417107352
             2.1897331238           -6.63591314793          -0.805483135497
           -6.29482752216            4.37797338461           -7.06904189259
           -3.84190529071            3.81308390409            6.67369242216
            7.68333100672           -9.16900944619            11.9608883953
           0.992220956346           -3.58410577755           -11.4440051247
            3.15771299636            18.0862996785           -9.82964859888
            22.5145212791            2.71924150449           -3.32050319265
            14.5995405312           -38.1570976529           -3.86915678891
            9.06235710368            -21.453750481           -2.05108586292
           -19.9776420223          -0.257390699476            5.53284520597
           -30.7089079505           -7.64195051922            7.01533443523
           -9.43492481047             19.603308471            4.84175711225
            13.4577575051            15.8769312685            -11.024508734
            4.09002763242              24.13800363            5.73123955643
             -5.420406866           -2.98099060776            1.96819271626
           -19.5828317836            8.92745633883            11.1939751985
           -11.6605365566         -0.0488395218684           -13.0227722194
           -4.59129063767           -14.5458870973            4.82385493586
           -1.62451738271            1.63328612654             13.212178013
          -0.106433189224            22.8640687598            10.0049601536
          -0.828187576266            -15.457230095            3.23286199498
            7.98423334959            4.36311806715           -11.9856979531
           -12.7150134836            4.83050188465           -4.59076392653
            12.4935838154           -6.72993940778            8.76332031704
           -6.21939792446           -1.15335328136           -8.48261597382
            6.38197586654           -14.4277697369           -1.97512559252
           -7.11200033288           -9.30406317187            7.83890723003
            9.06856918559            19.9254394123            2.96423978716
            5.45576031411            8.77357995592           -11.4234942398
            15.7759061102           -23.6512206382            14.5394781192
           -11.9047719524           -13.4994380593           -12.3073593886
           -10.1526901036            13.4751419225            6.88502694021
            8.96483578216            4.26374002005            6.58872931354
           -10.1153945583           -15.0939822855           -2.48562122821
            6.03758660839           -5.97595420111           -1.95434904222
            -4.4374740117            28.7731759334            6.95921320602
             3.8974282317           -2.28063399428            4.82212208531
           -9.47244553409            6.57880323076           -14.0404695277
           -11.2010490062            12.5211766469           -2.26791773229
           -5.82919179757           -8.08913518865            4.27287586576
            10.5723540619           -3.93994349788            3.37038230825
           0.239786453827           -10.1938253325           -13.1378335906
           -10.3349696043            2.30623310753            9.81804075062
             6.3536792962           -8.09834238711            11.6488307686
            2.33224262153           -12.4756099444           -29.2130073756
             1.6746438506          -0.284547937534            2.53446813878
            7.15314420739            6.70209754505           -2.18184593661
            11.5408504575           -7.99860149862            7.49870252976
           -10.7644304024            -5.2383109335            4.08879881899
          -0.776742331899            -3.5040394891             -4.497386979
            3.34229718968            1.33275117425            6.21270772158
             8.6626967509            1.59728826278           -18.6487586596
           -17.1053364194            8.12794792399           -7.88483560086
            4.68588205587            18.2827620319            24.2916292588
           -11.1033089208            9.13420780635            -10.096333581
             13.963325059           -2.63538533898           -3.66367370235
            11.4744004579            9.14073322703            9.48853399282
           -3.96429983986           -6.18705777003             3.4922822913
           -5.24612340595            20.0995091878            18.6571956408
             7.1117038026           -15.0538221215           -14.7574916925
             1.0124446997            12.5070049261            8.31495442987
           -8.46163006714            1.96387486767           -13.8122828362
           0.763706118343           -8.54998811872            4.72043808469
           -7.01476928486           -2.37322301459             24.134518319
           -1.49923191667          -0.417972668775           -15.3691840369
           -8.91313749195           -18.9125812526           -9.42477424987
             6.7129915854            17.5378321121            5.54989431416
            12.9979874477           -4.85475817497            23.7664734922
           -10.3400456156           -3.03481834303           -9.07600907243
           -21.6251422237            20.7435354116           -10.9090887314
             7.8374367298          -0.941872254279           -13.8125995175
            23.3053390811              14.18152119           -1.87140531284
            15.1952628382           0.881177365049            1.78444341372
           -6.71503502009           -11.4775404997            10.8911037061
           -7.10788708718            2.78930919949           -12.6009762562
            5.95998057017           -0.86074930208           -2.30669269525
            29.0676111572           -2.40610311656           0.569201181171
           -6.90372986441            -8.8122407431           -16.4217622791
           -12.3328710932           -13.2386976927            -5.9482266747
            15.3954716978            -18.973079376            1.40832703057
            16.7040466044            1.83423020298            1.45169759237
           -4.17894825924           -8.32323070888            8.49584256329
             -13.85785694            11.2581794925            5.82256136466
           -12.0376273024            23.0158662322           -15.5258498665
           -7.66939636794           -36.5760046636            30.0059356428
           -12.8574642252            16.3091688683           -1.21085595648
           -10.1910749946           -4.77752595354           -5.06969013363
            1.30721805394            16.0260803096            12.0903471944
             2.8090318273            6.30976242314            10.9561311053
           -11.4760889094             13.011283147            11.1185165991
             6.0960715707           -7.85910398048           -7.23173796607
            3.81534289091             7.7149867789           -6.90711745913
           -6.37192900377           -8.72390240916           -9.43061030929
            1.30456623318            8.93582820255           -10.9880189262
            13.4019159194           -12.1982473532            0.89616477553
            10.5758931776           -8.83629393755            9.00437720196
           -3.77173394779              3.216110952            6.56195571432
            1.16200085541             5.0535525862           -17.0179876853
            1.45036371693            4.26931080123            5.62892118445
           -16.5974714194           0.177754949451            3.82367493759
           -7.63981492707          -0.822641685045            9.63285607138
            12.5429684792            7.75783786401            18.2669649306
            6.26530258356           -23.6174510253            5.55305068609
            4.73790347578            12.7795689327           -8.42812300614
            15.8087372307            7.32573618383            11.0606994179
            7.50965070606           -5.02231619109             18.460888231
            -12.368714544           -40.2835050231           -23.2221792094
           -9.54236158866           -4.72253992002           -2.80809659518
           -6.39248413218            12.5781239579           -11.8265752736
            6.01341969033            -6.5291217298           -11.2356015298
           -6.73275017284           -9.91862845256           -1.49698570023
           -19.4838896259            10.9157272959           0.396393687412
           -13.4037061153            -1.8511756058           -1.57342631159
            11.3268732226            9.01191228791           -4.59915318162
            4.20848606287           -7.75960237256            1.10903249968
             24.974265906            17.4358509528           -10.6132261402
           -20.1113450763            2.72105547504           -11.6566218653
            12.0327521723            3.51867538785            2.17349175126
             10.578235741             -37.44642639            25.9606405823
           -6.62212631756            34.5102536732           0.886820509504
           -16.5731300914            13.5030597316            3.96780746472
           -10.8460057009            3.34776409962           -20.2251105693
           -13.6634761002           -6.57935743064           -6.70448360164
            -11.899159646            5.58498595225            27.7934347923
           -8.48453814574           0.205701502824            3.39847030376
            14.6636841699           -24.4004048342           0.748720803403
            8.50236044311            11.2728477979           -7.39872457696
           -4.56216661005           -7.45198330051            1.34308581034
           -2.95333128537            10.9621222952           -12.8966897459
            4.11971377948           -23.1907769115            8.00704397867
           -5.30044697297            8.50672310944           -1.62580640955
            10.2961755682           -3.14704997164           -9.35844320443
           0.588467425476            -23.607445905           -7.99940895557
            6.40657583839            17.9835977153             -8.055974206
            20.2216845658            13.3844361275            12.8728036317
            -13.515855434           -14.8555546513           -4.02222484386
            5.32396260636            8.90004735966             1.6132014717
           -2.71917423083            7.36692774596            -14.660427755
            6.73705825799           -10.6376583666            16.1908892414
           -7.50380932827            10.3145575345               8.24584056
            3.29078107451           -7.69077339964            8.04371567269
           -4.11369067753            -10.722176717           -22.3312290585
            -1.1889953583           -31.9299645961           -3.03846572031
           -22.2384012786           -3.33571794001            12.8106961202
            13.8649097027            16.7977434397           -4.14930373456
            3.87213454238           -9.22500257988           -11.3211350415
           -9.83046691663           -14.3702400345            2.86201054362
             2.7117099336            17.1339748538           -5.59177634986
           -3.26677696203          -0.475442558009           -5.09455601149
             6.5681129122            17.7604548715           -13.3593118111
           -3.73672286111          -0.305311407418           -15.9973564193
            1.84221691065            3.58108565253           0.858373465427
           -7.00072102218            0.89088309329             17.910636234
           -5.81738827614           -10.1520789817            -13.791489382
            7.82498689748            17.5761532342            1.82180768638
          -0.281131955553           -3.04096691586           -17.3458913069
            -12.113396792             5.1481448318           -7.33620539798
            11.5660154165            7.83746937914          -0.424610061389
            20.4726526529            12.8526299009            5.67085893399
           -14.7195482815             11.429023139            16.1377587037
            5.98983417329           -2.17919169533           0.274162027982
            12.7660593056            2.09613084023            12.2587385619
           -3.24499205011           -20.0947129551            23.1977184172
            12.3562874221           -23.3647059527           -5.75508972216
             5.1631352151           -4.00641542893           0.844842623165
           -16.4499441553           0.222905412675            19.7253807969
            6.72945239917           -16.9782706631           0.682527206478
           -0.82121071799            3.24433178692            13.9802019518
           -2.93162880576           -3.98505637468            9.23186707931
            5.21116207745           -19.0010786574           -2.76362641459
           -14.7020112702           -12.8669253925           -4.77036005072
           -11.1047170361           -6.51798435583            19.2484559447
            9.41740354619            8.22566802061            17.0151902455
           -3.74816987127            14.5890223619           -1.51054911755
           -30.3423756366            13.3537101015           -25.9607169827
            4.72428241189            5.51117994982           -11.9011952901
            15.8101274635          -0.552455905292           -4.29381937501
           -13.2063988681            9.13610959919            -2.2817853656
            10.1135707435            2.99343604354            1.33404753266
            11.6419325705           -12.2172297485            5.38613906195
           -2.41126664136           -6.85781200537           -10.7510917106
            11.6327808497            8.23586774628            14.9293886479
           -10.8569521763            11.7874891341            -16.750867143
           -12.9155688926           -3.11216398594          -0.942249397979
            27.1424460706             -11.22592862            5.16709389814
            5.19822732578           -11.6186772856            8.27341253058
            4.09105557068            8.62385533369            0.71537336986
            3.67870973666           -1.73605285785           -20.9882161833
             5.7227280257           -2.90833727716            20.6660874658
           -15.2696225763            2.01838982219            5.35731617738
           -21.4376982247            6.59422621881       -0.000305743918292
            10.8042552575            27.9487360165           -6.23348860435
            12.6465494996            20.2384233215            8.79027456856
           -8.11055356295           -7.47063415396            15.1694315321
           -4.63646056175            7.48037524018             2.2842849927
            23.8346842475           -20.0174057516            -7.2400584766
           -14.1549194629            2.40195602728            -2.2462086596
           0.482603418713            9.55740936401            10.5602802288
            6.14370059488            14.6320769873           -4.89906144402
            1.92724930709           -5.75624698643           -5.09563997779
           -5.78783276659             18.127216929           -2.23048893866
             4.1916883079            6.17521260362            10.0508321943
            7.88343086249           -2.44178903958            6.49776850635
           -13.9283481942           -8.91366109829           -4.78657228813
           -21.5675581832           -16.1711744873           -12.3481108137
           -13.3748809417           -18.9741530123           -24.6795577262
           -27.0515466729            17.1423442931            -35.151678843
            25.0261578529            4.50561264336            6.64634746929
             30.248510347            8.63766714183            19.3636479024
            11.6267930121           -15.9402013467            15.7023335432
            -9.9613519267           -28.0120813796            9.61809448719
           -9.50722038854            9.31839084635            -34.997227408
            8.23215035762            12.5263604087           -7.64777321614
            11.2728685803            8.47318467899            2.78763558156
          -0.277052154874           -7.05577377715            28.0624128207
             11.102942364          -0.489698227239             14.609908047
            12.9481276783           0.570878795276           -5.49628835046
           -18.7289804279            -14.719324954           -1.87251175876
           -1.49848280496           -1.89217452294           -3.23059311393
           -15.2919346133           -22.5401092943           -2.31790029489
           -6.58909304951            8.44918926625            9.44985314214
           -2.89315830125          -0.406452211463           -17.0407428191
            -18.630549934           -15.5006938151           -2.95794453342
              15.67551367          -0.935367178932            9.65102047133
           -7.99929606711            20.9843143056            7.11817130122
           -24.3457612134            6.28724654726            2.82896262631
           -16.9267765363            8.66645673363            -6.0622916353
            14.3290884087            5.78843760873           -5.58520360784
            5.83661159285            -7.9998897729             2.7165134932
           -12.5051905384           -1.49044787216            15.2379793878
            1.57928128576           -2.50685669752           -3.27286171142
           -23.8240819476            6.77586366178            6.48343548949
           -20.4875116372           -1.73948019849            14.3423284795
            7.30669100282          -0.765450160658            11.8363871911
            5.34525695456           -6.45854891285           -15.5038443754
            -11.376654828           -12.2558670669           -1.34690407905
            1.23555737366           -10.0077620102           -8.75492055319
            6.49412713484            8.99824864289            6.27246655577
           -19.4463359633             10.516520668            7.00389948568
            -12.483813963          -0.408937311626            10.1490347893
            1.95760037179            7.64517549687            1.69042579793
              12.38640208           -6.67709180127           -7.66525005872
           0.323557085618           0.261025004362          -0.794723275167
            13.5717670619           -11.3730799297           -2.36823223624
            8.96300530331           -9.13031938304            1.77533294579
            11.0942869343            9.12214456859          0.0804917634986
            14.7425873813           -8.79825069533            1.08898691703
            2.32645849991            6.56225961824           -18.9724169222
            11.4868369188            36.3335520135           -2.20501779494
           0.140648406397           -13.3510939996            16.5282914612
           -12.2781382041           -3.92650708344           -5.41593061156
            11.1740257776            6.48347076497           -23.3066363419
            4.20080229758           -13.3546339842           -19.1943035986
           -24.4156535118            3.79644288492         -0.0725151840238
            13.5688683061           0.206160979002            17.7531866966
            1.93130170468            16.6780937774           -11.1028134576
            11.1099383898           -15.2265507686           -3.48173180423
           -12.9781952408           -14.3564906092            7.39992126424
           -8.20060775519            8.27030440085             5.8608228515
          -0.343642681902            8.21917937675         0.00159713980218
            26.9910065335           -11.7893765403           -5.96084807178
           -11.1465253846           -15.4516024499           -10.4331501031
            16.4938783032            2.50313607635            5.58497829333
            9.12668606771           -26.7828520932            11.2946369962
           -3.78742487531             7.4318271164           -4.13378048409
           -12.9475872114            24.3442841917           -25.8376875391
           -0.36612237262            12.0923267624            23.9931624974
            11.5773478621           -7.78232345203           -4.55332386616
           -6.38649215477           -7.76272841463           -12.4924789029
           -12.1567899376            1.23307909945            18.9703961371
           -9.97898993409            5.98722676854            4.13042551063
              14.30860683           -14.1718158056             15.012451836
            14.9000745351           -10.6873839998           -12.4414737973
           -5.14846381563            4.35922539664            -6.2638393389
            7.07974100096           -12.5342878333            4.33695051655
           -2.82520632732           -8.38529307776            1.76476671898
            14.7244088196             20.673597443            2.50832418935
           -13.7534581104            2.17293621316            5.51645675148
           -5.20430599238            3.02852298976            4.53341120408
           -11.2587181938            25.6964613213            11.5208811484
           -20.6015133824            7.42192434226            -12.965202372
           -6.46484595794           -4.79307687042           -14.7653706331
            3.62221544472           0.901626074843             17.507093995
            11.9572494014             14.518509977           -3.15270923835
           -10.0265651451            4.94281998181           -16.4306513841
            6.24358249178             19.420469211           -11.4123440141
           -3.33964101209            7.02095212962            5.13306081963
            2.69817064413           -1.29900057189           -5.37651951658
           -5.48124575156           -8.92978248257            21.0183668388
            5.54096578781           -2.24989337068            16.5955299429
            -2.4019196752           -2.21658676487            2.14837730945
           -9.63223307036             -15.58547862           -18.3484107884
            8.88794008189           0.479394819038           -9.20479509944
            20.2402688946           -5.62032676725            27.3383792162
           -7.54405805457           0.669816914942            3.92123159338
           -8.98045115992           -11.8418687069            -4.1713278082
           -19.7048012446           -18.4980824388             12.657890954
            21.6303598072           -0.55609252777           -5.41179200776
            1.76214801451            8.16103603494           -16.4337550923
           -9.46574967947           -5.88349803282           -8.49150666233
            1.33269325241           0.381655111967           -2.87373602347
            8.64207360595           -13.0420951158            1.43868468083
            6.68817221337             5.1816389701           -22.1647525808
           -13.7756401809           -6.33856248111            8.10943826552
             1.8907564713            25.1426697379           -12.1084746532
            0.22372765136            8.10800737123           -13.3193629573
            10.5611254409            6.84306160696            10.9348380182
            33.3727679869             9.7953907403           0.543113415586
           -13.8309545864           -18.1520179955           -3.36707295783
            9.47058773367           -3.44405799868            2.64657705646
            12.5103223481           -8.55053944699            6.22320849242
           -4.12745797638           -12.8827683535           -0.61516380857
           0.835742137964             13.743525957           -4.10259653961
            11.1058431809            4.26060562554           -6.39992861045
           -11.8016996595           -3.34252064406            5.63761853159
            3.12850272392            14.0278116929            4.66479450224
            13.1882193923            4.27273278012           -2.79370990486
            5.99108116526            8.62960707616            7.65884167982
            7.98263690612            12.0832967112            16.0394593879
           -7.73894349987           -8.84614787557            -2.8637836541
            7.11237293393           -22.8847070675            12.8896041265
           -18.7106659915            -9.2196037387          -0.230836012328
           -16.7374215045            10.7504595867            3.78624931815
           -2.18603433183            15.4217329714            7.81014934598
           -5.77807770681            -4.9986786167           0.298928904359
           -7.15565767868            22.8060658382            14.4702309032
            16.7488459691           -1.89884581945           -1.83721342585
            20.1627241135           -13.6447884882            -11.049163314
            11.7108506857           -4.38830310047           -5.89401572159
           -18.7813970057            1.13910350385            -3.7060614096
           -8.33575956216            11.6769269817            19.8655465301
           -5.61414278236           -26.0782060824           -23.9305477978
            2.95515847687            13.0710355972           -2.65958530655
            13.6070422687            8.11158878497            1.77232202514
            10.5135190442           -10.5686607282            5.11358997401
           -1.41083430266           -22.7392011901           -19.4004400452
             -10.01450995            1.61103769469           -2.01752320057
           -8.30631262835            12.5725564735           -4.25054572785
          -0.771840025145           0.700078352585            -1.4281522774
           -21.3569200671           -25.3894715217           -13.5394033373
            16.3267875046            23.6687282156            14.3359078899
           -12.1647218166            -5.0960940285            5.54992647077
           -7.42290923367           -16.7535679993           -9.50930289936
           -13.3767136452           -3.21928012323           -3.32746127639
            8.44013834341            7.81502931907           -10.6891235872
            14.6685779367            10.1647936626           -1.77391885693
           -15.0906009408            6.03163963434          -0.340002724674
           -13.8677601978           -14.0548713566            1.27771410726
            11.9277191277            18.2367153149           -23.2577269711
           -7.45268054737             7.2448433587            6.30993660342
             17.479973763           0.425052610382            9.39631414148
            11.0862694744            2.89554956081            -14.295353491
           -21.4667169473           -6.50302124759           -2.93516022535
            -10.737500674           -4.46864288353           -15.2296386624
           -28.2281969978            8.30225896708            10.6300389123
             13.959867737           -30.2624465212            22.3347668194
            28.4453045891           -8.42645890752            6.27953081308
           -1.61379595083           -6.54364258483          -0.494635034923
            1.06723815482           -5.23309844305            4.02875449841
            -4.1072296733            7.60658334434           0.476564425917
           -17.4464177975           -2.14848661893           -8.31626955917
            5.13938317619           -17.8873935265           -1.63980941099
           -21.3739055862             14.366095707           -2.04538521048
           -17.5305446756           -26.0267097354             2.7116723012
            6.70714760378           -18.2280068352            16.0816935564
           -3.09171161872             6.6372606802            3.46039922498
            7.70571369187           -14.9088432821          -0.758335578802
           -14.0347169785           -14.8197170552            -5.7075825401
            4.86112790364            31.2348591776           -15.8397713635
            5.89405104836            10.3472362569           -6.06884233361
            11.6867320272           -9.07055214859           -15.1910097468
           0.305107366497            6.33050366182           -24.1844754572
            4.35605590463           -8.69473660071            26.9253713141
            3.29145658973            -9.3680795176            4.71287778032
           -9.25453370892            14.6493077719            4.33922339304
            14.6852070658            5.09044874141           -15.4295324098
            20.0765559148            -2.0209374422           -6.19729116805
           -6.54003339896            7.32694212917            5.10799522308
           -5.31975818105           0.335343865995            2.10159114296
           -3.08618319478           -26.5136831246           -4.72036788871
           -14.1808187369            7.81071345995           -7.54205371864
            4.47274334191            16.2167821604            0.80096440346
            2.37790191735            4.03705468695            3.60527706916
             5.3831163202            -12.233015553           -1.26104457584
            15.7193282346            4.94263754669           -4.96091563072
            3.01090682338           -4.19890727292           -5.98681907395
           -7.08391069955           -9.41434986588             12.112161251
            21.3135232056            15.0555909263           -7.83035113753
            5.32919103176           -12.9974927069           -2.57651805291
           -7.01762942152           -10.2422277819            2.51293316675
            5.25612035471            15.2001361121           -3.93836089729
            31.9058141104            15.9157814141            4.42747805074
           -43.0052136183           -5.52131400095             5.8988141123
            3.57832093599            11.9746244744           -5.47797079249
           -28.0565748431           -13.3414217445           -11.1900670746
            36.2747622613            7.46926159149            7.02541066847
            14.9708257238            2.91564954543            22.2761317251
           -48.3438659432           -8.74685256384           -21.2694945261
           -13.1649581334           -12.6714527387           -18.4005235751
           -8.36221742566            20.9962751335            27.3415677198
           -10.2383378191             10.290584985            4.61966677858
          -0.945181972102          -0.332030702193            18.2927317148
           -2.94497925579          -0.324391472809            22.4191557573
           -13.3844598622            29.1729950028           -1.55412108985
           -5.12316055892            -13.472108655           -10.4692748627
            6.15068322347            3.90985452283            -4.7872663372
           -6.01559424483             19.655316223            -17.184264516
            0.80789810223           -2.19031299823           -1.23967170465
           -3.43780788642           -8.30735498018            5.09053917715
            5.35016207122            -6.2771487971            3.57685973266
           -1.38496733917           -23.4627992733            3.86155392509
            6.77950609551            26.8468110926             23.690455959
            20.8782564929            12.4526651334           -19.7360229594
            6.12461332641            5.56472056907            11.2041700244
           -13.6603775266           0.781592370367           -7.91858209014
            26.5767656697           -7.89915029925            3.72979059812
           -8.52252103101           -13.7738647695            13.0438490739
           -19.7004965528           -22.1171184074           -12.6702912939
           -3.94707638058            12.7977412908           -4.81662077321
           -4.40362596431           -1.89661183545           -8.45005106987
            19.1695739565             23.404908739          -0.587833755336
            3.42889117031           -9.93483378685            8.01111615547
           -18.1886522481           -15.5362394855           -8.31118910146
            15.0439023911            -2.9238529994           -3.71429716257
          -0.747243507342            2.52549111149            7.68908210347
            4.46332322925           -5.96337667528            11.6924181361
            4.92679869052            5.87968547323            19.4337321906
            -5.8749090893            5.01749417694           -15.4223978122
           -27.9703997511           -25.3343091645           -14.6356080084
            9.55642856012           -1.58463913155            11.9758757505
            20.1826731783           -3.46394426661            10.6078347376
           -24.6807608334           -7.20616039566           -31.7976483741
           -31.0029268977            10.3160128526            3.27370444894
             28.312166832          -0.938735287821            17.2670356909
            19.1389437302           -5.77474830955            -8.5433982452
           -1.02012512321             -10.68259331           -3.99302667033
           -15.7097785341            2.77337320258            17.4966442198
            16.0107441288            14.8178271589           -4.23691338909
           -13.3337661098           -23.8688667222            7.59102033023
           -6.10897097817            16.1103912395          -0.472391583184
           -14.7246125425           -14.7072089021           -14.3747299487
            4.19280031676           -9.90418693309           -4.03269489101
            14.5274438847            15.3930311169            19.2512514526
             10.431944569           -19.0213837838          -0.161740451244
            15.2584349343           -1.91647070646           0.680517528472
           -16.6433101574            26.8578858695           -3.65214651676
           -6.86962281255           -14.3810049928            1.53151548012
               4.67477538           -15.3835001268           -9.03785051709
           -0.83515031766            6.04604326838           -11.2369109632
            2.43922746315            19.2120227724           -1.73309894326
            12.8349543063            17.8575934977           -14.1072523044
           -9.00521777257           -14.1702325969            26.1028482544
           -1.95424848934           -4.03281921528           -36.8812041213
            -7.5980837043            4.97683984617            1.19402817196
            9.57238863167            7.69614614066            8.40982005894
           -4.25047716739            6.86775098175          -0.585671651642
            -8.9211827467           0.829721842805            7.18155933891
            16.8977917863            21.6221233206          -0.495823071038
           -11.1731743195            14.9043099889            12.3459319663
            4.83467664439           -15.3715724676             4.8720650182
           -2.25109429987           -23.0259326642          -0.181835214874
            -7.5952604292            -14.613918875            9.96865158654
            5.73104826166            13.7257291598            -17.027320837
           -13.2223531013           -5.13659613771            11.0617380517
            2.96305981999          0.0343929469232           0.788463734566
            22.3543437295             13.303927635            0.62682436576
             5.9047803296            6.27652149849           0.948601137168
