time        kinetic     stretching        bending             LJ electrostatics          total      potential    temperature
0        1.55314        2.47058    7.72889e-05              0      0.0271451        4.05094         2.4978        1.03543   -1.80059e-05    1.98234e-05
0.2        1.31376        1.07099       0.221454              0      0.0418788        4.05499        1.33432       0.875837        1.28448       0.122435
0.4        1.49808       0.749927       0.458517              0      0.0445592        4.05459          1.253       0.998719        1.29146      0.0120405
0.6        1.48034       0.681853       0.436409              0      0.0441995        4.05391        1.16246       0.986892        1.40297     0.00813893
0.8        1.62006       0.841354       0.346508              0      0.0443167        4.05566        1.23218        1.08004        1.20296    0.000454008
1        1.44709       0.966227       0.201942              0       0.040117        4.05208        1.20829       0.964725        1.38988     0.00682074
1.2         1.6265       0.779854       0.347214              0      0.0512555          4.058        1.17832        1.08433        1.25267    0.000507426
1.4        1.38074       0.945944       0.301103   -0.000260962       0.046492        4.05522        1.29328       0.920496        1.35379      0.0274156
1.6         1.2714       0.840043        0.49681   -6.77019e-05      0.0513865        4.05864        1.38817       0.847603        1.38992     0.00914683
1.8        1.45119       0.986275       0.209113              0      0.0422964        4.05273        1.23768       0.967461        1.36094     0.00290975
2         1.4631       0.826621       0.359172              0      0.0423417        4.05299        1.22813       0.975397        1.35126      0.0104933
2.2        1.61789       0.741697        0.33311              0      0.0422082        4.05206        1.11702        1.07859        1.31266     0.00449523
2.4        1.45483       0.524405       0.529062              0      0.0463128        4.05375        1.09978       0.969887        1.48808      0.0110599
2.6        1.44441       0.711704       0.405717              0      0.0396979         4.0517        1.15712       0.962943        1.44277     0.00740234
2.8        1.60397       0.749003       0.393844              0      0.0364927        4.05028        1.17934        1.06932        1.25992     0.00703681
3        1.33661        0.79772       0.352888              0      0.0405154        4.05132        1.19112       0.891072        1.52056     0.00303337
3.2        1.47735       0.945081       0.342271              0      0.0409664        4.05384        1.32832       0.984898        1.23436      0.0138169
3.4        1.49353       0.818506       0.325254              0      0.0465385        4.05481         1.1903       0.995685         1.3657     0.00528911
3.6        1.44637       0.902427       0.544944    -0.00461932      0.0356815        4.05108        1.47843       0.964248        1.12023     0.00605029
3.8         1.6389       0.799678       0.339622     -0.0186943      0.0417342        4.05215        1.16234         1.0926        1.24681     0.00409818
4        1.50242       0.823561       0.445768     -0.0220367      0.0418644         4.0528        1.28916        1.00162        1.25795     0.00327774
4.2        1.58376       0.929268       0.446832     -0.0238845      0.0444078        4.05452        1.39662        1.05584        1.06548     0.00865904
4.4        1.45267       0.917035       0.423871     0.00121622       0.044802        4.05404        1.38692       0.968444        1.21199     0.00245848
4.6        1.37691       0.927857       0.467543    -0.00143595      0.0474401         4.0558         1.4414       0.917937        1.23112     0.00637061
4.8        1.53495       0.972089       0.387083     -0.0225545      0.0437287        4.05421        1.38035         1.0233        1.13834    0.000565326
5        1.54395        1.00396       0.431922    -0.00276125      0.0425018        4.05313        1.47562         1.0293        1.02281      0.0107488
5.2        1.49757       0.968587       0.440683   -0.000353567      0.0468034        4.05602        1.45572       0.998383        1.09134      0.0113898
5.4        1.44664       0.865312       0.482385              0      0.0508493        4.05745        1.39855       0.964427        1.20752     0.00474636
5.6        1.46219        1.01888        0.38529              0      0.0436506         4.0536        1.44782       0.974792        1.13766     0.00593494
5.8        1.48021       0.853208       0.483939              0      0.0474027        4.05468        1.38455        0.98681        1.18008     0.00983198
6        1.54375        1.08435       0.348927              0      0.0476694        4.05584        1.48095        1.02917        1.03041    0.000720195
6.2        1.46792       0.873134       0.572757    -0.00074864      0.0478308        4.05642        1.49297       0.978616        1.09361     0.00191652
6.4        1.54922        1.01104       0.396763     -0.0390154      0.0477068        4.05595         1.4165        1.03282        1.08219      0.0080359
6.6        1.39509        1.06826       0.537688       -0.08312      0.0484183        4.05796        1.57125       0.930061        1.08531     0.00630825
6.8        1.62743        1.02131       0.473522    -0.00687742      0.0493706        4.05671        1.53733        1.08496       0.889829      0.0021153
7        1.54458        1.09201       0.541927    -0.00596496      0.0481508        4.05715        1.67612        1.02972       0.815667      0.0207872
7.2        1.52139        1.00821       0.537369     -0.0229654      0.0498296        4.05691        1.57244        1.01426       0.951507       0.011573
7.4        1.47453       0.970826       0.566333     -0.0401673      0.0489417        4.05579        1.54593       0.983019        1.02343      0.0118944
7.6         1.3633        1.13435       0.455292     -0.0322468      0.0467689        4.05614        1.60416       0.908866        1.07816      0.0105207
7.8        1.50842        1.09451       0.500831    -0.00467937      0.0434817        4.05422        1.63414        1.00562        0.90618      0.0054794
8        1.39487        1.12662        0.50386    -0.00836704       0.045764        4.05489        1.66788       0.929915       0.988127     0.00401202
8.2        1.49505        1.05847       0.432307      -0.017062      0.0439956          4.053        1.51771       0.996698        1.02642       0.013821
8.4        1.41758        1.15976       0.482804     -0.0043803       0.043585        4.05504        1.68176       0.945051        0.94842      0.0072765
8.6        1.45007        1.11602       0.468952    -0.00471194       0.046633         4.0547        1.62689       0.966713       0.975588      0.0021491
8.8         1.4859        1.10617       0.525662     -0.0315532      0.0421041        4.05446        1.64239       0.990598       0.923781     0.00239456
9        1.42623        1.15877       0.459004     -0.0511002      0.0475139        4.05573        1.61418       0.950817        1.00616     0.00916241
9.2        1.49762         1.1013       0.527474     -0.0265723      0.0508784        4.05823        1.65308       0.998412       0.902306     0.00523112
9.4         1.4782        1.13874        0.48885     -0.0136671      0.0449885        4.05432        1.65892       0.985467       0.912519     0.00468331
9.6        1.31234        1.11303       0.538563     -0.0168813      0.0455223        4.05449        1.68024       0.874892        1.05603     0.00588622
9.8        1.59255        1.16633       0.454959     -0.0363355      0.0461651        4.05578        1.63112         1.0617       0.819544      0.0125632
10        1.66107       0.991706       0.549833     -0.0366353      0.0493872        4.05599        1.55429        1.10738       0.837329      0.0032937
10.2        1.50111       0.987918       0.483642     -0.0498333       0.047526        4.05348        1.46925        1.00074        1.07546     0.00766224
10.4        1.43657        1.11024        0.55526     -0.0503618      0.0457892        4.05521        1.66093       0.957711       0.953754     0.00395847
10.6        1.48579        1.20246       0.487797     -0.0319195      0.0458561        4.05503        1.70419       0.990526        0.85816     0.00688769
10.8        1.50188        1.08301       0.521355    -0.00942799      0.0471228        4.05535        1.64206        1.00125       0.898446      0.0129765
11        1.49805        1.09718       0.543256   -0.000994157      0.0453516        4.05419        1.68479       0.998699       0.865478     0.00587263
11.2        1.46002        1.20167       0.535505   -0.000393363      0.0490202        4.05781        1.78581       0.973345        0.80803     0.00395206
11.4        1.42089        1.12704       0.539036    4.39701e-05      0.0456054        4.05472        1.71172        0.94726       0.915773     0.00633988
11.6        1.38362        1.20717       0.526472              0      0.0450195        4.05552        1.77866       0.922412       0.893195     4.3751e-05
11.8        1.52367        1.07043       0.517971              0      0.0450053        4.05457        1.63341        1.01578       0.895755     0.00173839
12        1.46481        1.05995       0.511549    -0.00648395       0.045911        4.05391        1.61092       0.976541       0.970784     0.00739287
12.2        1.33579         1.1672       0.566003     -0.0173503      0.0454946        4.05529        1.76135       0.890525       0.955435     0.00272044
12.4         1.4538        1.21848       0.546714     -0.0299776      0.0449061        4.05524        1.78012       0.969197       0.820671    0.000655148
12.6        1.50049        1.08471       0.592045     -0.0136656      0.0400563        4.05161        1.70315        1.00033       0.847219    0.000745852
12.8        1.32693        1.16227       0.671267     -0.0264212      0.0455496        4.05696        1.85267       0.884622       0.871352     0.00601008
13        1.51121        1.26044       0.490002     -0.0124674      0.0483807        4.05672        1.78636        1.00747       0.749589     0.00956253
13.2         1.3901        1.22175       0.615739    -0.00182852      0.0486011         4.0587        1.88426       0.926732       0.777874     0.00646035
13.4        1.55149        1.21163        0.44661   -0.000168284      0.0453338        4.05386         1.7034        1.03433       0.796007     0.00295937
13.6        1.67566        1.08359       0.526506              0      0.0419902        4.05161        1.65209        1.11711       0.721352     0.00250954
13.8        1.59562         1.1753       0.491967              0      0.0482272        4.05652        1.71549        1.06375       0.743359     0.00204914
14        1.48659        1.24891       0.534386              0      0.0488673        4.05629        1.83217       0.991062       0.735473     0.00205987
14.2        1.48673        1.17733       0.595065              0      0.0414385        4.05377        1.81384       0.991152        0.75015     0.00305476
14.4        1.49912        1.24862       0.516281              0      0.0445123        4.05609        1.80941       0.999414       0.743914     0.00364595
14.6         1.5814        1.18419       0.491622     0.00257307      0.0434597         4.0533        1.72184        1.05427       0.747202     0.00285462
14.8        1.51048        1.25296       0.452545              0      0.0413222         4.0526        1.74683        1.00699       0.793699     0.00159486
15        1.46697        1.20686       0.503922              0      0.0436723        4.05364        1.75445       0.977979       0.823213     0.00900442
15.2        1.34746        1.25169       0.602465     9.9272e-07      0.0436757        4.05561        1.89784       0.898308       0.803601     0.00671259
15.4        1.49097        1.15179       0.556278              0      0.0444886        4.05428        1.75255       0.993979       0.806594     0.00416201
15.6        1.58555        1.24074       0.474876              0      0.0423346        4.05366        1.75795        1.05703        0.70082     0.00934437
15.8        1.58647        1.20158        0.46881              0      0.0464888        4.05379        1.71688        1.05765       0.743737       0.006694
16        1.48675        1.28037       0.451433              0      0.0457076        4.05492        1.77752       0.991167       0.771115      0.0195434
16.2        1.51994        1.24856       0.507643              0      0.0436946        4.05468         1.7999        1.01329        0.73123     0.00361369
16.4        1.50222        1.16562       0.576052              0      0.0443476        4.05435        1.78602        1.00148       0.761855     0.00425565
16.6         1.6146        1.18887       0.466984              0       0.047468        4.05484        1.70332         1.0764        0.72428      0.0126356
16.8        1.40017        1.35828       0.562601    0.000341011      0.0434115        4.05619        1.96464       0.933446       0.686673     0.00471056
17        1.54888        1.20485       0.484591    -0.00147299      0.0445852        4.05362        1.73255        1.03258       0.767722     0.00447467
17.2        1.57073        1.29119       0.557955    -0.00649798      0.0394881        4.05311        1.88214        1.04715       0.596859     0.00338332
17.4        1.54747        1.26056       0.586925    -0.00469231      0.0465252        4.05796        1.88932        1.03165       0.614086      0.0070787
17.6        1.50977        1.21935        0.60591              0      0.0423901        4.05486        1.86765        1.00651       0.674947      0.0025014
17.8         1.5381        1.21775       0.507729   -0.000492828       0.043224        4.05399        1.76821         1.0254       0.747306    0.000373926
18         1.5334        1.20919       0.596456     -0.0254366      0.0482521        4.05687        1.82846        1.02227       0.687717     0.00728718
18.2        1.67735        1.05751       0.598837     -0.0108367      0.0488019        4.05672        1.69432        1.11823       0.680528     0.00452329
18.4        1.47521        1.20607         0.5795   -6.52956e-05      0.0416586        4.05272        1.82716       0.983472       0.744076     0.00627369
18.6        1.57768        1.23117       0.585652              0       0.044339        4.05536        1.86116        1.05179        0.61425     0.00226213
18.8        1.68387        1.22711       0.540647              0      0.0437151        4.05478        1.81147        1.12258       0.552984     0.00645273
19        1.62794        1.27437       0.506717              0      0.0449273        4.05592        1.82602        1.08529       0.594513     0.00745626
19.2        1.44892        1.13857       0.538271              0      0.0436759          4.054        1.72052       0.965949       0.882404     0.00215717
19.4        1.55394        1.20875       0.559376              0      0.0428032        4.05358        1.81093        1.03596       0.674896      0.0138134
19.6        1.56138        1.10759       0.587849              0      0.0464981        4.05528        1.74194        1.04092       0.743488     0.00847935
19.8        1.46086        1.23171       0.557127              0      0.0467958        4.05622        1.83564       0.973906       0.757635     0.00208907
20        1.55549        1.26684       0.565354              0      0.0461387        4.05664        1.87833          1.037       0.613877     0.00893599
20.2        1.67735        1.13667       0.641806              0      0.0465279        4.05681          1.825        1.11823       0.549846     0.00461424
20.4        1.53914        1.16481       0.490874              0      0.0457548        4.05438        1.70144        1.02609       0.803303      0.0105031
20.6        1.39525        1.21579       0.581316      0.0021971      0.0460748        4.05565        1.84538       0.930168       0.813773     0.00124735
20.8        1.56932        1.03144       0.528601              0      0.0446149        4.05235        1.60465        1.04621       0.871888     0.00649433
21        1.41561         1.1252       0.598868              0      0.0449696        4.05501        1.76904       0.943739       0.863083     0.00728359
21.2        1.51184        1.15431       0.565039              0      0.0468886        4.05639        1.76624        1.00789       0.772086      0.0062233
21.4        1.56571        1.17328       0.587362              0       0.043789        4.05427        1.80443        1.04381       0.680269     0.00386016
21.6        1.43044        1.22062       0.552528   -0.000285126      0.0462625        4.05561        1.81913       0.953625       0.798774     0.00726732
21.8        1.44631        1.04485       0.641661              0      0.0463993        4.05534        1.73291       0.964204       0.871882      0.0042465
22        1.47658        1.24312       0.483826    2.99241e-06      0.0468467         4.0563        1.77379       0.984385         0.8028     0.00313157
22.2        1.47471        1.17563       0.571818   -0.000356467      0.0452987        4.05597        1.79239       0.983142       0.784431     0.00443468
22.4        1.47933        1.19839       0.582423   -0.000170722      0.0453354        4.05583        1.82598       0.986219       0.736269      0.0142541
22.6        1.51843        1.03055       0.532166              0      0.0471655        4.05289        1.60988        1.01229       0.905201      0.0193761
22.8        1.50778        1.10781       0.597683              0      0.0454438         4.0552        1.75094        1.00518       0.787795     0.00868834
23        1.42704        1.26262       0.548083    0.000311782      0.0482069        4.05667        1.85923       0.951361       0.767283     0.00312074
23.2         1.4482        1.17195       0.581974              0      0.0467541        4.05648        1.80068       0.965469       0.799221     0.00837091
23.4         1.4798        1.27715       0.510795   -0.000631336      0.0460059        4.05584        1.83332       0.986535       0.739163     0.00355741
23.6        1.41788        1.17489       0.592712   -0.000695336      0.0495214        4.05754        1.81643       0.945252       0.809654       0.013576
23.8        1.52103        1.16298       0.488534              0       0.043676        4.05281        1.69519        1.01402       0.827602     0.00899892
24        1.43304        1.12544        0.52949              0      0.0456867        4.05404        1.70061       0.955358       0.919738    0.000653977
24.2        1.46254        1.16188       0.521449              0      0.0463873        4.05514        1.72971       0.975027       0.855752     0.00713387
24.4        1.47569        1.15072       0.434409              0       0.045439        4.05268        1.63057       0.983796       0.930578      0.0158448
24.6        1.56347        1.19133       0.604217   -0.000488207      0.0424375        4.05364        1.83749        1.04232        0.64233      0.0103408
24.8        1.56317        1.26533       0.507649              0      0.0430582        4.05397        1.81604        1.04211       0.667298     0.00746931
25        1.49762        1.13556       0.640277              0      0.0464633        4.05624         1.8223       0.998415       0.714585      0.0217404
25.2        1.39073        1.26363       0.465195              0      0.0455907         4.0559        1.77441        0.92715        0.88447     0.00629188
25.4        1.44312        1.22533       0.543958              0      0.0422422        4.05284        1.81153       0.962083       0.794868     0.00331997
25.6        1.41328        1.20606       0.526126              0      0.0480073        4.05584         1.7802       0.942184       0.858138     0.00422793
25.8        1.59311        1.17096       0.568778              0      0.0483245        4.05637        1.78807        1.06207       0.665382     0.00981431
26        1.46383        1.21533       0.605651              0      0.0417236        4.05364        1.86271       0.975884        0.72145     0.00565422
26.2        1.54855        1.16712       0.546764      0.0147202       0.044983        4.05445        1.77359        1.03237        0.72334     0.00896953
26.4        1.49364        1.28075       0.553833    0.000398079      0.0470495        4.05717        1.88203       0.995759       0.673134      0.0083681
26.6          1.431        1.20662       0.557699              0      0.0471264        4.05567        1.81145       0.953998       0.805746     0.00747738
26.8        1.32536        1.36592       0.537375              0      0.0431509        4.05588        1.94645       0.883576       0.782256     0.00181238
27        1.41229        1.31909       0.555182              0      0.0420006         4.0549        1.91627       0.941526       0.713659      0.0126835
27.2        1.48619        1.22177       0.569317              0      0.0436948        4.05534        1.83478       0.990793       0.729851     0.00452026
27.4        1.44046        1.23633       0.622846              0      0.0446785        4.05612        1.90385       0.960308       0.710036     0.00177616
27.6        1.54564        1.18955       0.513413              0      0.0425951        4.05261        1.74555        1.03043       0.755189     0.00623135
27.8        1.50253        1.11462       0.533161              0      0.0441366        4.05347        1.69192        1.00169       0.843981      0.0150334
28        1.36549        1.25011       0.532428              0      0.0461381        4.05587        1.82868       0.910325       0.851801     0.00989931
28.2        1.48456        1.19705       0.597735              0      0.0473922        4.05732        1.84218       0.989704       0.702226      0.0283663
28.4        1.40533        1.20735       0.497492              0      0.0433648        4.05359        1.74821       0.936885       0.898802     0.00125561
28.6        1.48676        1.27184       0.489971   -1.07603e-05      0.0428977        4.05347         1.8047       0.991174       0.755875     0.00613925
28.8        1.51635         1.1239       0.660425    -0.00152071       0.048791        4.05685         1.8316         1.0109       0.699987     0.00891912
29        1.51701        1.30235       0.618538     -0.0165563      0.0504031        4.06043        1.95473        1.01134       0.586776     0.00191549
29.2        1.75306         1.2168       0.594306     -0.0265232       0.045731        4.05734        1.83032        1.16871       0.471543     0.00242173
29.4        1.55074        1.28678       0.580713     -0.0573385      0.0468517        4.05815          1.857        1.03382       0.643071     0.00733662
29.6        1.54224        1.26029       0.537924     -0.0947792      0.0516067        4.05955        1.75504        1.02816       0.750568      0.0117003
29.8        1.49248        1.14407       0.643852      -0.076187      0.0520553        4.05996        1.76379       0.994988       0.800612     0.00307891
30        1.35397        1.27857       0.601421     -0.0402368      0.0480861        4.05834        1.88784       0.902644       0.812571     0.00396223
30.2        1.62371        1.08096       0.594078     -0.0275641      0.0470399        4.05515        1.69451        1.08247       0.730852     0.00608171
30.4        1.52077        1.26912       0.512067     -0.0264316      0.0499779        4.05783        1.80473        1.01384       0.730592     0.00173815
30.6        1.45468        1.16257       0.547049     -0.0155743      0.0465356        4.05529        1.74059       0.969786       0.852139     0.00788632
30.8        1.61135        1.23157       0.575808     -0.0183067      0.0432651        4.05446        1.83234        1.07423        0.60415     0.00662664
31        1.56106        1.25369       0.587702     -0.0292934      0.0475476        4.05678        1.85964        1.04071        0.62665     0.00942819
31.2         1.4744        1.39681       0.545721     -0.0293314      0.0468924        4.05749        1.96009       0.982931       0.613038     0.00996765
31.4        1.49386        1.21996       0.609096     -0.0120576       0.044026        4.05508        1.86102       0.995904       0.689583      0.0106186
31.6         1.5923        1.33933       0.584159     -0.0121166      0.0444683        4.05602        1.95584        1.06153       0.502745     0.00513496
31.8        1.50395          1.316       0.618103    -0.00794571      0.0475105        4.05783        1.97367        1.00263       0.579022      0.0011934
32        1.47412        1.24334       0.670362    -0.00738357      0.0457719        4.05639        1.95209       0.982749        0.62575     0.00442483
32.2           1.52         1.2453       0.521763    -0.00231043      0.0432176         4.0537        1.80797        1.01333       0.721571     0.00415712
32.4        1.47507          1.288       0.522226    -0.00845891       0.044763        4.05484        1.84653       0.983377       0.724445     0.00879719
32.6        1.44882        1.21218       0.534247     -0.0068129      0.0433736        4.05332        1.78299       0.965881       0.819972     0.00153471
32.8        1.49753        1.21261       0.566668     -0.0107069      0.0435366        4.05416        1.81211       0.998352       0.733231      0.0112947
33        1.43612        1.27551       0.583575     -0.0181811      0.0429168        4.05491        1.88382       0.957414       0.730971     0.00399528
33.2        1.58388        1.20516       0.558832     -0.0182103       0.047541        4.05603        1.79332        1.05592       0.669569      0.0092685
33.4        1.51903        1.21354       0.581094     -0.0100235      0.0466347        4.05633        1.83124        1.01269       0.701678      0.0043763
33.6        1.56991        1.23037       0.590156    -0.00645782       0.048357         4.0567        1.86243        1.04661       0.618284     0.00606966
33.8        1.47588        1.29069       0.573894     -0.0141312      0.0455276        4.05593        1.89598       0.983922       0.681634     0.00244058
34        1.38879        1.25629       0.573045     -0.0116438      0.0469764          4.056        1.86467       0.925857       0.800789      0.0017545
34.2        1.40339         1.2306       0.538782     -0.0197124      0.0454996        4.05394        1.79517       0.935591       0.847054     0.00832725
34.4        1.42428        1.22679       0.607448     -0.0195979      0.0447278        4.05479        1.85936       0.949522       0.764818     0.00632694
34.6        1.39862        1.26573       0.589872      -0.034462       0.048419        4.05698        1.86956       0.932416       0.783196     0.00560538
34.8        1.52385         1.2598        0.55668      -0.027282      0.0472566        4.05575        1.83646         1.0159       0.691597     0.00384733
35        1.43745        1.27986       0.602402    -0.00993371      0.0446963        4.05571        1.91703         0.9583       0.699491     0.00173761
35.2         1.4747        1.20446       0.602884    -0.00536308      0.0413373        4.05264        1.84332       0.983132       0.730319     0.00430471
35.4        1.47229          1.255       0.544468     -0.0145358      0.0466803        4.05596        1.83162       0.981529       0.745548     0.00649666
35.6        1.59698        1.22624       0.557615    -0.00697364       0.047835        4.05569        1.82472        1.06465       0.631567     0.00242525
35.8        1.59103        1.30214       0.535246    -0.00295152       0.045213        4.05496        1.87965        1.06069       0.576265     0.00801657
36        1.52889        1.33791        0.57487     -0.0112932      0.0437622        4.05697        1.94525        1.01926       0.579043     0.00378927
36.2        1.42235        1.24556       0.537743     -0.0129578      0.0437704        4.05408        1.81411       0.948232        0.81049      0.0071302
36.4        1.51739        1.23623       0.572904     -0.0172891      0.0488208        4.05705        1.84067        1.01159       0.676142      0.0228498
36.6        1.46135        1.36734       0.521209    -0.00563279      0.0452475        4.05606        1.92817       0.974232       0.659684     0.00686251
36.8        1.49673        1.26649       0.582203     -0.0257153      0.0482168        4.05698         1.8712        0.99782       0.680825     0.00823038
37        1.55454        1.35292       0.504942     -0.0272295      0.0467078        4.05601        1.87734        1.03636       0.621904     0.00222894
37.2        1.44907        1.30063       0.623172     -0.0472969      0.0480651        4.05802        1.92457       0.966048       0.681036     0.00333934
37.4        1.53359        1.27674       0.624345     -0.0452169      0.0435975         4.0558        1.89947        1.02239       0.615047     0.00769869
37.6        1.54526         1.3358       0.567517     -0.0356715      0.0472646        4.05803        1.91491        1.03017       0.594414     0.00344819
37.8        1.56389        1.14737       0.510346     -0.0801423      0.0514077        4.05546        1.62898        1.04259       0.857388     0.00520259
38        1.45049        1.10783       0.535697     -0.0878883      0.0520585         4.0563        1.60769       0.966993        0.99578     0.00233554
38.2        1.45322        1.21657       0.525139     -0.0867447      0.0501841        4.05648        1.70515        0.96881       0.890572     0.00754311
38.4        1.51301         1.1443       0.542091     -0.0719669       0.049654        4.05499        1.66408        1.00867       0.876251     0.00164202
38.6        1.40979        1.20909       0.586804     -0.0955868       0.050803        4.05842        1.75111       0.939859       0.890645     0.00687279
38.8        1.55462        1.24705       0.544328     -0.0804926      0.0508892        4.05801        1.76178        1.03642       0.731332      0.0102771
39        1.45087         1.2775       0.640443      -0.076631      0.0486307        4.05866        1.88994       0.967249       0.716686     0.00116109
39.2        1.47621        1.33286       0.562863      -0.104896       0.051673        4.05925         1.8425       0.984139       0.739371     0.00116977
39.4         1.6106         1.2235       0.585423      -0.114851      0.0558531        4.05997        1.74993        1.07373       0.698969    0.000473912
39.6          1.474        1.24291       0.624982      -0.125489       0.056313        4.06084        1.79872       0.982664       0.782788     0.00533775
39.8        1.45754        1.35022       0.575168      -0.122603       0.052178        4.05972        1.85497       0.971691       0.741303     0.00591714
40        1.58262        1.36998        0.55843      -0.118198      0.0503837        4.05919        1.86059        1.05508       0.610719     0.00526305
40.2        1.47799        1.36735       0.564084      -0.165714      0.0543518        4.06089        1.82007       0.985329        0.75471     0.00811955
40.4        1.51844        1.29008       0.608077      -0.149427      0.0558522         4.0603        1.80458        1.01229       0.730555     0.00672662
40.6        1.50638        1.30494       0.640656      -0.132465      0.0528614        4.06023          1.866        1.00425       0.685545     0.00231306
40.8        1.63071        1.30297       0.547253       -0.15963      0.0556388        4.06023        1.74623        1.08714       0.679894     0.00339157
41        1.50758        1.33772       0.628714      -0.152801      0.0540299        4.06034        1.86766        1.00505       0.679506     0.00558879
41.2        1.52211        1.32924       0.545928      -0.137793      0.0568615        4.06134        1.79424        1.01474       0.744719    0.000262153
41.4        1.56386        1.27511       0.516208      -0.143459      0.0532773        4.05779        1.70113        1.04257       0.791202     0.00159142
41.6        1.58043        1.31538       0.562747      -0.145617      0.0540677        4.06047        1.78657        1.05362       0.685498      0.0079647
41.8        1.52212        1.30614        0.52056      -0.143956      0.0539938        4.05884        1.73674        1.01475       0.783511      0.0164658
42        1.45603        1.26847       0.602013      -0.154654      0.0564612        4.06084        1.77229       0.970685       0.824467        0.00806
42.2        1.45474        1.24355       0.599314      -0.151433      0.0583812        4.06185        1.74981       0.969827       0.850443     0.00686048
42.4        1.45686        1.26611       0.604998      -0.140434      0.0549928        4.06066        1.78566       0.971242       0.810919     0.00721511
42.6        1.45355         1.2342       0.568685      -0.164977      0.0579567        4.06072        1.69587       0.969031       0.908754      0.0025537
42.8        1.49864        1.26829       0.563407      -0.137763      0.0551337         4.0602        1.74907       0.999092       0.809293     0.00320078
43        1.42287        1.22253       0.621487      -0.143236       0.055471        4.05997        1.75625       0.948577       0.878035      0.0028158
43.2        1.50413        1.23718       0.587598      -0.161283      0.0542785        4.05884        1.71778        1.00275       0.835245     0.00168233
43.4        1.41707        1.30557       0.565222      -0.143285      0.0568687        4.06074        1.78437       0.944713       0.853717     0.00558504
43.6        1.42263        1.27247        0.59128      -0.114516      0.0519191        4.05827        1.80116       0.948422       0.831573     0.00290811
43.8        1.44379        1.25957       0.582515      -0.143204      0.0537297        4.05894        1.75261       0.962528       0.858785     0.00374987
44        1.34801        1.26419       0.560061      -0.154094      0.0545135         4.0597        1.72467       0.898675       0.983529     0.00348341
44.2         1.2621        1.32942        0.56298      -0.158165      0.0544949        4.06004        1.78873       0.841397       0.998989      0.0102305
44.4        1.38522        1.27046       0.557734      -0.148078      0.0539898        4.05912         1.7341       0.923479       0.930506     0.00929032
44.6        1.44856        1.22026       0.526866      -0.133211      0.0546032        4.05839        1.66851       0.965706       0.937987     0.00333414
44.8        1.56614        1.24654       0.488409      -0.123063       0.054041        4.05806        1.66593         1.0441       0.814063      0.0119254
45        1.48963         1.2624       0.503296      -0.155958      0.0540421        4.05889        1.66378       0.993089       0.894369      0.0111153
45.2         1.4712        1.27455       0.591391      -0.151564      0.0596629        4.06278        1.77404       0.980802       0.815635     0.00190279
45.4        1.45303        1.25286       0.558004      -0.156824       0.053049        4.05887        1.70709       0.968689       0.891305       0.007443
45.6        1.57822         1.2471       0.571363      -0.126908      0.0512529        4.05786        1.74281        1.05214       0.722669      0.0141601
45.8        1.40586        1.25396       0.572305      -0.160111      0.0550082        4.05964        1.72116       0.937238       0.921694       0.010933
46        1.47449        1.38666        0.54016      -0.193838      0.0599857         4.0638        1.79297        0.98299       0.789208     0.00714178
46.2        1.44175        1.25519       0.543768      -0.229471      0.0589725         4.0618        1.62846       0.961167       0.976506      0.0150824
46.4        1.48007        1.24541       0.552274      -0.194809      0.0572675        4.06023        1.66014       0.986711       0.914643     0.00537918
46.6         1.5998        1.32196       0.612246      -0.209509      0.0562614        4.06226        1.78096        1.06653       0.670871      0.0106404
46.8        1.63551        1.33686       0.591348      -0.237161      0.0597002        4.06324        1.75075        1.09034       0.675455     0.00152079
47        1.64076        1.35146       0.575944      -0.258994      0.0642997        4.06554        1.73271        1.09384       0.681054      0.0110186
47.2        1.48734        1.35445       0.581524      -0.255146      0.0622203        4.06404        1.74305       0.991558       0.829803     0.00384801
47.4         1.5499        1.28909       0.568764      -0.266407      0.0593858        4.06223        1.65084        1.03327       0.859666     0.00183415
47.6        1.52531        1.31582       0.540034       -0.23445      0.0587674        4.06284        1.68017        1.01687       0.852846     0.00451175
47.8        1.44774        1.33156       0.534275      -0.250983      0.0580609         4.0618        1.67291       0.965161       0.931743     0.00940309
48        1.45099        1.27523        0.55878      -0.257161      0.0553962          4.059        1.63225       0.967326       0.968348     0.00741562
48.2        1.50649        1.29642       0.567286      -0.231623      0.0578646         4.0623        1.68994        1.00433       0.862641     0.00322458
48.4        1.37248        1.26651       0.597403      -0.239897      0.0575475        4.06184        1.68156        0.91499       0.992876      0.0149161
48.6        1.48847        1.32638        0.57959      -0.268839       0.058757        4.06201        1.69589       0.992312       0.875878     0.00177014
48.8        1.59458        1.34213        0.53033      -0.258941      0.0597173         4.0618        1.67323        1.06305       0.786949      0.0070362
49        1.48951        1.39231       0.620985      -0.222575      0.0609338         4.0656        1.85166        0.99301       0.722363     0.00206395
49.2        1.56093        1.30201       0.598881      -0.263616      0.0612252        4.06342         1.6985        1.04062       0.794116     0.00987533
49.4        1.61686         1.3162       0.610756      -0.248328      0.0608093        4.06395        1.73944        1.07791       0.702793     0.00486023
49.6        1.60831        1.35132       0.547544      -0.267102       0.060675        4.06268        1.69244        1.07221       0.754403     0.00752327
49.8         1.5183        1.26479       0.603936      -0.271541      0.0617355        4.06285        1.65892         1.0122       0.882225     0.00340878
50        1.46846        1.22821       0.601783      -0.255553       0.061388        4.06314        1.63583       0.978971       0.948221      0.0106372
50.2        1.55739        1.40314       0.550169      -0.271484      0.0598317        4.06324        1.74166        1.03826       0.758766     0.00542429
50.4        1.52536        1.35461       0.558616      -0.310559      0.0666569        4.06661        1.66932         1.0169       0.867038      0.0048926
50.6         1.5358        1.41081       0.559734      -0.313118      0.0635483        4.06508        1.72097        1.02387       0.797086      0.0112188
50.8         1.5626        1.34216       0.570094      -0.299704      0.0632481        4.06427        1.67579        1.04174       0.820316     0.00555546
51        1.53947        1.28297       0.628649      -0.335604      0.0599952        4.06271        1.63601        1.02631       0.881706     0.00553183
51.2        1.55992         1.3288       0.536586      -0.320881      0.0642435        4.06477        1.60875        1.03995        0.89177     0.00431969
51.4        1.53247        1.39331       0.519154      -0.363917      0.0647875        4.06607        1.61334        1.02165       0.910555     0.00971038
51.6        1.33705        1.36876       0.562968      -0.376497       0.063354        4.06484        1.61859       0.891367        1.09609      0.0131063
51.8         1.4883        1.31534       0.599871      -0.371868      0.0709027        4.06866        1.61425       0.992202       0.963204     0.00290887
52        1.47173        1.29419       0.556963       -0.35155      0.0710763        4.06653        1.57068       0.981153          1.015     0.00911181
52.2        1.63555        1.32169       0.599525       -0.37427      0.0675482        4.06636         1.6145        1.09037       0.813721     0.00259273
52.4         1.4641        1.31116       0.623215      -0.358379      0.0674041        4.06621         1.6434       0.976069       0.954751     0.00395623
52.6        1.55351        1.29574       0.540296      -0.376408      0.0684584        4.06551        1.52809        1.03567       0.982021     0.00189484
52.8        1.45058        1.29095       0.510512      -0.383434      0.0632939        4.06233        1.48132       0.967054        1.12313     0.00729148
53        1.49576        1.33491       0.551442      -0.361938      0.0653899        4.06446         1.5898       0.997173       0.969915       0.008981
53.2        1.59386        1.31345       0.500947      -0.390006       0.067663        4.06473        1.49206        1.06257       0.968742      0.0100729
53.4        1.41384        1.33223       0.588278      -0.374382      0.0680247        4.06662        1.61415       0.942559        1.03579     0.00284841
53.6        1.44537        1.32526       0.496793      -0.419681      0.0705695        4.06572        1.47294       0.963578        1.13991     0.00750678
53.8        1.48403        1.23931       0.567651      -0.394995      0.0690246        4.06519        1.48099       0.989355        1.09201     0.00815278
54        1.44415        1.33734       0.576446      -0.371589      0.0710744        4.06826        1.61327       0.962768        1.00732     0.00351182
54.2        1.57794          1.305       0.512164      -0.401241      0.0722265        4.06736        1.48815        1.05196       0.995286     0.00597661
54.4        1.51975        1.29335       0.607045      -0.404381      0.0746501        4.06787        1.57067        1.01316       0.970433      0.0070214
54.6        1.52812        1.33895         0.5677      -0.414496      0.0733926        4.06831        1.56555        1.01875       0.971626     0.00301789
54.8        1.50891        1.35027       0.536575      -0.395412      0.0716758        4.06738         1.5631        1.00594        0.99352     0.00184366
55        1.57873        1.31173       0.524546      -0.415148      0.0691541        4.06467        1.49028        1.05249       0.993887     0.00176833
55.2        1.55504        1.30175       0.561002      -0.422122      0.0752724        4.06785        1.51591        1.03669       0.995167     0.00173925
55.4        1.53368        1.37597        0.56526       -0.38709      0.0728474        4.06909        1.62699        1.02245       0.904159     0.00426326
55.6        1.56271        1.31536       0.579362      -0.406849      0.0721995        4.06814        1.56007        1.04181       0.943382     0.00197546
55.8        1.46752        1.25187       0.560844      -0.469702       0.076411        4.06763        1.41942       0.978347        1.17121     0.00948818
56        1.49799        1.26474       0.490718      -0.494628      0.0787328        4.06863        1.33956       0.998663        1.22886     0.00221759
56.2        1.38431        1.24254       0.534567      -0.463751      0.0760066        4.06791        1.38936       0.922876        1.28846     0.00577061
56.4        1.53801        1.27979       0.587379      -0.482098      0.0730637        4.06751        1.45814        1.02534        1.06395     0.00741315
56.6        1.48836        1.33207       0.539656      -0.452398      0.0712576        4.06675        1.49059       0.992238        1.08295     0.00485302
56.8        1.54034        1.33768       0.573807       -0.47029      0.0789669         4.0714        1.52017         1.0269        1.00606     0.00482812
57        1.57716        1.30904       0.547812      -0.464677      0.0765313        4.07005        1.46871        1.05144        1.02165     0.00252593
57.2        1.51257         1.3464       0.524336      -0.500042      0.0728942        4.06673        1.44359        1.00838         1.1063      0.0042661
57.4        1.43396        1.31246       0.596697      -0.502715      0.0788213        4.06959        1.48526       0.955974        1.14705     0.00332392
57.6        1.58069        1.25334       0.593182      -0.507948      0.0784919        4.06924        1.41707         1.0538         1.0549        0.01658
57.8        1.60912        1.41362       0.561286      -0.405361      0.0692654        4.06739        1.63881        1.07275       0.818021     0.00143508
58        1.31829        1.36038       0.573582      -0.464462      0.0745886        4.06944        1.54409        0.87886        1.20317     0.00389024
58.2        1.32971        1.27025       0.538406      -0.492582      0.0798533        4.07042        1.39592       0.886477        1.34302     0.00176904
58.4        1.39965        1.39019       0.579083      -0.477764      0.0744186        4.07001        1.56593       0.933098        1.09889     0.00555031
58.6        1.46647        1.34734       0.517267      -0.435918      0.0706939        4.06707        1.49938       0.977646        1.09954     0.00168433
58.8        1.57818        1.24973       0.572829      -0.460274      0.0805692        4.07172        1.44286        1.05212        1.03696      0.0137292
59        1.48547        1.26614       0.573564      -0.457825      0.0782984         4.0694        1.46018       0.990314        1.11637     0.00737069
59.2         1.4651        1.25543       0.578468      -0.455637      0.0742009        4.06869        1.45246       0.976733        1.14818     0.00295296
59.4        1.42717        1.41466       0.591662      -0.472493      0.0743475        4.07055        1.60818        0.95145        1.02022      0.0149776
59.6        1.49588        1.34734        0.57633      -0.488454      0.0833212        4.07316        1.51854       0.997253         1.0568     0.00193862
59.8        1.57235        1.23887       0.576798      -0.473834      0.0756534        4.06893        1.41749        1.04824        1.07611     0.00297962
60        1.40661        1.37729        0.52438      -0.466239      0.0711916        4.06847        1.50662       0.937738        1.15181     0.00342599
60.2        1.41184        1.30884       0.578711      -0.470062       0.074463        4.06977        1.49195       0.941228        1.15987     0.00610788
60.4        1.47971        1.36642       0.554957      -0.494929      0.0811186        4.07344        1.50757       0.986472        1.07996      0.0061989
60.6        1.53523        1.33061       0.488238      -0.495519      0.0754614        4.06939        1.39879        1.02349        1.13119       0.004177
60.8        1.51056        1.32992       0.618969      -0.454368      0.0783619         4.0731        1.57288        1.00704       0.986209     0.00345293
61        1.67552        1.39248       0.527426      -0.474506      0.0783746        4.07213        1.52378        1.11702       0.865619     0.00721316
61.2        1.67218        1.33034       0.641799      -0.469125      0.0725342        4.07066        1.57554        1.11478       0.818719     0.00422197
61.4        1.62796        1.40999       0.526726      -0.449142       0.065624        4.06627         1.5532        1.08531        0.88026     0.00484827
61.6        1.53391        1.31294       0.620374      -0.386992      0.0711182         4.0692        1.61744        1.02261       0.913173     0.00467469
61.8        1.52021        1.32855       0.606384      -0.413556      0.0712231        4.06973         1.5926        1.01347       0.948137       0.008782
62        1.49954        1.27372       0.525526      -0.399009       0.072345        4.06822        1.47259        0.99969        1.09386     0.00223573
62.2        1.45938        1.28521       0.594674      -0.413057      0.0691742        4.06737          1.536       0.972918        1.05911      0.0128856
62.4        1.51586        1.34672       0.550777      -0.410585      0.0728173        4.06985        1.55973        1.01057       0.987479     0.00678284
62.6        1.45701        1.26179       0.567184      -0.426331      0.0705033        4.06809        1.47315       0.971338        1.13693      0.0010101
62.8        1.49346         1.3568       0.567223      -0.439393      0.0741589        4.07115        1.55878       0.995641        1.00838      0.0105271
63        1.51215        1.33776        0.60339      -0.428984      0.0698671         4.0677        1.58203         1.0081       0.970069     0.00344568
63.2        1.43446         1.3314       0.601118      -0.394848      0.0708288        4.06918         1.6085       0.956309        1.01563      0.0105826
63.4        1.56998        1.42277       0.598432      -0.462891       0.069898        4.06926         1.6282        1.04665       0.869587     0.00148713
63.6        1.44907         1.4109       0.527847      -0.514293        0.07734        4.07185         1.5018       0.966045        1.11586     0.00512161
63.8         1.5325        1.34027       0.560043      -0.469256      0.0745041        4.06935        1.50556        1.02167        1.02394     0.00734878
64        1.56432        1.23639       0.626666      -0.521985       0.078109         4.0704        1.41918        1.04288        1.07289      0.0140005
64.2        1.53065          1.413       0.576804      -0.508917       0.074912        4.07067         1.5558        1.02043       0.979755     0.00446816
64.4        1.55651        1.30358       0.518836      -0.528638      0.0791514        4.07017        1.37293        1.03767        1.12686      0.0138691
64.6        1.43744        1.25838       0.582395      -0.464797      0.0756035        4.06855        1.45158       0.958293        1.17515     0.00438147
64.8        1.55847        1.19826       0.546276      -0.451165      0.0739741        4.06747        1.36735        1.03898        1.13936     0.00228593
65        1.45802         1.4161       0.543172      -0.499531      0.0748114        4.07036        1.53456       0.972011        1.07327      0.0045207
65.2         1.5924        1.41926       0.602327      -0.483026      0.0755354        4.07088        1.61409         1.0616       0.860884     0.00350263
65.4        1.50711        1.46199       0.599792      -0.446062      0.0715596        4.07071        1.68728        1.00474       0.868836     0.00748577
65.6        1.50546        1.34033        0.60558      -0.484571      0.0712567        4.06906        1.53259        1.00364         1.0243     0.00671256
65.8        1.56139        1.39341       0.581006      -0.483169      0.0722605        4.06992        1.56351        1.04093       0.944653    0.000366142
66        1.67142        1.29221       0.614794        -0.4752      0.0698042        4.06812        1.50161        1.11428       0.882248      0.0128471
66.2        1.60914        1.35219       0.594946      -0.493175      0.0691282        4.06814        1.52309        1.07276       0.928797     0.00711354
66.4        1.69008        1.25572        0.57157       -0.49044      0.0744829        4.06837        1.41133        1.12672       0.964721     0.00223394
66.6        1.50366        1.28102       0.632587      -0.422914      0.0720609        4.07015        1.56275        1.00244       0.998912     0.00482479
66.8        1.47611        1.34393       0.596321      -0.462207      0.0709361        4.06921        1.54898        0.98407         1.0402     0.00391224
67        1.56238        1.40251       0.564408        -0.4741      0.0707207        4.06983        1.56354        1.04158       0.942478      0.0014377
67.2        1.66903        1.29081       0.585506      -0.477395      0.0750552        4.06996        1.47398        1.11269       0.921985     0.00496825
67.4        1.60238        1.45597        0.58857      -0.481385      0.0716148        4.07082        1.63477        1.06825       0.828731     0.00494384
67.6        1.29875         1.3866        0.54913      -0.490796      0.0782934        4.07384        1.52322        0.86583        1.25038     0.00148963
67.8        1.48402        1.38589       0.638741      -0.474049       0.078525        4.07431        1.62911       0.989344       0.952749     0.00843744
68         1.5299        1.29453       0.595771      -0.488833      0.0733889        4.06918        1.47485        1.01993        1.05377      0.0106572
68.2        1.54196        1.34607       0.525097      -0.434138      0.0701622        4.06821        1.50719        1.02797        1.01735     0.00170876
68.4        1.54035        1.35891       0.547429      -0.485196      0.0747392        4.07101        1.49588         1.0269        1.02573     0.00905944
68.6        1.48612        1.31738        0.59466      -0.490269      0.0753868        4.07046        1.49716       0.990748        1.08383     0.00334993
68.8        1.47316        1.29642       0.560169       -0.47689       0.073033        4.06888        1.45274       0.982104        1.13939     0.00360586
69         1.4522        1.29601       0.532285      -0.464906      0.0749053        4.06908        1.43829       0.968134        1.17248     0.00609597
69.2        1.46621        1.38134       0.594836      -0.451521      0.0715742        4.06974        1.59623       0.977472        1.00089     0.00641062
69.4        1.52385        1.32515       0.576591      -0.471198      0.0742297        4.07103        1.50477         1.0159        1.03913     0.00327762
69.6        1.49543        1.34717       0.578026      -0.445371      0.0690029        4.06831        1.54883       0.996951        1.01928     0.00477883
69.8        1.48905        1.29654       0.583405      -0.461084      0.0675016        4.06689        1.48636       0.992701        1.08697     0.00450253
70         1.4405        1.29262       0.586817      -0.479795      0.0724645          4.069        1.47211       0.960333        1.15533     0.00105582
70.2         1.5099         1.3476       0.556529      -0.478792      0.0714837        4.06869        1.49682         1.0066        1.05821     0.00375651
70.4        1.47437        1.27577       0.559802      -0.485065      0.0703195        4.06791        1.42083       0.982912         1.1685     0.00421372
70.6        1.61201        1.28279       0.559689        -0.5206      0.0770373        4.06979        1.39892        1.07467        1.05701     0.00185212
70.8        1.42335        1.30718       0.549922      -0.491742      0.0771051        4.07044        1.44246         0.9489        1.19786     0.00676748
71        1.39738        1.37649       0.517936      -0.539358      0.0763737        4.07063        1.43144       0.931589        1.23307     0.00873167
71.2         1.5433        1.24904       0.595179      -0.502836      0.0761793        4.06917        1.41756        1.02887        1.10578     0.00253902
71.4          1.431        1.40657       0.495261      -0.497307      0.0728303        4.06836        1.47735       0.953999        1.15874      0.0012757
71.6        1.40891        1.28397       0.646143      -0.524493      0.0774625        4.07177        1.48309       0.939271        1.17856     0.00122142
71.8        1.40984        1.36343       0.552211      -0.503428      0.0763229        4.07105        1.48853       0.939897        1.16582     0.00684926
72         1.4496        1.43978       0.506724      -0.502251      0.0768471        4.07118         1.5211       0.966399        1.09848     0.00199773
72.2        1.51868        1.41483       0.563142      -0.488771      0.0712231        4.07018        1.56043        1.01246        0.97511      0.0159601
72.4        1.51609        1.36163       0.583252      -0.479997      0.0760291        4.07136        1.54092        1.01072        1.00698     0.00737156
72.6        1.57136        1.24229       0.588713      -0.471455      0.0741082        4.06893        1.43366        1.04757        1.05988     0.00403518
72.8        1.48031        1.23896       0.538202      -0.502422      0.0761577        4.06881        1.35089       0.986873        1.23497     0.00263827
73        1.48567        1.31817       0.538148      -0.480622      0.0740213        4.06939        1.44972       0.990447        1.12711     0.00690063
73.2        1.59248        1.27602       0.534071      -0.516865      0.0763411        4.06863        1.36957        1.06165        1.09922     0.00736183
73.4        1.53209        1.26113       0.614427      -0.454637      0.0712865        4.06872         1.4922        1.02139        1.03914     0.00529275
73.6        1.48423        1.34013       0.595019      -0.437534      0.0704027        4.06813        1.56802       0.989487        1.01163     0.00425438
73.8        1.49525         1.4566       0.544429      -0.459403      0.0677829        4.06665        1.60941       0.996833       0.945997      0.0159972
74        1.59694        1.24756       0.575197      -0.460142      0.0720024        4.06644        1.43462        1.06463        1.02499     0.00988636
74.2        1.66099        1.28159       0.543345       -0.43667      0.0723272        4.06731        1.46059        1.10733       0.944213     0.00151226
74.4        1.58619        1.29164       0.534087      -0.457133      0.0737246        4.06778        1.44232        1.05746        1.03742     0.00185298
74.6        1.54166        1.44153        0.53669      -0.462127      0.0733083        4.06927         1.5894        1.02778       0.933817     0.00439038
74.8        1.68581        1.23841       0.565589      -0.472364      0.0728974        4.06742        1.40453        1.12388       0.973608     0.00346426
75        1.57094        1.33708       0.579829      -0.451602      0.0714164        4.06817        1.53672        1.04729        0.95501     0.00550665
75.2        1.59198        1.31931       0.601263      -0.492421      0.0730127         4.0681        1.50116        1.06132       0.972616     0.00234629
75.4        1.51356        1.39179       0.586478      -0.456093      0.0740269        4.07022         1.5962        1.00904        0.95696      0.0035087
75.6        1.54249        1.36145       0.550733      -0.465648      0.0725272        4.06776        1.51907        1.02832        1.00154     0.00466893
75.8        1.51763        1.36451       0.538673      -0.495839      0.0693529        4.06745        1.47669        1.01176        1.06767     0.00545764
76        1.42845        1.24575       0.601349      -0.482573      0.0830505        4.07369        1.44757       0.952302        1.19197     0.00568701
76.2        1.54395        1.38908       0.573547      -0.515243      0.0795978        4.07197        1.52698         1.0293       0.988957      0.0120902
76.4        1.50649        1.38925       0.561601      -0.481561      0.0742915        4.06971        1.54358        1.00433        1.01651     0.00313365
76.6        1.49025        1.36768       0.501649      -0.521006      0.0742684        4.06869        1.42259         0.9935        1.14191      0.0139349
76.8        1.40898        1.20503       0.591397      -0.490632      0.0742128        4.06847        1.38001       0.939321        1.27478     0.00470892
77        1.43422        1.34365       0.547979      -0.486815      0.0765582        4.07001        1.48137       0.956147        1.14313      0.0112917
77.2        1.48883        1.39578       0.577623      -0.508723      0.0705122        4.06823        1.53519       0.992556        1.03601     0.00819425
77.4        1.41929        1.46407       0.605384        -0.4631      0.0731359        4.07115        1.67949       0.946192       0.959315      0.0130658
77.6        1.52534        1.39222       0.602168      -0.427275      0.0725952        4.07036        1.63971        1.01689       0.884664      0.0206535
77.8        1.60839        1.43389       0.575677       -0.46923      0.0709142        4.06986        1.61125        1.07226        0.84597     0.00425628
78        1.47582        1.37789       0.549084      -0.463405      0.0729227        4.06885        1.53649       0.983878        1.05085     0.00569732
78.2        1.51576        1.29631       0.573455      -0.444022      0.0724333        4.06891        1.49818         1.0105         1.0475     0.00747942
78.4        1.41237        1.38785        0.56729       -0.47091      0.0718849        4.06854        1.55611       0.941578        1.09702     0.00303679
78.6        1.52669         1.3194       0.530647      -0.499377      0.0732719        4.06793        1.42394        1.01779        1.11012     0.00718698
78.8        1.41436        1.37624       0.569118      -0.457833      0.0738975        4.06988        1.56142       0.942907         1.0915     0.00259237
79        1.52999        1.32416       0.545644      -0.527742      0.0757821        4.06938        1.41785        1.01999        1.10825      0.0132958
79.2        1.53196        1.26341       0.582393      -0.478676      0.0750146        4.06932        1.44214        1.02131        1.09226     0.00296357
79.4        1.57363        1.30054       0.593092      -0.504127       0.079288         4.0714        1.46879        1.04909         1.0205      0.0084794
79.6        1.54248        1.38973       0.488405      -0.497933      0.0721702         4.0678        1.45237        1.02832        1.05997      0.0129776
79.8        1.38576        1.32572        0.58779      -0.539948      0.0790286        4.07152        1.45259       0.923841        1.23266     0.00051724
80        1.41099         1.3249       0.561896      -0.449806      0.0721253        4.06907        1.50912       0.940658        1.14369     0.00528341
80.2        1.54277        1.28145       0.534353      -0.490442      0.0719814        4.06685        1.39735        1.02851        1.12207     0.00466124
80.4        1.49858        1.27394       0.524212      -0.440884      0.0696427        4.06629        1.42691       0.999055        1.13183       0.008974
80.6        1.57609        1.28578       0.524128      -0.432778       0.064789        4.06328        1.44192        1.05073        1.04204     0.00322715
80.8         1.4548        1.35554        0.53215      -0.482897      0.0771538        4.07045        1.48195       0.969866        1.13162      0.0020858
81        1.44769        1.37588       0.570114      -0.493075      0.0847562        4.07476        1.53767       0.965128        1.08321     0.00618445
81.2        1.54008        1.37354       0.568948      -0.492517      0.0804709        4.07282        1.53044        1.02672        0.99882     0.00346811
81.4        1.52251        1.36374       0.561217      -0.500415      0.0779815        4.07193        1.50252        1.01501        1.04468     0.00222112
81.6        1.38296        1.39617       0.531213      -0.477025      0.0722747        4.06794        1.52263       0.921973        1.15628     0.00607405
81.8        1.45155        1.28064       0.586054      -0.438421      0.0719549         4.0684        1.50023       0.967702         1.1093     0.00732763
82        1.51842        1.33359       0.476991      -0.476378      0.0678105        4.06499        1.40201        1.01228        1.13999     0.00457277
82.2        1.40608          1.248       0.548234        -0.4828      0.0688836         4.0649        1.38232       0.937384        1.27002     0.00648541
82.4        1.34555        1.23263       0.584351      -0.450796      0.0724048        4.06783        1.43859       0.897033        1.27249      0.0112084
82.6        1.39684        1.35747       0.574428      -0.477116      0.0722663         4.0676        1.52705        0.93123        1.13873     0.00498069
82.8         1.4919        1.40991       0.546708      -0.472936      0.0726712        4.06916        1.55635       0.994602        1.00049      0.0204141
83        1.56658        1.30554       0.585662      -0.461602      0.0719859        4.06821        1.50158        1.04439       0.994754     0.00529828
83.2        1.40118        1.33411       0.571173      -0.409656      0.0692292        4.06718        1.56486       0.934119        1.09524     0.00589862
83.4        1.46735         1.3086       0.553013      -0.447422      0.0725621        4.06853        1.48676       0.978233        1.10625      0.0081677
83.6        1.48277        1.28672       0.547493      -0.436276      0.0651206        4.06445        1.46306       0.988513        1.10485      0.0137734
83.8        1.45547        1.26038        0.55205       -0.47339      0.0730121        4.06908        1.41206       0.970311        1.19877     0.00278799
84        1.41126        1.25151       0.557614      -0.460656      0.0762565        4.06961        1.42472       0.940839        1.22119      0.0124419
84.2         1.5478        1.43476       0.533296      -0.489124      0.0756477        4.07159        1.55458        1.03187       0.962156      0.0070518
84.4        1.47864        1.34079        0.55236      -0.494341      0.0751624        4.06954        1.47397        0.98576         1.1131     0.00382395
84.6        1.43119        1.29377       0.598365      -0.482729      0.0761482        4.07044        1.48555       0.954128        1.15051     0.00317731
84.8        1.49678        1.37167       0.491881      -0.487098      0.0732127        4.06871        1.44966       0.997857        1.11502     0.00723854
85        1.41342        1.34056       0.577743      -0.422983      0.0708275        4.06863        1.56615       0.942281        1.08096     0.00809496
85.2        1.43045        1.35503       0.590111      -0.465073      0.0698211        4.06754        1.54989       0.953635        1.08674    0.000457784
85.4        1.52991        1.23934       0.568219      -0.418733      0.0706554        4.06642        1.45948        1.01994         1.0696     0.00743038
85.6        1.53968        1.17206        0.59322       -0.44686      0.0752518        4.06772        1.39367        1.02645        1.13292     0.00144435
85.8        1.49849        1.33878       0.530524      -0.453161      0.0728838         4.0691        1.48903       0.998995        1.07534     0.00623116
86         1.4047        1.26552       0.647707      -0.523054      0.0760127        4.06976        1.46618       0.936464        1.19588     0.00300214
86.2        1.49157        1.30868       0.528743      -0.467838      0.0728122        4.06638        1.44239        0.99438        1.12732     0.00510118
86.4        1.44465        1.31515       0.613325      -0.520028      0.0783189        4.07131        1.48676         0.9631        1.13745     0.00244276
86.6        1.48144        1.31867       0.575284      -0.480206      0.0765932        4.07017        1.49034       0.987627        1.09445     0.00393898
86.8        1.48986        1.32318       0.587327      -0.493153      0.0770221        4.07144        1.49438       0.993241        1.08422     0.00297887
87        1.55125        1.33908         0.5198      -0.455669      0.0725475        4.06861        1.47576        1.03417        1.04003     0.00156769
87.2        1.54153        1.28554       0.553332      -0.531925      0.0819703        4.07243        1.38892        1.02768        1.14044     0.00154561
87.4        1.52442        1.19274       0.616943      -0.442562      0.0768245        4.06941        1.44395        1.01628        1.09924     0.00180714
87.6        1.49859         1.3508       0.563408      -0.480872      0.0768436        4.07171        1.51018       0.999059         1.0606     0.00233837
87.8        1.53405        1.24689       0.567644      -0.458933      0.0676443        4.06459        1.42325         1.0227        1.10375     0.00354525
88         1.4741         1.4265        0.50537      -0.444759      0.0737021        4.06995        1.56082       0.982733        1.03141     0.00362705
88.2        1.51266        1.36322       0.610137      -0.465381       0.071887        4.06927        1.57987        1.00844       0.961691      0.0150483
88.4        1.52129        1.32357       0.642481      -0.447222      0.0710791        4.06999        1.58991         1.0142       0.956212     0.00257254
88.6        1.65298        1.42868       0.509678      -0.439752      0.0695749        4.06865        1.56818        1.10199       0.846585    0.000902258
88.8        1.72123        1.36292       0.615509      -0.429964      0.0726853        4.06924        1.62115        1.14749       0.724139     0.00271443
89        1.57463        1.41101       0.553659      -0.443135      0.0691274        4.06808        1.59066        1.04976       0.899379     0.00340262
89.2        1.48515        1.35563       0.578813      -0.448549      0.0737031        4.07002         1.5596       0.990098        1.02369     0.00158559
89.4         1.4105        1.41389       0.558609      -0.523555      0.0756293        4.07018        1.52458       0.940334        1.12798      0.0071203
89.6        1.40311        1.42517       0.543257      -0.550982      0.0792406        4.07365        1.49669       0.935409        1.16809     0.00576091
89.8        1.49738        1.35643       0.502658      -0.522089       0.079384        4.07045        1.41639       0.998256        1.15165     0.00502752
90        1.47638        1.44492       0.551725      -0.582437       0.079138        4.07256        1.49335       0.984256        1.09836     0.00447103
90.2        1.51901        1.37532       0.555023      -0.534121      0.0775486        4.07093        1.47377        1.01267        1.07654     0.00161258
90.4        1.54578        1.31617       0.610112      -0.474075       0.073231        4.06916        1.52544        1.03052       0.990298     0.00764588
90.6        1.54584        1.43718       0.644779      -0.569268       0.076139         4.0726        1.58883        1.03056       0.927889      0.0100458
90.8         1.5522         1.3306       0.584939      -0.588219      0.0715373        4.06693        1.39885         1.0348        1.10701      0.0088646
91        1.58513        1.34034       0.577834      -0.531858      0.0772758         4.0713        1.46359        1.05676        1.02227    0.000298636
91.2        1.51866        1.34993       0.593174      -0.515364      0.0701941        4.06799        1.49793        1.01244        1.05064    0.000757403
91.4        1.49668        1.32607       0.591243      -0.503071      0.0726968        4.06884        1.48694       0.997785        1.08345     0.00177041
91.6        1.47904        1.31231        0.62038      -0.513522      0.0746226           4.07        1.49379       0.986026        1.09339     0.00378417
91.8          1.499        1.34191       0.541681      -0.547422      0.0750008        4.06892        1.41117        0.99933        1.15258     0.00617823
92        1.47556        1.33414        0.67031      -0.544131      0.0785263        4.07194        1.53885       0.983705        1.03787      0.0196583
92.2        1.58016        1.43561       0.572363      -0.513527      0.0818115        4.07371        1.57626        1.05344       0.903876      0.0134166
92.4        1.45671        1.36154       0.604058      -0.561473      0.0822785        4.07351        1.48641       0.971141        1.12738     0.00301684
92.6        1.52829        1.36971       0.561811       -0.48128      0.0785061        4.07222        1.52875        1.01886          1.008     0.00717165
92.8        1.47815        1.42655       0.585989      -0.484653      0.0806774        4.07364        1.60856       0.985436       0.984454     0.00247623
93        1.53114        1.47402       0.612164      -0.531612      0.0784026        4.07438        1.63297        1.02076       0.904559     0.00571546
93.2        1.50167        1.22949       0.542183      -0.586362      0.0733145        4.06686        1.25862        1.00111        1.29947     0.00710329
93.4        1.43408        1.29668       0.602573      -0.582564      0.0703999        4.06587        1.38709       0.956054         1.2327      0.0119937
93.6        1.50386        1.23338       0.507149      -0.559977       0.073051        4.06552         1.2536        1.00257        1.30673     0.00133034
93.8        1.43563        1.30843       0.547846      -0.623727      0.0731905        4.06717        1.30574        0.95709         1.3196     0.00619478
94        1.33172        1.33647       0.561236      -0.596196       0.074383        4.06846        1.37589       0.887816        1.35955     0.00129768
94.2        1.42576        1.43067        0.60806      -0.539768      0.0690508        4.06874        1.56801       0.950508        1.07247     0.00250297
94.4        1.51139        1.40744       0.610638      -0.602233      0.0783714        4.07151        1.49422        1.00759        1.06401     0.00189908
94.6        1.50257        1.43245       0.564195      -0.625826      0.0745595        4.06941        1.44538        1.00172        1.11758     0.00388269
94.8        1.52515        1.42535        0.53156      -0.590533      0.0724164        4.06823        1.43879        1.01677        1.10345    0.000841876
95        1.48953        1.34961       0.515351       -0.57198      0.0720759        4.06659        1.36505       0.993021        1.20895     0.00305728
95.2         1.3862        1.39023       0.587272      -0.614701      0.0779265        4.07124        1.44073       0.924131         1.2359     0.00841666
95.4        1.56995        1.36721       0.639343      -0.596765      0.0728116        4.06834         1.4826        1.04664       0.997757      0.0180338
95.6         1.5516        1.42232       0.618942       -0.57406      0.0721507        4.06945        1.53935         1.0344       0.971964     0.00653023
95.8         1.5071        1.37624        0.63265      -0.612182      0.0763277        4.07036        1.47304        1.00473        1.08644     0.00378304
96        1.52986        1.38054       0.584891      -0.621869      0.0781608        4.07134        1.42172         1.0199        1.11465     0.00510772
96.2        1.57963        1.31858       0.638301      -0.600139      0.0761344        4.07032        1.43288        1.05309        1.04454       0.013278
96.4         1.5516        1.36687       0.549021      -0.580443      0.0769186        4.07016        1.41237         1.0344        1.10009     0.00610222
96.6        1.55838        1.40135        0.56366      -0.626825      0.0809161        4.07262         1.4191        1.03892        1.08966     0.00547819
96.8        1.64264        1.38373       0.614435       -0.60623      0.0746964        4.07032        1.46663         1.0951       0.958405     0.00264359
97        1.47794        1.48482       0.563111      -0.615111      0.0783949         4.0726        1.51122       0.985295        1.07087      0.0125713
97.2        1.49791        1.37871       0.565979      -0.613007      0.0796188         4.0709         1.4113        0.99861        1.15613     0.00555519
97.4        1.59515        1.34872       0.565222      -0.598858      0.0743252        4.06904        1.38941        1.06344        1.07642     0.00805961
97.6        1.52912        1.29073       0.572242      -0.599006      0.0731664        4.06744        1.33713        1.01941        1.19707     0.00412828
97.8        1.39725        1.41247       0.588043       -0.61249      0.0799721        4.07345          1.468         0.9315        1.20475     0.00344332
98        1.49175        1.26947       0.601264      -0.585606      0.0733952        4.06754        1.35852       0.994502        1.21243     0.00482454
98.2        1.46105         1.4053       0.537184      -0.613997      0.0749085        4.06802         1.4034       0.974034        1.19465     0.00891904
98.4         1.4902        1.36912        0.54913      -0.610133      0.0787765        4.07019         1.3869       0.993467        1.19097     0.00212788
98.6           1.47        1.33374       0.530637      -0.563581      0.0731928         4.0676        1.37399       0.980001        1.21368     0.00993473
98.8        1.41986        1.37629       0.506734      -0.615174      0.0796103        4.07152        1.34746       0.946576        1.29407      0.0101263
99        1.37316         1.3238       0.522648       -0.61995      0.0812951        4.07093        1.30779       0.915437        1.38764     0.00235205
99.2        1.29877        1.33105       0.559087      -0.575993      0.0810341        4.07131        1.39517       0.865846        1.36876     0.00861553
99.4        1.41665        1.29919       0.543551      -0.573033      0.0810813        4.07199        1.35079        0.94443        1.29047      0.0140813
99.6        1.42342        1.38467       0.570021      -0.571321      0.0800668        4.07327        1.46344       0.948949        1.17789     0.00851284
99.8         1.3865        1.44352       0.589794      -0.638016      0.0805815        4.07331        1.47588        0.92433        1.20737     0.00356957
