time        kinetic     stretching        bending             LJ electrostatics          total      potential    temperature
0        1.50103        1.26122    1.10583e-07              0     0.00767084        2.76992        1.26889        1.00069   -9.14635e-09     1.1366e-08
4        1.49552       0.476472       0.159081              0     0.00780878        2.76974       0.643362       0.997013       0.625216     0.00564395
8        1.49783        0.60429       0.273207              0     0.00728443        2.76975       0.884781       0.998551       0.385484     0.00165751
12        1.52566       0.643898       0.168455   -8.50087e-05     0.00666187        2.76974        0.81893        1.01711       0.423487     0.00165834
16        1.47822        0.53315       0.117565      -0.001308     0.00660253        2.76964        0.65601       0.985481       0.628529     0.00688398
20        1.55425       0.495615       0.330207     -0.0038047     0.00687359         2.7697       0.828891        1.03617       0.380149     0.00640875
24        1.52708       0.505188       0.202744    -0.00188619     0.00784897        2.76966       0.713894        1.01805       0.525127     0.00356119
28        1.52664       0.591552        0.16863    -0.00340133     0.00700241        2.76962       0.763783        1.01776       0.472951     0.00624208
32         1.4883        0.44595       0.233161   -0.000374341     0.00687358        2.76959        0.68561       0.992197       0.592095     0.00358647
36         1.5119       0.465146       0.246532    -0.00128092     0.00658429         2.7696       0.716981        1.00793       0.537146     0.00356896
40        1.47105       0.569501        0.18997    -0.00401236     0.00760612        2.76957       0.763065         0.9807       0.533998     0.00146034
44        1.49066       0.563119         0.2472    -0.00182312     0.00710091        2.76959       0.815597       0.993774        0.46234    0.000993891
48         1.5225       0.541922       0.274192    -0.00908438     0.00641376        2.76959       0.813444          1.015       0.433157    0.000492189
52        1.48691       0.548797        0.26552    -0.00489846     0.00728244        2.76958       0.816701       0.991271       0.465633    0.000343718
56        1.56062       0.630083       0.259719    -0.00677767     0.00743204        2.76961       0.890457        1.04041       0.317329     0.00120388
60        1.52994       0.597928       0.253058    -0.00467226     0.00714366        2.76958       0.853458        1.01996       0.385331    0.000846809
64        1.52603       0.593808       0.269923    -0.00467904     0.00706379        2.76958       0.866115        1.01736       0.376363     0.00107022
time        kinetic     stretching        bending             LJ electrostatics          total      potential    temperature
0        1.50103        1.26122    1.10583e-07              0     0.00767084        2.76992        1.26889        1.00069   -9.14635e-09     1.1366e-08
4        1.49552       0.476472       0.159081              0     0.00780878        2.76974       0.643362       0.997013       0.625216     0.00564395
8        1.49783        0.60429       0.273207              0     0.00728443        2.76975       0.884781       0.998551       0.385484     0.00165751
12        1.52566       0.643898       0.168455   -8.50087e-05     0.00666187        2.76974        0.81893        1.01711       0.423487     0.00165834
16        1.47822        0.53315       0.117565      -0.001308     0.00660253        2.76964        0.65601       0.985481       0.628529     0.00688398
20        1.55425       0.495615       0.330207     -0.0038047     0.00687359         2.7697       0.828891        1.03617       0.380149     0.00640875
24        1.52708       0.505188       0.202744    -0.00188619     0.00784897        2.76966       0.713894        1.01805       0.525127     0.00356119
28        1.52664       0.591552        0.16863    -0.00340133     0.00700241        2.76962       0.763783        1.01776       0.472951     0.00624208
32         1.4883        0.44595       0.233161   -0.000374341     0.00687358        2.76959        0.68561       0.992197       0.592095     0.00358647
36         1.5119       0.465146       0.246532    -0.00128092     0.00658429         2.7696       0.716981        1.00793       0.537146     0.00356896
40        1.47105       0.569501        0.18997    -0.00401236     0.00760612        2.76957       0.763065         0.9807       0.533998     0.00146034
44        1.49066       0.563119         0.2472    -0.00182312     0.00710091        2.76959       0.815597       0.993774        0.46234    0.000993891
48         1.5225       0.541922       0.274192    -0.00908438     0.00641376        2.76959       0.813444          1.015       0.433157    0.000492189
52        1.48691       0.548797        0.26552    -0.00489846     0.00728244        2.76958       0.816701       0.991271       0.465633    0.000343718
56        1.56062       0.630083       0.259719    -0.00677767     0.00743204        2.76961       0.890457        1.04041       0.317329     0.00120388
60        1.52994       0.597928       0.253058    -0.00467226     0.00714366        2.76958       0.853458        1.01996       0.385331    0.000846809
64        1.52603       0.593808       0.269923    -0.00467904     0.00706379        2.76958       0.866115        1.01736       0.376363     0.00107022
68        1.52836       0.575335       0.263548     -0.0019882     0.00702939        2.76957       0.843924        1.01891        0.39623     0.00105417
72        1.53162       0.591417       0.253622    -0.00219149     0.00732611        2.76956       0.850173        1.02108       0.386537     0.00122898
76        1.54154       0.601284       0.305415    -0.00835253     0.00733807        2.76957       0.905684        1.02769       0.322096     0.00025325
80        1.49894       0.575626       0.307322    -0.00452148     0.00714549        2.76956       0.885572       0.999291       0.384235    0.000814002
84        1.48784       0.601905       0.282877    -0.00311338     0.00712821        2.76957       0.888797       0.991891       0.391845     0.00108709
88        1.50935       0.628844       0.297414    -0.00533991     0.00724903        2.76957       0.928167        1.00624       0.331194    0.000858768
92        1.47179       0.626171       0.300913    -0.00701423      0.0071033        2.76957       0.927174       0.981196       0.370128    0.000469644
96        1.47784       0.618034       0.313783     -0.0115844     0.00737382        2.76957       0.927607        0.98523       0.363286    0.000830762
