time        kinetic     stretching        bending             LJ electrostatics          total      potential    temperature
0        1.55314        2.47058    7.72889e-05              0      0.0271451        4.05094         2.4978        1.03543   -1.80059e-05    1.98234e-05
0.2        1.31376        1.07099       0.221454              0      0.0418788        4.05499        1.33432       0.875837        1.28448       0.122435
0.4        1.49808       0.749927       0.458517              0      0.0445592        4.05459          1.253       0.998719        1.29146      0.0120405
0.6        1.48034       0.681853       0.436409              0      0.0441995        4.05391        1.16246       0.986892        1.40297     0.00813893
0.8        1.62006       0.841354       0.346508              0      0.0443167        4.05566        1.23218        1.08004        1.20296    0.000454008
1        1.44709       0.966227       0.201942              0       0.040117        4.05208        1.20829       0.964725        1.38988     0.00682074
1.2         1.6265       0.779854       0.347214              0      0.0512555          4.058        1.17832        1.08433        1.25267    0.000507426
1.4        1.38104       0.945913       0.301134              0       0.046489         4.0552        1.29354       0.920692        1.35308       0.027541
1.6        1.27151       0.839998       0.496894              0      0.0513809         4.0586        1.38827       0.847676        1.38963     0.00918357
1.8         1.4502       0.985951       0.209089              0      0.0422973        4.05272        1.23734       0.966801        1.36224     0.00294585
2        1.46212       0.826032       0.359142              0      0.0423479        4.05298        1.22752       0.974748        1.35329      0.0100435
2.2        1.62242        0.74244       0.333739              0      0.0422216        4.05209         1.1184        1.08161         1.3061     0.00515941
2.4        1.45767       0.528004       0.530092              0      0.0464007        4.05389         1.1045        0.97178         1.4865     0.00522653
2.6        1.48666       0.716025       0.408221              0      0.0397139        4.05197        1.16396       0.991106        1.39386     0.00749882
2.8        1.60588       0.756011        0.39378              0       0.036375         4.0504        1.18617        1.07058        1.24863     0.00972716
3          1.381       0.801524       0.352997              0      0.0405523        4.05152        1.19507       0.920668        1.47248      0.0029554
3.2        1.43297        0.93089        0.34395              0      0.0409666         4.0537        1.31581       0.955312        1.29175      0.0131807
3.4        1.52951       0.819873       0.326411              0      0.0464521        4.05488        1.19274        1.01968         1.3218      0.0108352
3.6        1.40941       0.901466       0.541681      0.0286195      0.0347149        4.05235        1.50648        0.93961        1.13476     0.00169911
3.8        1.64479       0.782524       0.333024      0.0152743      0.0418335        4.05889        1.17266        1.09652        1.23817       0.003279
4         1.4832       0.773091       0.437037      0.0275355      0.0431524        4.06616        1.28082       0.988798        1.29849     0.00366268
4.2        1.53294       0.990983       0.406134     0.00108462       0.042297         4.0538         1.4405        1.02196        1.07515     0.00522007
4.4        1.46722       0.936835       0.425315     -0.0204903      0.0480473         4.0333        1.38971        0.97815        1.17257     0.00379815
4.6        1.39965       0.993574       0.463584              0      0.0457787        4.05598        1.50294       0.933103        1.14794     0.00544507
4.8        1.49666       0.956025       0.388051              0      0.0443916         4.0548        1.38847       0.997772        1.15947      0.0102024
5        1.47472       0.932459       0.408352              0      0.0425837         4.0526        1.38339       0.983144        1.19354     0.00094958
5.2        1.55132       0.961728       0.372054              0      0.0424377        4.05323        1.37622        1.03421        1.12251     0.00318477
5.4         1.4799       0.841603       0.431575              0      0.0490962        4.05611        1.32227       0.986597        1.25127     0.00267523
5.6        1.39874       0.899193       0.434896              0      0.0424058        4.05313        1.37649       0.932491        1.26689      0.0110158
5.8        1.61467       0.917675       0.441073              0      0.0460095        4.05497        1.40476        1.07645        1.03505    0.000490631
6        1.50078        1.02681       0.389518              0      0.0482546        4.05611        1.46458        1.00052        1.08869     0.00205315
6.2        1.48614       0.886302       0.511414              0      0.0453945        4.05469        1.44311       0.990762        1.12453    0.000911713
6.4        1.59066       0.906185       0.437377              0      0.0452998        4.05447        1.38886        1.06044        1.07297      0.0019798
6.6        1.49046       0.870333       0.494446              0      0.0473657        4.05574        1.41214       0.993639        1.14758     0.00556104
6.8        1.43564       0.949907       0.443373              0      0.0451612        4.05465        1.43844        0.95709        1.17955     0.00102275
7        1.46897       0.904779       0.429718              0      0.0441119        4.05314        1.37861       0.979313        1.20429     0.00126709
7.2        1.50076        0.83464       0.486192              0      0.0426316         4.0522        1.36346        1.00051        1.18299     0.00498183
7.4        1.54382        1.00823       0.443928              0      0.0461226        4.05582        1.49828        1.02922        1.00151      0.0121998
7.6        1.65906       0.929733       0.476986              0      0.0491849        4.05596         1.4559        1.10604        0.93685     0.00414401
7.8        1.46599       0.953062       0.447516              0      0.0424792        4.05249        1.44306       0.977324        1.13028      0.0131708
8        1.48056       0.972993       0.440349              0      0.0445219         4.0541        1.45786       0.987043        1.10987     0.00580023
8.2         1.4878        1.00472        0.40479              0      0.0462697        4.05543        1.45578       0.991867        1.10731     0.00454086
8.4        1.40213       0.886316       0.463985              0      0.0462288        4.05367        1.39653       0.934755        1.24992     0.00508915
8.6        1.48719       0.946138       0.384281              0      0.0448913        4.05331        1.37531       0.991461        1.17401      0.0168026
8.8        1.56289       0.913036       0.492352              0       0.043557         4.0539        1.44895        1.04193        1.01964      0.0224215
9        1.45581       0.969468       0.413218              0      0.0466068        4.05371        1.42929       0.970539         1.1639     0.00470717
9.2        1.34307       0.989877       0.452534              0      0.0440149        4.05386        1.48643       0.895382        1.22326      0.0010973
9.4         1.4747        1.02611       0.405791              0      0.0447742        4.05386        1.47668       0.983135        1.10224    0.000240783
9.6        1.48184       0.967817       0.457644     0.00750481       0.044691        4.05827        1.47766       0.987892        1.09307     0.00570516
9.8        1.48935        1.01895       0.442088     -0.0239899      0.0441751        4.03029        1.48122       0.992897        1.05507     0.00464657
10        1.46208       0.935449       0.503935              0      0.0440575        4.05373        1.48344        0.97472        1.10231     0.00589157
10.2        1.53369        1.00643       0.410555              0      0.0446907        4.05339        1.46167        1.02246        1.05649     0.00152985
10.4          1.534       0.996961       0.477047              0      0.0463312        4.05549        1.52034        1.02266        0.99863     0.00252706
10.6        1.62719         1.0244       0.450818              0      0.0446544        4.05412        1.51987        1.08479        0.90433     0.00272729
10.8        1.40294        1.01276       0.428487              0       0.041416        4.05197        1.48266       0.935291        1.16429     0.00208222
11        1.51082        0.92359       0.448752              0      0.0473503         4.0548        1.41969        1.00721        1.12053     0.00375437
11.2        1.54046       0.957183       0.449294    8.05199e-05      0.0481105        4.05549        1.45467        1.02697        1.05696     0.00340108
11.4         1.5543       0.888737       0.496848              0      0.0479334         4.0546        1.43352         1.0362        1.06137     0.00540926
11.6        1.54177        1.11348       0.431636              0       0.044088        4.05469        1.58921        1.02784       0.920812     0.00290178
11.8        1.65047        0.91174       0.546622              0      0.0477004        4.05605        1.50606        1.10031       0.897602     0.00192167
12        1.50744        1.04056       0.474276     0.00222934      0.0454025        4.05632        1.56247        1.00496       0.978302     0.00811257
12.2        1.41677       0.909314       0.489791              0      0.0466979        4.05393         1.4458       0.944512        1.18346     0.00789633
12.4        1.30684        1.06008       0.430099    0.000888325      0.0437234        4.05341        1.53479       0.871224        1.21031     0.00147655
12.6        1.43097        1.03012       0.456334              0      0.0478713        4.05581        1.53432       0.953979        1.06633      0.0241916
12.8        1.51365        1.02172       0.451994              0      0.0441931         4.0541        1.51791         1.0091        1.01435     0.00819103
13         1.4178        1.08175       0.485724              0      0.0433215          4.055         1.6108         0.9452         1.0222     0.00419493
13.2         1.4414        1.00124        0.50003              0      0.0450143        4.05436        1.54628       0.960937         1.0574     0.00927791
13.4        1.51108        1.00947        0.45413              0      0.0462986        4.05501         1.5099        1.00739        1.02996     0.00406856
13.6         1.3998         1.0997        0.50515     -0.0206125      0.0470872        4.03443        1.63133       0.933201       0.997147     0.00615186
13.8        1.61647        1.05916       0.472105              0       0.042579        4.05356        1.57384        1.07764       0.861341     0.00190971
14        1.47896        1.07654       0.416676              0      0.0470045        4.05572        1.54022        0.98597        1.02461       0.011941
14.2        1.40453        1.16251        0.44657    0.000283132      0.0516929        4.05932        1.66106       0.936356       0.989619      0.0041083
14.4        1.55688        1.04324       0.449184     0.00359225      0.0527468        4.06062        1.54877        1.03792       0.953305     0.00167012
14.6        1.61129        1.04468       0.473427              0      0.0445528        4.05449        1.56266        1.07419       0.876865     0.00366915
14.8        1.68697        1.08709       0.444261              0      0.0484996        4.05728        1.57985        1.12465       0.778964      0.0114889
15          1.611        1.05706       0.478644              0      0.0422515        4.05375        1.57795          1.074       0.861836     0.00296399
15.2        1.59246        1.01195       0.480778              0      0.0461454        4.05499        1.53888        1.06164       0.920578     0.00307172
15.4         1.5175        1.06205       0.462145              0      0.0443921        4.05459        1.56859        1.01167        0.96434     0.00415663
15.6        1.43237        1.08755       0.528236              0       0.045422        4.05561        1.66121       0.954916       0.958768     0.00326127
15.8        1.53148         1.0349       0.513372      0.0127342      0.0442899        4.06079        1.60529        1.02099       0.922564     0.00145703
16        1.50244        1.06826       0.515224      0.0001459      0.0446808        4.05436        1.62831        1.00162       0.920754     0.00286577
16.2        1.60448        1.01465       0.453475              0      0.0428664        4.05192        1.51099        1.06965       0.931528     0.00492465
16.4        1.57024        1.05192       0.433613              0      0.0445725        4.05322         1.5301        1.04682        0.95239    0.000493004
16.6        1.54559        1.10721       0.483599     0.00227538      0.0425345        4.05458        1.63562        1.03039       0.866432     0.00693206
16.8        1.43558        1.03936       0.473006              0      0.0432871        4.05356        1.55565       0.957052         1.0582     0.00412645
17        1.40326        1.05863       0.438233              0      0.0449936        4.05397        1.54185       0.935508        1.10551     0.00334853
17.2         1.6426        1.08661       0.505647      0.0148399      0.0423182        4.06079        1.64942        1.09506       0.762016     0.00676147
17.4        1.41754        1.08271       0.492642     -0.0212951      0.0410949        4.02983        1.59516       0.945026        1.01546     0.00167019
17.6        1.53032        1.09617       0.512037    0.000175202      0.0440562        4.05433        1.65243        1.02022       0.866721     0.00484933
17.8        1.56212        1.16416       0.540787     0.00188292      0.0471768        4.05679          1.754        1.04141       0.736195     0.00447436
18        1.61751        1.15506       0.471707              0      0.0478196        4.05532        1.67458        1.07834       0.756649     0.00658452
18.2        1.39832        1.07169       0.525175              0      0.0451558        4.05409        1.64202       0.932213        1.00843     0.00532026
18.4        1.45301        1.16518       0.486152              0      0.0462187        4.05523        1.69755       0.968672       0.883254      0.0214198
18.6        1.58526        1.07321       0.525354              0      0.0471554        4.05468        1.64572        1.05684       0.818654     0.00503984
18.8         1.6578        1.08413       0.488054              0      0.0470174        4.05414         1.6192         1.1052       0.775873     0.00127261
19        1.53325        1.16482       0.499057              0      0.0450739        4.05545        1.70895        1.02217       0.800142      0.0131089
19.2        1.52603        1.15599       0.425515              0      0.0446605        4.05289        1.62616        1.01735       0.897089      0.0036077
19.4        1.36577        1.24436       0.519609              0      0.0444615        4.05583        1.80843       0.910512       0.871497      0.0101285
19.6        1.58397        1.12122       0.456587    0.000114593      0.0404024        4.05193        1.61833        1.05598       0.846204     0.00342302
19.8        1.33571         1.1323       0.467639     0.00452977       0.046613        4.05676        1.65108        0.89047        1.06532      0.0046451
20        1.36553        1.23324       0.418854              0      0.0425432        4.05372        1.69463       0.910354       0.986343     0.00721802
20.2         1.5754        1.06185       0.481316              0      0.0457679        4.05321        1.58893        1.05027       0.884501     0.00437248
20.4        1.50144        1.21497       0.457394              0      0.0467614        4.05646        1.71913        1.00096       0.828351     0.00753768
20.6        1.53937        1.07575       0.557636              0      0.0464783        4.05517        1.67986        1.02625       0.829709     0.00623202
20.8        1.49956        1.08173       0.584043              0      0.0442651         4.0547        1.71004       0.999704        0.84413    0.000974386
21        1.49647        1.07555       0.537474              0      0.0445582        4.05373        1.65758       0.997645       0.893636     0.00605007
21.2         1.5906        1.23176       0.421502              0      0.0485444         4.0572        1.70181         1.0604       0.757143     0.00765007
21.4        1.57837         1.1221       0.506611              0      0.0449338        4.05505        1.67364        1.05224       0.799199     0.00384602
21.6        1.61753        1.03285       0.468806     -0.0154418      0.0441519        4.03283        1.53037        1.07836       0.878902     0.00603015
21.8        1.45414        1.14364        0.46839      0.0001496       0.042643        4.05256        1.65482       0.969425       0.932065      0.0115329
22        1.50773        1.16456       0.429109    3.94719e-06      0.0417135        4.05205        1.63539        1.00515       0.903612     0.00532155
22.2        1.48492        1.15522       0.527049              0      0.0441282        4.05449         1.7264       0.989944        0.83862     0.00455154
22.4        1.61552        1.09542        0.50957              0      0.0436387        4.05345        1.64863        1.07701       0.775254       0.014042
22.6        1.43762        1.28132       0.576221     0.00214391      0.0431516        4.05622        1.90283       0.958413       0.714281     0.00149094
22.8        1.49254        1.25724       0.514202    1.79404e-05      0.0487484        4.05741        1.82021       0.995023       0.741224     0.00343868
23         1.5478        1.17377       0.537925     0.00486732      0.0463292        4.05779        1.76289        1.03187       0.742268     0.00483022
23.2        1.39326         1.2328       0.562291     0.00793002      0.0450494        4.06028        1.84807       0.928841        0.81236     0.00658956
23.4         1.3879        1.13123        0.57003     0.00833359       0.045347        4.05865        1.75494       0.925269       0.913463     0.00234996
23.6        1.48998        1.23786       0.483742    1.93313e-05      0.0455573        4.05603        1.76718       0.993323       0.794038      0.0048254
23.8        1.53938        1.13853        0.45902              0      0.0470681        4.05468        1.64461        1.02625        0.86527     0.00541773
24        1.52078        1.11009       0.538194              0      0.0426559        4.05314        1.69093        1.01385       0.834732     0.00669207
24.2        1.38333        1.13742       0.495372              0      0.0435958        4.05436        1.67639       0.922222       0.992345     0.00228949
24.4         1.5127        1.05646        0.50108              0      0.0450786        4.05292        1.60262        1.00847       0.927313      0.0102848
24.6        1.50647        1.05016       0.472605              0      0.0453388        4.05323         1.5681        1.00431       0.970269     0.00838623
24.8        1.45319        1.12827       0.524191              0      0.0389528        4.05079        1.69142        0.96879       0.893274      0.0129172
25        1.47082        1.21391       0.605758     0.00186309      0.0445442        4.05645        1.86608       0.980548       0.715108     0.00443666
25.2        1.54289        1.28927       0.460357    1.11019e-05      0.0466592        4.05593        1.79629         1.0286       0.706373      0.0103745
25.4        1.57862        1.18583       0.556207              0      0.0457937        4.05648        1.78783        1.05242       0.689688     0.00033768
25.6        1.65232        1.16932       0.508206              0      0.0432403        4.05344        1.72077        1.10155       0.678202     0.00213848
25.8        1.54022        1.10617       0.591615              0      0.0492234        4.05707          1.747        1.02681         0.7658     0.00404535
26        1.54292        1.15136        0.47469              0      0.0460872         4.0535        1.67214        1.02861       0.832308     0.00614168
26.2         1.5033        1.14027       0.540456              0      0.0473567        4.05505        1.72808         1.0022       0.812929       0.010741
26.4        1.50174         1.1407       0.529216              0        0.04444        4.05309        1.71436        1.00116       0.825355      0.0116356
26.6        1.47298         1.1454       0.536612              0      0.0453839        4.05381         1.7274       0.981985       0.841735      0.0117017
26.8        1.43557        1.17939       0.529477              0      0.0477773        4.05592        1.75665       0.957045       0.856317      0.0073918
27        1.54121         1.1344       0.517761              0      0.0443606        4.05371        1.69652        1.02748       0.809547     0.00643002
27.2        1.52691        1.08763       0.512748              0      0.0420377        4.05165        1.64242        1.01794       0.878333     0.00399535
27.4        1.43673        1.12356       0.541933              0      0.0469861        4.05495        1.71248        0.95782       0.900814     0.00492755
27.6        1.43494        1.17535       0.505148              0      0.0436751        4.05358        1.72417       0.956628       0.885685     0.00878288
27.8        1.51169        1.18108       0.514638              0      0.0430724        4.05303        1.73879         1.0078       0.799037     0.00351031
28        1.51936        1.23215       0.517614              0      0.0471261        4.05692        1.79689        1.01291       0.738246     0.00242441
28.2        1.54987        1.20855       0.515231              0      0.0436095        4.05384        1.76739        1.03325       0.735907    0.000674131
28.4        1.51608        1.27761       0.497004              0      0.0463577        4.05648        1.82097        1.01072       0.715621     0.00380489
28.6         1.4701        1.31406       0.479109              0      0.0448369        4.05537          1.838       0.980068       0.746058     0.00120381
28.8        1.57479        1.15896        0.46816              0      0.0452092         4.0529        1.67233        1.04986       0.803597     0.00217769
29        1.40417        1.15763       0.577631              0      0.0482676         4.0567        1.78353       0.936114       0.859359     0.00964068
29.2        1.50665        1.15626       0.545411              0       0.043914        4.05331        1.74559        1.00443       0.792666      0.0084145
29.4        1.42704        1.15959       0.572191              0      0.0458552        4.05456        1.77763       0.951363       0.832843      0.0170399
29.6        1.51812        1.27692       0.547835              0      0.0463565        4.05679        1.87111        1.01208       0.663172     0.00438522
29.8        1.70978        1.09566       0.553513              0       0.048575        4.05542        1.69775        1.13985       0.637225      0.0106673
30        1.63492        1.10184       0.504805              0      0.0446553        4.05307         1.6513        1.08994        0.76336     0.00349037
30.2        1.48611        1.10123       0.538088              0      0.0417043        4.05224        1.68102       0.990741       0.877203     0.00790585
30.4        1.43504         1.2322       0.528203              0      0.0435927        4.05388          1.804       0.956696       0.806706     0.00813751
30.6        1.49633        1.09038       0.559261              0      0.0468441        4.05474        1.69649       0.997552       0.855252     0.00666997
30.8        1.48521        1.23436       0.486932              0      0.0418005        4.05271        1.76309       0.990139       0.799775     0.00462922
31        1.43142        1.11094       0.560491              0      0.0479651        4.05515        1.71939       0.954279       0.900774     0.00356063
31.2        1.50339        1.17248       0.533472              0      0.0445487        4.05435         1.7505        1.00226       0.800105     0.00035254
31.4        1.55684        1.06848       0.492071              0      0.0479239        4.05302        1.60847        1.03789       0.878839     0.00886909
31.6        1.63554        1.14858       0.464785     0.00129112      0.0411782         4.0517        1.65583        1.09036       0.755538     0.00479353
31.8        1.49817         1.2284       0.505506              0       0.044178        4.05432        1.77809       0.998781       0.776657     0.00140411
32        1.49041        1.19724       0.567492              0      0.0493131        4.05682        1.81405       0.993603       0.748706      0.0036567
32.2        1.48722        1.23889       0.555147              0      0.0449852        4.05554        1.83902       0.991482       0.726805     0.00248401
32.4          1.508        1.24898       0.529697              0      0.0457751        4.05608        1.82445        1.00534       0.717817     0.00580785
32.6        1.45393        1.22372       0.540308              0      0.0447617        4.05485        1.80879       0.969286       0.789778     0.00235973
32.8        1.46264        1.14246       0.501584              0      0.0448348        4.05333        1.68887       0.975092       0.891843     0.00997886
33        1.41103        1.08391        0.59407              0      0.0465517        4.05414        1.72453       0.940684       0.917116     0.00147161
33.2        1.51472        1.14039       0.462319    -0.00532417      0.0464164        4.04402         1.6438        1.00981       0.880336     0.00516405
33.4        1.59975        1.21075       0.470826              0      0.0446598        4.05303        1.72624         1.0665       0.707058      0.0199813
33.6         1.5984        1.15149       0.569676              0      0.0495122        4.05683        1.77067         1.0656       0.683364     0.00439297
33.8          1.554        1.28211        0.50952              0      0.0465838        4.05545        1.83821          1.036       0.661557     0.00168122
34        1.45351        1.16093       0.523901              0      0.0487381        4.05509        1.73357       0.969005       0.857622      0.0103979
34.2        1.37739        1.19028       0.514871              0      0.0463235        4.05526        1.75147       0.918258       0.922717     0.00368137
34.4         1.5063        1.21131        0.50749              0      0.0457704         4.0543        1.76457         1.0042       0.774014     0.00941596
34.6        1.55155        1.03881       0.616488              0      0.0453899        4.05211        1.70069        1.03436        0.79817     0.00169957
34.8        1.62925        1.21259       0.497378              0      0.0458807        4.05481        1.75585        1.08617         0.6606     0.00910824
35        1.58962        1.12456        0.59012              0      0.0467278        4.05528         1.7614        1.05975       0.702735     0.00151423
35.2        1.50123        1.18841       0.593343       0.006229      0.0493894        4.05998        1.83737        1.00082        0.71636     0.00502213
35.4        1.53394        1.27623       0.612351    0.000193052      0.0468039        4.05602        1.93557        1.02263        0.58023     0.00627007
35.6         1.4721        1.22083       0.552326              0       0.044118        4.05449        1.81727       0.981398       0.764516    0.000610542
35.8        1.48509        1.10113       0.520024              0      0.0496515        4.05593         1.6708       0.990061       0.894349     0.00569157
36         1.2839         1.1338       0.543585              0      0.0475479        4.05465        1.72493       0.855934         1.0442     0.00161812
36.2        1.47107        1.17085       0.497766              0      0.0482847        4.05525         1.7169       0.980711       0.862109     0.00517396
36.4        1.51205        1.15751       0.566329              0      0.0460305         4.0548        1.76987        1.00803       0.770369     0.00251227
36.6        1.46174        1.18696       0.587508              0      0.0457742        4.05474        1.82024       0.974494        0.77006     0.00269385
36.8         1.4005        1.24663       0.543323              0      0.0440554        4.05465        1.83401       0.933669       0.808636      0.0114942
37        1.48736        1.13788       0.560603              0      0.0449482        4.05325        1.74343       0.991574       0.818534     0.00392891
37.2         1.5241        1.22203       0.528581      0.0034596      0.0425457        4.05465        1.79662        1.01607        0.72307      0.0108634
37.4        1.53501        1.23876       0.527952     -0.0118879       0.045904        4.04252        1.80073        1.02334       0.703476     0.00330455
37.6        1.48975        1.29952       0.541699              0      0.0445012        4.05564        1.88572       0.993164       0.679038     0.00113312
37.8        1.69247        1.15576       0.525806              0      0.0429996        4.05301        1.72456        1.12831       0.635069    0.000914984
38        1.48973        1.25179       0.491248              0      0.0442502        4.05345        1.78729       0.993154       0.764929      0.0115069
38.2        1.44269        1.12418       0.590825     0.00987792      0.0443973        4.05795        1.76928       0.961793       0.841182     0.00480023
38.4        1.48325        1.18484       0.550012     0.00161294      0.0450814         4.0545        1.78154        0.98883       0.781147     0.00856177
38.6        1.43622        1.26411       0.573439              0      0.0415615        4.05405        1.87911       0.957477       0.735748     0.00297588
38.8        1.63704        1.30099       0.490704              0       0.043623        4.05381        1.83531        1.09136       0.572128     0.00932978
39        1.55022         1.3088       0.513388              0      0.0467631        4.05696        1.86895        1.03348       0.629431     0.00835551
39.2        1.59412        1.21644       0.487784    5.84787e-05      0.0456828        4.05426        1.74996        1.06275       0.707034     0.00314333
39.4        1.46067        1.19024       0.548241              0      0.0437225        4.05393        1.78221       0.973781       0.798119       0.012928
39.6         1.4645        1.12459       0.543032     -0.0115328       0.043732        4.04181        1.69982       0.976334       0.870944     0.00653962
39.8        1.51628        1.17673       0.508956              0      0.0436837        4.05338        1.72937        1.01085        0.80492     0.00281104
40        1.51154        1.23375       0.524225     0.00170715      0.0453324        4.05597        1.80501        1.00769       0.734184     0.00523697
40.2        1.47053        1.18347       0.527296              0      0.0448871        4.05387        1.75565       0.980357       0.826732     0.00095209
40.4        1.45972        1.20743       0.510064              0      0.0447699        4.05415        1.76227       0.973148       0.829067     0.00308983
40.6        1.56465        1.15504       0.530327     0.00679819      0.0447873        4.05717        1.73696         1.0431       0.750263     0.00529872
40.8        1.47253        1.21518       0.535496              0      0.0449595        4.05443        1.79563        0.98169       0.784158     0.00210413
41        1.56841        1.17153       0.589946              0      0.0460807        4.05521        1.80756        1.04561        0.66785      0.0113888
41.2        1.60197        1.19607       0.583773              0      0.0457276        4.05509        1.82557        1.06798        0.62187     0.00568369
41.4        1.52715        1.22572       0.541738              0      0.0460102        4.05534        1.81347         1.0181       0.712133     0.00258229
41.6        1.54504        1.20821       0.554544              0      0.0444802        4.05377        1.80724        1.03003       0.695133     0.00635253
41.8        1.49056        1.23305       0.544946              0      0.0477755        4.05575        1.82577       0.993708       0.734074     0.00534101
42        1.43553        1.30965       0.518939              0      0.0448424          4.056        1.87343       0.957017       0.744772     0.00227744
42.2        1.45418        1.20295       0.538908              0      0.0460304        4.05495        1.78788       0.969456       0.804947     0.00793123
42.4        1.41253        1.13588       0.572277              0      0.0454921        4.05425        1.75365       0.941686       0.878422      0.0096553
42.6        1.50601        1.21821       0.467719              0      0.0466408        4.05427        1.73257        1.00401       0.808768     0.00692066
42.8        1.41698        1.16253       0.592123              0      0.0451165        4.05416        1.79977       0.944652       0.825465      0.0119477
43        1.50417        1.24009       0.512844    0.000567761      0.0416161        4.05338        1.79512        1.00278       0.749026     0.00506611
43.2        1.50338        1.13583        0.54049              0      0.0453834        4.05391         1.7217        1.00225       0.826877     0.00195701
43.4         1.5382        1.17313       0.515384              0      0.0446985        4.05353        1.73322        1.02547       0.772951     0.00915888
43.6        1.47255        1.20041       0.543204              0      0.0452799        4.05453        1.78889         0.9817       0.782298      0.0107858
43.8         1.5106        1.31426       0.496748              0       0.043517        4.05434        1.85452        1.00706       0.687083     0.00213353
44        1.56354        1.28758       0.498128    9.06601e-08      0.0452767         4.0542        1.83099        1.04236        0.64666      0.0130154
44.2        1.44956        1.29894       0.524056    6.96186e-06      0.0464879        4.05616        1.86949        0.96637       0.736624    0.000490409
44.4        1.49425         1.1952       0.474157              0      0.0432285        4.05247        1.71258       0.996164       0.840519     0.00511811
44.6        1.47604        1.22899       0.542913              0       0.045828        4.05467        1.81773       0.984027       0.751425     0.00947812
44.8        1.44501        1.34743        0.54091              0      0.0469627        4.05739         1.9353       0.963343       0.670968     0.00610735
45         1.5551        1.24444       0.587006              0       0.046568         4.0559        1.87801        1.03673       0.615216     0.00756575
45.2        1.44539          1.318       0.490521              0      0.0454348        4.05518        1.85396       0.963595        0.75487    0.000951097
45.4        1.50657        1.16741       0.568701     0.00325645      0.0494735         4.0578        1.78884        1.00438       0.758096     0.00430323
45.6        1.54617         1.2646       0.461593              0      0.0461979        4.05422        1.77239        1.03078        0.73469    0.000963163
45.8        1.54816         1.2159       0.583877              0      0.0451105        4.05486        1.84489        1.03211       0.654245     0.00756808
46        1.62087        1.19588       0.555699              0      0.0451359        4.05477        1.79672        1.08058       0.629086     0.00809001
46.2        1.66666          1.192       0.568933              0      0.0463278        4.05521        1.80726        1.11111       0.571518     0.00976976
46.4        1.61686        1.26036       0.563328    0.000267249      0.0453575        4.05499        1.86931         1.0779       0.555486       0.013339
46.6        1.37786        1.26189       0.527546              0      0.0443548        4.05393        1.83379       0.918572       0.838578     0.00369782
46.8        1.52667        1.34302        0.54376              0      0.0440555        4.05542        1.93083        1.01778       0.584936      0.0129772
47        1.56518         1.3352       0.564264    0.000633503      0.0468063        4.05719         1.9469        1.04346       0.537449     0.00765608
47.2        1.41832        1.34294       0.559873              0      0.0491104        4.05742        1.95193       0.945546        0.68628    0.000891779
47.4        1.54491        1.35714       0.487504              0      0.0431373        4.05409        1.88778        1.02994       0.614719     0.00668534
47.6        1.46918        1.30236       0.554929              0      0.0452267        4.05551        1.90252       0.979452       0.679256     0.00455468
47.8        1.48604        1.36669       0.571144     0.00098446       0.048703        4.05888        1.98752       0.990696       0.567917      0.0173963
48        1.48476        1.28654       0.559699              0      0.0463592        4.05577        1.89259        0.98984       0.673985     0.00443413
48.2        1.52899        1.28631       0.562896              0      0.0465933        4.05564         1.8958        1.01933       0.629179      0.0016734
48.4        1.51548        1.34803       0.519883              0      0.0436397        4.05469        1.91155        1.01032       0.621356     0.00629709
48.6        1.53444        1.32238       0.540039      0.0016966      0.0474365        4.05729        1.91155        1.02296       0.603362     0.00793776
48.8        1.53197         1.3657       0.531575              0      0.0448798        4.05498        1.94215        1.02132       0.577824     0.00303421
49        1.54171         1.2543        0.57721              0      0.0452161        4.05527        1.87672         1.0278        0.63263     0.00420366
49.2        1.41916        1.18302       0.572364              0      0.0468007        4.05466        1.80218       0.946103       0.831371     0.00195425
49.4        1.45365        1.24129       0.549533              0      0.0473269        4.05605        1.83815         0.9691       0.762369     0.00187594
49.6        1.49654        1.26202        0.52559    0.000426641      0.0450868        4.05438        1.83313       0.997695       0.719856     0.00485719
49.8        1.46274        1.18378       0.585187    0.000802081      0.0431574        4.05283        1.81293       0.975158       0.773256      0.0039033
50        1.53311        1.24201       0.522095              0       0.046536        4.05421        1.81064        1.02207       0.703024     0.00743605
50.2        1.56252        1.27852       0.546864              0      0.0489293        4.05692        1.87431        1.04168       0.609466       0.010624
50.4        1.51734        1.32578       0.562029              0      0.0461932        4.05549          1.934        1.01156       0.601045     0.00310803
50.6         1.5444        1.32623        0.51951              0      0.0429597        4.05356         1.8887         1.0296       0.615645     0.00481805
50.8        1.52982        1.29381       0.554923              0        0.04544        4.05516        1.89417        1.01988       0.617883      0.0132877
51        1.52408        1.23474       0.556332              0      0.0445557        4.05411        1.83562        1.01605       0.690588     0.00381591
51.2        1.54198        1.21456       0.530971              0      0.0453341        4.05274        1.79086        1.02799       0.718829      0.0010602
51.4        1.47801        1.23667       0.563094    0.000123793      0.0446001        4.05404        1.84449       0.985337       0.729696     0.00184824
51.6        1.47951        1.20834       0.583806              0      0.0474872        4.05572        1.83963        0.98634       0.732604     0.00398029
51.8        1.50825        1.26977       0.481502              0      0.0433758        4.05287        1.79465         1.0055       0.746889     0.00308358
52         1.5418        1.22676       0.565476              0      0.0471953        4.05581        1.83943        1.02787       0.670387     0.00418977
52.2        1.57452         1.3285       0.501209              0      0.0460929        4.05558         1.8758        1.04968       0.603589     0.00166906
52.4        1.47106        1.23476       0.643352              0      0.0477151         4.0561        1.92583       0.980705       0.656715     0.00249228
52.6         1.4604        1.27635       0.639461              0      0.0467609        4.05567        1.96257       0.973598       0.625294      0.0074052
52.8        1.54973        1.22895        0.62248              0      0.0450235        4.05489        1.89645        1.03316       0.605675     0.00302955
53        1.53931        1.29157       0.563048              0      0.0464882        4.05519        1.90111        1.02621       0.612036     0.00272986
53.2        1.50237        1.28081       0.629495              0      0.0495451        4.05703        1.95986        1.00158       0.588927     0.00587656
53.4        1.53959        1.27708       0.614215              0      0.0423928        4.05392        1.93368        1.02639       0.574024     0.00662115
53.6          1.561        1.26134       0.553822              0      0.0470672        4.05502        1.86223        1.04066       0.628644     0.00315831
53.8        1.42165        1.19021       0.575651              0      0.0454929        4.05368        1.81135       0.947765       0.818781     0.00189889
54        1.42305        1.23947        0.52198              0      0.0436723        4.05292        1.80512       0.948701       0.813669      0.0110734
54.2        1.34177        1.24828        0.53498      0.0155936      0.0455151        4.06173        1.84436       0.894513       0.868727     0.00686589
54.4        1.45824         1.2637       0.523419              0      0.0437294        4.05259        1.83085       0.972159        0.76032     0.00317311
54.6        1.52615        1.23735       0.549406              0      0.0475577        4.05512        1.83432        1.01743       0.687289     0.00736749
54.8        1.57019        1.25593       0.519907              0      0.0446923        4.05334        1.82053        1.04679       0.655445     0.00717957
55         1.4845        1.28855       0.528778              0      0.0439116        4.05335        1.86124       0.989669       0.692873      0.0147353
55.2        1.51236        1.24001       0.540802              0      0.0469812        4.05468        1.82779        1.00824         0.7008      0.0137321
55.4        1.53229         1.2976       0.541428     0.00117837      0.0451373        4.05434        1.88534        1.02153       0.626862     0.00984179
55.6        1.50502        1.27984       0.569366     0.00205645       0.046168        4.05523        1.89743        1.00335       0.647354      0.0054255
55.8        1.50673        1.27148       0.554417     -0.0112849      0.0460393        4.04256        1.86066        1.00449       0.672113     0.00306038
56        1.57992        1.28581       0.572583              0      0.0472358        4.05523        1.90562        1.05328       0.563502     0.00618152
56.2        1.50912        1.25914       0.608686              0      0.0462828        4.05486        1.91411        1.00608       0.621606      0.0100238
56.4        1.56608         1.2118       0.579016              0      0.0453337          4.054        1.83615        1.04405       0.648771     0.00300295
56.6         1.6352        1.27698       0.546775              0      0.0428462        4.05313         1.8666        1.09013       0.547536     0.00379658
56.8        1.54658         1.2411        0.58103              0      0.0443216        4.05438        1.86645        1.03105       0.634575     0.00677219
57        1.53841        1.30446       0.617643              0      0.0469733        4.05612        1.96908         1.0256       0.547471     0.00115643
57.2        1.53018        1.24074       0.580203              0      0.0467951          4.055        1.86774        1.02012        0.64911     0.00797774
57.4        1.59092        1.25447       0.588917              0      0.0428749        4.05337        1.88627        1.06061       0.573927     0.00225877
57.6        1.49042         1.3612       0.548915              0      0.0467481        4.05634        1.95686       0.993616       0.606053     0.00300352
57.8        1.55254        1.28078       0.607196              0      0.0486935        4.05635        1.93666        1.03502       0.564445     0.00270243
58         1.5211        1.26722       0.578432              0      0.0452125        4.05366        1.89086        1.01407       0.636226     0.00547051
58.2        1.53391        1.27743         0.5557              0      0.0461976        4.05484        1.87933         1.0226       0.630626      0.0109809
58.4        1.59323        1.18719       0.582002              0      0.0468424        4.05385        1.81603        1.06216       0.640957     0.00363012
58.6        1.55252        1.24817       0.636332              0      0.0475726        4.05632        1.93208        1.03501       0.563856     0.00786857
58.8        1.54919        1.29185       0.580005              0      0.0451243        4.05524        1.91698         1.0328       0.585301     0.00376331
59        1.50019        1.26122       0.648529              0      0.0439929        4.05421        1.95375        1.00012       0.593342     0.00693514
59.2        1.39528         1.3248       0.590328              0      0.0490509        4.05743        1.96418       0.930186        0.69205     0.00592592
59.4        1.47015        1.26405       0.623279              0      0.0471237        4.05634        1.93445       0.980103        0.64307     0.00866408
59.6        1.52935        1.19184       0.585627              0      0.0435877         4.0524        1.82106        1.01956       0.697867      0.0041239
59.8        1.51952        1.27921       0.530813              0      0.0459004        4.05405        1.85592        1.01301       0.673557     0.00504972
60        1.59052        1.22274       0.528689              0      0.0478007        4.05464        1.79923        1.06035       0.662649     0.00224099
60.2        1.53791        1.31896       0.558485              0      0.0460509        4.05581         1.9235        1.02527       0.588855     0.00554497
60.4        1.55924        1.24955       0.566381              0      0.0450099        4.05413        1.86094        1.03949         0.6324     0.00155898
60.6        1.51883        1.25356       0.542667              0      0.0446445        4.05328        1.84087        1.01255       0.686835     0.00674337
60.8         1.5754        1.32826       0.547227              0      0.0465621        4.05514        1.92205        1.05026       0.555097     0.00259558
61        1.49405        1.25637       0.544222              0       0.044187        4.05268        1.84478       0.996033       0.706463     0.00738983
61.2        1.42458        1.24802       0.582001              0      0.0443971        4.05383        1.87441       0.949721       0.752596     0.00224204
61.4        1.37385        1.22201       0.564345              0      0.0442831        4.05341        1.83064       0.915901       0.843061     0.00586538
61.6        1.47828        1.28162       0.573163    0.000135696      0.0424716        4.05377        1.89739       0.985517       0.672818     0.00528777
61.8        1.42223        1.32248         0.5299     0.00148174      0.0451809        4.05607        1.89904       0.948153       0.729747     0.00505867
62        1.47287        1.27978       0.564769              0       0.047653        4.05591         1.8922       0.981913       0.681454     0.00938344
62.2        1.48003         1.3016       0.560959              0      0.0456666        4.05477        1.90823       0.986684       0.660437     0.00607877
62.4        1.55279        1.22785        0.52212              0      0.0436478          4.052        1.79362        1.03519       0.699849     0.00574131
62.6        1.51107        1.21653       0.557252    4.39081e-07      0.0445873        4.05299        1.81837        1.00738       0.713615     0.00993049
62.8        1.53341        1.28641       0.597802              0      0.0476526        4.05623        1.93186        1.02227       0.587286     0.00367591
63        1.58098        1.25932       0.556705              0      0.0468247        4.05524        1.86285        1.05398       0.609603     0.00181207
63.2        1.49724        1.26512       0.563675              0      0.0447161        4.05383        1.87351       0.998162       0.678762     0.00431244
63.4        1.44703        1.29397       0.585121              0      0.0449103        4.05502          1.924       0.964685       0.675254     0.00873686
63.6        1.45035        1.33525       0.541393              0       0.045827        4.05558        1.92247       0.966902       0.660509      0.0222435
63.8        1.48688        1.11506       0.604934              0       0.046042        4.05296        1.76603       0.991256       0.794458     0.00558048
64        1.45555        1.28346       0.590949      0.0127176      0.0465945        4.06139        1.93372       0.970369       0.660155      0.0119571
64.2        1.55299        1.29089       0.523515              0      0.0464527        4.05392        1.86086        1.03532       0.629898      0.0101742
64.4        1.52501        1.24725       0.596625              0      0.0471229        4.05533          1.891        1.01667       0.634863     0.00446095
64.6        1.45845         1.3117       0.550351              0      0.0469614        4.05539        1.90901       0.972301       0.683302     0.00462641
64.8        1.47852        1.27904       0.562439              0      0.0467754          4.055        1.88826       0.985677       0.685103      0.0031227
65        1.51894        1.36672       0.508769              0      0.0460575        4.05508        1.92154        1.01262       0.604037      0.0105618
65.2        1.52772        1.22969       0.610083     -0.0116105      0.0485994        4.04393        1.87676        1.01848       0.635984     0.00346971
65.4        1.46683        1.29824       0.568916              0      0.0445254        4.05321        1.91168       0.977887       0.673098     0.00160493
65.6        1.55475        1.22187       0.686967              0       0.047245        4.05598        1.95608         1.0365       0.537976     0.00716838
65.8        1.56007        1.27867       0.607183              0      0.0461341        4.05581        1.93199        1.04005       0.559964     0.00378215
66        1.47684        1.31581       0.600863              0      0.0445529        4.05484        1.96123       0.984562       0.612491     0.00427417
66.2        1.53873        1.34846       0.586827              0      0.0478029        4.05677        1.98309        1.02582       0.529849     0.00510514
66.4        1.47644        1.23442       0.513632              0      0.0445142        4.05289        1.79256       0.984291        0.75935      0.0245457
66.6        1.41264        1.18995       0.570205              0      0.0462658        4.05335        1.80642       0.941757       0.832385     0.00191272
66.8        1.46448        1.25935       0.602379              0      0.0464343        4.05495        1.90816       0.976323       0.677801     0.00450646
67        1.53844        1.15984       0.583577              0      0.0436455        4.05207        1.78706        1.02563       0.722204     0.00436058
67.2        1.46367        1.30041       0.516389              0      0.0453393        4.05419        1.86214        0.97578        0.71961     0.00877246
67.4        1.62783        1.23003        0.51456     -0.0119252      0.0432886        4.04001        1.77595        1.08522       0.634365     0.00186389
67.6         1.6159        1.29693       0.564179              0      0.0429973        4.05336        1.90411        1.07727       0.527526     0.00582131
67.8        1.44806        1.21758       0.560636              0      0.0476482        4.05458        1.82587       0.965377       0.774315     0.00633276
68        1.43975        1.31394       0.534123              0      0.0437663        4.05338        1.89183       0.959833       0.718344     0.00345962
68.2        1.36863        1.27603       0.510062              0      0.0461205        4.05374        1.83222        0.91242       0.851304     0.00158429
68.4        1.46769        1.28286       0.469045              0      0.0415742        4.05147        1.79348        0.97846       0.788221     0.00207422
68.6        1.46108        1.24699       0.545762              0       0.046099        4.05417        1.83885       0.974051       0.743585      0.0106563
68.8        1.41705        1.31154        0.61263    -0.00562804      0.0501528        4.04854        1.96869       0.944699       0.660286     0.00251768
69        1.56609        1.38026       0.559324    0.000346311      0.0439846        4.05453        1.98391        1.04406       0.503366     0.00116343
69.2         1.4667        1.34316       0.616892              0      0.0433962        4.05379        2.00345       0.977803       0.577776     0.00585825
69.4         1.5341        1.27913       0.574606              0      0.0441365        4.05353        1.89787        1.02273        0.62062    0.000940345
69.6        1.60867        1.25171       0.546881              0      0.0435846        4.05279        1.84218        1.07245       0.599841     0.00209596
69.8        1.52696        1.34273       0.630824              0      0.0444999        4.05521        2.01806        1.01797       0.503815     0.00638264
70         1.6074         1.2322       0.587168              0       0.046101        4.05413        1.86547         1.0716        0.57841      0.0028534
70.2        1.56807        1.31811       0.551946    0.000145291      0.0460838        4.05475        1.91628        1.04538       0.566633     0.00376207
70.4        1.45335        1.21309       0.534315     0.00284437      0.0442747        4.05301        1.79453       0.968899       0.791332       0.013805
70.6        1.36375        1.28902       0.553518    0.000592059      0.0450265        4.05383        1.88816       0.909165       0.796584     0.00533585
70.8        1.63977        1.25531       0.628524              0      0.0477203        4.05616        1.93156        1.09318       0.473558       0.011272
71        1.52593        1.22422       0.554456              0      0.0445207        4.05283         1.8232        1.01729        0.68779      0.0159063
71.2        1.46693        1.24634       0.531722              0      0.0473773        4.05442        1.82544       0.977955       0.758964     0.00308312
71.4        1.30425        1.29159       0.527759    0.000404426      0.0453175        4.05447        1.86507       0.869497       0.884024     0.00112592
71.6        1.41211        1.22322       0.573608    0.000944254      0.0472227        4.05455        1.84499       0.941405       0.789869     0.00757744
71.8        1.56388        1.36185       0.523125              0      0.0455733         4.0547        1.93055        1.04259       0.556826     0.00344525
72        1.50768        1.33914       0.652093              0      0.0482738        4.05715        2.03951        1.00512        0.50888     0.00107774
72.2        1.51969        1.31007       0.534788              0      0.0466877        4.05379        1.89155        1.01312       0.634445      0.0081141
72.4        1.50394        1.30709       0.587829              0      0.0462606        4.05469        1.94118        1.00263        0.59977     0.00979341
72.6        1.60747        1.33974       0.532234              0      0.0471513        4.05499        1.91912        1.07165       0.527186     0.00121115
72.8        1.56386        1.27677       0.599024              0      0.0463798        4.05491        1.92217        1.04258       0.566312     0.00255779
73        1.52474        1.29582       0.563875              0      0.0463698        4.05484        1.90607        1.01649        0.61233       0.011705
73.2        1.41013        1.28899        0.58538              0      0.0433727        4.05298        1.91774       0.940084       0.722226     0.00288768
73.4        1.36945        1.25722       0.653191              0      0.0467166        4.05511        1.95713       0.912969       0.721811     0.00671643
73.6        1.43715        1.32144        0.54078              0      0.0430893        4.05289        1.90531       0.958101       0.709512     0.00092046
73.8        1.48571        1.29668       0.584458              0       0.044875        4.05459        1.92602       0.990474       0.633379     0.00948603
74         1.5156        1.31751       0.547761              0      0.0453086         4.0539        1.91058         1.0104       0.623718     0.00400229
74.2         1.6372        1.30791       0.582704              0      0.0487172        4.05643        1.93933        1.09147       0.465013      0.0148915
74.4        1.59013        1.34174       0.584152              0      0.0456093        4.05445         1.9715        1.06009       0.479313       0.013513
74.6        1.55882        1.35877       0.563683              0      0.0447575        4.05464        1.96721        1.03921       0.522076     0.00652957
74.8        1.59683        1.34835       0.549698              0      0.0456367        4.05513        1.94368        1.06455       0.509034     0.00557663
75        1.45506        1.17126        0.59095              0      0.0469277        4.05348        1.80914       0.970042       0.781679     0.00759876
75.2        1.49698        1.16633       0.584019              0      0.0462084        4.05377        1.79656       0.997987       0.754764     0.00546917
75.4        1.49109        1.23298        0.59534              0      0.0457516        4.05393        1.87407       0.994059       0.682352     0.00642458
75.6        1.52487        1.23191       0.561048              0      0.0467096        4.05476        1.83967        1.01658       0.680705     0.00952221
75.8        1.46695        1.29608       0.528889              0      0.0478022        4.05504        1.87277       0.977966       0.710219     0.00510172
76        1.54315        1.24235       0.582772              0      0.0464902        4.05512        1.87162        1.02877       0.632892     0.00745369
76.2        1.64415        1.23231       0.582319              0      0.0464941         4.0531        1.86112         1.0961       0.544464     0.00336129
76.4        1.55673        1.29355       0.590529              0       0.047438        4.05586        1.93152        1.03782       0.549928      0.0176853
76.6        1.50234         1.3587        0.60772              0      0.0461045        4.05675        2.01253        1.00156       0.540586     0.00129238
76.8        1.50904        1.31777       0.584393              0      0.0462805        4.05578        1.94844        1.00603       0.587659      0.0106325
77        1.42883        1.31324       0.596375              0      0.0465311        4.05502        1.95615       0.952556       0.665527     0.00451031
77.2        1.41876        1.30478       0.563539              0      0.0479518        4.05639        1.91627       0.945838       0.717795     0.00357261
77.4        1.45806        1.26283        0.56888              0      0.0471539         4.0549        1.87886       0.972041       0.713298     0.00467712
77.6        1.53495        1.20613       0.627606              0      0.0455633        4.05509         1.8793         1.0233       0.634916     0.00591989
77.8        1.57547        1.29239       0.564171              0      0.0426372        4.05292         1.8992        1.05031       0.565988      0.0122638
78        1.40136        1.27638       0.588874              0      0.0491772        4.05665        1.91443        0.93424       0.732051      0.0088077
78.2          1.533        1.21313       0.599726              0      0.0450146        4.05313        1.85787          1.022       0.655179     0.00708296
78.4        1.51875        1.24377       0.563235              0      0.0443873        4.05366         1.8514         1.0125       0.677021     0.00649406
78.6        1.41596        1.26947       0.529385              0      0.0454511        4.05391        1.84431        0.94397       0.788016     0.00562742
78.8        1.49378        1.29062       0.526362              0       0.045447         4.0532        1.86243       0.995855       0.687183     0.00981219
79        1.50556        1.31364       0.546337              0      0.0466811        4.05543        1.90666         1.0037       0.638631     0.00458612
79.2        1.48034        1.25665        0.56094              0        0.04586        4.05413        1.86345       0.986896        0.70824     0.00208695
79.4        1.48836        1.30384       0.551221              0         0.0454        4.05462        1.90046       0.992237       0.665183    0.000622234
79.6        1.45328        1.27124       0.560083              0      0.0445336        4.05351        1.87586       0.968856       0.718177     0.00618857
79.8        1.48464        1.28314       0.555811              0       0.046092        4.05484        1.88504       0.989763       0.680404     0.00475372
80        1.59437        1.31601       0.524646              0      0.0432074        4.05279        1.88386        1.06291       0.564053      0.0104989
80.2        1.49826        1.38544       0.618025     0.00760871      0.0445027        4.05976        2.05557       0.998842       0.499477     0.00645024
80.4        1.57955        1.35125       0.554941              0      0.0427881        4.05443        1.94897        1.05304       0.525152    0.000753829
80.6        1.55374        1.31868       0.567603     0.00108077      0.0475606        4.05672        1.93492        1.03583       0.565581     0.00248092
80.8        1.63421        1.25481       0.556097    0.000318784      0.0425723        4.05256         1.8538        1.08947       0.558118     0.00643916
81        1.50147         1.3512       0.531147     0.00107417      0.0422618        4.05339        1.92568        1.00098       0.624627     0.00161479
81.2          1.595        1.26081         0.5589    8.63898e-06      0.0453638        4.05409        1.86508        1.06333        0.59317    0.000837903
81.4         1.4458        1.41193       0.573318    0.000985473      0.0460378        4.05711        2.03227       0.963866       0.578683    0.000360684
81.6        1.43939         1.3451       0.596024              0      0.0427278        4.05404        1.98385       0.959596       0.626074     0.00472597
81.8        1.48281        1.38299       0.580395              0      0.0444974        4.05572        2.00789       0.988542       0.552723      0.0123003
82        1.41152        1.22269       0.638792              0      0.0471902        4.05574        1.90868       0.941015       0.722047      0.0134929
82.2        1.44687         1.3024       0.553806              0      0.0470747        4.05514        1.90328       0.964579       0.700776      0.0042157
82.4        1.41635         1.2503       0.557011              0      0.0444832        4.05359        1.85179       0.944232       0.784461    0.000992375
82.6        1.39711        1.29559        0.50527              0       0.043608        4.05263        1.84447       0.931407       0.802045     0.00900095
82.8        1.43376        1.24548       0.576823              0      0.0458684        4.05464        1.86817        0.95584       0.748626     0.00408252
83         1.4262        1.30235       0.509656              0      0.0438662        4.05274        1.85587       0.950802       0.767288     0.00338044
83.2         1.4667        1.20305       0.580637              0      0.0476006        4.05386        1.83129       0.977801        0.74888       0.006991
83.4        1.46933        1.22666       0.536627              0      0.0426666        4.05185        1.80595       0.979554       0.770156     0.00640788
83.6        1.50781         1.3149        0.53597              0      0.0429366        4.05299         1.8938        1.00521       0.649848     0.00152886
83.8        1.50191        1.31594       0.610988              0      0.0457112        4.05467        1.97264        1.00127       0.565521      0.0146077
84        1.55638        1.29544       0.616004              0       0.045942        4.05622        1.95739        1.03758       0.536124     0.00632781
84.2        1.35278        1.30046       0.557102              0      0.0456675        4.05455        1.90323       0.901851       0.781877      0.0166642
84.4         1.4719        1.27451       0.575512              0      0.0443816        4.05311         1.8944       0.981264       0.680019     0.00679608
84.6        1.39335        1.34203       0.564648    6.04004e-05      0.0465557        4.05532        1.95329       0.928902       0.703114     0.00555535
84.8        1.38364        1.24864       0.618772     0.00126172      0.0479612        4.05627        1.91664        0.92243       0.751028     0.00496209
85        1.40029        1.21346       0.582569    2.36528e-06      0.0481392        4.05482        1.84417       0.933525       0.800048      0.0103175
85.2        1.60939        1.25569       0.535474              0      0.0489262        4.05473        1.84009        1.07293       0.598058     0.00719315
85.4        1.45439        1.35017       0.609066              0      0.0464016        4.05676        2.00564       0.969592       0.593888     0.00284622
85.6         1.6062        1.28876       0.560792              0      0.0443314        4.05341        1.89388         1.0708       0.548976     0.00435686
85.8        1.51611        1.33815       0.579606              0      0.0452254        4.05494        1.96299        1.01074        0.57263      0.0032116
86        1.41577        1.30375       0.586778              0        0.04788        4.05616        1.93841       0.943847       0.698116     0.00385607
86.2        1.44083         1.2534       0.556581              0      0.0481624        4.05492        1.85814       0.960556       0.746591     0.00935091
86.4        1.56309        1.26339       0.553767              0      0.0456544        4.05349        1.86281        1.04206       0.608769      0.0188253
86.6        1.45085        1.26169       0.577925              0      0.0443496        4.05377        1.88396       0.967231       0.703652      0.0153038
86.8        1.43034        1.22589       0.639066              0       0.048081        4.05605        1.91303       0.953562       0.707341     0.00533702
87        1.53978        1.21567         0.5519              0      0.0459029        4.05362        1.81347        1.02652       0.692367     0.00799613
87.2        1.46344        1.23842       0.529989              0      0.0444949        4.05283        1.81291       0.975625       0.775848    0.000637949
87.4        1.45863         1.3217       0.536864              0      0.0466082        4.05565        1.90517       0.972421       0.682893     0.00895662
87.6        1.54371         1.2049       0.635163              0      0.0499054        4.05673        1.88997        1.02914        0.62074     0.00231267
87.8        1.50725        1.24423       0.609419              0      0.0454921        4.05406        1.89914        1.00484       0.642763     0.00490841
88        1.44656        1.30608       0.540544              0      0.0420234         4.0525        1.88864       0.964371       0.710134     0.00716337
88.2        1.41967        1.30925       0.627829              0      0.0436806        4.05529        1.98076       0.946446       0.630921      0.0239442
88.4        1.59267         1.3364       0.591579              0      0.0499248        4.05649         1.9779        1.06178       0.483351     0.00257247
88.6        1.57842        1.30952       0.533848              0      0.0436648        4.05316        1.88703        1.05228       0.583869     0.00384115
88.8         1.6036        1.29447       0.592848              0      0.0443268        4.05478        1.93165        1.06906       0.517601     0.00193301
89         1.5341        1.28354        0.55242              0      0.0456616        4.05387        1.88163        1.02273       0.635071     0.00307435
89.2        1.52116        1.30273       0.660529              0      0.0469415        4.05696         2.0102        1.01411       0.514557      0.0110373
89.4        1.64602        1.34762       0.523992    0.000509338      0.0439745        4.05427        1.91609        1.09735       0.484186     0.00796647
89.6        1.56335        1.22513       0.580604              0      0.0421577        4.05283        1.84789        1.04224       0.635133     0.00645103
89.8        1.47735        1.30695       0.577169              0      0.0462909        4.05557        1.93041       0.984899       0.645046     0.00275822
90        1.56094        1.25883       0.567356              0      0.0463617        4.05479        1.87255        1.04063        0.60035       0.020948
90.2        1.51715         1.2876       0.522443              0      0.0453417        4.05405        1.85539        1.01144       0.671495      0.0100164
90.4        1.58839        1.24955       0.544428              0       0.043713         4.0532        1.83769        1.05893       0.620636     0.00649309
90.6        1.50784        1.32223       0.571543              0      0.0467486        4.05543        1.94053        1.00523       0.598256     0.00880728
90.8         1.4805        1.32525        0.52817              0      0.0472309        4.05572        1.90065       0.986998       0.670806     0.00376311
91         1.5227        1.33592       0.454235              0      0.0447218        4.05342        1.83488        1.01514       0.688471     0.00736312
91.2        1.49978        1.22318       0.543762              0      0.0456752        4.05411        1.81262       0.999851       0.736228      0.0054903
91.4        1.46468        1.27322       0.527022              0      0.0460059          4.054        1.84625       0.976451       0.740704     0.00237124
91.6        1.47848        1.21562       0.600307              0      0.0468406        4.05439        1.86277       0.985656       0.706502     0.00663462
91.8        1.43979        1.25472       0.528579              0      0.0473409        4.05362        1.83064        0.95986       0.781332     0.00185804
92        1.38272        1.36836       0.566686              0      0.0462265        4.05677        1.98127        0.92181       0.683529     0.00925018
92.2        1.55002        1.16437       0.572648              0      0.0440232        4.05115        1.78104        1.03335       0.715268     0.00482223
92.4         1.4687        1.18781       0.560557              0      0.0446001        4.05306        1.79296       0.979133       0.787658     0.00373607
92.6        1.53943        1.23641       0.592371              0      0.0465543        4.05496        1.87534        1.02628        0.62904      0.0111548
92.8        1.49351        1.22762       0.543578      0.0106957      0.0452193        4.05897        1.82712       0.995672       0.731265     0.00708461
93        1.52813        1.20401       0.634803              0      0.0456681        4.05409        1.88448        1.01876       0.640256     0.00121436
93.2        1.48351        1.33965       0.502417              0      0.0470325        4.05549         1.8891       0.989005       0.673986     0.00890099
93.4        1.46431        1.20951       0.583932              0      0.0470201        4.05391        1.84046       0.976206       0.741131      0.0080054
93.6        1.58945        1.29517       0.473417              0      0.0451825        4.05311        1.81376        1.05964       0.639624      0.0102682
93.8        1.53799        1.33219       0.586789              0      0.0443355        4.05476        1.96332        1.02533       0.549827     0.00362621
94        1.53379        1.36475       0.531755              0      0.0424609        4.05432        1.93896        1.02252       0.575345     0.00622322
94.2        1.53862        1.16789       0.632315              0      0.0441567         4.0535        1.84436        1.02575       0.666122       0.004393
94.4        1.57235        1.31944        0.54532              0      0.0452079        4.05471        1.90997        1.04823       0.570378      0.0020209
94.6        1.44818        1.31387       0.624174              0      0.0435541         4.0551         1.9816       0.965453       0.621083     0.00424366
94.8        1.59949        1.37665       0.527584              0      0.0436642        4.05393        1.94789        1.06633       0.501586     0.00495892
95         1.5448        1.31347       0.601083              0      0.0464103        4.05632        1.96096        1.02987       0.541459     0.00909898
95.2        1.57595        1.32864       0.558019              0      0.0464078        4.05506        1.93306        1.05063       0.541642     0.00440951
95.4        1.42877        1.33813       0.623957              0      0.0455068        4.05568        2.00759       0.952512       0.611496     0.00782821
95.6        1.58389        1.35235       0.497438              0      0.0449315        4.05374        1.89472        1.05593       0.564016      0.0111197
95.8        1.49698        1.23634       0.637189              0      0.0478753        4.05578         1.9214       0.997984       0.628539     0.00886135
96        1.42157        1.27597       0.532545    1.11891e-05      0.0450381        4.05403        1.85357       0.947712        0.75254      0.0263514
96.2        1.36114        1.17517       0.573205              0      0.0433399        4.05194        1.79171       0.907425       0.896045     0.00304145
96.4        1.54668        1.38047       0.588513              0      0.0481638        4.05795        2.01714        1.03112       0.489515     0.00460565
96.6        1.55918        1.29375       0.598944              0      0.0445486        4.05546        1.93724        1.03945       0.555755     0.00328967
96.8        1.59947        1.30046        0.51533              0      0.0460242        4.05596        1.86181        1.06632       0.589377     0.00529677
97        1.41711        1.32228        0.61885              0      0.0460621         4.0568        1.98719       0.944743       0.646977     0.00551674
97.2        1.47646        1.30531       0.566335              0      0.0474556        4.05657         1.9191       0.984305       0.654591     0.00642076
97.4        1.46933        1.21279       0.611419              0       0.047086        4.05528         1.8713       0.979555       0.700354      0.0142994
97.6        1.57102          1.216       0.563891              0      0.0458192        4.05387        1.82571        1.04735       0.650691      0.0064432
97.8        1.40498        1.25756       0.609276              0      0.0473906        4.05662        1.91423       0.936655       0.734191     0.00322257
98        1.47617        1.26278       0.571964              0      0.0466044         4.0553        1.88134       0.984116       0.695336     0.00244251
98.2        1.48075        1.18183       0.597562              0      0.0475893        4.05558        1.82698       0.987168       0.746258     0.00159635
98.4        1.52353        1.20154       0.551903              0      0.0470911        4.05461        1.80053        1.01569       0.727861     0.00267976
98.6        1.46522        1.26957        0.55443              0      0.0452764        4.05463        1.86927       0.976814       0.716904     0.00322731
98.8         1.5632        1.30155       0.510582              0      0.0462432        4.05458        1.85837        1.04213       0.632752    0.000254649
99        1.47679        1.32215       0.588455              0      0.0454082        4.05521        1.95602       0.984527       0.620886     0.00152085
99.2        1.56224        1.36513        0.60431      0.0146609      0.0478348        4.06534        2.03193        1.04149       0.464179     0.00699264
99.4        1.52155        1.38038       0.515953              0      0.0469617        4.05654         1.9433        1.01437       0.588724     0.00297087
99.6        1.45531         1.3341       0.586114     -0.0108854      0.0466144        4.04495        1.95595       0.970207       0.626734     0.00695505
99.8        1.50619        1.32135       0.559023    0.000732157      0.0443072         4.0549        1.92542        1.00412       0.597594      0.0257035
