time        kinetic     stretching        bending             LJ electrostatics          total      potential    temperature
0         1.5533        2.47049    7.76485e-05              0              0        4.02387        2.47057        1.03553   -1.80059e-05    1.98345e-05
0.2        1.31564        1.06836       0.223693              0              0        4.02053        1.29205       0.877094        1.28868       0.124163
0.4        1.49657       0.748172        0.46221              0              0        4.01879        1.21038       0.997713        1.29929      0.0125504
0.6        1.48247       0.679195       0.438767              0              0        4.01834        1.11796       0.988311        1.40959     0.00831981
0.8        1.61865       0.844048       0.344869              0              0        4.01996        1.18892         1.0791         1.2119    0.000492252
1        1.44893       0.967083       0.205458              0              0        4.01862        1.17254       0.965955         1.3902     0.00694776
1.2        1.61784       0.789476       0.351874   -0.000344999              0        4.01902          1.141        1.07856        1.25988    0.000301487
1.4        1.37633       0.948126       0.306437    -0.00159704              0        4.01865        1.25297       0.917553        1.37889      0.0104577
1.6        1.28117        0.83925       0.502969   -0.000533449              0        4.01954        1.34168       0.854116        1.39467     0.00200902
1.8        1.46307       0.984846       0.205212              0              0        4.01805        1.19006       0.975381         1.3637     0.00122754
2        1.46904       0.820355       0.366639              0              0        4.01817        1.18699       0.979361        1.34966      0.0124723
2.2        1.60135       0.739538       0.332804              0              0        4.01737        1.07234        1.06757        1.34063     0.00304412
2.4        1.51305       0.535305       0.544315              0              0         4.0173        1.07962         1.0087         1.4168     0.00782459
2.6        1.59822       0.722573       0.433521              0              0        4.01889        1.15609        1.06548        1.25432      0.0102493
2.8        1.63197        0.73693       0.405557              0              0        4.01836        1.14249        1.08798        1.24199     0.00191277
3        1.35254       0.809748       0.359994              0              0        4.01772        1.16974       0.901695        1.49033     0.00510883
3.2         1.3989       0.919964       0.354891   -0.000662698              0        4.02016        1.27419       0.932599         1.3415     0.00557556
3.4        1.57506       0.954359       0.406186     -0.0311157              0        4.01988        1.32943        1.05004        1.11311     0.00228041
3.6        1.52271       0.978371       0.449618     -0.0412205              0        4.01951        1.38677        1.01514        1.10508     0.00495266
3.8        1.67734        1.00406       0.325258      -0.135781              0        4.01839        1.19354        1.11823        1.14336      0.0041538
4        1.50769        0.94949       0.477614     -0.0766534              0        4.01864        1.35045        1.00513        1.15871     0.00178497
4.2        1.46297        1.08565       0.353947     -0.0030734              0        4.01886        1.43652       0.975317        1.11471     0.00464999
4.4        1.62717        1.05758       0.459095     -0.0557791              0        4.01835         1.4609        1.08478       0.925239     0.00505031
4.6        1.44162        1.06544       0.515305      -0.028348              0        4.01915         1.5524       0.961081        1.02049     0.00464113
4.8        1.48874        1.06862       0.458981     -0.0036917              0        4.01836        1.52391       0.992494       0.994549      0.0111625
5        1.49484        1.14972       0.412963              0              0        4.01917        1.56268       0.996558       0.960716    0.000929196
5.2        1.48935        1.18643       0.374838              0              0        4.01896        1.56126       0.992898       0.966621     0.00172564
5.4        1.53052        1.08474       0.487616   -0.000211311              0        4.01884        1.57214        1.02034       0.908311      0.0078652
5.6        1.52258        1.01463       0.528312              0              0        4.01875        1.54295        1.01505       0.945627     0.00759693
5.8        1.57168        1.08071       0.402936              0              0        4.01759        1.48364        1.04778       0.960192     0.00207522
6        1.33145         1.1077        0.42445   -5.53313e-05              0        4.01858        1.53209       0.887631        1.15057     0.00447281
6.2        1.41837        1.16097       0.387868      0.0080106              0        4.01824        1.55685       0.945578        1.00101      0.0420114
6.4        1.43655        1.08522       0.503938   -0.000486477              0        4.01987        1.58867       0.957697       0.990185     0.00446718
6.6        1.57497        1.04941       0.491419              0              0          4.019        1.54083        1.04998       0.889802      0.0134032
6.8        1.54718        1.13495       0.513265              0              0        4.01998        1.64821        1.03145       0.823594    0.000992779
7        1.48904        1.09619       0.458858              0              0        4.01958        1.55505        0.99269       0.965039      0.0104507
7.2        1.45986        1.02525        0.41569              0              0        4.01672        1.44094       0.973241        1.11243     0.00348632
7.4        1.42255        1.18487       0.441679              0              0        4.01971        1.62655       0.948364       0.959249      0.0113671
7.6        1.47112        1.04887       0.552987              0              0        4.01949        1.60186       0.980749       0.942551     0.00395545
7.8        1.53961        1.12558       0.489272              0              0        4.01999        1.61485         1.0264       0.860821      0.0047118
8        1.43302         1.1398       0.492247              0              0        4.02057        1.63205       0.955347       0.953934     0.00156804
8.2        1.50618        1.02644       0.552957              0              0        4.01916         1.5794        1.00412       0.908742      0.0248364
8.4        1.42073        1.11517       0.490722              0              0        4.01995         1.6059       0.947152       0.988065     0.00525836
8.6         1.4737        1.05299       0.490931   -2.00869e-05              0         4.0191         1.5439       0.982467       0.995498     0.00600055
8.8        1.39341        1.06751       0.483539   -0.000484607              0        4.01928        1.55057       0.928941        1.07443    0.000866292
9        1.43564         1.1336       0.434968              0              0        4.01875        1.56857       0.957093        0.99544      0.0190951
9.2        1.52086        1.09249       0.415935              0              0        4.01814        1.50843        1.01391       0.983925     0.00492269
9.4        1.48515        1.13854       0.498743              0              0        4.02004        1.63728       0.990098       0.891558     0.00604865
9.6        1.55405        1.10186       0.471285              0              0        4.01887        1.57314        1.03603       0.884155     0.00752222
9.8        1.51732        1.13813       0.440076   -0.000147553              0        4.01965        1.57806        1.01155       0.914893     0.00936858
10        1.58468        1.06395       0.430571    -0.00039855              0        4.01826        1.49413        1.05645       0.937991     0.00146427
10.2        1.41882        1.09193       0.520561   -9.40508e-05              0        4.01928         1.6124       0.945877       0.981252     0.00681428
10.4        1.40891        1.09102       0.535467              0              0        4.01942        1.62649       0.939271       0.982682     0.00134203
10.6         1.4042        1.06753       0.481795   -0.000488194              0        4.01819        1.54883       0.936134        1.05485      0.0103091
10.8        1.50998        1.01575        0.46203    -0.00407101              0        4.01771        1.47371        1.00665        1.02626      0.0077525
11        1.40484        1.08808       0.498855   -0.000949592              0        4.01971        1.58598       0.936559        1.02089     0.00799283
11.2        1.44767        1.06813       0.523833    -0.00132191              0        4.01977        1.59064        0.96511       0.970408      0.0110502
11.4        1.54119        1.16159        0.44309    -0.00599183              0        4.01985        1.59869        1.02746       0.879709    0.000264618
11.6        1.41918        1.04903       0.546798     -0.0043864              0        4.01865        1.59144       0.946122        1.00338     0.00464571
11.8        1.51943       0.996944       0.542178    -0.00425648              0        4.01913        1.53486        1.01295       0.959988     0.00484869
12        1.48686        1.05525       0.537572    -0.00701573              0        4.01932        1.58581        0.99124       0.941492     0.00515903
12.2        1.54104        1.02919       0.515609   -2.56983e-05              0        4.01846        1.54478        1.02736       0.929128     0.00351277
12.4        1.55766        1.04977       0.484483   -4.38371e-06              0        4.01819        1.53424        1.03844       0.917813     0.00847304
12.6        1.52391        1.09804       0.480425              0              0        4.01929        1.57846        1.01594       0.906031      0.0108834
12.8        1.43959        1.08711        0.46683              0              0         4.0187        1.55394       0.959727        1.00917      0.0160003
13        1.44057        1.10973       0.495471      -0.014014              0        4.01988        1.59119       0.960377        0.98485     0.00327165
13.2        1.45067        1.18203       0.461442     -0.0032756              0        4.02008         1.6402       0.967111       0.925073     0.00414116
13.4        1.45266        1.03554       0.510382   -0.000474108              0        4.01828        1.54545       0.968443        1.01771     0.00244624
13.6        1.42663         1.0241        0.50451   -0.000155748              0        4.01755        1.52845       0.951084        1.05666     0.00581021
13.8        1.53451        1.09388        0.54929              0              0        4.01911        1.64317          1.023       0.830023      0.0114105
14         1.4573        1.12983       0.479336    -0.00118483              0        4.01894        1.60799       0.971534        0.93598      0.0176741
14.2        1.49015        1.13459       0.460932     -0.0275129              0        4.01948        1.56801        0.99343       0.955169     0.00615526
14.4        1.43635        1.17062        0.43549     -0.0277614              0        4.01976        1.57834       0.957568        1.00348     0.00157702
14.6        1.49858        1.13137       0.545121     -0.0101846              0        4.02039        1.66631       0.999053       0.848834      0.0066679
14.8        1.48891        1.18738       0.579333     -0.0300509              0        4.02169        1.73667       0.992607       0.790585     0.00552875
15        1.44549         1.2391       0.539178     -0.0954889              0        4.02136        1.68279       0.963661       0.888516     0.00455894
15.2         1.5422        1.30272       0.533279       -0.22763              0        4.02219        1.60837        1.02813       0.870515     0.00111119
15.4        1.49331        1.26709       0.553423      -0.174168              0         4.0223        1.64634       0.995543       0.876453     0.00618564
15.6        1.55381           1.12       0.508813      -0.113089              0        4.02039        1.51572        1.03588       0.943962     0.00689503
15.8        1.47012         1.2922       0.582711      -0.167365              0        4.02303        1.70754        0.98008       0.842825     0.00254214
16        1.62712         1.3269       0.458052      -0.239823              0         4.0209        1.54513        1.08475       0.831957      0.0166844
16.2        1.50846        1.30481       0.582963      -0.167926              0        4.02182        1.71984        1.00564       0.790993     0.00251699
16.4        1.64602        1.26918        0.54146      -0.167943              0        4.01966         1.6427        1.09735       0.725387     0.00555335
16.6        1.42075        1.37471        0.54693      -0.238251              0        4.02224        1.68339       0.947168       0.908354     0.00974863
16.8        1.50553        1.36014        0.50344      -0.226113              0         4.0212        1.63747        1.00369       0.875818     0.00238561
17        1.45623        1.33785       0.514221      -0.270542              0        4.02164        1.58153       0.970822       0.980296     0.00358034
17.2        1.31185        1.34835       0.585708      -0.284266              0        4.02198        1.64979       0.874568        1.05606     0.00427307
17.4        1.52048        1.31508       0.560135      -0.247886              0        4.02146        1.62733        1.01365       0.872088     0.00156195
17.6        1.66463        1.29619       0.501069      -0.279113              0        4.02013        1.51815        1.10975       0.832369     0.00498408
17.8        1.63383        1.34992       0.533227      -0.279439              0         4.0221        1.60371        1.08922       0.777777     0.00678983
18        1.45931        1.38743       0.593702      -0.270981              0        4.02285        1.71015       0.972876        0.84462     0.00877294
18.2        1.48988        1.24567       0.619637      -0.258501              0        4.02252        1.60681       0.993252       0.923568     0.00226176
18.4        1.54669        1.21636       0.485385      -0.280119              0         4.0193        1.42163        1.03113        1.04477     0.00621265
18.6        1.48564        1.15977       0.555709      -0.304104              0        4.01969        1.41138       0.990427        1.12136     0.00130874
18.8        1.48546        1.15312       0.542614      -0.302921              0        4.01974        1.39281       0.990305        1.13752     0.00395345
19        1.44959        1.30619       0.527561      -0.381868              0        4.02141        1.45188       0.966392        1.11559     0.00434832
19.2        1.59478         1.2927       0.506751      -0.379155              0        4.01954         1.4203        1.06318        1.00261     0.00185662
19.4        1.56105        1.34727       0.553338      -0.365824              0        4.02145        1.53479         1.0407       0.923429     0.00219347
19.6        1.46523        1.26839       0.546128       -0.40665              0        4.01922        1.40787       0.976817        1.14133     0.00479527
19.8        1.38044        1.30792       0.539016      -0.384136              0        4.01993         1.4628        0.92029        1.17387     0.00282315
20        1.36559         1.2634       0.550972      -0.428065              0        4.02056        1.38631       0.910395        1.26026     0.00840552
20.2        1.55838         1.4458       0.589668      -0.406455              0         4.0226        1.62902        1.03892       0.833518     0.00168128
20.4        1.42569        1.40943       0.520523      -0.368421              0        4.02116        1.56154       0.950459        1.02556     0.00837953
20.6        1.45274        1.33409       0.599248      -0.359221              0        4.02099        1.57411       0.968495        0.99113     0.00299998
20.8         1.5145        1.37172       0.529992      -0.352769              0        4.02082        1.54894        1.00967       0.952526     0.00485469
21        1.51666         1.3611       0.588167      -0.378298              0        4.02087        1.57097        1.01111       0.917127      0.0161158
21.2        1.38232        1.41915       0.548813      -0.382515              0        4.02194        1.58545       0.921549        1.04862      0.0055504
21.4        1.57662        1.30674       0.605588      -0.411044              0        4.02117        1.50128        1.05108       0.931278      0.0119856
21.6        1.58009        1.43705       0.588717      -0.434262              0        4.02216        1.59151        1.05339       0.844095     0.00647357
21.8        1.58642        1.44743       0.551263      -0.482771              0        4.02068        1.51592        1.05762       0.908452     0.00987843
22        1.59485        1.38686        0.56957      -0.448283              0        4.02219        1.50814        1.06323       0.915824     0.00336851
22.2        1.63221        1.36271       0.545948      -0.468514              0        4.01944        1.44014        1.08814       0.942932     0.00416111
22.4         1.5211         1.3903       0.602006      -0.428783              0        4.02098        1.56353        1.01407       0.923819      0.0125391
22.6        1.32643        1.42802       0.603887      -0.477131              0        4.02229        1.55477       0.884284        1.13154     0.00955124
22.8        1.42298        1.33973       0.605554       -0.46161              0        4.02045        1.48367       0.948651        1.11238     0.00141655
23         1.4322        1.28369       0.570307      -0.430289              0        4.02079        1.42371       0.954797        1.15905     0.00583382
23.2         1.4122        1.27562       0.603826      -0.458607              0        4.02019        1.42084       0.941468        1.18395     0.00320975
23.4        1.48464        1.28682       0.593771      -0.445828              0        4.01985        1.43477       0.989759         1.0966     0.00384521
23.6        1.53231        1.36522       0.556567      -0.471316              0           4.02        1.45047        1.02154        1.02468      0.0125325
23.8        1.46073        1.29994       0.525192      -0.469358              0        4.01827        1.35578        0.97382        1.19216     0.00960192
24        1.53904        1.24689       0.602879      -0.457825              0        4.02004        1.39194        1.02602        1.07615      0.0129161
24.2        1.51707        1.18603       0.590929      -0.449643              0        4.01902        1.32732        1.01138        1.17322      0.0014085
24.4        1.45365        1.30748        0.62765       -0.46567              0        4.02095        1.46946       0.969101        1.09321     0.00462566
24.6        1.41557        1.32867        0.55805      -0.439281              0        4.02006        1.44744       0.943711        1.15344     0.00361035
24.8        1.55126        1.42292       0.563551      -0.460553              0        4.02168        1.52592        1.03417       0.938273      0.0062306
25        1.54959         1.3682       0.630198      -0.453836              0        4.02299        1.54456        1.03306       0.921674     0.00716268
25.2         1.5247        1.33407        0.56413      -0.411979              0        4.02184        1.48622        1.01647        1.00675     0.00416502
25.4        1.53354        1.31487       0.631712      -0.473887              0         4.0215         1.4727        1.02236        1.01377     0.00147877
25.6        1.59399        1.38494       0.529929      -0.451628              0        4.02062        1.46324        1.06266       0.959245     0.00414087
25.8        1.65717        1.39001       0.654726      -0.482544              0        4.02276        1.56219        1.10478       0.802365     0.00103187
26         1.5774        1.36226       0.522839      -0.467896              0        4.02103        1.41721         1.0516        1.02148     0.00494296
26.2        1.47164        1.42096       0.595502      -0.556917              0        4.02129        1.45954       0.981093        1.08993     0.00018347
26.4        1.47053        1.37893       0.624975      -0.542599              0        4.02083         1.4613       0.980352        1.08367      0.0053369
26.6        1.60171         1.3687       0.541745      -0.509282              0        4.01971        1.40116        1.06781        1.01501     0.00181927
26.8        1.55464        1.31411       0.590915      -0.511661              0        4.01968        1.39337        1.03643        1.06793      0.0037414
27         1.5171        1.39398       0.610788       -0.57578              0        4.02043        1.42899         1.0114        1.07343    0.000917098
27.2        1.51481        1.32362       0.605295      -0.510464              0        4.02035        1.41845        1.00987        1.07781     0.00927353
27.4        1.36213        1.25698       0.535875      -0.532968              0        4.01769        1.25989       0.908084        1.39113     0.00454911
27.6        1.46378        1.22863       0.603214       -0.54617              0        4.01888        1.28567       0.975853        1.26472     0.00470536
27.8        1.52022        1.24488       0.539221      -0.550313              0        4.01819        1.23379        1.01348        1.26175     0.00243179
28        1.58045        1.20176       0.579984      -0.495355              0         4.0193        1.28639        1.05364        1.14997     0.00249054
28.2        1.43276        1.26708       0.577408      -0.531126              0         4.0179        1.31336       0.955174        1.26434     0.00744047
28.4        1.44786        1.29012       0.541208      -0.515296              0        4.02013        1.31603       0.965241        1.25172     0.00451939
28.6        1.48276        1.42563       0.568287       -0.58442              0        4.02047         1.4095       0.988504         1.1211      0.0071117
28.8        1.52198        1.33614       0.589214      -0.555316              0        4.02005        1.37004        1.01466        1.11815     0.00988381
29        1.46382        1.34311       0.536438      -0.549288              0        4.01953        1.33026       0.975882        1.21455      0.0108976
29.2        1.43247        1.36611       0.621055      -0.561505              0        4.02145        1.42566       0.954982        1.16207     0.00124654
29.4        1.51558        1.42041       0.534539       -0.61211              0        4.02001        1.34284        1.01039        1.15395     0.00763177
29.6        1.42927        1.31767        0.65135      -0.533143              0        4.02161        1.43588       0.952847        1.14922     0.00724761
29.8        1.50083        1.29845       0.584218      -0.584314              0        4.01897        1.29835        1.00056        1.21879    0.000997527
30        1.47676        1.31744       0.570454      -0.621631              0        4.01994        1.26626       0.984506        1.27352     0.00339522
30.2         1.4953        1.31798       0.539211      -0.569613              0         4.0199        1.28758       0.996868        1.23538      0.0016408
30.4        1.51141        1.34374       0.612762      -0.597124              0        4.02053        1.35937        1.00761        1.13993     0.00981484
30.6        1.63461        1.36043       0.598402      -0.571381              0        4.02112        1.38745        1.08974       0.998174     0.00088294
30.8        1.33646        1.29094        0.55061      -0.653657              0        4.01859        1.18789       0.890975        1.48106      0.0131855
31        1.65237        1.39556       0.583535      -0.623698              0        4.02065         1.3554        1.10158        1.01049     0.00239287
31.2         1.5146        1.47848        0.60088      -0.668399              0        4.02224        1.41096        1.00973        1.08811     0.00856053
31.4        1.48686        1.44331       0.637746      -0.615228              0        4.02227        1.46583       0.991239        1.06733     0.00225381
31.6         1.4632        1.36232       0.642008      -0.614741              0        4.02175        1.38958       0.975465         1.1663      0.0026742
31.8        1.45759        1.36873       0.546884       -0.59689              0        4.02027        1.31873       0.971724        1.23939     0.00456759
32        1.44906        1.38274       0.636619      -0.603231              0        4.02189        1.41612       0.966041        1.14987     0.00683371
32.2        1.57163        1.40047        0.57476       -0.62163              0        4.02121         1.3536        1.04775        1.09482     0.00116444
32.4         1.5799        1.38321       0.602299      -0.640149              0         4.0216        1.34536        1.05327        1.09508     0.00125752
32.6        1.36243         1.4226       0.581963      -0.652228              0        4.02168        1.35233       0.908283        1.29766      0.0092608
32.8        1.49133        1.32675       0.561778      -0.679141              0         4.0202        1.20938       0.994217        1.31486     0.00463352
33        1.43508         1.2972        0.60872       -0.68268              0        4.02036        1.22324       0.956721        1.35777     0.00427445
33.2        1.53917        1.23811       0.535031       -0.70752              0        4.01831        1.06562        1.02611        1.40459     0.00893549
33.4        1.51282        1.28576        0.56948      -0.720058              0        4.01861        1.13518        1.00855        1.36313     0.00746591
33.6        1.52906         1.3749       0.522277      -0.768392              0        4.01918        1.12878        1.01937        1.35749     0.00384764
33.8        1.32348        1.33639       0.579696      -0.686959              0        4.01922        1.22913        0.88232        1.46087     0.00573562
34        1.49177        1.32521       0.534899      -0.728482              0        4.01741        1.13162       0.994514        1.38874      0.0052788
34.2        1.41342         1.3708       0.500855      -0.681739              0        4.01894        1.18991       0.942279        1.40609     0.00951407
34.4        1.45237         1.3208       0.563236      -0.663643              0        4.01957        1.22039        0.96825          1.341     0.00581035
34.6        1.57796        1.27148       0.572925      -0.645128              0        4.01837        1.19928        1.05197        1.23894      0.0021907
34.8        1.52709        1.35704       0.626837      -0.701163              0        4.02141        1.28271        1.01806        1.21069    0.000921051
35        1.53522        1.40375       0.607209      -0.737971              0         4.0213        1.27299        1.02348        1.20788     0.00521275
35.2        1.61962        1.39291       0.591516      -0.738095              0        4.01921        1.24633        1.07975        1.14875     0.00451643
35.4        1.51187        1.38393       0.533951       -0.72292              0        4.01931        1.19496        1.00791        1.29661      0.0158668
35.6        1.48958         1.3704       0.628856      -0.730374              0        4.01943        1.26888       0.993053        1.25543      0.0055337
35.8        1.53567        1.40524       0.652862      -0.750906              0        4.01963         1.3072        1.02378        1.17314     0.00362625
36        1.54322        1.43431       0.608934      -0.788006              0        4.01956        1.25524        1.02881        1.21843     0.00267573
36.2        1.48937        1.32788       0.608883      -0.771338              0        4.01815        1.16543       0.992916        1.35707     0.00627476
36.4        1.53784         1.3939        0.55692      -0.683774              0        4.01925        1.26705        1.02522        1.21187     0.00249661
36.6        1.60019         1.3673       0.615039      -0.704775              0        4.02047        1.27757        1.06679        1.13935     0.00336908
36.8        1.53855        1.41711       0.540998      -0.777946              0        4.01829        1.18016         1.0257        1.29238     0.00720191
37        1.54805        1.37353       0.566646      -0.785083              0        4.01815        1.15509        1.03204        1.31318     0.00182292
37.2        1.54945        1.24714       0.574379      -0.725742              0        4.01781        1.09578        1.03297        1.37061     0.00196472
37.4        1.49426        1.37986       0.614402      -0.796666              0        4.02021        1.19759       0.996171        1.32204     0.00632531
37.6        1.47499        1.41534       0.593694      -0.731603              0        4.02021        1.27744       0.983323        1.25685      0.0109415
37.8        1.56661         1.4692        0.57006      -0.742487              0        4.02031        1.29677        1.04441        1.15314     0.00379023
38        1.60831        1.37559       0.671647      -0.734169              0        4.02047        1.31306        1.07221        1.09354     0.00555945
38.2        1.64748        1.27279       0.556772       -0.71098              0        4.01932        1.11858        1.09832        1.25203     0.00122226
38.4        1.61352        1.39304       0.591674      -0.773744              0        4.01813        1.21097        1.07568        1.17989      0.0137433
38.6         1.4296        1.43752       0.566299      -0.705029              0        4.01997        1.29879       0.953069        1.28885       0.002727
38.8        1.43308        1.35621       0.579114      -0.718919              0        4.01807        1.21641       0.955388        1.36155     0.00702693
39        1.44313         1.3122       0.568047      -0.738098              0         4.0166        1.14215       0.962087        1.43067    0.000659381
39.2        1.37257        1.29667       0.550403      -0.706711              0        4.01735        1.14036       0.915048        1.49943     0.00498941
39.4        1.41462        1.35964        0.57881      -0.721024              0        4.01854        1.21743       0.943081        1.38288     0.00361086
39.6         1.4463        1.31146       0.586954      -0.716888              0        4.01753        1.18153       0.964201        1.38629     0.00341539
39.8        1.51326        1.35617       0.549984      -0.768895              0        4.01732        1.13726        1.00884        1.36301     0.00380375
40        1.50854         1.2745       0.546564      -0.722687              0        4.01619        1.09838        1.00569         1.4056     0.00366745
40.2        1.44795        1.33298       0.554435      -0.750196              0        4.01795        1.13722       0.965299        1.42069      0.0120923
40.4        1.48858        1.31921       0.588676      -0.724883              0        4.01817        1.18301       0.992384        1.34247      0.0041236
40.6         1.3897         1.3399       0.591603      -0.706057              0        4.01875        1.22545       0.926467        1.38841      0.0151882
40.8        1.55109        1.30637       0.571436      -0.694628              0        4.01825        1.18317        1.03406        1.27854     0.00543818
41         1.5856        1.37231        0.59988      -0.730087              0        4.01939         1.2421        1.05707        1.19049     0.00120106
41.2        1.56872         1.4488       0.632406      -0.754676              0        4.02096        1.32653        1.04581        1.12221     0.00349892
41.4        1.51473        1.49246       0.576787      -0.733292              0        4.02121        1.33595        1.00982        1.16639     0.00413989
41.6        1.63543         1.3402       0.537853      -0.778966              0        4.01748        1.09909        1.09028        1.27943     0.00353022
41.8        1.50237        1.47446       0.616796       -0.79265              0        4.02085        1.29861        1.00158        1.21568     0.00417939
42          1.542        1.41995       0.564995      -0.823257              0        4.01886        1.16169          1.028        1.30782     0.00734409
42.2         1.4992        1.39961       0.535342      -0.702282              0        4.01893        1.23267       0.999469        1.27414      0.0129104
42.4        1.47224        1.40122       0.550016      -0.694041              0        4.01947         1.2572       0.981493        1.28816     0.00187924
42.6        1.50223        1.38272       0.565684      -0.745881              0        4.01864        1.20252        1.00149         1.3059      0.0079911
42.8        1.44298        1.30995       0.593749      -0.712502              0        4.01758         1.1912       0.961985        1.38147     0.00193775
43        1.52625        1.31712        0.59013      -0.764758              0        4.01768        1.14249         1.0175        1.34057     0.00837163
43.2        1.53168        1.23954       0.603281      -0.683336              0        4.01852        1.15948        1.02112        1.31953     0.00783012
43.4         1.4635        1.33048       0.606678      -0.697843              0        4.01957        1.23932       0.975665        1.31494     0.00180906
43.6        1.46059        1.34071       0.552697      -0.695578              0        4.01734        1.19783       0.973729        1.35235     0.00657127
43.8        1.41342        1.41777        0.62366      -0.735046              0        4.01959        1.30639       0.942279        1.29546     0.00432113
44          1.573        1.38317       0.609168      -0.791581              0        4.01832        1.20076        1.04867        1.24046     0.00410345
44.2        1.53482        1.36504       0.590585      -0.735754              0        4.01916        1.21987        1.02322         1.2586     0.00586826
44.4         1.4294        1.33234        0.59411      -0.738719              0        4.01912        1.18773       0.952933        1.39637     0.00561083
44.6        1.42608        1.29317        0.56973      -0.707205              0        4.01779         1.1557       0.950723        1.43463      0.0013746
44.8        1.51871        1.30236       0.540053        -0.7211              0        4.01708        1.12131        1.01247         1.3753     0.00176785
45        1.49672        1.31738       0.626911      -0.725502              0        4.01766        1.21879       0.997811        1.29797      0.0041863
45.2        1.58848        1.34889       0.580559      -0.721834              0        4.01898        1.20761        1.05899        1.21623     0.00665683
45.4        1.44066        1.42372       0.599218      -0.717265              0        4.02045        1.30568       0.960441        1.26871     0.00540302
45.6        1.47318        1.37289       0.559064      -0.776809              0        4.01771        1.15515       0.982118        1.38138     0.00800261
45.8        1.49839        1.47955       0.526712       -0.73038              0        4.01924        1.27588       0.998923        1.23368      0.0112972
46          1.539        1.32184       0.568885      -0.675448              0        4.01793        1.21527          1.026        1.26088     0.00277594
46.2        1.42922        1.41269       0.537473      -0.729423              0        4.01706        1.22074       0.952812        1.36079     0.00632054
46.4        1.49267        1.40814       0.564472      -0.778035              0        4.01849        1.19457       0.995112        1.32502     0.00622469
46.6        1.45108        1.38313       0.609807       -0.74883              0        4.01901        1.24411       0.967385        1.30244      0.0213814
46.8        1.59847        1.33049       0.589835      -0.792371              0        4.01674        1.12796        1.06565        1.27686      0.0134617
47        1.61757        1.38446       0.491556      -0.749957              0        4.01782        1.12606        1.07838        1.27107     0.00311574
47.2         1.5268        1.37758       0.582348       -0.79072              0        4.01885         1.1692        1.01787        1.31838     0.00446512
47.4        1.51565        1.37165       0.554596      -0.744417              0        4.01837        1.18183        1.01043        1.31312     0.00777855
47.6        1.43664        1.33797       0.503086      -0.715379              0        4.01676        1.12568       0.957762        1.44654     0.00789666
47.8        1.42032        1.28641       0.597663      -0.718077              0        4.01816        1.16599       0.946879        1.42391     0.00793576
48        1.41729        1.34121       0.559784      -0.692033              0        4.01842        1.20897       0.944858         1.3906     0.00157026
48.2        1.44956        1.38751       0.583072      -0.733471              0         4.0196        1.23711       0.966376        1.33098     0.00194631
48.4         1.6358        1.31963       0.592575      -0.726328              0         4.0189        1.18588        1.09053        1.19304     0.00417785
48.6        1.44729        1.37935       0.639551      -0.726598              0        4.02042        1.29231       0.964858        1.27435     0.00646938
48.8        1.50845        1.38333       0.651277      -0.725185              0        4.02066        1.30942        1.00563        1.19339     0.00940377
49          1.476        1.41129       0.564676      -0.705791              0        4.01873        1.27018       0.983999        1.27056     0.00199303
49.2        1.53652        1.36417       0.538685      -0.690909              0         4.0184        1.21195        1.02435        1.26182     0.00811013
49.4          1.452        1.38839        0.56445      -0.741544              0        4.01889        1.21129       0.968001        1.35249     0.00310159
49.6        1.62155        1.37723       0.561418      -0.710895              0        4.01835        1.22776        1.08104        1.16483     0.00420798
49.8        1.36388        1.35288       0.547325      -0.756044              0        4.01859        1.14417       0.909255        1.50166     0.00888216
50        1.46745        1.36456       0.595464      -0.661375              0        4.01953        1.29865       0.978302         1.2477     0.00572808
50.2        1.49209        1.36692       0.495996      -0.748172              0        4.01791        1.11474       0.994727        1.39867      0.0124142
50.4        1.54356        1.23464       0.599556      -0.707112              0        4.01755        1.12708        1.02904        1.33841     0.00849741
50.6        1.45365        1.37627       0.605877      -0.751552              0        4.01996         1.2306       0.969099        1.32911     0.00660154
50.8        1.40179        1.42621       0.556814      -0.721593              0        4.02079        1.26143       0.934526        1.35494     0.00262935
51        1.41624         1.2869       0.587524      -0.723371              0        4.01753        1.15105       0.944161        1.44394     0.00628734
51.2        1.46895        1.42006       0.558452      -0.663993              0        4.02025        1.31452       0.979302        1.22379      0.0129964
51.4        1.48857        1.36051       0.655647      -0.732611              0        4.02054        1.28355        0.99238        1.24395     0.00446525
51.6         1.7052         1.3606       0.545613       -0.72463              0        4.01832        1.18159         1.1368        1.12889     0.00264455
51.8        1.52041        1.34343       0.651306      -0.702586              0        4.02072        1.29215        1.01361        1.20371     0.00445564
52        1.59646        1.26404       0.581811      -0.725569              0        4.01798        1.12028        1.06431        1.29748      0.0037576
52.2        1.53268        1.37743       0.516653      -0.670533              0        4.01966        1.22355        1.02179        1.26184     0.00159799
52.4        1.55934        1.37991       0.560652      -0.721866              0        4.02031         1.2187        1.03956        1.23864     0.00363488
52.6        1.45535        1.45134       0.538789      -0.707406              0         4.0214        1.28272       0.970236        1.27818     0.00514165
52.8        1.51779        1.57658       0.511479      -0.716968              0        4.02201        1.37109        1.01186         1.1298     0.00332085
53        1.58559        1.34044       0.599811      -0.713986              0          4.021        1.22626        1.05706        1.20657     0.00258098
53.2        1.49898        1.35094       0.628088      -0.739329              0        4.02065         1.2397       0.999318        1.27647     0.00550826
53.4        1.44667        1.39275       0.563872      -0.723712              0        4.02054        1.23291       0.964446        1.33345     0.00750082
53.6        1.44931        1.34351       0.563209      -0.735346              0        4.01983        1.17137       0.966207        1.39543     0.00372925
53.8        1.41709        1.35634       0.510571      -0.721748              0        4.01907        1.14517       0.944726        1.45213     0.00468409
54        1.41157        1.31138       0.518424      -0.726487              0        4.01856        1.10331       0.941049         1.5002     0.00347337
54.2        1.36547        1.33617       0.543838      -0.748779              0        4.01861        1.13123       0.910312        1.52042     0.00149356
54.4         1.3117        1.37838       0.547654      -0.729891              0        4.01965        1.19614       0.874467         1.4965      0.0153068
54.6        1.46327        1.28203       0.550043      -0.748076              0        4.01956          1.084       0.975516        1.47007      0.0022097
54.8        1.30938        1.45503        0.56721      -0.735646              0        4.02137        1.28659       0.872923        1.41806     0.00732432
55         1.4464        1.31544       0.583177      -0.777529              0        4.01891        1.12109       0.964268        1.43771      0.0137093
55.2         1.4571        1.30708       0.520569      -0.704207              0        4.01889        1.12344       0.971403        1.43341     0.00493958
55.4        1.51559        1.34954       0.482755       -0.73764              0        4.01814        1.09466        1.01039        1.40451     0.00338418
55.6        1.49326        1.39201       0.627853      -0.763069              0        4.02094        1.25679       0.995506        1.25985      0.0110311
55.8        1.49015         1.4909       0.557252      -0.750319              0        4.02225        1.29783        0.99343        1.22594     0.00833384
56        1.52039        1.48076       0.567173      -0.722599              0        4.02224        1.32533        1.01359        1.16632      0.0102033
56.2        1.52945         1.4344       0.596326        -0.7225              0        4.02198        1.30822        1.01964        1.17679      0.0075124
56.4        1.47976        1.46585       0.613482      -0.730501              0        4.02192        1.34883        0.98651        1.18016      0.0131651
56.6        1.43136        1.26723       0.618116      -0.718798              0         4.0213        1.16655        0.95424        1.41883     0.00456551
56.8        1.40153        1.41465       0.492529      -0.757371              0        4.01993        1.14981       0.934352        1.46273      0.0058682
57         1.4579        1.30837       0.585591      -0.730003              0        4.02006        1.16395       0.971932        1.39162     0.00658675
57.2        1.41697         1.4046       0.527161       -0.77563              0        4.02014        1.15613        0.94465        1.44106     0.00597106
57.4        1.46315        1.33933        0.58794      -0.734503              0        4.02034        1.19277       0.975432        1.36157     0.00285115
57.6        1.37641        1.32861       0.637569       -0.70902              0        4.02073        1.25716       0.917604        1.38252     0.00464103
57.8        1.44651        1.38389       0.547501      -0.760192              0        4.01921         1.1712       0.964343        1.39987      0.0016299
58        1.45386        1.38061       0.530604      -0.739003              0        4.01954        1.17221       0.969243        1.39243     0.00103505
58.2        1.55353        1.28344       0.562857      -0.731936              0        4.01883        1.11436        1.03569        1.33894       0.011991
58.4        1.48879        1.20439       0.588826      -0.709437              0        4.01834        1.08378       0.992525        1.44349     0.00227654
58.6        1.46075        1.38303        0.60199      -0.738504              0        4.02124        1.24651       0.973831        1.30573     0.00824715
58.8        1.62613        1.31804       0.584539      -0.703824              0        4.02116        1.19875        1.08409         1.1954     0.00087529
59        1.53786        1.38755       0.573283      -0.725631              0        4.02028         1.2352        1.02524        1.24315     0.00406212
59.2        1.50236        1.44987       0.603653       -0.71822              0        4.02265         1.3353        1.00158        1.18381     0.00116582
59.4        1.56905        1.37589        0.51689      -0.700346              0        4.02003        1.19243        1.04603        1.25616     0.00237968
59.6        1.44586        1.36129       0.546305      -0.731159              0        4.02038        1.17644       0.963904        1.39254     0.00554143
59.8        1.38014        1.39706       0.573038      -0.691842              0        4.02209        1.27826       0.920091          1.361     0.00269823
60        1.49616        1.23916       0.622205      -0.756605              0        4.02004        1.10476       0.997439        1.41431     0.00481665
60.2        1.49071        1.40322       0.570353      -0.727199              0         4.0211        1.24637       0.993806        1.27241      0.0116114
60.4        1.60702        1.39986       0.598411       -0.72262              0        4.02121        1.27566        1.07135        1.12176      0.0167719
60.6        1.44794        1.39225       0.566444      -0.740572              0        4.02166        1.21813       0.965292        1.34382      0.0117723
60.8          1.515        1.37439       0.572198      -0.746392              0        4.02111         1.2002           1.01         1.2964     0.00950859
61        1.55454        1.38884       0.558874      -0.695978              0        4.02236        1.25174        1.03636        1.21553    0.000547047
61.2        1.55789        1.37192       0.587251      -0.801639              0        4.02118        1.15753        1.03859         1.3038     0.00195897
61.4        1.52461        1.46351       0.575449      -0.766684              0        4.02143        1.27227        1.01641        1.22295     0.00159669
61.6        1.51059        1.44841       0.595928      -0.733895              0        4.02264        1.31044        1.00706        1.19623      0.0053851
61.8        1.51404        1.32598       0.639511       -0.68947              0        4.02119        1.27602        1.00936        1.22371     0.00741236
62        1.49251        1.30453       0.668147      -0.780648              0        4.02085        1.19203       0.995007        1.33336      0.0029456
62.2        1.50049        1.37017       0.568902      -0.710627              0        4.02101        1.22845        1.00033        1.28159       0.010487
62.4        1.44098        1.44701         0.5676      -0.728392              0         4.0228        1.28621       0.960653        1.29461    0.000993869
62.6          1.589        1.39595       0.528799      -0.716049              0        4.02103         1.2087        1.05933        1.21804     0.00528735
62.8        1.58343        1.41953       0.560662      -0.730093              0        4.02203         1.2501        1.05562        1.18581     0.00268378
63        1.54141        1.35663       0.539841      -0.719987              0        4.02063        1.17648         1.0276        1.30098     0.00176021
63.2         1.5298        1.36562       0.607548      -0.709815              0         4.0216        1.26335        1.01987          1.226     0.00244088
63.4        1.48803        1.36017       0.634295      -0.729106              0        4.02114        1.26536       0.992018        1.26683    0.000919902
63.6        1.51104        1.35183       0.669711      -0.766102              0        4.02188        1.25543        1.00736        1.24439      0.0110186
63.8         1.5693        1.37432       0.585406      -0.777687              0        4.02041        1.18203         1.0462         1.2633     0.00577003
64        1.59615        1.35642       0.526026      -0.734534              0        4.01997        1.14791         1.0641         1.2735     0.00239957
64.2        1.43806        1.37901       0.620516      -0.747251              0        4.02203        1.25227       0.958709        1.32764     0.00405547
64.4        1.44937        1.41607       0.560503      -0.745037              0         4.0217        1.23154       0.966244        1.33312     0.00767444
64.6          1.503        1.34821       0.472064      -0.726195              0        4.01948        1.09408          1.002        1.41522     0.00717188
64.8        1.50382        1.39889       0.538466      -0.734851              0        4.02126         1.2025        1.00255        1.30566      0.0092785
65        1.54589        1.30881        0.54768      -0.698323              0        4.01933        1.15817         1.0306        1.30154      0.0137229
65.2        1.42828        1.31217       0.618987      -0.734393              0         4.0209        1.19676       0.952188        1.39049     0.00536994
65.4        1.54951        1.41879       0.565568      -0.723599              0        4.02133        1.26076        1.03301        1.19759      0.0134697
65.6        1.68671        1.43247       0.584303      -0.752604              0        4.02108        1.26417        1.12447        1.06662     0.00357737
65.8        1.59393        1.40075       0.557194      -0.762948              0        4.02038          1.195        1.06262        1.22777     0.00367975
66        1.51325        1.43867       0.578005      -0.723741              0        4.02138        1.29293        1.00883        1.21265     0.00255385
66.2        1.48599         1.3871       0.587262      -0.801138              0        4.02039        1.17322       0.990661        1.35527     0.00590555
66.4        1.49108        1.38239       0.584388      -0.737256              0        4.02114        1.22952       0.994056        1.29488     0.00565006
66.6        1.59039        1.33407        0.57972      -0.748052              0        4.02026        1.16574        1.06026        1.25319      0.0109427
66.8        1.67173        1.32448       0.564159      -0.718711              0        4.01917        1.16993        1.11449        1.17583     0.00168013
67        1.52725        1.40381       0.572116      -0.771721              0        4.02162        1.20421        1.01817        1.28247      0.0076918
67.2        1.44412        1.43369       0.586058      -0.764085              0        4.02133        1.25566       0.962749        1.31726     0.00429028
67.4        1.49393        1.42728       0.537665      -0.850152              0        4.01962         1.1148        0.99595        1.40666     0.00423056
67.6        1.47334        1.41539       0.543103      -0.853772              0        4.01912        1.10472       0.982229         1.4369     0.00415728
67.8        1.50575        1.43094       0.561481      -0.751332              0        4.01995        1.24109        1.00384         1.2714     0.00170367
68        1.57697        1.37714       0.548293      -0.800232              0        4.01966         1.1252        1.05132        1.31086     0.00662664
68.2        1.53398        1.48386       0.522632      -0.793038              0        4.02004        1.21345        1.02265        1.26785     0.00476939
68.4        1.58411        1.45311       0.541276      -0.751983              0        4.02034         1.2424        1.05607        1.18738      0.0064491
68.6        1.52117        1.37818       0.574589      -0.726314              0        4.01994        1.22645        1.01411        1.26757     0.00474933
68.8        1.47781        1.44053       0.557535      -0.682565              0        4.02133         1.3155       0.985205        1.22206     0.00596549
69        1.52536        1.33008       0.629686      -0.752076              0        4.02036        1.20769        1.01691        1.28076     0.00655678
69.2          1.523         1.3346        0.59075       -0.75606              0        4.01883        1.16929        1.01533        1.32226     0.00427447
69.4         1.4814        1.39122       0.610433      -0.758566              0        4.01992        1.24309       0.987597        1.29146     0.00397202
69.6        1.54419        1.37058       0.556655       -0.73297              0         4.0193        1.19426        1.02946        1.27805     0.00279883
69.8        1.56802        1.42206       0.606569       -0.77769              0        4.02102        1.25093        1.04534        1.18958      0.0124875
70        1.60236        1.31341       0.592679      -0.727983              0        4.01834        1.17811        1.06824         1.2357     0.00218171
70.2         1.3708        1.39051       0.581577      -0.723169              0        4.01923        1.24892       0.913864        1.39203     0.00748814
70.4        1.43537        1.38393       0.560105      -0.717706              0        4.01953        1.22633       0.956916        1.33265      0.0251813
70.6        1.60223        1.30999       0.555559      -0.741828              0        4.01712        1.12373        1.06815         1.2887     0.00246986
70.8        1.52556        1.22818       0.618864      -0.706728              0        4.01815        1.14031        1.01704        1.34679      0.0054928
71        1.50724          1.366        0.60436       -0.68083              0         4.0205        1.28953        1.00483        1.21907     0.00465329
71.2         1.4664        1.40726       0.570742       -0.77122              0        4.01867        1.20679       0.977598        1.33714     0.00834842
71.4        1.45483        1.25055        0.60578      -0.766037              0        4.01672        1.09029       0.969888        1.46698     0.00461513
71.6        1.58756        1.40286       0.625333       -0.73186              0        4.02127        1.29633        1.05837        1.13329     0.00408979
71.8        1.60508        1.37957       0.593023      -0.733653              0        4.01932        1.23894        1.07006        1.16589     0.00940408
72        1.68448        1.33549       0.553852      -0.728969              0        4.01886        1.16037        1.12299        1.17082     0.00318394
72.2        1.57626        1.27414       0.616612      -0.697341              0          4.019        1.19341        1.05084        1.24341     0.00592057
72.4        1.48577        1.28261       0.615309      -0.690532              0         4.0187        1.20739       0.990515        1.31919      0.0063482
72.6        1.63333         1.2879         0.5474      -0.688918              0        4.01848        1.14638        1.08889          1.237     0.00177108
72.8        1.43533        1.31162       0.591496      -0.731558              0        4.01934        1.17155       0.956889        1.40751     0.00493977
73        1.56894         1.3465       0.530082      -0.722841              0        4.01823        1.15374        1.04596        1.28917      0.0063863
73.2        1.46832        1.42497       0.624843      -0.762057              0        4.01949        1.28775       0.978881        1.25936     0.00406566
73.4        1.56047        1.28247       0.545174      -0.661013              0        4.01797        1.16663        1.04032        1.27622       0.014653
73.6        1.41394        1.46782       0.570379      -0.787169              0        4.01999        1.25103       0.942626         1.3481     0.00691686
73.8        1.47406        1.35312       0.595897      -0.762479              0        4.01985        1.18654       0.982709        1.33854      0.0207069
74        1.43355          1.534       0.643149      -0.758541              0        4.02214         1.4186       0.955698        1.15931      0.0106727
74.2        1.68898        1.33939       0.632116      -0.759323              0        4.01778        1.21218        1.12599        1.10877      0.0078424
74.4        1.58558        1.42127       0.606532      -0.734734              0        4.01964        1.29307        1.05706        1.13852     0.00246743
74.6        1.67074        1.32715       0.600696      -0.744668              0        4.01917        1.18318        1.11383        1.15631      0.0089333
74.8        1.54175        1.27732       0.625663      -0.726514              0        4.01948        1.17647        1.02784        1.28191       0.019346
75        1.56112        1.37567        0.52125      -0.744094              0        4.01723        1.15283        1.04074        1.29778     0.00550639
75.2        1.49391        1.41457       0.563039      -0.699927              0        4.01985        1.27768       0.995937        1.24184     0.00642433
75.4        1.47944        1.40186       0.542428       -0.72506              0        4.02027        1.21923       0.986293        1.30624      0.0153559
75.6        1.45452        1.30379       0.620256        -0.7115              0        4.01892        1.21255       0.969678        1.33603      0.0158246
75.8        1.56385        1.27062       0.553759      -0.716256              0        4.01797        1.10813        1.04257        1.33964      0.0063408
76        1.50475        1.37895       0.558268       -0.73919              0        4.01907        1.19802        1.00317        1.31501     0.00128288
76.2        1.48302         1.3863       0.627283      -0.721796              0        4.02052        1.29178       0.988679        1.23784     0.00787848
76.4         1.5225        1.35045        0.54288      -0.709098              0        4.01972        1.18423          1.015        1.31264      0.0003484
76.6        1.49486        1.30564       0.558203      -0.732643              0        4.01757         1.1312       0.996573        1.38815     0.00335703
76.8        1.53298        1.34315       0.627587      -0.712825              0        4.01984        1.25791        1.02199         1.2214     0.00755478
77        1.58264        1.34705       0.596013      -0.746845              0        4.01912        1.19622        1.05509        1.23298      0.0072801
77.2        1.48972         1.3635       0.585522      -0.759301              0        4.01923        1.18972       0.993147        1.33803     0.00175329
77.4        1.51609        1.30919       0.568226      -0.760164              0        4.01781        1.11725        1.01073         1.3818     0.00266033
77.6        1.56147        1.27823       0.569955      -0.720783              0        4.01868         1.1274        1.04098        1.32554     0.00427177
77.8        1.38239         1.4115       0.500429      -0.654228              0        4.01936         1.2577       0.921596        1.37035     0.00892457
78        1.47481        1.34332       0.572317      -0.698663              0         4.0185        1.21697       0.983209        1.32168     0.00503299
78.2        1.47372        1.46301        0.54599      -0.746347              0         4.0199        1.26265       0.982482        1.28015     0.00337093
78.4         1.4837        1.38028       0.573337      -0.736702              0        4.01905        1.21691       0.989132        1.31562     0.00282006
78.6        1.48318        1.38075       0.533178      -0.775876              0        4.01906        1.13805       0.988787        1.39194     0.00588798
78.8        1.53745        1.43616       0.602854      -0.771127              0        4.02065        1.26789        1.02497        1.20821     0.00709849
79         1.5271        1.30494       0.593127       -0.69492              0        4.01851        1.20315        1.01807        1.28513     0.00313144
79.2        1.64308        1.30741       0.530171      -0.745078              0        4.01623         1.0925        1.09539        1.27901     0.00163366
79.4        1.60983        1.36338       0.555896      -0.725442              0        4.01907        1.19383        1.07322        1.20923     0.00618377
79.6        1.36852        1.30016       0.523507      -0.735623              0        4.01728        1.08804       0.912344        1.55615     0.00456962
79.8        1.42965        1.42826       0.548785      -0.772337              0        4.01851        1.20471         0.9531         1.3819     0.00225121
80        1.41537        1.35658       0.549253      -0.717922              0        4.01902        1.18791       0.943583        1.40415      0.0115881
80.2        1.37931        1.32217       0.534599      -0.745419              0        4.01683        1.11135       0.919538        1.52125     0.00492812
80.4        1.48542        1.42314       0.582475      -0.709257              0         4.0202        1.29636       0.990283        1.22978       0.008639
80.6        1.48717        1.48832       0.530271      -0.761452              0        4.01984        1.25714       0.991447        1.27086     0.00466902
80.8         1.4582        1.36107        0.63238      -0.782693              0        4.01805        1.21075       0.972134        1.34604     0.00304963
81        1.47312        1.41891       0.521467      -0.737725              0        4.01906        1.20265       0.982078         1.3376     0.00568891
81.2        1.48804        1.30619       0.583623      -0.710826              0        4.01765        1.17899       0.992023        1.34805     0.00258239
81.4        1.44107        1.27943       0.546466      -0.704681              0        4.01685        1.12122       0.960711        1.44944     0.00512841
81.6        1.36009        1.45118       0.563058      -0.771538              0        4.01866         1.2427       0.906727         1.4129     0.00296677
81.8        1.51627        1.35722       0.570842      -0.773397              0        4.01838        1.15467        1.01085        1.34636     0.00107893
82        1.46888        1.26926       0.601234      -0.723686              0        4.01805        1.14681       0.979256        1.39787     0.00448457
82.2        1.44042        1.42121       0.617917      -0.751754              0           4.02        1.28737       0.960277        1.28603     0.00618305
82.4         1.5196        1.39027       0.582893      -0.717994              0        4.01985        1.25517        1.01307        1.24232     0.00276335
82.6        1.39707        1.44955       0.584155      -0.776677              0           4.02        1.25703        0.93138          1.359     0.00690233
82.8        1.41164         1.3373       0.555108      -0.732423              0        4.01748        1.15998       0.941096        1.44307      0.0027843
83        1.36091        1.27133       0.597437      -0.695065              0        4.01774         1.1737       0.907274         1.4679       0.015229
83.2        1.38091        1.46265       0.472956      -0.770074              0        4.01804        1.16554       0.920609        1.47121    0.000387082
83.4         1.4343        1.34512       0.568851      -0.762104              0        4.01727        1.15187       0.956197         1.4262     0.00491354
83.6          1.506        1.54465       0.563595      -0.747585              0        4.01891        1.36066          1.004        1.14581     0.00643545
83.8        1.48057        1.44397       0.570536       -0.74179              0        4.01969        1.27272       0.987048        1.26319     0.00320685
84         1.4981        1.44241       0.546641      -0.765711              0        4.01787        1.22334       0.998731        1.28289      0.0135455
84.2        1.52051        1.37397       0.531031      -0.706096              0        4.01825         1.1989        1.01367        1.29498     0.00386493
84.4        1.44461        1.39293       0.563867      -0.710854              0        4.01891        1.24594       0.963077        1.32323      0.0051277
84.6        1.48241        1.35663       0.591428      -0.755797              0          4.018        1.19226       0.988274        1.33575     0.00757088
84.8        1.48964        1.38304       0.560899      -0.754389              0        4.01866        1.18955       0.993095        1.32999      0.0094665
85          1.575        1.31102       0.606312      -0.721491              0        4.01756        1.19584           1.05        1.24386     0.00286602
85.2        1.43415        1.40627        0.59173      -0.703868              0        4.01993        1.29413         0.9561         1.2909    0.000741954
85.4        1.48652        1.35856       0.633991      -0.689429              0        4.01909        1.30312       0.991016        1.22849    0.000953953
85.6        1.49887        1.45563       0.547858      -0.718394              0        4.01931        1.28509       0.999246        1.23343     0.00191601
85.8         1.4823        1.41779       0.567233      -0.751579              0        4.01855        1.23344       0.988198        1.28501      0.0177981
86        1.36641        1.40212       0.551719      -0.723486              0        4.01833        1.23035       0.910943        1.41936     0.00220292
86.2        1.40379        1.17974       0.615736      -0.747834              0        4.01631        1.04764       0.935859        1.56171     0.00317116
86.4        1.58043        1.27428       0.579453      -0.729035              0         4.0183         1.1247        1.05362        1.30224      0.0109335
86.6        1.47519         1.3666       0.538624      -0.711457              0        4.01877        1.19377       0.983457        1.34357     0.00624256
86.8        1.37528        1.43887       0.574783      -0.758267              0         4.0192        1.25538       0.916851        1.38782    0.000714087
87        1.46671        1.36034       0.576109      -0.782521              0        4.01887        1.15393       0.977809        1.39508     0.00315046
87.2        1.54656        1.34819       0.559138      -0.650437              0        4.01999        1.25689        1.03104        1.20728     0.00926149
87.4        1.52853        1.29826       0.565505      -0.710615              0         4.0177        1.15315        1.01902        1.32779     0.00822174
87.6        1.47225        1.30679       0.590977      -0.726259              0        4.01843        1.17151       0.981503        1.37444     0.00022777
87.8        1.43274        1.35703       0.575254      -0.702734              0        4.01799        1.22955       0.955161        1.34654     0.00915539
88        1.54133          1.412       0.596101      -0.768285              0        4.01895        1.23981        1.02756        1.21517      0.0226319
88.2        1.52763        1.42441       0.587076      -0.755017              0        4.01953        1.25647        1.01842         1.2221      0.0133266
88.4        1.51034        1.36179       0.582879       -0.70412              0        4.01909        1.24055        1.00689        1.25589      0.0123145
88.6        1.61649        1.41441       0.562821      -0.748012              0        4.01936        1.22922        1.07766        1.16293      0.0107172
88.8        1.46332        1.31348       0.557977      -0.787287              0        4.01765        1.08417       0.975547         1.4662     0.00395965
89         1.4656        1.34812       0.572854      -0.689048              0        4.01815        1.23192        0.97707        1.31484     0.00579069
89.2        1.49173        1.35389       0.596975      -0.711347              0        4.01933        1.23952       0.994489        1.28316     0.00491475
89.4        1.54771        1.27496       0.607785      -0.688128              0         4.0193        1.19462        1.03181        1.26999     0.00698488
89.6        1.38056        1.24747       0.533083       -0.67996              0        4.01713        1.10059       0.920374        1.53166     0.00431225
89.8        1.33261        1.35464       0.563212      -0.732166              0         4.0182        1.18569       0.888408        1.49114     0.00875722
90        1.44819        1.25379       0.530263      -0.689429              0        4.01638        1.09463       0.965462        1.47205     0.00151027
90.2         1.5393        1.18867       0.578822      -0.731449              0        4.01587        1.03604         1.0262        1.42824      0.0122938
90.4        1.48151        1.35054       0.546337      -0.707379              0        4.01884         1.1895       0.987673        1.34389     0.00393711
90.6         1.4778        1.32089        0.51809       -0.69438              0        4.01652         1.1446         0.9852         1.3896     0.00451503
90.8        1.58879        1.27497       0.517983      -0.688136              0         4.0183        1.10482         1.0592        1.32103     0.00365823
91        1.42842        1.34173       0.517328       -0.68317              0        4.01728        1.17589       0.952283        1.41006     0.00290846
91.2        1.48808        1.37251       0.539061      -0.746888              0        4.01815        1.16468       0.992055        1.36461    0.000773321
91.4        1.51377        1.38686       0.533393       -0.74562              0        4.01852        1.17463        1.00918        1.32791     0.00220571
91.6         1.4093        1.37311        0.55787      -0.722582              0        4.01801        1.20839       0.939532        1.39246     0.00785831
91.8        1.48542        1.39511       0.590952      -0.718316              0        4.01893        1.26775        0.99028        1.25995     0.00581146
92        1.51023        1.51214       0.565771      -0.726112              0         4.0202         1.3518        1.00682        1.15571     0.00244741
92.2        1.47864        1.40352       0.608366      -0.718649              0        4.01991        1.29324       0.985759        1.24557      0.0024714
92.4        1.48494        1.46278       0.610415      -0.689251              0        4.02139        1.38395       0.989958        1.15047     0.00203252
92.6        1.68012        1.29049       0.579238      -0.705904              0          4.017        1.16382        1.12008        1.17063     0.00243416
92.8        1.60202        1.58426       0.517079      -0.716564              0        4.02096        1.38478        1.06802         1.0277      0.0064569
93        1.57878        1.34288       0.675658      -0.672367              0        4.02009        1.34617        1.05252        1.08962     0.00552525
93.2        1.55214        1.38625       0.626156      -0.665298              0        4.01939        1.34711        1.03476        1.10008      0.0200544
93.4        1.63364        1.41778       0.632325      -0.769845              0        4.01909        1.28026        1.08909        1.09968     0.00551146
93.6        1.59408        1.36039       0.557036      -0.725258              0        4.01807        1.19217        1.06272        1.22456     0.00726328
93.8        1.60359        1.34501       0.593264      -0.703224              0        4.01887        1.23505        1.06906        1.17455      0.0056805
94        1.51229          1.332       0.604426      -0.735284              0        4.01936        1.20114        1.00819        1.30222     0.00371138
94.2         1.5137        1.22434       0.550224      -0.735333              0        4.01653        1.03923        1.00914          1.461     0.00260439
94.4        1.44767        1.35337       0.558241      -0.698341              0         4.0181        1.21327       0.965113        1.35239     0.00476018
94.6        1.43804        1.32734       0.557106      -0.713011              0        4.01821        1.17144       0.958696        1.40629     0.00243855
94.8        1.55506        1.25998       0.560909       -0.66833              0        4.01776        1.15256        1.03671         1.3078     0.00234953
95        1.49676        1.31228       0.538214      -0.702266              0        4.01746        1.14823       0.997838        1.36684     0.00562664
95.2        1.39389        1.37319       0.613156      -0.707028              0        4.02008        1.27932       0.929261        1.34337     0.00349999
95.4        1.44036         1.3696       0.541147      -0.736968              0         4.0183        1.17378       0.960242        1.40081     0.00334558
95.6         1.5776        1.21787       0.571833      -0.715446              0        4.01647        1.07425        1.05173        1.36313     0.00148679
95.8        1.49566        1.38169       0.494121      -0.695603              0        4.01783         1.1802       0.997105        1.34078     0.00118368
96        1.42672        1.39675       0.559548      -0.748647              0        4.01918        1.20765       0.951148        1.38229     0.00252232
96.2        1.50287        1.35944       0.536301      -0.775276              0         4.0166        1.12046        1.00191        1.39268    0.000592686
96.4         1.4563        1.37856       0.532106      -0.710108              0          4.018        1.20056       0.970864        1.35401     0.00713522
96.6        1.44681        1.43183       0.600784      -0.722592              0        4.01993        1.31002       0.964538        1.24994      0.0131627
96.8        1.53561        1.36573       0.589538       -0.79698              0        4.01819        1.15828        1.02374        1.32138     0.00292528
97        1.45962        1.42772       0.523496      -0.772768              0        4.01871        1.17845       0.973079        1.37851     0.00213295
97.2        1.50409        1.33972       0.533287      -0.740604              0        4.01776        1.13241        1.00273        1.37958     0.00168336
97.4        1.49804        1.38578       0.541581      -0.702394              0        4.01869        1.22497       0.998693        1.28858     0.00710654
97.6        1.47398        1.35387       0.568844      -0.692663              0        4.01902        1.23005       0.982654        1.31087     0.00411984
97.8        1.50505        1.34256         0.6161      -0.774021              0        4.01801        1.18463        1.00337        1.32657     0.00175042
98         1.5474        1.35213       0.629825      -0.701651              0        4.01903         1.2803         1.0316        1.18801     0.00331679
98.2        1.54464        1.35194       0.591557      -0.703682              0        4.01845        1.23981        1.02976        1.22716     0.00684199
98.4        1.39124        1.34544       0.589195      -0.682466              0         4.0198        1.25217       0.927496           1.37      0.0063847
98.6        1.50978         1.2923        0.56918      -0.678232              0        4.01924        1.18325        1.00652        1.31917     0.00702804
98.8        1.40271        1.30316       0.607629      -0.759282              0        4.01853        1.15151       0.935139        1.45659     0.00772461
99        1.44915        1.31873       0.565169      -0.716693              0        4.01761        1.16721       0.966097        1.39499     0.00627199
99.2        1.47451        1.28084       0.537586        -0.7351              0        4.01735        1.08333       0.983006        1.45889    0.000623659
99.4        1.48285        1.31195       0.534412      -0.667518              0        4.01756        1.17885       0.988563        1.34452       0.011341
99.6        1.41816        1.45743       0.554836      -0.709756              0        4.01907        1.30251       0.945441        1.29824    0.000164657
99.8        1.57534        1.34861       0.579368      -0.700529              0        4.01834        1.22745        1.05023         1.2096     0.00595315
