time        kinetic     stretching        bending             LJ electrostatics          total      potential    temperature
0        1.51346        1.24868    1.93993e-05              0              0        2.76216         1.2487        1.00897   -1.80059e-05     1.8095e-05
0.2        1.62899       0.348664         0.3227              0              0        2.76095       0.671364        1.08599       0.456422     0.00417606
0.4        1.48501       0.426562       0.203011              0              0        2.76066       0.629572       0.990006       0.640805      0.0052756
0.6        1.42972       0.591601       0.108979              0              0        2.76062        0.70058       0.953148         0.6206     0.00971752
0.8        1.53711       0.432262       0.253691              0              0        2.76071       0.685952        1.02474       0.531663     0.00598033
1        1.49634       0.473202       0.177541   -0.000570695              0        2.76079       0.650172       0.997562       0.607993     0.00628588
1.2         1.4366       0.457858       0.229556    -0.00107763              0        2.76113       0.686336       0.957734       0.637497    0.000694801
1.4        1.44814       0.453413       0.304671   -0.000439009              0        2.76133       0.757644        0.96543       0.553677     0.00186424
1.6        1.61826       0.457289       0.196153              0              0        2.76082       0.653442        1.07884       0.486559     0.00256402
1.8        1.52386       0.466707       0.193107              0              0        2.76093       0.659813         1.0159       0.576202     0.00105737
2         1.5595       0.367615        0.21881              0              0        2.76027       0.586425        1.03967        0.61386    0.000477608
2.2        1.53625       0.524321        0.17995              0              0        2.76079       0.704271        1.02417       0.515841     0.00443193
2.4        1.50658       0.402167       0.229377              0              0        2.76062       0.631544        1.00438       0.619771     0.00272682
2.6        1.49521       0.414041       0.245033              0              0         2.7607       0.659074       0.996808       0.604015     0.00240307
2.8        1.60202       0.460773       0.132412      0.0159779              0        2.76052       0.609163        1.06802       0.548466    0.000865964
3        1.52054       0.508992       0.291116     -0.0365503              0        2.76062       0.763559        1.01369       0.472359     0.00416203
3.2        1.48328       0.753782       0.328862        -0.0785              0        2.76155        1.00414       0.988853       0.273391    0.000734275
3.4        1.57397       0.776229       0.286941     -0.0536541              0        2.76139        1.00952        1.04931       0.173093     0.00480795
3.6        1.40717       0.779944       0.350536    -0.00388566              0        2.76086        1.12659       0.938111       0.212044      0.0150519
3.8        1.44347       0.775885       0.408557     -0.0211511              0        2.76087        1.16329       0.962314       0.150269     0.00383559
4        1.57483       0.853302       0.336157     -0.0313841              0        2.76079        1.15807        1.04989      0.0187464     0.00913564
4.2        1.54683        0.86524       0.394518      -0.030895              0        2.76124        1.22886        1.03122     -0.0157362     0.00128779
4.4        1.52784       0.875175       0.298889     -0.0243543              0        2.76028        1.14971        1.01856      0.0806973     0.00203387
4.6        1.53743       0.810616       0.331783   -3.51007e-05              0        2.75953        1.14236        1.02495      0.0715976     0.00813503
4.8        1.60721       0.906522       0.387334   -1.83741e-05              0        2.76038        1.29384        1.07147      -0.146329     0.00566452
5        1.51567       0.887675       0.375645    0.000137985              0        2.76014        1.26346        1.01045      -0.032429      0.0134396
5.2        1.49527       0.818423       0.412911      0.0499586              0         2.7603        1.28129        0.99685     -0.0242222     0.00795217
5.4        1.53685        1.10308       0.451215    -0.00134447              0        2.76121        1.55295        1.02457      -0.330522      0.0019334
5.6        1.49029       0.921305       0.434752   -3.00765e-05              0         2.7608        1.35603       0.993526     -0.0981565      0.0126424
5.8        1.59205       0.898673       0.384509   -3.16843e-05              0        2.75955        1.28315        1.06137      -0.117558     0.00190156
6        1.49338       0.951954        0.36052    -0.00338569              0        2.75959        1.30909       0.995588     -0.0485854     0.00570681
6.2        1.46731        1.00558       0.353771     -0.0107682              0        2.76033        1.34858       0.978207     -0.0604643     0.00489744
6.4        1.57422       0.964349       0.392673              0              0         2.7602        1.35702        1.04948      -0.174713     0.00367603
6.6        1.56108       0.910218        0.43669              0              0        2.76004        1.34691        1.04072      -0.152779     0.00483394
6.8        1.37091         1.0447       0.483501              0              0        2.76093         1.5282       0.913943      -0.147915     0.00972277
7        1.55757         1.0616       0.388036              0              0         2.7603        1.44963        1.03838      -0.249334     0.00242662
7.2        1.71375       0.988377       0.478713              0              0        2.76053        1.46709         1.1425      -0.434173      0.0138674
7.4        1.62083       0.971008       0.478992              0              0         2.7605           1.45        1.08055      -0.315755     0.00542571
7.6        1.59364        0.91992        0.43827    -0.00275256              0        2.75977        1.35544        1.06243      -0.198188     0.00888049
7.8        1.62108       0.990702       0.416525      -0.023735              0        2.76037        1.38349        1.08072      -0.245385     0.00118127
8        1.52111       0.932277       0.527751     -0.0392937              0        2.76047        1.42073        1.01407      -0.191902      0.0105338
8.2        1.63125       0.995357       0.449421     -0.0159421              0        2.76013        1.42884         1.0875      -0.301323     0.00136421
8.4        1.48433        1.12211       0.434322     -0.0140456              0        2.76108        1.54239       0.989551      -0.268322     0.00268732
8.6        1.43285        1.06573       0.437648    -0.00289794              0        2.76018        1.50048       0.955233      -0.182717     0.00956891
8.8        1.52561       0.982751       0.562182   -0.000509046              0        2.76121        1.54442        1.01708      -0.319369       0.010545
9        1.59567       0.986941       0.508701              0              0        2.75994        1.49564        1.06378      -0.334985     0.00361754
9.2        1.43052        1.02647        0.47914              0              0        2.76061        1.50561       0.953678      -0.185023     0.00950082
9.4        1.36477       0.954462       0.527459    -0.00056238              0        2.76015        1.48136       0.909845     -0.0951255     0.00914551
9.6        1.50995       0.914858       0.471451     0.00207009              0        2.75906        1.38838        1.00663      -0.150826      0.0115597
9.8        1.48802        1.06277       0.425506    -0.00248519              0        2.75985        1.48579        0.99201       -0.22125     0.00728754
10        1.55453        1.12431       0.447248   -4.87289e-05              0        2.76121        1.57151        1.03635      -0.367988     0.00315617
10.2        1.54437        1.01914       0.508083   -0.000220513              0        2.76039          1.527        1.02958      -0.320319     0.00933831
10.4        1.57187       0.973633       0.504352    -0.00208149              0        2.76023         1.4759        1.04792      -0.302465      0.0149175
10.6        1.41561        1.04105       0.539085    -0.00036093              0        2.76115        1.57978       0.943738       -0.23835     0.00411488
10.8        1.61902        1.03379       0.484849    -0.00380715              0        2.76008        1.51483        1.07934      -0.380538     0.00677473
11         1.3495        1.03125       0.435583     -0.0152818              0        2.76029        1.45155       0.899664     -0.0429812     0.00222218
11.2        1.63718       0.943818       0.380869   -0.000656135              0        2.75926        1.32403        1.09145      -0.207417     0.00546982
11.4        1.46951        1.07989       0.447584    -0.00145388              0        2.76062        1.52602       0.979673      -0.237784     0.00287451
11.6        1.49546        1.06224       0.550157   -0.000421823              0        2.76106        1.61198       0.996973      -0.348385     0.00200719
11.8        1.59158        1.08906       0.483221   -8.67637e-05              0         2.7611         1.5722        1.06105      -0.405437     0.00275471
12        1.48703       0.991209       0.480294    1.83166e-05              0        2.76014        1.47152       0.991354      -0.203822     0.00540817
12.2        1.39059        1.16341       0.462529              0              0        2.76127        1.62594        0.92706       -0.26377     0.00851185
12.4        1.47258       0.978044       0.539187              0              0        2.76032        1.51723       0.981719      -0.237841     0.00834723
12.6        1.35199        1.00436       0.458077              0              0        2.75997        1.46244        0.90133     -0.0617282     0.00726426
12.8        1.50954        1.03429       0.438617              0              0        2.76025        1.47291        1.00636       -0.23181      0.0096147
13        1.56342       0.975992       0.436714              0              0        2.75935        1.41271        1.04228      -0.217894     0.00111681
13.2         1.3461        1.07753       0.523626              0              0         2.7612        1.60116       0.897399      -0.189264      0.0032045
13.4        1.53169        1.02308       0.474238              0              0        2.76007        1.49732        1.02113       -0.28119      0.0122527
13.6         1.6157       0.936366       0.462927              0              0        2.75848        1.39929        1.07713      -0.258684     0.00217024
13.8        1.50264        1.07727       0.500314              0              0        2.76085        1.57759        1.00176      -0.331158      0.0117858
14        1.57532        1.04516       0.422337              0              0        2.75957        1.46749        1.05021       -0.28901     0.00576775
14.2        1.59989        1.04588       0.509782   -0.000981873              0        2.76066        1.55468        1.06659      -0.396081     0.00216795
14.4        1.58909        1.04737       0.452226    -0.00065309              0        2.76014        1.49895        1.05939      -0.329099     0.00120406
14.6        1.44051        1.03856       0.528724    -0.00296589              0        2.76071        1.56432       0.960338        -0.2484     0.00428028
14.8        1.52569        1.03025       0.461242    -0.00541943              0        2.75973        1.48608        1.01713      -0.256567      0.0045319
15        1.48096        1.07307       0.456618   -0.000570013              0        2.76029        1.52911       0.987305      -0.253178     0.00339192
15.2        1.43329        1.01053       0.521044              0              0         2.7603        1.53158       0.955525      -0.213025     0.00846217
15.4        1.51612       0.980747       0.459706              0              0        2.76022        1.44045        1.01075       -0.20096     0.00460519
15.6        1.54507        1.02017       0.472261              0              0        2.76003        1.49243        1.03005       -0.28463     0.00715757
15.8        1.46325        1.07658       0.454699              0              0         2.7605        1.53128       0.975499      -0.236043      0.0020216
16        1.42084        1.14248       0.426044              0              0        2.76088        1.56852       0.947225        -0.2332     0.00471943
16.2         1.5843       0.938756       0.447452              0              0         2.7595        1.38621         1.0562       -0.21916     0.00815512
16.4        1.50765       0.992695       0.523753              0              0        2.76071        1.51645         1.0051      -0.267774     0.00438875
16.6        1.52314       0.973803       0.525171              0              0        2.76024        1.49897        1.01543      -0.265991     0.00411062
16.8        1.47793       0.987828       0.526766              0              0        2.75987        1.51459       0.985289      -0.236917     0.00426043
17        1.55785          1.033       0.453435              0              0        2.75955        1.48644        1.03857      -0.294672     0.00993414
17.2        1.63325       0.997042       0.577634              0              0        2.76084        1.57468        1.08883       -0.45303     0.00594916
17.4        1.52947        1.12439       0.515455              0              0        2.76146        1.63985        1.01965      -0.414456     0.00659618
17.6        1.56623        1.13177       0.478183              0              0        2.76073        1.60995        1.04415       -0.42293     0.00747027
17.8        1.61649         1.0939       0.481915    2.40386e-05              0        2.76024        1.57584        1.07766      -0.435212     0.00312539
18        1.49674        1.06714       0.497897   -0.000117962              0        2.76102        1.56492       0.997824      -0.303014     0.00237837
18.2        1.48592       0.973652       0.495922   -2.71622e-05              0        2.76007        1.46955       0.990611      -0.201744     0.00634627
18.4        1.38476         1.1068       0.469241    0.000284931              0        2.76098        1.57633       0.923172       -0.20472     0.00461543
18.6        1.36869         1.1221       0.447575              0              0        2.76088        1.56968       0.912463      -0.182492     0.00500236
18.8        1.49572       0.934633       0.555659    1.30069e-05              0        2.76001        1.49031       0.997149      -0.228561     0.00254001
19        1.37264       0.989453       0.481438   -0.000134853              0        2.75947        1.47076       0.915094     -0.0872742     0.00334433
19.2        1.48055        1.01057       0.555172     0.00117329              0        2.76119        1.56692       0.987031      -0.289213     0.00294179
19.4        1.44871        1.00236       0.517909              0              0        2.76003        1.52027       0.965804      -0.215399     0.00644989
19.6        1.47567        1.03646       0.477491       0.004051              0        2.75957        1.51801        0.98378      -0.239661     0.00555363
19.8        1.49112        1.05495       0.431184   -0.000779159              0        2.75995        1.48536       0.994078       -0.22344     0.00690992
20        1.55032       0.918397       0.500078     -0.0255022              0        2.75997        1.39297        1.03355      -0.184527     0.00120525
20.2        1.45377        1.07024       0.494129    -0.00322589              0        2.76026        1.56114       0.969183      -0.261007     0.00635028
20.4        1.40832        1.05599       0.554151   -0.000638024              0        2.76065         1.6095       0.938881      -0.259093     0.00191445
20.6        1.50517        1.04051       0.457776   -0.000968448              0        2.76002        1.49732        1.00345      -0.253104      0.0106325
20.8        1.49605        1.06484       0.455286    -0.00475055              0        2.75988        1.51538       0.997364      -0.253899     0.00235214
21        1.39049        1.06441       0.571925    -0.00626182              0         2.7612        1.63007       0.926997        -0.2622     0.00283935
21.2        1.41583        1.20147       0.506815     -0.0179063              0        2.76132        1.69038       0.943887      -0.358019       0.013138
21.4        1.43218        1.11362       0.507207    -0.00634306              0        2.76097        1.61449       0.954787      -0.290063     0.00436118
21.6        1.46897        1.05719       0.544677   -0.000291283              0        2.76112        1.60158       0.979312      -0.314518     0.00509563
21.8        1.56569        1.09381        0.54642              0              0        2.76074        1.64023        1.04379      -0.446598     0.00141486
22        1.52387        1.09434       0.500913              0              0         2.7604        1.59525        1.01592       -0.36232     0.00359721
22.2        1.46839        1.12652       0.505955              0              0        2.76092        1.63247        0.97893       -0.34144     0.00149483
22.4        1.41333        1.13027       0.564733              0              0        2.76063        1.69501       0.942222      -0.350855     0.00314505
22.6        1.56865        1.08164       0.486294              0              0        2.75989        1.56793        1.04577      -0.380986     0.00429242
22.8        1.31861        1.06858       0.538039              0              0         2.7599        1.60662       0.879074      -0.166329     0.00100155
23        1.54831       0.993813       0.542594              0              0        2.76057        1.53641        1.03221      -0.339424      0.0152786
23.2        1.38892       0.997129       0.613225              0              0        2.76029        1.61035       0.925944      -0.244377     0.00539551
23.4        1.44907        1.13185       0.516495    0.000944756              0        2.76121        1.64929        0.96605      -0.338391      0.0012349
23.6        1.56019        1.09755       0.515218    0.000793799              0        2.76063        1.61357        1.04013      -0.424174      0.0110532
23.8        1.50615        1.11233        0.58303   -0.000281895              0        2.76151        1.69508         1.0041      -0.442088     0.00237234
24        1.51132        1.09263       0.590823   -0.000379814              0        2.76128        1.68307        1.00755      -0.444479      0.0113752
24.2        1.51037        1.18748       0.484469    -0.00183884              0        2.76084        1.67011        1.00692      -0.422187     0.00254707
24.4        1.57188        1.03899       0.511945    -0.00278619              0        2.76016        1.54814        1.04792      -0.370163      0.0102994
24.6        1.32044        1.10429       0.489134     -0.0188329              0        2.75982        1.57459        0.88029      -0.143917     0.00871236
24.8         1.3605        1.04698        0.52234     -0.0242172              0        2.76016         1.5451          0.907      -0.149058     0.00361884
25        1.44456        1.11641       0.497178     -0.0242161              0        2.75992        1.58937       0.963043      -0.285697      0.0116852
25.2        1.46873        1.09754       0.489046     -0.0175721              0        2.76048        1.56901        0.97915      -0.293316      0.0160643
25.4        1.43451        1.06505       0.577256    -0.00723474              0        2.76092        1.63508        0.95634      -0.311765     0.00310108
25.6         1.4516        1.13979       0.577652     -0.0329395              0        2.76169         1.6845       0.967736      -0.376492     0.00207105
25.8        1.51557        1.07577       0.499285     -0.0194698              0        2.76008        1.55559        1.01038      -0.314153     0.00307686
26        1.33711        1.18585       0.562801    -0.00623601              0        2.76168        1.74241       0.891407      -0.321832     0.00399232
26.2        1.58738        1.05564       0.525379   -0.000523613              0        2.75989        1.58049        1.05825      -0.416752     0.00877713
26.4        1.50744        1.09897       0.567919   -0.000273884              0        2.76036        1.66661        1.00496      -0.418114     0.00441988
26.6        1.42099        1.14398        0.56182   -0.000223322              0        2.76107        1.70557       0.947327      -0.367348     0.00185671
26.8        1.60473        1.04047       0.625533     -0.0018589              0        2.76129        1.66415        1.06982      -0.516197     0.00860812
27        1.61932        1.13976       0.524859     -0.0176786              0        2.76085        1.64694        1.07955      -0.514805     0.00939432
27.2        1.59086        1.14948       0.534656     -0.0243221              0        2.76123        1.65981        1.06057      -0.496154     0.00671699
27.4        1.39844         1.1552       0.595938     -0.0369196              0        2.76167        1.71422       0.932294      -0.371086      0.0200919
27.6        1.56361        1.06121       0.565526      -0.031196              0        2.76089        1.59554        1.04241      -0.408936      0.0106715
27.8        1.45277        1.08383       0.529567     -0.0313618              0        2.75997        1.58204       0.968514      -0.275633    0.000793863
28        1.50628        1.05931       0.569278     -0.0317379              0         2.7602        1.59685        1.00418      -0.346585     0.00366428
28.2        1.46878        1.16826       0.543503     -0.0585956              0        2.76061        1.65317       0.979186      -0.367214     0.00587536
28.4        1.47255        1.13451       0.565316      -0.046004              0        2.76054        1.65382       0.981702      -0.376609      0.0107729
28.6        1.50234        1.16724       0.591089     -0.0459826              0        2.76153        1.71235        1.00156      -0.454289     0.00112781
28.8        1.55195        1.15733       0.528272      -0.057307              0        2.76048        1.62829        1.03463       -0.42336     0.00359609
29        1.57644        1.12732        0.53978     -0.0533613              0        2.76012        1.61374        1.05096      -0.433456     0.00339958
29.2        1.59919        1.12433       0.573189     -0.0492217              0        2.76109         1.6483        1.06613      -0.493919     0.00751596
29.4        1.55181        1.10875       0.519385     -0.0420142              0         2.7605        1.58612        1.03454      -0.385041     0.00761262
29.6        1.47491        1.14027       0.564801     -0.0649041              0         2.7613        1.64017       0.983271      -0.355106     0.00133556
29.8        1.47974        1.12335        0.58026     -0.0707874              0        2.76117        1.63282       0.986493      -0.361724      0.0103312
30        1.46566        1.18856       0.503047     -0.0574236              0        2.76123        1.63419       0.977109      -0.358258      0.0196345
30.2        1.42041        1.17814       0.538416     -0.0779557              0        2.76098         1.6386        0.94694      -0.309672      0.0116419
30.4        1.57053        1.06275       0.493716     -0.0675939              0        2.75998        1.48887        1.04702      -0.301375     0.00194461
30.6        1.49441        1.15375       0.526489     -0.0876537              0        2.76107        1.59258       0.996272      -0.329364     0.00343929
30.8        1.52204        1.11652       0.557466     -0.0756952              0        2.76082        1.59829        1.01469      -0.362399     0.00289176
31        1.51775        1.19373       0.549299     -0.0645691              0        2.76196        1.67846        1.01183       -0.44269     0.00843822
31.2        1.45042        1.15384        0.58125     -0.0881087              0        2.76087        1.64699       0.966946      -0.344512     0.00797472
31.4        1.50189        1.19894       0.554283     -0.0778373              0        2.76099        1.67538        1.00126      -0.428673      0.0123923
31.6        1.35618        1.02405       0.565853      -0.090652              0        2.75997        1.49925       0.904118     -0.0966462     0.00119117
31.8        1.42977        1.13231       0.499773      -0.089155              0        2.76041        1.54292       0.953182      -0.213023    0.000732531
32        1.49174        1.09468       0.548793     -0.0881254              0        2.76092        1.55535       0.994493      -0.290455     0.00428756
32.2        1.42402        1.06436       0.602195      -0.091433              0        2.76064        1.57512        0.94935      -0.240117     0.00161198
32.4        1.53848         1.1241       0.545087     -0.0955866              0        2.76099         1.5736        1.02565      -0.359554      0.0084702
32.6        1.42747        1.08331        0.59478     -0.0783475              0        2.76085        1.59974       0.951644      -0.269208      0.0028555
32.8        1.46759        1.12329       0.560209     -0.0598237              0        2.76119        1.62368       0.978392      -0.331205      0.0011345
33        1.52141        1.08441       0.551892     -0.0810502              0        2.76066        1.55525        1.01427      -0.324606     0.00860546
33.2          1.453        1.09979       0.512891      -0.100275              0        2.76073        1.51241       0.968668      -0.207678     0.00299581
33.4        1.47573        1.07663       0.485406     -0.0956483              0        2.75967        1.46639       0.983818      -0.188792      0.0063508
33.6        1.42374        1.09339       0.517418      -0.100682              0        2.76056        1.51013       0.949161      -0.191455       0.018148
33.8        1.45239        1.17224       0.495252     -0.0813837              0        2.76073        1.58611       0.968263      -0.280953     0.00318047
34        1.49675        1.07117       0.536195      -0.086777              0        2.76015        1.52059       0.997833      -0.263229     0.00604351
34.2        1.52681        1.19348       0.604135     -0.0910207              0        2.76187        1.70659        1.01787      -0.475579     0.00404161
34.4        1.44571        1.19038       0.625611      -0.108835              0        2.76165        1.70716       0.963804      -0.399957     0.00873863
34.6        1.51817        1.17734       0.515906     -0.0768694              0        2.76069        1.61638        1.01211      -0.378702     0.00484513
34.8        1.42942        1.18926       0.565372     -0.0876392              0        2.76145        1.66699       0.952947      -0.348837      0.0138753
35        1.77076        1.15561       0.517718     -0.0868677              0        2.76111        1.58646         1.1805      -0.596818    0.000713368
35.2        1.41932        1.21928       0.563919     -0.0830615              0        2.76158        1.70013       0.946212       -0.37772      0.0198442
35.4        1.40248        1.15872       0.471626     -0.0824171              0         2.7601        1.54792       0.934989      -0.192154     0.00184352
35.6        1.46764        1.17627       0.554475     -0.0987374              0        2.76124          1.632       0.978426      -0.343705     0.00530228
35.8        1.55259        1.15583       0.500325      -0.116615              0        2.76102        1.53954        1.03506      -0.337609     0.00649855
36        1.56285        1.12558       0.547676      -0.104743              0         2.7604        1.56851         1.0419      -0.377815     0.00685605
36.2         1.5903        1.14877       0.588444      -0.113215              0        2.76138          1.624         1.0602      -0.462022     0.00910114
36.4        1.48409        1.13025       0.603831       -0.10487              0        2.76146        1.62921       0.989394      -0.359381     0.00754231
36.6        1.50127        1.07623       0.572704     -0.0759633              0        2.76069        1.57297        1.00085       -0.33111      0.0175597
36.8        1.44841         1.1278       0.598337     -0.0737996              0        2.76155        1.65234       0.965606      -0.341754     0.00255533
37        1.58127         1.1281       0.553679     -0.0807377              0        2.76092        1.60104        1.05418      -0.426809     0.00541465
37.2         1.4143        1.13282        0.54046     -0.0683936              0        2.76057        1.60489       0.942865      -0.272298      0.0136805
37.4        1.40355        1.12732       0.485607     -0.0892299              0        2.76074         1.5237       0.935701      -0.167272    0.000761925
37.6        1.39831        1.19501       0.505325     -0.0929455              0        2.76102        1.60739       0.932209      -0.249002     0.00432288
37.8        1.47405        1.07663         0.5267     -0.0587033              0        2.76088        1.54463       0.982697       -0.26056     0.00276837
38        1.46947        1.16552       0.502089     -0.0845064              0        2.76166         1.5831       0.979649      -0.298393     0.00747391
38.2        1.55503        1.17372       0.500836     -0.0676726              0        2.76123        1.60688        1.03669      -0.401489    0.000802695
38.4        1.47021        1.06253       0.571578     -0.0626356              0        2.76079        1.57147        0.98014       -0.28385      0.0029635
38.6        1.43459        1.13183       0.521759     -0.0844675              0        2.76131        1.56912       0.956392      -0.249583     0.00718574
38.8        1.58339        1.31597       0.507744     -0.0965802              0        2.76268        1.72713         1.0556      -0.549289     0.00144106
39        1.42679        1.14514       0.547059     -0.0729251              0        2.76171        1.61927       0.951191       -0.28688     0.00253655
39.2        1.39809        1.12531       0.584559      -0.100238              0        2.76121        1.60963       0.932058       -0.25183     0.00532884
39.4        1.36093        1.13077       0.547943     -0.0974154              0        2.76135         1.5813       0.907286      -0.186844     0.00596858
39.6        1.41362         1.0839       0.578591      -0.109855              0         2.7614        1.55264       0.942413      -0.207759     0.00290801
39.8        1.42443        1.22565       0.540201     -0.0716671              0        2.76245        1.69418       0.949618      -0.364921     0.00876099
40        1.45885        1.11739       0.554762     -0.0824162              0        2.76145        1.58973       0.972569      -0.294491     0.00735657
40.2        1.53599        1.12183       0.504422     -0.0855587              0        2.76094        1.54069        1.02399      -0.327223      0.0114906
40.4        1.53483        1.15814       0.519484      -0.100184              0        2.76116        1.57744        1.02322      -0.357844     0.00673091
40.6        1.47898        1.14993       0.522366      -0.108193              0        2.76084        1.56411       0.985987      -0.285999      0.0037479
40.8        1.47632          1.122       0.583927     -0.0914726              0        2.76141        1.61445        0.98421       -0.33174     0.00238472
41        1.46836        1.15981       0.505298      -0.104569              0         2.7608        1.56054       0.978905      -0.273776     0.00567847
41.2        1.53834         1.1394       0.574656     -0.0858365              0         2.7616        1.62822        1.02556      -0.407722     0.00275896
41.4        1.52265        1.24375       0.585546     -0.0886829              0        2.76323        1.74062         1.0151      -0.504385     0.00435143
41.6        1.39623        1.17795       0.620749     -0.0967298              0        2.76231        1.70197       0.930823      -0.343922     0.00803019
41.8        1.53558        1.18195       0.585085      -0.103632              0        2.76217        1.66341        1.02372      -0.448776      0.0119625
42        1.59516        1.19154       0.563995      -0.131164              0        2.76153        1.62437        1.06344       -0.46511     0.00711113
42.2        1.65058        1.19718       0.522359       -0.16606              0        2.76183        1.55348        1.10039      -0.443844     0.00161025
42.4        1.46616        1.17833       0.564456      -0.153591              0        2.76106        1.58919       0.977442      -0.301913     0.00761463
42.6        1.49651        1.09608       0.544806      -0.153265              0        2.76044        1.48762       0.997672      -0.238459      0.0147737
42.8        1.38351        1.09259       0.604615      -0.170768              0         2.7613        1.52644       0.922341       -0.15233     0.00368058
43        1.38355        1.07632       0.568973      -0.149311              0        2.76075        1.49598       0.922365      -0.121323     0.00255139
43.2        1.49444        1.17048       0.584422      -0.135881              0        2.76153        1.61902       0.996295      -0.358623     0.00668596
43.4        1.61667        1.05557       0.548978      -0.132034              0        2.76039        1.47251        1.07778       -0.33153     0.00274181
43.6        1.49379        1.16664       0.484547      -0.137736              0        2.76002        1.51345       0.995862      -0.251157     0.00393026
43.8        1.43561         1.0198       0.541613      -0.102732              0        2.76061        1.45868       0.957074      -0.150947      0.0172705
44        1.45071        1.09201       0.554159       -0.13089              0        2.76085        1.51527       0.967138      -0.219114      0.0139803
44.2        1.33458        1.16744       0.565026      -0.143755              0        2.76126        1.58872       0.889718       -0.16456     0.00252524
44.4        1.55414        1.09087       0.514039      -0.112288              0        2.76001        1.49262        1.03609      -0.300495      0.0137429
44.6        1.44806        1.11084       0.565783      -0.130147              0        2.76106        1.54648       0.965373       -0.24103     0.00755141
44.8        1.40015        1.13665       0.563887      -0.121749              0        2.76126        1.57879       0.933435       -0.22465      0.0069632
45        1.46057        1.17145       0.550341      -0.096894              0        2.76151         1.6249       0.973714      -0.328999     0.00503922
45.2        1.43616        1.11268       0.536928      -0.105081              0        2.76106        1.54453       0.957438      -0.226633     0.00700348
45.4        1.47886        1.13885       0.579225      -0.128062              0        2.76156        1.59001       0.985907      -0.307986    0.000681731
45.6        1.44035        1.20298        0.54099      -0.148631              0         2.7612        1.59534       0.960234      -0.280935     0.00644291
45.8        1.57616        1.15698       0.508753      -0.146739              0        2.76106        1.51899        1.05077      -0.334766    0.000673623
46         1.4858         1.1551       0.565851      -0.154341              0        2.76084        1.56661       0.990536      -0.295572     0.00399402
46.2        1.49631        1.19822       0.531582      -0.154731              0        2.76086        1.57507       0.997543      -0.316357     0.00583405
46.4        1.47289        1.21508       0.573402      -0.130518              0        2.76229        1.65796       0.981928      -0.369868     0.00130156
46.6        1.55901        1.20501       0.536448      -0.134354              0        2.76123         1.6071        1.03934       -0.41028     0.00539688
46.8         1.5266        1.22208        0.51424      -0.101826              0        2.76167        1.63449        1.01773      -0.400647     0.00122706
47        1.53608        1.11992       0.542198      -0.111478              0        2.76114        1.55064        1.02405      -0.328258     0.00267224
47.2        1.48516        1.15259       0.542151      -0.147203              0          2.761        1.54753       0.990108      -0.276198     0.00450115
47.4        1.53037        1.21825         0.5241      -0.150023              0        2.76133        1.59233        1.02025      -0.369754     0.00838437
47.6        1.42887         1.1571        0.63067      -0.143644              0        2.76195        1.64412       0.952581      -0.313595     0.00255036
47.8        1.62063        1.15695       0.513161      -0.146614              0        2.76122         1.5235        1.08042      -0.389021     0.00611144
48        1.61707        1.25729       0.518326      -0.157298              0        2.76176        1.61832        1.07805      -0.476552     0.00292688
48.2        1.44042        1.21575        0.51874      -0.127524              0        2.76178        1.60696       0.960282      -0.286939     0.00133248
48.4        1.39022         1.1191       0.528687      -0.148135              0        2.76096        1.49965       0.926813       -0.13701     0.00810367
48.6        1.36248        1.10171       0.528428      -0.164247              0        2.76089        1.46589       0.908319     -0.0716104      0.0041344
48.8        1.40701        1.11191       0.556396      -0.147116              0        2.76094        1.52119       0.938005      -0.176895     0.00963853
49        1.40015        1.14248       0.528351      -0.165263              0        2.76078        1.50557       0.933433      -0.150136     0.00519397
49.2        1.49424        1.15098       0.520473      -0.162043              0        2.76104        1.50941        0.99616      -0.251796     0.00918796
49.4        1.52175        1.13186       0.608992      -0.161324              0         2.7616        1.57952         1.0145      -0.347967     0.00829495
49.6        1.49124        1.16146       0.489025      -0.159139              0        2.76096        1.49135       0.994163      -0.229137     0.00749716
49.8        1.54816        1.12079       0.537977      -0.167422              0        2.76103        1.49134        1.03211       -0.28269     0.00421298
50         1.6239         1.1824       0.553005       -0.17722              0        2.76169        1.55819         1.0826      -0.432796      0.0123986
50.2        1.42678        1.17258       0.559831      -0.217424              0        2.76103        1.51499       0.951187      -0.184924     0.00418944
50.4         1.5486        1.04712       0.542043      -0.171404              0        2.76033        1.41776         1.0324      -0.209232     0.00320362
50.6        1.43483        1.16586       0.544208      -0.218426              0        2.76144        1.49164       0.956553      -0.173598     0.00856047
50.8        1.47074        1.17477       0.564227       -0.22214              0        2.76158        1.51685       0.980495      -0.227827       0.001813
51        1.43521        1.17791       0.496151      -0.246263              0        2.76089         1.4278       0.956809      -0.104238     0.00211024
51.2        1.40913        1.18718       0.564079      -0.213707              0        2.76162        1.53755        0.93942      -0.189489     0.00443329
51.4        1.50026        1.20612       0.537446      -0.224886              0        2.76091        1.51868        1.00017      -0.263293     0.00526333
51.6        1.56626        1.17773       0.558416      -0.223879              0        2.76093        1.51227        1.04417      -0.319951     0.00235488
51.8         1.5978        1.18375       0.519259      -0.233041              0        2.76104        1.46997         1.0652      -0.323394      0.0166651
52        1.46506        1.22053       0.613888       -0.22016              0        2.76173        1.61426       0.976708      -0.319579     0.00198408
52.2        1.64695        1.20488       0.505989      -0.218469              0        2.76095         1.4924        1.09797      -0.378874    0.000475757
52.4        1.50993        1.14214       0.570296      -0.217567              0        2.76204        1.49487        1.00662      -0.259715      0.0169535
52.6        1.41561        1.12463       0.466134       -0.21071              0        2.75995        1.38006        0.94374     -0.0495005      0.0137835
52.8        1.48165        1.15007        0.55699      -0.229829              0        2.76021        1.47723       0.987764      -0.217044      0.0183775
53        1.61715        1.19836       0.484242      -0.199073              0        2.76123        1.48352         1.0781      -0.343692     0.00425026
53.2         1.4732        1.06109       0.528124      -0.207052              0        2.75931        1.38216       0.982132     -0.0986172     0.00256541
53.4        1.52915        1.21117       0.602983      -0.222273              0        2.76224        1.59188        1.01943      -0.363973     0.00519115
53.6        1.44752        1.18237       0.548793      -0.221993              0        2.76116        1.50917       0.965015      -0.203211     0.00767565
53.8        1.57409        1.15324       0.561837      -0.235183              0        2.76127        1.47989         1.0494      -0.300659     0.00793861
54        1.38092        1.22354       0.533276      -0.245636              0        2.76139        1.51118       0.920615      -0.137954     0.00724072
54.2        1.47919        1.15668       0.556186      -0.211744              0         2.7611        1.50112       0.986125      -0.225092     0.00587863
54.4        1.41881        1.18229       0.550441      -0.174769              0        2.76143        1.55796       0.945873      -0.220255      0.0049126
54.6         1.4291        1.20157       0.516832       -0.20062              0        2.76117        1.51778       0.952732      -0.193759     0.00805436
54.8        1.48214        1.04512       0.627241      -0.203822              0        2.76116        1.46854       0.988096      -0.191189     0.00166233
55        1.47584        1.15342       0.530765      -0.193737              0        2.76048        1.49045       0.983891      -0.206534    0.000729294
55.2        1.52147        1.12646       0.573732      -0.226824              0        2.76125        1.47336        1.01432      -0.235904     0.00231585
55.4        1.51977        1.14815       0.626829       -0.21115              0         2.7616        1.56383        1.01318      -0.331068      0.0090734
55.6        1.49186        1.21115       0.566542      -0.237482              0        2.76189        1.54021       0.994574      -0.274545     0.00436284
55.8        1.48602        1.07476       0.670952        -0.1913              0        2.76156        1.55442       0.990682      -0.286268     0.00738638
56        1.54476        1.17877       0.541814      -0.184674              0        2.76127        1.53591        1.02984      -0.326083     0.00668482
56.2        1.62833          1.291       0.546677      -0.187119              0        2.76282        1.65055        1.08555      -0.523488     0.00741875
56.4        1.46429        1.19365       0.636615      -0.204238              0        2.76233        1.62603       0.976194      -0.337062     0.00906899
56.6        1.47955        1.17525       0.524104       -0.20409              0        2.76085        1.49526       0.986365      -0.217187     0.00323017
56.8         1.4366        1.16112       0.506722       -0.22203              0         2.7605        1.44581        0.95773       -0.12428     0.00237384
57         1.4527        1.14869       0.599968      -0.231331              0        2.76133        1.51732       0.968467      -0.210206     0.00151544
57.2        1.49984        1.23894       0.532025      -0.198888              0        2.76216        1.57207       0.999893       -0.31637     0.00661478
57.4        1.44998        1.19986       0.562539      -0.242648              0        2.76211        1.51975       0.966651      -0.211685     0.00407096
57.6        1.48309        1.12389       0.559298      -0.222873              0        2.76087        1.46032       0.988725      -0.188466      0.0059285
57.8        1.44323        1.17925        0.50994      -0.235169              0        2.76101        1.45402        0.96215      -0.141619     0.00538139
58        1.40665        1.11606       0.576307      -0.223792              0        2.76113        1.46857       0.937769      -0.128074      0.0139771
58.2        1.39763        1.20705       0.504004      -0.251295              0        2.76126        1.45976       0.931756     -0.0996997     0.00356543
58.4        1.49433        1.31085       0.554176      -0.252603              0         2.7626        1.61242       0.996223      -0.348587     0.00442459
58.6        1.52702        1.18252       0.617327      -0.244296              0        2.76296        1.55556        1.01801      -0.341828      0.0222131
58.8        1.49752        1.20841       0.512242      -0.281264              0        2.76144        1.43939       0.998346      -0.179942     0.00446609
59        1.49602        1.13451       0.550006      -0.311988              0        2.76144        1.37253       0.997345      -0.120614       0.013507
59.2        1.46346        1.06289        0.56784      -0.309747              0        2.76077        1.32098       0.975641     -0.0255251     0.00185649
59.4        1.46358        1.26401       0.623131       -0.29983              0        2.76275        1.58731       0.975721      -0.296036     0.00789885
59.6        1.62825        1.29162       0.625054        -0.3058              0        2.76316        1.61088         1.0855      -0.484749     0.00878276
59.8        1.49449         1.2305        0.61932      -0.279571              0        2.76249        1.57024       0.996324      -0.305418     0.00317595
60        1.60537        1.28003       0.491091      -0.267577              0        2.76232        1.50354        1.07024      -0.361565      0.0149775
60.2        1.51639        1.20057       0.594508      -0.260309              0        2.76211        1.53477        1.01092      -0.296656     0.00761042
60.4        1.47436        1.08981       0.663361      -0.299481              0        2.76205        1.45369       0.982904      -0.174794     0.00879688
60.6        1.53445        1.23837       0.502953      -0.297942              0        2.76201        1.44338        1.02297       -0.21816     0.00233752
60.8        1.51005        1.21045       0.553155      -0.325415              0        2.76204        1.43819         1.0067      -0.189958     0.00375894
61         1.5517        1.21012       0.552628      -0.279963              0        2.76242        1.48279        1.03447      -0.282005      0.0099365
61.2        1.51924        1.14058       0.492402      -0.294162              0        2.76149        1.33882        1.01282      -0.100757     0.00418944
61.4        1.56025        1.09947       0.562454      -0.304149              0        2.76096        1.35777        1.04017      -0.158895     0.00183636
61.6        1.43271        1.15512       0.575811      -0.264118              0        2.76154        1.46681       0.955141      -0.146961     0.00897362
61.8        1.47639        1.15131       0.530239      -0.309771              0        2.76161        1.37178       0.984262      -0.092941     0.00637674
62        1.44785        1.10158       0.559651        -0.3211              0        2.76149        1.34013        0.96523     -0.0347005     0.00821645
62.2        1.42718        1.12654       0.532583      -0.319704              0        2.76155        1.33942       0.951453    -0.00669403     0.00164253
62.4        1.48882        1.18167       0.508467       -0.31756              0        2.76152        1.37258       0.992543      -0.103854     0.00398437
62.6        1.36893        1.18833       0.516618      -0.302434              0        2.76185        1.40252       0.912617     -0.0134281     0.00383792
62.8        1.49295        1.15451       0.569831      -0.339481              0        2.76176        1.38486       0.995302      -0.118482     0.00243482
63        1.54405        1.20345       0.552935      -0.296861              0        2.76231        1.45952        1.02937      -0.248552     0.00728697
63.2        1.51134        1.09961       0.550746      -0.346505              0        2.76124        1.30385        1.00756     -0.0553324     0.00138392
63.4        1.56025        1.09036       0.557592      -0.347025              0        2.76164        1.30093        1.04017      -0.110551      0.0110131
63.6        1.44484        1.09477       0.607323      -0.303825              0        2.76186        1.39827       0.963225     -0.0837368     0.00248688
63.8        1.50865        1.17996       0.529856      -0.311297              0         2.7623        1.39852        1.00577      -0.146561     0.00169171
64        1.41745        1.17439       0.557183      -0.340617              0         2.7623        1.39096       0.944964     -0.0576903      0.0115868
64.2        1.43984        1.17975       0.564958      -0.300872              0        2.76285        1.44384       0.959894      -0.127155     0.00632309
64.4        1.48755        1.12825       0.578263      -0.316874              0        2.76229        1.38964       0.991702      -0.122503     0.00759992
64.6        1.49158         1.1967       0.437733      -0.343821              0        2.76104        1.29062       0.994386     -0.0387333      0.0175818
64.8        1.49245        1.18508       0.535296      -0.302762              0        2.76288        1.41761       0.994966      -0.157641      0.0104581
65        1.59255        1.17497         0.5532      -0.334981              0        2.76264        1.39319         1.0617      -0.227689     0.00459289
65.2        1.41651        1.26664       0.582096      -0.348443              0        2.76276         1.5003       0.944342      -0.162626     0.00857578
65.4        1.57834        1.21592       0.525144       -0.32201              0        2.76258        1.41906        1.05223      -0.251093      0.0162791
65.6          1.616         1.1188       0.556847      -0.302069              0        2.76136        1.37358        1.07733      -0.233475     0.00526292
65.8        1.62344        1.17897       0.537169      -0.326555              0        2.76205        1.38958         1.0823      -0.256974      0.0059935
66        1.53334        1.22557        0.55829      -0.308852              0        2.76299        1.47501        1.02223      -0.248391      0.0030307
66.2         1.5115        1.23844       0.583568      -0.351338              0        2.76268        1.47067        1.00767      -0.221186      0.0016968
66.4        1.62007         1.1591       0.598251      -0.293027              0        2.76302        1.46433        1.08004      -0.325674      0.0043069
66.6        1.40371         1.2444       0.563106      -0.322251              0        2.76256        1.48525       0.935809      -0.133125     0.00672238
66.8        1.60071        1.12824       0.555652      -0.317855              0        2.76181        1.36604        1.06714      -0.212809     0.00787174
67        1.58665         1.2048         0.5042      -0.315362              0         2.7621        1.39364        1.05777      -0.223259     0.00506609
67.2        1.47667        1.14418        0.55979      -0.329941              0        2.76144        1.37403       0.984445     -0.0932661     0.00400535
67.4         1.6162        1.10653       0.544985      -0.326622              0        2.76202        1.32489        1.07747      -0.182445     0.00337428
67.6        1.51253        1.26872       0.583541      -0.315589              0        2.76334        1.53667        1.00835      -0.287637     0.00177341
67.8         1.6294        1.22292       0.561195      -0.306253              0        2.76306        1.47786        1.08627      -0.350726     0.00652735
68        1.61738        1.19774       0.580842      -0.321796              0        2.76271        1.45679        1.07826       -0.31902      0.0075605
68.2        1.53298        1.22393       0.549061      -0.338461              0        2.76207        1.43453        1.02199      -0.207318     0.00187999
68.4        1.52748        1.16063       0.549792      -0.312837              0        2.76152        1.39759        1.01832      -0.166926     0.00337884
68.6        1.52171        1.19606       0.555536      -0.354729              0        2.76159        1.39687        1.01447      -0.164424       0.007435
68.8        1.65441        1.16803        0.55762      -0.351722              0        2.76156        1.37393        1.10294      -0.269255     0.00248176
69        1.53878        1.28554       0.581308      -0.329357              0        2.76271        1.53749        1.02585      -0.317072     0.00351759
69.2        1.58879        1.22831       0.551014      -0.309028              0        2.76346         1.4703        1.05919      -0.306825      0.0111994
69.4        1.54665        1.15841       0.576612       -0.29845              0        2.76253        1.43657         1.0311      -0.227591     0.00689569
69.6        1.45628        1.21078       0.563224      -0.313866              0        2.76223        1.46014       0.970854      -0.160152     0.00596828
69.8         1.5283        1.19928       0.554663      -0.336593              0        2.76181        1.41735        1.01887      -0.188755     0.00492007
70        1.55169         1.1096        0.62069      -0.352731              0        2.76174        1.37756        1.03446      -0.172427     0.00491941
70.2        1.44305        1.22753        0.54616      -0.338437              0         2.7619        1.43526       0.962035      -0.118499     0.00209014
70.4         1.4136        1.08102        0.57942      -0.287897              0        2.76128        1.37254         0.9424     -0.0338352     0.00897049
70.6        1.49401        1.14919       0.547717      -0.321383              0          2.762        1.37553       0.996007      -0.109291     0.00175838
70.8        1.50448        1.21434       0.650084      -0.318897              0        2.76321        1.54553        1.00299      -0.290296     0.00349638
71        1.56264        1.20361       0.604728      -0.307241              0        2.76319         1.5011        1.04176      -0.307336     0.00678776
71.2        1.52092        1.28406       0.557636      -0.273323              0        2.76355        1.56837        1.01395      -0.328134     0.00239028
71.4        1.57231        1.10663       0.615546      -0.310464              0        2.76258        1.41172        1.04821      -0.226928     0.00548163
71.6        1.49532        1.15753       0.589142      -0.278522              0        2.76218        1.46815       0.996878      -0.204167     0.00288425
71.8        1.54674        1.20964       0.584889      -0.296832              0        2.76289        1.49769        1.03116       -0.28181    0.000266175
72        1.61536         1.1697       0.552693      -0.296881              0        2.76173        1.42551         1.0769       -0.29642      0.0172811
72.2        1.46691        1.22358       0.597992      -0.303488              0         2.7628        1.51808       0.977943      -0.235543      0.0133455
72.4        1.60559        1.13003       0.575369      -0.323038              0        2.76161        1.38236        1.07039      -0.234226     0.00788059
72.6        1.55473        1.26212       0.643908      -0.324258              0        2.76376        1.58177        1.03648      -0.384319      0.0115754
72.8        1.62459        1.18327       0.522839      -0.313407              0        2.76149         1.3927        1.08306      -0.257321     0.00151964
73        1.51919        1.23706       0.552765      -0.343709              0        2.76288        1.44611        1.01279      -0.209989     0.00756984
73.2        1.45623        1.21476       0.557206      -0.323962              0        2.76309          1.448       0.970821       -0.14286     0.00171128
73.4        1.61689        1.20539        0.57158      -0.334204              0        2.76215        1.44277        1.07793      -0.308517       0.011014
73.6        1.49816        1.27915       0.603945      -0.352557              0        2.76308        1.53054       0.998775      -0.268077      0.0024615
73.8         1.6141         1.1504       0.511362      -0.340238              0        2.76138        1.32152        1.07607      -0.180701     0.00645473
74        1.53293        1.06671       0.505425      -0.373197              0        2.76005        1.19894        1.02195        0.02035     0.00782712
74.2        1.52434        1.12778       0.549988      -0.342719              0        2.76172        1.33505        1.01623      -0.103572     0.00590502
74.4        1.50287        1.15841       0.597962      -0.382867              0        2.76199        1.37351        1.00191      -0.133969      0.0195834
74.6        1.43169        1.19492        0.57384      -0.355904              0        2.76219        1.41285       0.954461     -0.0847599     0.00240337
74.8        1.57443        1.20871       0.510361      -0.362669              0        2.76178         1.3564        1.04962      -0.177348     0.00829923
75        1.52017        1.22992       0.629273      -0.385008              0        2.76369        1.47419        1.01345      -0.234544     0.00387201
75.2        1.53383        1.13008       0.557402      -0.398643              0        2.76132        1.28884        1.02255     -0.0655518     0.00420002
75.4        1.34917        1.13675       0.561826      -0.403247              0        2.76148        1.29533       0.899449       0.109824     0.00715629
75.6        1.43367        1.15758       0.530213      -0.384483              0        2.76171        1.30331       0.955778       0.020541      0.0041905
75.8        1.50717        1.18705       0.662097      -0.418402              0        2.76318        1.43074        1.00478      -0.177494     0.00276538
76        1.49857        1.18597       0.572718      -0.405974              0         2.7631        1.35271       0.999043     -0.0917982     0.00362255
76.2        1.38027        1.08329       0.526046      -0.418128              0        2.76065        1.19121       0.920182        0.17743      0.0117381
76.4        1.43317        1.14886       0.571356      -0.411002              0        2.76174        1.30921       0.955447      0.0136648     0.00569257
76.6        1.41611        1.08792       0.555897      -0.372966              0        2.76189        1.27086        0.94407       0.070685     0.00424163
76.8        1.45392        1.15492       0.557899       -0.40976              0        2.76259        1.30306       0.969281     0.00212158     0.00349491
77         1.5063        1.20079       0.463695      -0.445781              0         2.7619        1.21871         1.0042      0.0278282     0.00906476
77.2        1.48505        1.10008       0.577892      -0.455486              0         2.7623        1.22249       0.990034      0.0464404     0.00831887
77.4        1.38466        1.22806       0.553541      -0.424944              0        2.76296        1.35666       0.923106      0.0170763     0.00456823
77.6        1.48858        1.15132        0.53678      -0.445774              0        2.76166        1.24233       0.992384       0.023288     0.00747349
77.8        1.40121        1.12896         0.5774      -0.428795              0        2.76242        1.27756       0.934138      0.0812276     0.00241933
78        1.53822        1.08369       0.565956      -0.450012              0        2.76111        1.19963        1.02548      0.0187459     0.00450691
78.2        1.39097         1.2051       0.548446      -0.416214              0        2.76273        1.33733       0.927315      0.0321577     0.00227418
78.4        1.56917        1.05798        0.52013      -0.386531              0        2.76173        1.19158        1.04612     -0.0025565     0.00353574
78.6        1.46913        1.18608       0.557678      -0.431644              0        2.76274        1.31211       0.979418     -0.0187873     0.00028342
78.8        1.47286        1.16644       0.528503      -0.410301              0        2.76227        1.28464       0.981904     0.00397093    0.000805308
79        1.35704        1.21408       0.583099      -0.446679              0        2.76332         1.3505       0.904693      0.0507567     0.00502596
79.2          1.418        1.12707       0.550792       -0.41374              0        2.76231        1.26412       0.945333      0.0785551     0.00163774
79.4        1.47913         1.1832        0.48621      -0.456694              0        2.76136        1.21272       0.986089      0.0633794     0.00613366
79.6        1.57095        1.17306       0.577239      -0.417698              0        2.76245         1.3326         1.0473      -0.149548     0.00844879
79.8        1.52967        1.18876       0.520851      -0.439862              0        2.76218        1.26975        1.01978     -0.0406275     0.00339024
80        1.47598         1.1726       0.480397      -0.424822              0        2.76221        1.22818       0.983988      0.0526223      0.0054303
80.2        1.49095        1.15448       0.533223      -0.449524              0         2.7632        1.23818       0.993965      0.0300869     0.00398483
80.4        1.56377        1.12282        0.52074       -0.45257              0        2.76179        1.19099        1.04251    0.000985281     0.00604798
80.6        1.59254        1.18792       0.530635      -0.443499              0        2.76281        1.27506        1.06169      -0.108713     0.00392314
80.8        1.42709        1.20585       0.565435      -0.457269              0        2.76314        1.31402       0.951391      0.0193276      0.0027033
81        1.57261         1.2013       0.501479       -0.44643              0        2.76244        1.25634        1.04841     -0.0795201       0.013009
81.2        1.49921        1.25428       0.501381      -0.448027              0        2.76315        1.30763       0.999475     -0.0585063      0.0148167
81.4        1.65932        1.12961        0.52598      -0.450332              0        2.76229        1.20526        1.10621      -0.111206      0.0089165
81.6        1.47296        1.16202       0.617722      -0.472843              0        2.76226        1.30689       0.981974     -0.0272816     0.00969034
81.8        1.52102        1.14105       0.544691       -0.44485              0        2.76178        1.24089        1.01401    -0.00558976     0.00546574
82        1.42568         1.1266       0.538302        -0.4943              0        2.76255        1.17061       0.950455       0.158905     0.00735405
82.2        1.43009        1.14828       0.516498      -0.526909              0        2.76234        1.13787       0.953394       0.182912      0.0114656
82.4         1.3443        1.06992       0.536341      -0.479451              0        2.76195        1.12681       0.896197       0.287268     0.00357402
82.6        1.41731        1.13785       0.532804      -0.539752              0         2.7622         1.1309       0.944871       0.212611     0.00138573
82.8        1.38319        1.18615       0.545139      -0.490751              0        2.76248        1.24054       0.922129       0.130824     0.00792338
83        1.38105        1.11691       0.498293      -0.444882              0        2.76279        1.17032       0.920698       0.207189     0.00422425
83.2        1.39457        1.15339       0.565808      -0.497778              0        2.76289        1.22142       0.929713       0.127808      0.0190961
83.4        1.49119        1.18842       0.570408      -0.496745              0        2.76341        1.26209       0.994128    -0.00490649      0.0150336
83.6        1.49478        1.19369       0.528179      -0.518164              0        2.76304         1.2037       0.996523      0.0554104     0.00914021
83.8        1.50654        1.19586       0.528035      -0.557315              0        2.76291        1.16658        1.00436      0.0869414      0.0028544
84        1.57854        1.17808       0.534597      -0.607712              0        2.76267        1.10496        1.05236      0.0748417     0.00432564
84.2        1.46218        1.18235       0.536244      -0.598322              0        2.76308        1.12027        0.97479       0.172026     0.00859078
84.4        1.53799        1.18572       0.523151      -0.598904              0        2.76286        1.10996        1.02533        0.10717     0.00773279
84.6        1.63384        1.15795       0.509069      -0.634908              0        2.76198        1.03211        1.08922      0.0946493     0.00138581
84.8        1.52986        1.23977       0.503774      -0.658247              0        2.76251         1.0853        1.01991       0.142394     0.00496055
85        1.54167         1.1499       0.550287      -0.632606              0        2.76303        1.06758        1.02778       0.152185     0.00159626
85.2        1.54153        1.20467       0.461248      -0.582816              0        2.76202         1.0831        1.02769       0.134226     0.00315611
85.4        1.62339        1.23229       0.556947      -0.591163              0        2.76462        1.19808        1.08226     -0.0651153     0.00826957
85.6        1.51389        1.17412       0.489251       -0.60171              0        2.76285        1.06166        1.00926       0.176821      0.0104805
85.8        1.48215        1.21239        0.49783      -0.548966              0        2.76341        1.16126         0.9881       0.113855     0.00614952
86        1.40186        1.17176       0.554004      -0.508885              0        2.76407        1.21688       0.934572       0.133011       0.012321
86.2        1.48628        1.23854       0.510783       -0.54772              0        2.76371         1.2016       0.990856      0.0702892     0.00553436
86.4        1.45656        1.15732       0.567644      -0.536617              0        2.76338        1.18834       0.971043       0.115099     0.00337367
86.6        1.40737        1.22531       0.531345      -0.540779              0        2.76336        1.21588       0.938245       0.127399      0.0127124
86.8        1.43651        1.26843       0.556145      -0.559802              0        2.76485        1.26477       0.957675      0.0581905     0.00538336
87         1.4253        1.14773       0.591493      -0.545771              0        2.76309        1.19345       0.950199        0.14029     0.00404735
87.2        1.45593        1.19144       0.528171      -0.557506              0        2.76372        1.16211       0.970622       0.143551      0.0021241
87.4        1.53505        1.10919       0.491835      -0.543473              0        2.76223        1.05755        1.02336       0.167912     0.00171787
87.6        1.53705        1.15216       0.503914       -0.63997              0        2.76205        1.01611         1.0247       0.205844     0.00305315
87.8        1.52006        1.28335       0.424767      -0.628027              0        2.76196        1.08009        1.01337       0.153313     0.00850066
88        1.42051        1.17919       0.563986      -0.668127              0        2.76316        1.07505       0.947004       0.266233     0.00137421
88.2        1.44025        1.09681       0.578191        -0.5991              0        2.76318         1.0759       0.960168       0.239898     0.00713044
88.4        1.48621        1.18759       0.493497      -0.607794              0        2.76324        1.07329       0.990809       0.200617     0.00311978
88.6        1.45777        1.19738       0.468356      -0.653103              0        2.76187        1.01264       0.971845       0.290798    0.000667388
88.8        1.39447        1.15544       0.506364      -0.612872              0        2.76348        1.04893       0.929648       0.317295     0.00277742
89        1.45937         1.1474        0.52727      -0.597536              0        2.76312        1.07713       0.972913       0.223166     0.00344904
89.2        1.51195        1.14716       0.501782      -0.635017              0        2.76241        1.01393        1.00796       0.216045      0.0204932
89.4        1.49081          1.228       0.528026      -0.649042              0        2.76257        1.10698       0.993874       0.162791     0.00198431
89.6        1.53745        1.30837       0.577376      -0.577567              0        2.76424        1.30817        1.02497     -0.0837748     0.00238896
89.8        1.41434        1.08636       0.517889      -0.625669              0         2.7624       0.978584       0.942893       0.361988     0.00749001
90        1.51211        1.11434       0.540258      -0.603896              0        2.76199         1.0507        1.00807       0.191764     0.00741467
90.2        1.37907        1.26325       0.544639      -0.543622              0        2.76463        1.26426       0.919381       0.116736     0.00455585
90.4        1.48487        1.15105       0.533331      -0.620174              0        2.76268        1.06421       0.989914       0.201222      0.0123757
90.6        1.51857        1.15177       0.496326      -0.583579              0        2.76209        1.06452        1.01238        0.17043     0.00857951
90.8         1.5178        1.13542       0.508261      -0.601809              0        2.76261        1.04187        1.01187       0.196351     0.00659068
91        1.54409        1.12379       0.482757      -0.624905              0         2.7622       0.981641        1.02939       0.234366     0.00210701
91.2        1.46757        1.22289       0.540976      -0.619069              0        2.76344        1.14479       0.978382       0.145329     0.00574367
91.4        1.51114        1.22132       0.533962      -0.617065              0        2.76375        1.13822        1.00743       0.112346     0.00204424
91.6        1.57255        1.35111       0.576961      -0.677345              0        2.76437        1.25073        1.04837     -0.0609028      0.0019956
91.8        1.58773        1.26465       0.465978      -0.613469              0        2.76303        1.11716        1.05849      0.0486493     0.00949142
92        1.40475        1.23994       0.481689      -0.676423              0        2.76199         1.0452       0.936501       0.310723     0.00131459
92.2        1.37473        1.24223        0.50175      -0.654997              0        2.76309        1.08898       0.916484       0.289612     0.00976951
92.4        1.40967        1.20328        0.57753      -0.691276              0         2.7631        1.08954       0.939783       0.255678     0.00821711
92.6        1.44748        1.21713       0.541365      -0.621711              0        2.76296        1.13679       0.964986       0.176216     0.00247779
92.8        1.49916        1.27259       0.515935      -0.579295              0        2.76349        1.20923        0.99944       0.043664       0.011444
93        1.56498        1.19776       0.478511      -0.624023              0        2.76304        1.05225        1.04332       0.138919     0.00689082
93.2        1.60461        1.20461       0.485257      -0.599264              0        2.76222         1.0906        1.06974      0.0630725     0.00393978
93.4        1.55488        1.21273       0.562693      -0.639204              0        2.76355        1.13622        1.03659       0.057229      0.0152208
93.6        1.42833        1.29856       0.556239      -0.643377              0        2.76433        1.21142        0.95222       0.108979      0.0155975
93.8        1.51105        1.11582        0.62225      -0.648632              0        2.76208        1.08944        1.00737       0.156293     0.00529885
94        1.40604        1.22068       0.537131      -0.688854              0         2.7629        1.06895       0.937361       0.284611     0.00329793
94.2         1.4722        1.21175       0.441087      -0.691501              0        2.76225       0.961337       0.981467       0.325596     0.00311275
94.4        1.52481         1.1836        0.50126      -0.658061              0        2.76319         1.0268        1.01654       0.210033     0.00154541
94.6        1.50091        1.15196       0.550126      -0.656205              0        2.76259        1.04589        1.00061       0.205793     0.00999855
94.8        1.45954        1.40729       0.506263      -0.668988              0        2.76427        1.24456        0.97303      0.0520235     0.00814147
95        1.48363        1.15719       0.468367      -0.672163              0        2.76183       0.953397       0.989086       0.310078      0.0147279
95.2        1.48978        1.20584       0.491551      -0.726547              0         2.7612        0.97085       0.993188       0.295657     0.00491253
95.4         1.5111        1.28112       0.505266      -0.720121              0         2.7625        1.06626         1.0074       0.172502      0.0126248
95.6        1.48599        1.17662       0.557632      -0.676036              0        2.76308        1.05821       0.990661       0.208174      0.0106994
95.8        1.44417        1.17716       0.468819      -0.718185              0        2.76176       0.927794       0.962783       0.382969     0.00682003
96        1.45601        1.23256       0.498354      -0.698868              0        2.76236        1.03204       0.970673        0.26776     0.00654874
96.2        1.49291        1.17261       0.554994      -0.676681              0        2.76234        1.05092       0.995277       0.214133     0.00436406
96.4        1.38648        1.31053       0.471957      -0.655226              0        2.76313        1.12727       0.924321        0.24458     0.00480012
96.6        1.47408        1.20619       0.539394      -0.659148              0        2.76301        1.08644       0.982717       0.190993      0.0115001
96.8        1.47358        1.25304       0.622151       -0.75381              0        2.76439        1.12138       0.982384       0.163418     0.00601615
97         1.5921        1.25521        0.52744      -0.688984              0         2.7635        1.09367         1.0614      0.0739924     0.00374417
97.2        1.56526        1.24706       0.554523       -0.69484              0        2.76342        1.10674        1.04351      0.0851526     0.00627249
97.4        1.50849        1.28944       0.500318      -0.716463              0        2.76373        1.07329        1.00566        0.17847     0.00348635
97.6        1.58449        1.26196       0.454374      -0.713369              0        2.76303        1.00297        1.05632       0.168883     0.00669588
97.8        1.54415        1.28559       0.569708      -0.730031              0        2.76433        1.12527        1.02944      0.0908171     0.00408834
98        1.51068         1.2143       0.559085      -0.684551              0        2.76373        1.08883        1.00712       0.161756     0.00246432
98.2        1.56151        1.29127       0.456597      -0.716842              0        2.76323        1.03103        1.04101       0.169335     0.00136141
98.4        1.54372        1.24213       0.499792      -0.719108              0        2.76238        1.02281        1.02915       0.189105     0.00673546
98.6        1.50537        1.17312       0.540809          -0.67              0        2.76328        1.04393        1.00358       0.212542     0.00143498
98.8        1.47608        1.22034       0.530102      -0.719019              0        2.76295        1.03143       0.984052       0.251979     0.00346016
99        1.50105        1.22659       0.480114      -0.772339              0        2.76303       0.934362         1.0007       0.319646     0.00797092
99.2        1.54183        1.19543       0.480592      -0.713477              0        2.76212       0.962549        1.02789       0.255876     0.00186457
99.4        1.43009        1.26033       0.566994      -0.712669              0        2.76391        1.11465       0.953392       0.216651     0.00252034
99.6        1.60035        1.26039       0.558234      -0.737189              0         2.7637        1.08143         1.0669      0.0800771     0.00183439
99.8        1.47612        1.27623       0.537285      -0.709642              0        2.76443        1.10387       0.984083       0.181799     0.00263905
