time        kinetic     stretching        bending             LJ electrostatics          total      potential    temperature
0        1.51329        1.24875    1.89818e-05              0        0.23922        3.00128        1.48798        1.00886   -1.80059e-05     1.8092e-05
0.2        1.62573       0.343887       0.308574              0       0.275852        3.00007       0.928313        1.08382       0.442229     0.00379918
0.4        1.47753       0.430912       0.203011              0       0.279221        2.99983       0.913145       0.985019       0.605755     0.00340178
0.6        1.43505       0.593812       0.106209              0       0.281117        2.99973       0.981138         0.9567       0.575412     0.00812814
0.8        1.54369       0.434357       0.247086              0       0.292582        2.99991       0.974025        1.02913         0.4789     0.00329066
1        1.47803       0.480219        0.17598   -0.000651682       0.281459        2.99991       0.937006       0.985356       0.576867     0.00800086
1.2        1.43113       0.478585       0.214064   -0.000467104       0.289947        3.00021       0.982128       0.954088       0.582001     0.00494738
1.4        1.44308       0.445839       0.297467   -3.59798e-05       0.303837        3.00041        1.04711       0.962052       0.507127     0.00309502
1.6         1.6244       0.434527       0.193001              0       0.304978        2.99985       0.932506        1.08293        0.44154     0.00140472
1.8        1.44791       0.463639       0.185627              0        0.29478        2.99996       0.944047       0.965276       0.591198      0.0168001
2        1.53275       0.368122       0.214358              0       0.289895        2.99929       0.872375        1.02183       0.584983      0.0091816
2.2        1.53267       0.496642       0.183504              0       0.273096        2.99978       0.953243        1.02178       0.495677      0.0181829
2.4        1.54879       0.421756       0.224243              0       0.269435        2.99984       0.915435        1.03253       0.524914      0.0107043
2.6        1.48511       0.405333       0.243706              0       0.290209        2.99986       0.939248       0.990077       0.572906     0.00258983
2.8        1.58105        0.48811       0.153028     -0.0272705       0.302007         2.9994       0.915875        1.05403       0.497472     0.00500694
3        1.54839       0.508408       0.261452     -0.0420584       0.320521        2.99993        1.04832        1.03226       0.400648     0.00257062
3.2        1.43566       0.519002       0.298222     -0.0235851       0.349246        3.00042        1.14288       0.957109        0.41777      0.0040995
3.4        1.56916       0.522075       0.194476     -0.0461781       0.342104        2.99991        1.01248        1.04611        0.41668     0.00158787
3.6        1.30775       0.574689       0.275171     -0.0267776       0.329615        3.00035         1.1527       0.871832       0.535837     0.00406279
3.8        1.40388       0.526409       0.277755              0        0.32501        2.99943        1.12917        0.93592       0.464991     0.00138477
4        1.58211       0.573151       0.273557              0       0.307661        3.00009        1.15437        1.05474        0.24379      0.0198216
4.2        1.46028       0.596585       0.237351              0       0.292574        3.00002        1.12651       0.973517       0.409825     0.00341399
4.4        1.46793       0.603619        0.23414              0       0.291299        2.99959        1.12906       0.978618       0.401987    0.000621689
4.6        1.51974       0.559805       0.292452              0       0.296438        2.99994        1.14869        1.01316       0.317222      0.0142755
4.8        1.43753       0.616999       0.254224      0.0158537       0.311797         3.0002        1.19887       0.958354       0.356157     0.00763638
5        1.56817       0.691124        0.30112      -0.023381       0.324664         3.0001        1.29353        1.04545        0.11811      0.0202944
5.2        1.46004       0.670344       0.401293     -0.0611737       0.316243        3.00028        1.32671       0.973357       0.205071     0.00846561
5.4        1.39984       0.701348       0.291661     -0.0111672       0.305651        2.99997        1.28749       0.933228       0.308131     0.00450828
5.6        1.51233       0.715068       0.318553   -0.000271852       0.314434        2.99986        1.34778        1.00822       0.138665      0.0010806
5.8         1.5127       0.606263       0.422265              0       0.318996        2.99939        1.34752        1.00847       0.134253     0.00490762
6        1.49109       0.858975       0.351784              0       0.320586        2.99992        1.53135       0.994062     -0.0278619      0.0053435
6.2        1.41418        0.83959       0.300422       0.014877       0.322371        2.99971        1.47726       0.942786       0.103422     0.00484985
6.4        1.62218       0.857221       0.406449    -0.00417841       0.322821        3.00026        1.58231        1.08145      -0.214752      0.0105125
6.6         1.5803       0.814557       0.343643    -0.00160626       0.317478        2.99969        1.47407        1.05353     -0.0642727      0.0095977
6.8        1.47817       0.913736       0.407109     -0.0104915       0.304405         3.0007        1.61476        0.98545     -0.0946992     0.00246427
7        1.38956       0.862296       0.413419              0       0.316479        2.99978        1.59219       0.926374      0.0162973     0.00173327
7.2        1.55178       0.955747       0.369266              0       0.301957        3.00011        1.62697        1.03452        -0.1812      0.0025643
7.4         1.6024       0.790524       0.397117              0       0.302294        2.99982        1.48993        1.06827      -0.100738      0.0082178
7.6        1.49861       0.859404       0.330801              0        0.30705        2.99898        1.49726       0.999074    0.000933837     0.00217769
7.8        1.54648       0.882697        0.34029              0       0.301102        2.99997        1.52409        1.03099     -0.0734587      0.0028624
8        1.47104       0.827897       0.394022    -0.00170997       0.306999        2.99986        1.52721       0.980691     0.00104524    0.000571454
8.2        1.46834       0.868205       0.336805    -0.00174247       0.298403        2.99997        1.50167       0.978891      0.0255228      0.0044439
8.4        1.36615       0.830032       0.396467   -0.000459254       0.296495        2.99976        1.52254        0.91077       0.102811     0.00825436
8.6        1.59208       0.776391       0.374229    -0.00955228       0.298067        2.99902        1.43914        1.06139     -0.0386156     0.00642445
8.8        1.47313       0.946662       0.380167   -3.15644e-06       0.290612        3.00012        1.61744       0.982084      -0.092759     0.00231614
9        1.39837       0.934576       0.444738              0       0.301031        3.00066        1.68034        0.93225     -0.0859224     0.00786791
9.2        1.38058       0.907376       0.421259              0       0.303328        3.00009        1.63196       0.920384     -0.0131109    0.000666692
9.4        1.48052       0.941662       0.369966              0       0.301969        3.00005         1.6136       0.987011     -0.0964427     0.00237777
9.6        1.56216         0.8813       0.423989              0       0.301037        3.00045        1.60633        1.04144      -0.169449     0.00141733
9.8        1.49477         0.9326       0.428366    -0.00370668       0.306938        3.00067         1.6642       0.996511      -0.171127      0.0128301
10         1.6304        0.79775       0.393476              0       0.305716        2.99952        1.49694        1.08694      -0.129957     0.00212588
10.2        1.39045       0.946558       0.380569    -0.00229375       0.303135        3.00051        1.62797       0.926966     -0.0236248     0.00572113
10.4        1.44859       0.798407       0.491195     -0.0275909       0.298052        3.00084        1.56006       0.965727      -0.014433     0.00661728
10.6        1.43572       0.827308       0.406865      -0.039102       0.293741        2.99995        1.48881       0.957146      0.0720687     0.00334769
10.8         1.3716       0.863969         0.4045     -0.0512469       0.290929        3.00034        1.50815       0.914398       0.111157     0.00943389
11        1.49877       0.940743        0.46261     -0.0207477       0.286062        3.00108        1.66867       0.999183      -0.169907     0.00354509
11.2        1.52193       0.881864       0.389756     -0.0038469        0.27707         2.9994        1.54484        1.01462     -0.0741442     0.00676734
11.4        1.39413       0.885376       0.500843              0       0.279758        3.00136        1.66598       0.929417     -0.0622277     0.00348011
11.6        1.41095       0.890797       0.383797              0       0.277769        2.99993        1.55236       0.940637      0.0352292     0.00138257
11.8        1.52389       0.897817       0.388237              0       0.281126        3.00013        1.56718        1.01593     -0.0927015     0.00176339
12        1.38457       0.840356       0.409148              0       0.283752        2.99951        1.53326       0.923049       0.078599     0.00308406
12.2        1.48217        1.03166       0.407047              0       0.276293        3.00103          1.715       0.988113      -0.203063     0.00692964
12.4        1.43573       0.996347       0.387228              0       0.281996        3.00074        1.66557       0.957153      -0.113241      0.0126845
12.6        1.48219       0.898535       0.412076              0       0.283478        2.99958        1.59409       0.988125     -0.0801091     0.00341611
12.8         1.5929       0.831136       0.414588              0       0.286025        2.99954        1.53175        1.06193      -0.129495     0.00438472
13        1.53238       0.966763       0.414854    -0.00279175       0.277951        3.00091        1.65678        1.02159      -0.189818     0.00156562
13.2        1.45317       0.935357       0.397671              0       0.279623        3.00063        1.61265       0.968783     -0.0728543     0.00765587
13.4        1.39515       0.848737       0.456824              0       0.284305        2.99972        1.58987       0.930099     0.00829153     0.00641444
13.6        1.44619       0.916308       0.447445     0.00343044       0.279968        3.00095        1.64715       0.964129     -0.0956856     0.00328961
13.8         1.5604       0.948461       0.379577              0       0.284133        2.99968        1.61217        1.04027      -0.177071     0.00417682
14        1.46678       0.922015       0.421951              0       0.285473        3.00015        1.62944       0.977854       -0.10952      0.0134508
14.2        1.54809       0.850551       0.438065              0       0.284743        2.99956        1.57336        1.03206      -0.125255     0.00336294
14.4        1.45416       0.871664        0.47488              0       0.285913        3.00059        1.63246       0.969442     -0.0991981      0.0131702
14.6        1.49953       0.892556       0.442698              0       0.289864        2.99994        1.62512        0.99969      -0.130355     0.00563679
14.8        1.45438       0.901593       0.454462              0       0.294359        3.00008        1.65041       0.969588      -0.109981     0.00526726
15        1.45787       0.848433       0.457383              0       0.290236        3.00004        1.59605       0.971915     -0.0559115     0.00202661
15.2        1.50217       0.971105       0.384298    2.70109e-05        0.29222        3.00026        1.64765        1.00145      -0.157536     0.00797757
15.4        1.59955        0.90957       0.445429   -8.58288e-05       0.293515        3.00042        1.64843        1.06636      -0.249429     0.00188018
15.6        1.52622       0.992052       0.435217   -0.000341095       0.293784        3.00014        1.72071        1.01748      -0.253731     0.00694611
15.8        1.60259       0.860306       0.447022   -0.000335847       0.297911        2.99956         1.6049        1.06839      -0.215985     0.00806143
16        1.38793       0.927005       0.469159   -4.20978e-05       0.305623        3.00044        1.70175       0.925286     -0.0916859     0.00245161
16.2         1.5228       0.842749       0.429226              0       0.305693        2.99962        1.57767         1.0152      -0.103421     0.00256987
16.4        1.54296       0.870447       0.385603   -4.61406e-05       0.316926        2.99949        1.57293        1.02864      -0.140352      0.0239472
16.6        1.58188       0.889963       0.407631   -0.000853301       0.324567        3.00001        1.62131        1.05458      -0.206571     0.00339211
16.8          1.504       0.984224       0.504888     -0.0159972       0.325185         3.0013         1.7983        1.00266      -0.307887      0.0068924
17        1.49095       0.981412       0.410216    -0.00789304       0.312696        3.00044        1.69643       0.993965      -0.189555     0.00261809
17.2        1.47912       0.930723       0.450968              0       0.305729        2.99968        1.68742       0.986078      -0.167458     0.00059558
17.4        1.40546       0.948105       0.491711              0       0.297804        3.00106        1.73762       0.936971      -0.143468     0.00144915
17.6        1.53828       0.906502       0.426631              0         0.2922        3.00007        1.62533        1.02552      -0.165785     0.00223832
17.8        1.50653       0.911012       0.447428              0       0.287717        2.99999        1.64616        1.00435      -0.157727     0.00503913
18        1.59852       0.954986       0.447012    -0.00883691       0.286037        3.00055         1.6792        1.06568      -0.281918     0.00475006
18.2        1.50884       0.974163       0.424394   -0.000167223       0.282805        3.00053         1.6812         1.0059      -0.202966      0.0134603
18.4          1.458        0.99304        0.45629   -0.000462845       0.283014        3.00038        1.73188       0.972003      -0.197932     0.00842684
18.6        1.46347       0.969438       0.491965     -0.0060376       0.283891         3.0011        1.73926       0.975645      -0.203103     0.00147909
18.8        1.47049       0.938055       0.451347     -0.0149539       0.286218        3.00006        1.66067       0.980327      -0.136634     0.00553886
19        1.57457       0.985969       0.411734     -0.0121615       0.288746        3.00011        1.67429        1.04972      -0.251263     0.00251303
19.2        1.59089        1.01492       0.487843    -0.00267921        0.28643        3.00083        1.78652        1.06059      -0.382762     0.00619052
19.4        1.57296        1.02518       0.532046   -4.21856e-06       0.286384        3.00116        1.84361        1.04864      -0.420745     0.00533793
19.6        1.65132       0.962239       0.464355              0       0.288497        3.00056        1.71509        1.10088      -0.368364     0.00251505
19.8        1.43742       0.967907       0.425808              0        0.28923        2.99995        1.68295       0.958281      -0.122477     0.00205671
20        1.48493        1.02163       0.436317     0.00212454       0.296308        3.00072        1.75638        0.98995      -0.251875      0.0112895
20.2        1.51686        1.07126       0.460494    0.000984658         0.3024        3.00143        1.83514        1.01124      -0.356947     0.00637282
20.4        1.60676       0.974185       0.414495              0        0.30176        2.99999        1.69044        1.07117      -0.312709       0.015493
20.6        1.52323       0.977111        0.43695              0       0.294755         3.0006        1.70882        1.01549      -0.236649     0.00520113
20.8        1.51538       0.973533       0.501953              0       0.294721        3.00069        1.77021        1.01025      -0.287743     0.00285164
21        1.54768       0.992524       0.508421              0       0.297735        3.00073        1.79868        1.03179      -0.349954     0.00432641
21.2        1.55042        1.05322        0.42873              0       0.293466        3.00047        1.77542        1.03361      -0.337027      0.0116598
21.4        1.51312       0.962208       0.483516              0       0.297395        3.00043        1.74312        1.00875      -0.264942     0.00913656
21.6        1.42918       0.976106       0.481443              0       0.295323        3.00029        1.75287        0.95279      -0.183584       0.001819
21.8        1.55026       0.897646       0.449416              0       0.293756        2.99978        1.64082        1.03351       -0.19651      0.0052139
22        1.45855       0.999912        0.46203    1.02329e-05        0.29847        3.00035        1.76042       0.972368      -0.221162     0.00253825
22.2        1.51867        1.02992       0.442779     0.00174786       0.303248        3.00044         1.7777        1.01245      -0.307458      0.0115283
22.4        1.56134        0.98564       0.476657    -0.00337241       0.299091        3.00015        1.75802        1.04089      -0.324076     0.00486434
22.6        1.48769        0.97382       0.489776     -0.0225312       0.310578        3.00055        1.75164       0.991794      -0.245402     0.00662026
22.8        1.52189       0.936629       0.438841     -0.0220919        0.31259        2.99956        1.66597        1.01459      -0.190944     0.00264248
23        1.43277        1.01883       0.465791      -0.012637       0.306742        3.00106        1.77873       0.955178      -0.215503      0.0050627
23.2        1.50455        1.01646       0.447388    -0.00360667       0.309317        3.00065        1.76956        1.00303      -0.289277      0.0158161
23.4        1.48475       0.977267       0.498135    -0.00793592       0.301426        3.00075        1.76889       0.989836      -0.267883       0.014984
23.6          1.503       0.948544       0.530846     -0.0319985       0.294619        3.00032        1.74201          1.002      -0.257083      0.0123947
23.8        1.41494        1.01695       0.462797     -0.0277781       0.293209        3.00057        1.74518       0.943292      -0.161178     0.00162965
24        1.44559        1.03446       0.463234     -0.0268047       0.291765        3.00042        1.76266       0.963724      -0.222586      0.0147648
24.2        1.47904       0.986973       0.512175     -0.0195323       0.302773         3.0007        1.78239       0.986029      -0.274386      0.0136538
24.4        1.49496        1.02155       0.485134     -0.0107964       0.306538         3.0006        1.80243       0.996643      -0.304273     0.00748178
24.6          1.523        1.05985       0.491674    -0.00904739       0.311821        3.00121         1.8543        1.01533      -0.379542     0.00345825
24.8         1.5793        1.02098       0.570684     -0.0105461       0.317803        3.00113        1.89892        1.05287      -0.481009      0.0039225
25        1.53938        1.09218       0.490261    -0.00207306       0.326028        3.00148         1.9064        1.02626      -0.449812     0.00551186
25.2        1.41833        1.03811       0.464215     -0.0118954       0.326435        3.00119        1.81686       0.945556      -0.239036     0.00502841
25.4        1.44052        1.03008       0.490279     -0.0121393       0.336569        3.00056        1.84479       0.960349      -0.299841      0.0150911
25.6        1.53927        1.03458       0.482113     -0.0103287       0.336749        3.00076        1.84312        1.02618      -0.383734     0.00211409
25.8        1.60608        1.03938        0.51639     -0.0174159       0.338262         3.0009        1.87661        1.07072      -0.489401     0.00760699
26        1.56327        1.06377       0.454886     -0.0200091       0.338697        3.00053        1.83734        1.04218      -0.401244     0.00115706
26.2        1.56058       0.976494       0.565035     -0.0141378       0.338932        3.00079        1.86632        1.04039      -0.434677     0.00855576
26.4        1.41332        1.03495       0.510332     -0.0214732       0.337964        3.00091        1.86177       0.942215      -0.275661     0.00147066
26.6        1.49756        1.04957       0.469416    -0.00902123       0.335961         3.0005        1.84593       0.998373       -0.34901     0.00602377
26.8        1.51463        1.04988       0.485449    -0.00353862       0.328347        3.00073        1.86014        1.00975       -0.38519      0.0111541
27        1.43878        1.05475       0.539501    -0.00590832       0.317862        3.00051         1.9062       0.959184      -0.353348     0.00887569
27.2        1.65095        1.05069        0.55258    -0.00712226       0.310259        3.00122         1.9064        1.10063      -0.561647     0.00551338
27.4        1.43277         1.0576       0.440199    -0.00121935        0.29542        3.00062          1.792       0.955178      -0.234253      0.0101144
27.6        1.45045        1.00268       0.552576   -1.54976e-05       0.292571        3.00074        1.84781       0.966965      -0.303656     0.00613222
27.8        1.56255        1.07823       0.548354   -0.000101405       0.285004        3.00123        1.91148         1.0417      -0.473283    0.000479339
28        1.53604         1.0897       0.496353   -0.000305623       0.284675        3.00061        1.87042        1.02403      -0.417449      0.0115926
28.2        1.49227          1.026        0.50962    0.000499633       0.289304        3.00045        1.82542       0.994844      -0.321701     0.00446393
28.4         1.4608        1.04096       0.509803    1.18772e-05       0.287239        3.00101        1.83802       0.973869      -0.307236     0.00942483
28.6        1.46077        1.04075       0.505764              0       0.294426        3.00057        1.84094       0.973844      -0.303727     0.00259283
28.8        1.47123       0.942886       0.550366              0       0.297257        2.99997        1.79051       0.980822      -0.264636     0.00286668
29        1.43172        1.05968       0.506276              0        0.29689        3.00068        1.86284       0.954483      -0.296731     0.00283985
29.2        1.58518       0.993756       0.452978   -0.000231754       0.301722        2.99916        1.74822        1.05679      -0.337356     0.00310722
29.4        1.57266        1.01708       0.513399    -0.00335272       0.307892        3.00041        1.83502        1.04844      -0.409757     0.00249007
29.6        1.54165        1.06466       0.488327    -0.00401209       0.306764        3.00024        1.85574        1.02777      -0.405448     0.00829743
29.8        1.58543        1.01643       0.516632     -0.0205647       0.312653        3.00038        1.82515        1.05695      -0.411272     0.00107198
30        1.48984        1.08794       0.509743     -0.0228729       0.311946        3.00104        1.88675       0.993228       -0.38033     0.00477394
30.2        1.46108        1.13214       0.483051     -0.0345585       0.307188        3.00084        1.88782       0.974051      -0.356214     0.00815247
30.4        1.54824        1.02749       0.532415      -0.049264       0.315015        3.00131        1.82566        1.03216      -0.375803     0.00320901
30.6        1.56612        1.02949       0.504486     -0.0611799       0.314391        3.00079        1.78719        1.04408      -0.359615     0.00710142
30.8        1.50488         1.0549       0.488148     -0.0394957       0.318155        3.00076         1.8217        1.00325       -0.32797     0.00214702
31        1.48849        1.02546       0.465593     -0.0478843       0.318127        2.99996        1.76129       0.992327      -0.255666     0.00583855
31.2        1.48324        1.09455       0.476599     -0.0414739       0.307842        3.00071        1.83752       0.988827      -0.329516     0.00946235
31.4         1.4328        1.01845       0.561839     -0.0287934       0.307116        3.00062        1.85861       0.955201      -0.292377     0.00158644
31.6        1.38487        1.01711       0.503045     -0.0276247       0.301849        3.00075        1.79438        0.92325      -0.181419     0.00291442
31.8        1.47288        1.13018       0.483721     -0.0306182       0.303792        3.00114        1.88708       0.981922      -0.367992     0.00916922
32        1.49381        1.07055        0.47904     -0.0345488        0.30535        3.00055        1.82039       0.995875      -0.325821      0.0121725
32.2        1.45221        1.07034       0.459366     -0.0333588       0.303557        3.00044        1.79991       0.968139      -0.254834     0.00315711
32.4         1.4433       0.984138       0.487098     -0.0388358       0.300996        3.00057         1.7334       0.962201      -0.178226     0.00209873
32.6        1.44194        1.08935       0.507034     -0.0734438       0.300393        3.00138        1.82333       0.961295      -0.278308      0.0144101
32.8        1.43661         1.0583       0.460443     -0.0763719       0.299651        3.00002        1.74202       0.957739      -0.186951     0.00834168
33        1.44648       0.998022       0.517977     -0.0907858        0.30576         3.0005        1.73097       0.964322      -0.184357     0.00740233
33.2        1.36824        1.04805       0.445695     -0.0831973       0.306542        3.00007        1.71709       0.912159     -0.0886921     0.00344022
33.4         1.4983        1.16158       0.518848      -0.078181        0.30436        3.00186        1.90661       0.998867      -0.407092     0.00404106
33.6        1.53873         1.0503       0.523712     -0.0786617       0.305272        3.00091        1.80062        1.02582      -0.342002     0.00356408
33.8        1.50355        1.14196        0.48606     -0.0664895        0.30898        3.00179        1.87051        1.00237      -0.375268      0.0029922
34         1.5148        1.02252       0.549243     -0.0892627       0.309289        3.00057        1.79179        1.00987      -0.307772     0.00175418
34.2        1.47003        1.14204        0.51975     -0.0841219       0.313793        3.00137        1.89147       0.980017      -0.362148     0.00202648
34.4        1.54992        1.09013       0.478367       -0.08036       0.311575        3.00055        1.79971        1.03328      -0.355573      0.0064897
34.6        1.62198       0.984894       0.493294      -0.094558       0.311891        3.00016        1.69552        1.08132      -0.318001    0.000665025
34.8        1.48228        1.05552        0.46565     -0.0990398        0.31106        2.99995        1.73319       0.988188      -0.220364     0.00484027
35        1.55161        1.07082       0.450653     -0.0978085        0.31233        2.99984        1.73599         1.0344      -0.296065     0.00830236
35.2        1.57515        1.13823       0.532661     -0.0917775       0.312835         3.0015        1.89194         1.0501      -0.477687      0.0120894
35.4        1.50602        1.04801       0.559548     -0.0820387       0.321992        3.00089        1.84751        1.00401      -0.358695       0.006058
35.6        1.54666        1.09625       0.524462      -0.107101       0.323599         3.0009        1.83721        1.03111      -0.392719     0.00974731
35.8        1.45556        1.07379         0.5855     -0.0742404        0.32765         3.0018         1.9127       0.970375       -0.37045     0.00398738
36         1.4714        1.14846       0.534693     -0.0905444       0.321416        3.00165        1.91402       0.980933      -0.389762     0.00598884
36.2        1.57118        1.08952        0.54489     -0.0944823       0.313878        3.00191         1.8538        1.04745      -0.425642      0.0025664
36.4         1.5334        1.12295       0.541326     -0.0841084        0.31919        3.00163        1.89936        1.02226       -0.43471     0.00358436
36.6        1.53594        1.07133       0.531978     -0.0836484       0.317738         3.0014         1.8374        1.02396      -0.375414     0.00348132
36.8        1.49473        1.10531       0.496703     -0.0943368       0.323627        3.00049         1.8313       0.996488      -0.329973     0.00443189
37        1.41571        1.03197       0.555305     -0.0954445       0.324516        3.00109        1.81635       0.943805      -0.234562     0.00359611
37.2        1.45418        1.02644       0.499607     -0.0853288       0.328534        3.00097        1.76925       0.969455      -0.230104     0.00763121
37.4        1.46513        1.03959       0.457566      -0.122121       0.331512        3.00006        1.70655       0.976754      -0.197825       0.026208
37.6        1.58201       0.932417       0.519221     -0.0842421          0.335        3.00001         1.7024        1.05467      -0.286045     0.00164756
37.8        1.50653        1.03339       0.495101     -0.0873008       0.334389        3.00084        1.77558        1.00435      -0.305535      0.0242706
38         1.5763        1.03796       0.433825     -0.0886901       0.332576        2.99993        1.71567        1.05087        -0.3006     0.00855838
38.2        1.46434        1.06531       0.527241      -0.075257       0.335482        3.00103        1.85277       0.976225      -0.320373     0.00429661
38.4        1.46652        1.10454       0.475022     -0.0770431       0.342541        3.00123        1.84506       0.977682      -0.314105      0.0037555
38.6        1.39868        1.09032       0.528228     -0.0861596       0.347728        3.00132        1.88011       0.932456      -0.286548     0.00907046
38.8         1.4875        1.09109       0.535359      -0.100965       0.346546        3.00171        1.87203       0.991666      -0.363724     0.00590518
39        1.54473        1.13269       0.553154      -0.112389       0.347332        3.00172        1.92079        1.02982      -0.472744     0.00895251
39.2        1.53638        1.12037       0.534295      -0.102985       0.342733        3.00128        1.89441        1.02426      -0.431181     0.00166106
39.4        1.57153        1.11546       0.507202      -0.104814       0.333561        3.00138        1.85141        1.04769      -0.425774     0.00420939
39.6         1.4362         1.1369       0.525899     -0.0975885       0.327438        3.00129        1.89265       0.957467      -0.333052     0.00548878
39.8        1.50277         1.1647       0.520818     -0.0932277       0.319226        3.00136        1.91152        1.00185      -0.417046     0.00411301
40        1.48206        1.19791       0.565962     -0.0845067       0.318023        3.00181        1.99739       0.988038      -0.484767     0.00713605
40.2        1.62095        1.16864        0.53265     -0.0843188       0.305377        3.00136        1.92235        1.08063      -0.545142     0.00320474
40.4        1.53037        1.09346        0.51767      -0.100176       0.315121        3.00111        1.82608        1.02025      -0.362812     0.00747371
40.6        1.50491        1.09962       0.524255     -0.0968636        0.31103        3.00038        1.83804        1.00328      -0.354772      0.0122056
40.8        1.58873        1.06115       0.507035      -0.104426       0.310443        3.00042         1.7742        1.05916      -0.364012     0.00149626
41        1.43554        1.13205       0.540326     -0.0677251       0.315765         3.0012        1.92042       0.957027         -0.358     0.00324169
41.2        1.50297        1.08278       0.536775     -0.0810803       0.318532        3.00138        1.85701        1.00198      -0.360419     0.00182227
41.4         1.4605        1.08599       0.544918     -0.0934514       0.319812        3.00083        1.85727       0.973668      -0.319924     0.00297988
41.6        1.59089        1.05605       0.526447     -0.0931632       0.324735        3.00075        1.81407        1.06059      -0.409234     0.00502928
41.8        1.61116        1.07236       0.506714     -0.0964641       0.325516        3.00026        1.80813        1.07411      -0.424877      0.0058399
42        1.43604        1.12331       0.571891      -0.107593       0.332034        3.00144        1.91965       0.957358      -0.358229     0.00398765
42.2        1.49458        1.13146       0.507172      -0.105462       0.333051        3.00137        1.86622       0.996384      -0.360241    0.000815659
42.4        1.51423        1.08605       0.487626       -0.10959       0.337311        3.00088         1.8014        1.00949      -0.316987     0.00223589
42.6        1.40352        1.06394        0.43808      -0.107945        0.33895        2.99995        1.73302       0.935677      -0.145069     0.00847986
42.8        1.47977        1.13981        0.53294      -0.098809         0.3391        3.00102        1.91304       0.986514      -0.400689     0.00889378
43        1.43617        1.09422       0.544465      -0.134209       0.339388        3.00118        1.84387       0.957446      -0.280056     0.00120055
43.2        1.35903        1.14281       0.466874       -0.10132       0.329191        3.00078        1.83756       0.906021      -0.198478     0.00267366
43.4         1.3954        1.05655       0.509372     -0.0949729       0.328849        3.00055        1.79979       0.930266      -0.201843     0.00719685
43.6        1.58639        1.20395       0.538243     -0.0861258       0.319624        3.00196        1.97569        1.05759      -0.565584     0.00547298
43.8        1.53125        1.15507       0.479498     -0.0991158       0.319326        3.00119        1.85477        1.02083      -0.391588     0.00675009
44        1.43467        1.09808       0.490891      -0.104792       0.320636        3.00032        1.80482        0.95645      -0.243594     0.00441982
44.2        1.40617        1.15975       0.517583     -0.0761999       0.310769        3.00117         1.9119       0.937448      -0.333383      0.0164772
44.4        1.44213        1.15205       0.503585      -0.101554       0.321465        3.00146        1.87554       0.961419      -0.320245     0.00402998
44.6        1.58995        1.09714       0.475717     -0.0942715       0.316932        3.00046        1.79552        1.05997      -0.393473     0.00846342
44.8        1.49753        1.01614        0.49581     -0.0945795       0.319274        3.00021        1.73665        0.99835      -0.245335      0.0113685
45        1.49407        1.07881       0.503103      -0.100843       0.323546        3.00031        1.80461       0.996049       -0.30875      0.0103762
45.2        1.42996         1.0798       0.532833     -0.0855005       0.329199        3.00082        1.85633       0.953307      -0.292975     0.00750721
45.4        1.43803        1.21227        0.51307     -0.0851218       0.328484        3.00177        1.96871       0.958686       -0.41361     0.00865021
45.6        1.58548        1.18276       0.507567     -0.0849063       0.329384        3.00113         1.9348        1.05699       -0.52166     0.00251379
45.8        1.47104        1.21678       0.527614     -0.0750497       0.330514        3.00162        1.99985       0.980696      -0.476032     0.00675249
46        1.50389        1.18689       0.564302     -0.0671088       0.330845        3.00192        2.01492        1.00259      -0.518112     0.00122072
46.2         1.5658        1.18004       0.531398     -0.0897941       0.326946        3.00138        1.94859        1.04387      -0.518096     0.00508403
46.4        1.35086        1.24922       0.604493     -0.0909408       0.336437        3.00261        2.09921       0.900574      -0.449187     0.00173133
46.6        1.69382        1.15849       0.501436      -0.077553       0.325412        3.00135        1.90779        1.12921      -0.603546     0.00329395
46.8        1.52491        1.24777        0.59851     -0.0826114       0.324534        3.00287         2.0882        1.01661      -0.615678     0.00543665
47        1.51311        1.11956       0.547066      -0.085952       0.327404        3.00094        1.90808        1.00874      -0.425573      0.0053189
47.2         1.4784        1.20107       0.548092     -0.0676203       0.325816        3.00155        2.00735       0.985598      -0.490409     0.00620964
47.4        1.50105        1.09148       0.442421     -0.0700394       0.317641         2.9998         1.7815         1.0007      -0.296449       0.013694
47.6        1.45134        1.08513       0.517232     -0.0826141       0.322976         3.0002        1.84273       0.967561      -0.303904      0.0100408
47.8        1.48543        1.10902        0.50032      -0.079857       0.314801        3.00046        1.84429       0.990286      -0.344201      0.0149478
48        1.42048        1.13505        0.48563     -0.0724531          0.305        3.00022        1.85323       0.946986       -0.27621     0.00272336
48.2        1.49133        1.11391       0.640988     -0.0808939       0.302603        3.00159        1.97661       0.994221      -0.474965     0.00861451
48.4        1.36431        1.13255       0.648001     -0.0839461       0.307175        3.00188        2.00378       0.909543      -0.367137    0.000926517
48.6        1.37955        1.07285       0.533303     -0.0822312       0.300633        3.00043        1.82455       0.919699      -0.208219     0.00454545
48.8        1.36542        1.14944       0.549469     -0.0824481       0.302006        3.00075        1.91846       0.910281      -0.304236      0.0211048
49        1.55565        1.11207       0.628295     -0.0751299       0.305053        3.00211        1.97029         1.0371      -0.526335     0.00249733
49.2        1.49007        1.19211       0.463538     -0.0965679       0.296328         3.0006        1.85541       0.993382      -0.351498     0.00661629
49.4        1.49492        1.06811       0.509274     -0.0794713       0.303134        3.00028        1.80105       0.996613       -0.29865     0.00295642
49.6        1.46923        1.04007       0.583076     -0.0698238       0.299446        3.00061        1.85277       0.979483      -0.322922     0.00153395
49.8        1.46223        1.14262       0.526057     -0.0812117       0.304267        3.00072        1.89173       0.974821      -0.354449     0.00121121
50        1.54286        1.08736       0.525027      -0.101202       0.314425        3.00073        1.82561        1.02858      -0.374846     0.00710966
50.2        1.58978        1.14155       0.552592      -0.112296       0.314201        3.00056        1.89605        1.05985       -0.49816      0.0128882
50.4        1.39073        1.18513       0.518498      -0.100037       0.312901        3.00073        1.91649       0.927152      -0.315317     0.00882312
50.6         1.5571        1.05009       0.607774     -0.0907073       0.313585        3.00059        1.88074        1.03807      -0.442171     0.00492504
50.8        1.59622        1.15812       0.593352     -0.0828752       0.307818        3.00138        1.97642        1.06415      -0.579875     0.00861777
51        1.49751        1.11831        0.55856     -0.0816463       0.315399        3.00054        1.91063        0.99834      -0.414581     0.00698782
51.2        1.37631        1.18643       0.556215      -0.079094       0.317559        3.00118        1.98111       0.917542       -0.36075     0.00451069
51.4        1.53004        1.10928       0.525437     -0.0684123       0.313533        3.00007        1.87984        1.02003      -0.414231     0.00442336
51.6        1.46143         1.1382        0.52009     -0.0734247       0.310145        3.00044        1.89501       0.974287      -0.358484     0.00248332
51.8        1.47032          1.215       0.555552     -0.0833779       0.314456        3.00148        2.00163       0.980213      -0.478776     0.00830074
52        1.55105        1.17084       0.507606      -0.100628       0.308273        3.00052        1.88609        1.03403      -0.441964      0.0053493
52.2        1.52783        1.18098       0.539367     -0.0847042       0.313444        3.00119        1.94909        1.01855      -0.481802     0.00607993
52.4        1.46371        1.29131       0.576883      -0.097849       0.307311        3.00227        2.07766       0.975805      -0.545776     0.00668381
52.6        1.52151        1.13937       0.586023     -0.0981467       0.312888        3.00096        1.94014        1.01434      -0.465246      0.0045537
52.8        1.53371        1.12547       0.601839     -0.0763683       0.309458        3.00049         1.9604        1.02247      -0.500428     0.00681966
53        1.57123        1.19201       0.563873      -0.101017       0.307645        3.00041        1.96251        1.04749      -0.541684      0.0083604
53.2        1.51153        1.13359       0.573469     -0.0854007        0.30047        3.00072        1.92213        1.00769      -0.440846     0.00790352
53.4        1.51065         1.1499       0.552101     -0.0959004       0.309372        3.00042        1.91547         1.0071      -0.434397     0.00870108
53.6        1.49733        1.21296       0.524939     -0.0880326       0.303867        3.00058        1.95373        0.99822        -0.4557     0.00522152
53.8        1.43292        1.15836       0.540727     -0.0791747       0.305919        3.00059        1.92583       0.955279      -0.366442     0.00828693
54        1.50498        1.18697       0.548074      -0.089772       0.300629         3.0005         1.9459        1.00332      -0.455329     0.00494752
54.2        1.59622        1.18755       0.551671     -0.0878317       0.305448        3.00091        1.95684        1.06415      -0.564775      0.0126288
54.4        1.45582        1.15978       0.573062     -0.0750482       0.305733        3.00119        1.96353       0.970548      -0.432499      0.0143363
54.6        1.53275        1.17061       0.512888     -0.0824542       0.301456        3.00084         1.9025        1.02183      -0.436227     0.00181947
54.8        1.55733        1.18108        0.59826     -0.0733843       0.303232         3.0018        2.00919        1.03822      -0.572712     0.00799164
55        1.49778        1.14033       0.544781     -0.0716236        0.31036        3.00061        1.92385       0.998522      -0.425839      0.0048145
55.2        1.55971         1.1632       0.533977      -0.101463        0.30687        3.00055        1.90258        1.03981       -0.47473      0.0129875
55.4        1.52559        1.21189       0.541749      -0.127039       0.317171        3.00065        1.94377        1.01706      -0.476952     0.00824107
55.6        1.54968        1.17258       0.585078      -0.117935        0.31479        3.00097        1.95451        1.03312      -0.510395      0.0071777
55.8        1.53954        1.08647       0.534565      -0.127959       0.321904        2.99977        1.81498        1.02636       -0.35879      0.0040492
56        1.52375        1.10786       0.524193      -0.109518       0.318622        2.99991        1.84116        1.01583      -0.372565     0.00756681
56.2        1.48338        1.23216       0.519327      -0.128833       0.324399        3.00119        1.94706       0.988918      -0.436596      0.0073475
56.4        1.42819        1.14082       0.507844      -0.167677       0.334003         3.0005        1.81499       0.952125      -0.249266     0.00658102
56.6        1.45561        1.03804       0.517551      -0.139632       0.334302        2.99932        1.75026       0.970408      -0.207262    0.000714252
56.8        1.42542         1.2018       0.516355      -0.177905       0.345989        3.00086        1.88623       0.950279      -0.316316     0.00552522
57        1.55407        1.15524       0.505393      -0.157114       0.350556        3.00051        1.85408        1.03605       -0.41368     0.00603653
57.2        1.41607        1.24294       0.523972      -0.163808       0.344201        3.00059        1.94731       0.944048      -0.368627     0.00583971
57.4        1.48916        1.16591       0.561424      -0.155274       0.344552        3.00101        1.91661       0.992775      -0.414506      0.0097468
57.6        1.48942        1.12349        0.56535       -0.14122       0.343514        3.00067        1.89114       0.992945      -0.393181      0.0132967
57.8        1.51855        1.15303       0.534632      -0.168997        0.33416        3.00027        1.85282        1.01237      -0.375972     0.00486763
58        1.45346          1.271       0.521081      -0.148463       0.332703        3.00097        1.97632       0.968971      -0.434379     0.00557122
58.2        1.56862         1.1509       0.566806      -0.129224       0.328657        3.00018        1.91714        1.04575       -0.48932      0.0037402
58.4         1.4986         1.1669       0.542319      -0.156932       0.327109        3.00041         1.8794       0.999065      -0.394262      0.0166723
58.6        1.50275        1.12414       0.585186      -0.164882       0.335643        3.00055        1.88009        1.00183      -0.388747     0.00646731
58.8        1.63658        1.17096       0.597847       -0.16112       0.333256        3.00128        1.94094        1.09106      -0.593945      0.0176998
59        1.38527        1.26146       0.593181      -0.138126       0.325831        3.00251        2.04234       0.923514       -0.43224     0.00712986
59.2        1.52244         1.1875       0.567292      -0.157878       0.332332        3.00099        1.92925        1.01496      -0.464605      0.0139046
59.4        1.52941        1.11247         0.6249      -0.149029       0.327795        3.00107        1.91614        1.01961      -0.450727     0.00624442
59.6        1.46365        1.13754       0.527769      -0.165719       0.320027        3.00059        1.81962       0.975769      -0.289336     0.00665352
59.8        1.53111        1.11022       0.545315      -0.155284       0.319828        2.99982        1.82008        1.02074      -0.356187      0.0048192
60        1.52204         1.1527       0.559933      -0.143933       0.319411         3.0011        1.88811         1.0147      -0.411489     0.00243119
60.2        1.53863        1.19073       0.582825        -0.1745       0.318937        3.00174        1.91799        1.02575      -0.460303     0.00542662
60.4        1.45606        1.18889       0.547434      -0.136619       0.316705        3.00126        1.91641       0.970705      -0.374401     0.00318794
60.6        1.53067        1.21763       0.528582      -0.158814        0.32086        3.00124        1.90826        1.02045      -0.442525      0.0048355
60.8        1.65267         1.2935       0.572701      -0.153001       0.333069        3.00254        2.04627        1.10178      -0.698363     0.00195635
61        1.50576        1.21126       0.556829      -0.158547       0.335154         3.0016        1.94469        1.00384      -0.460293      0.0114435
61.2        1.65549        1.17741       0.496473      -0.141402       0.335439        3.00059        1.86792        1.10366      -0.523718    0.000904253
61.4        1.38796        1.24951       0.565842      -0.167811       0.335237        3.00173        1.98278       0.925309      -0.371743     0.00272653
61.6        1.56082         1.2193       0.571449      -0.131638       0.333211        3.00236        1.99232        1.04055      -0.553401     0.00261696
61.8        1.59746        1.19895       0.478892      -0.155081       0.331358        3.00117        1.85412        1.06497       -0.46143      0.0110236
62        1.48724        1.17116       0.539137      -0.168278       0.333668        3.00041        1.87568       0.991496      -0.365239     0.00271831
62.2        1.57319        1.10492       0.525926      -0.159602       0.331889        3.00048        1.80313        1.04879      -0.381502     0.00566268
62.4        1.50614        1.11611        0.51526      -0.154723       0.338189        3.00071        1.81483        1.00409      -0.325597     0.00533936
62.6        1.37972        1.12858       0.581378      -0.163032       0.336958        3.00102        1.88388       0.919814      -0.265896     0.00331435
62.8         1.5042        1.14912       0.512826      -0.153492       0.335225        3.00061        1.84368         1.0028      -0.359694      0.0124305
63        1.43735        1.22564       0.593281      -0.158738       0.336598        3.00235        1.99678       0.958233      -0.439014      0.0072304
63.2        1.41295        1.22741       0.569267      -0.161595       0.332263        3.00184        1.96735       0.941967      -0.381802     0.00333822
63.4        1.50748        1.21206       0.581174        -0.1706       0.335055        3.00233        1.95769        1.00499      -0.465311     0.00247751
63.6        1.62142        1.17212       0.563764      -0.153601       0.332622          3.001        1.91491        1.08095      -0.542353     0.00702404
63.8        1.46411        1.21903       0.551673      -0.151517       0.324932        3.00122        1.94412       0.976075      -0.410899     0.00389186
64        1.53136        1.20386       0.606028      -0.158258       0.321106        3.00207        1.97274         1.0209      -0.505877     0.00385438
64.2         1.6663        1.17002       0.566009      -0.146492       0.324697          3.001        1.91423        1.11087      -0.585283     0.00574651
64.4        1.47211        1.19021       0.561421      -0.144657       0.325788        3.00098        1.93276       0.981406      -0.412422     0.00853448
64.6        1.52543        1.16627       0.533436      -0.164555       0.325944        3.00028        1.86109        1.01695      -0.386825    0.000590812
64.8        1.54754         1.1671       0.584298      -0.140914       0.320809        3.00123         1.9313        1.03169      -0.488802       0.011199
65        1.50466        1.17092       0.524148      -0.167673       0.317241        3.00094        1.84464        1.00311      -0.350733     0.00236753
65.2        1.53512        1.18117       0.608051      -0.161669        0.32757        3.00116        1.95513        1.02341      -0.503359      0.0142755
65.4        1.47811        1.19614       0.522868      -0.164795         0.3275        3.00106        1.88172       0.985409      -0.364048     0.00527363
65.6         1.5144        1.10791       0.529843      -0.144391       0.325197        3.00059        1.81856         1.0096      -0.337685     0.00532295
65.8        1.47236        1.15731       0.555865      -0.150415       0.323706        3.00124        1.88647       0.981576      -0.363154     0.00555826
66        1.40736        1.21021       0.541693      -0.176181       0.323333        3.00103        1.89906        0.93824      -0.315226     0.00983621
66.2        1.47911        1.19834       0.531893      -0.129649       0.318855        3.00066        1.91944       0.986075      -0.402085     0.00419556
66.4        1.50123        1.18192       0.501198      -0.152816       0.318784        3.00112        1.84909        1.00082      -0.360531      0.0113379
66.6        1.53713        1.08292       0.553017      -0.129621       0.326175         3.0006        1.83249        1.02475      -0.371956     0.00293393
66.8        1.44583        1.12044       0.507139       -0.15122       0.328759        3.00014        1.80512        0.96389      -0.258074     0.00726475
67        1.54423        1.13529       0.523763      -0.147023        0.32795        3.00059        1.83998        1.02949      -0.385882     0.00225977
67.2        1.38427        1.19017       0.541211      -0.159321       0.334879         3.0012        1.90694       0.922846      -0.293122     0.00311142
67.4        1.40389         1.1201       0.498157      -0.174535       0.337902        3.00032        1.78162       0.935925      -0.186886     0.00169246
67.6         1.5277        1.22165        0.59684      -0.156878       0.334264        3.00175        1.99588        1.01847      -0.536403       0.014577
67.8        1.58424        1.24435       0.540277      -0.170848       0.334702         3.0016        1.94848        1.05616      -0.538688      0.0075653
68        1.43515         1.2327        0.56107      -0.181988       0.333507        3.00235        1.94528       0.956764      -0.409632      0.0315503
68.2        1.65336        1.11288       0.607161      -0.182193       0.327751        3.00128         1.8656        1.10224      -0.521879     0.00420368
68.4        1.58401        1.25426       0.576634      -0.142176       0.323361        3.00133        2.01208        1.05601      -0.598084     0.00331711
68.6        1.43656        1.14452       0.516627      -0.153918       0.319784        2.99978        1.82702       0.957707      -0.265466     0.00166987
68.8        1.44043        1.22404       0.552917      -0.169471       0.320676        3.00134        1.92816       0.960286      -0.373808     0.00656307
69        1.47679        1.19938       0.497435      -0.156583       0.322426        3.00048        1.86265       0.984524      -0.340206     0.00124545
69.2        1.39789        1.23242       0.551938      -0.152354       0.320532        3.00135        1.95253        0.93193      -0.351631     0.00255747
69.4         1.5264        1.16889        0.51016      -0.152863       0.319093        3.00035        1.84528         1.0176      -0.371603     0.00028007
69.6         1.5636         1.1149       0.563661      -0.161853        0.32598        3.00029        1.84268         1.0424      -0.419193         0.0132
69.8        1.48948        1.27755       0.574544      -0.171393       0.324105        3.00207         2.0048       0.992989      -0.493669     0.00144945
70        1.47986        1.15962       0.476481      -0.167187       0.317901        3.00015        1.78681       0.986576      -0.274332     0.00780229
70.2        1.44958         1.2042        0.54647      -0.210992       0.329275        3.00102        1.86895       0.966389      -0.318057    0.000541058
70.4        1.63561        1.16251       0.573193       -0.20482        0.33275        3.00111        1.86363         1.0904      -0.500635     0.00250857
70.6        1.42665        1.21381       0.587198      -0.195783       0.330637        3.00154        1.93586       0.951098      -0.375311      0.0143398
70.8        1.45985        1.15958       0.569391      -0.215961       0.332616        3.00128        1.84562       0.973235      -0.322394      0.0182035
71         1.4634        1.17141       0.511424      -0.152407       0.328726        3.00049        1.85915         0.9756      -0.332482      0.0104184
71.2        1.38822        1.18788       0.586177      -0.238243       0.340473        3.00064        1.87629       0.925477       -0.26774      0.0038828
71.4        1.49353        1.12942       0.567269      -0.229157       0.333246        3.00075        1.80078       0.995686      -0.294092    0.000530617
71.6         1.5015        1.11592       0.514374      -0.243721       0.344993        2.99969        1.73157          1.001      -0.233968     0.00058229
71.8         1.5405        1.17903        0.57108      -0.213001       0.344144         3.0016        1.88125          1.027      -0.432077      0.0119305
72        1.37219        1.20562       0.540919      -0.229267       0.332355        3.00098        1.84963       0.914796      -0.223454     0.00261252
72.2         1.4407        1.13745       0.528355      -0.224745       0.334457        3.00011        1.77552       0.960466      -0.229473      0.0133621
72.4         1.3774         1.1397       0.508404      -0.224414       0.335793        3.00009        1.75948       0.918264      -0.141702     0.00490712
72.6        1.46917        1.12559       0.566731      -0.230717       0.337298        3.00133         1.7989       0.979448      -0.284752      0.0180065
72.8        1.47187        1.21137       0.576969      -0.227602       0.344188        3.00107        1.90492        0.98125      -0.385263     0.00953759
73        1.52871         1.2581       0.614868      -0.237801       0.343295        3.00231        1.97846        1.01914      -0.510183     0.00532579
73.2        1.46052        1.11569       0.587544      -0.237172       0.349158         3.0012        1.81522       0.973677      -0.285114      0.0105846
73.4        1.52587        1.15319       0.595992       -0.25182       0.345773        3.00059        1.84314        1.01725      -0.376329     0.00790425
73.6        1.51092        1.22167       0.560862      -0.235956       0.338694        3.00108        1.88527        1.00728      -0.398358     0.00325303
73.8        1.51586         1.1941       0.543386      -0.229643       0.332137        3.00083        1.83998        1.01057      -0.361162     0.00615069
74          1.464        1.20551       0.686158       -0.23434       0.340795        3.00166        1.99813       0.975999      -0.461523      0.0010585
74.2        1.55077         1.3198       0.554767      -0.182685       0.327682        3.00174        2.01956        1.03385      -0.579071      0.0104747
74.4        1.59074        1.28799       0.613875      -0.233227       0.336913         3.0023        2.00555        1.06049      -0.596162     0.00217448
74.6        1.47567        1.24837       0.633461      -0.245184       0.341024        3.00154        1.97767       0.983777      -0.475293      0.0234921
74.8        1.62033        1.22236       0.550558      -0.231642       0.344515        3.00091         1.8858        1.08022      -0.507927     0.00270983
75        1.45632        1.25298       0.514065      -0.226251       0.341175        3.00076        1.88197       0.970882      -0.338656     0.00112459
75.2        1.47296        1.14747       0.511189      -0.224915       0.337928        2.99973        1.77168       0.981974      -0.249376     0.00446599
75.4        1.40078        1.13036       0.581733       -0.23724       0.346283        3.00064        1.82114       0.933853      -0.227798     0.00652729
75.6        1.48686        1.19004       0.478773      -0.238477       0.342539        3.00023        1.77288       0.991238      -0.266706     0.00720372
75.8        1.45797          1.139       0.493824      -0.232705       0.333116        2.99974        1.73323       0.971983      -0.198012     0.00654235
76         1.4085        1.10792       0.578798      -0.238644       0.335859        3.00074        1.78393       0.939002      -0.193504     0.00180404
76.2        1.40705        1.23637       0.533455      -0.235576       0.330887        3.00087        1.86513        0.93803      -0.280061     0.00875947
76.4        1.43002        1.13884       0.577388      -0.234234       0.330488        3.00072        1.81248        0.95335      -0.243893     0.00211287
76.6        1.46811        1.15338       0.517995       -0.23696       0.333382        3.00008        1.76779       0.978738      -0.240855     0.00503654
76.8        1.52024        1.19783       0.537246      -0.235259       0.336317        3.00055        1.83614         1.0135      -0.362444     0.00661594
77        1.50221        1.27403       0.512926      -0.246791       0.331406        3.00081        1.87157        1.00147      -0.392071      0.0191011
77.2        1.48968        1.19231       0.609732      -0.223102       0.335628        3.00145        1.91457       0.993118      -0.410755     0.00795272
77.4        1.57985        1.16412       0.568143      -0.223916        0.33946        3.00017        1.84781        1.05323      -0.427846    0.000353997
77.6         1.4901        1.21314       0.597523      -0.221816       0.338975        3.00137        1.92782       0.993402      -0.420353     0.00379676
77.8        1.41673        1.15605       0.562353      -0.248415       0.338358        2.99997        1.80834       0.944489      -0.235874      0.0107629
78        1.54312        1.13509       0.521226      -0.264373       0.339878        2.99975        1.73182        1.02875      -0.289651      0.0144515
78.2        1.52442        1.18616       0.583867       -0.24303       0.343135        2.99997        1.87013        1.01628      -0.401058     0.00648079
78.4        1.52248        1.27073       0.541454      -0.217287       0.339104        3.00057          1.934        1.01499      -0.469032      0.0131162
78.6        1.50157        1.29742        0.53032      -0.229846       0.340215        3.00037        1.93811        1.00105      -0.444458     0.00514522
78.8        1.54141        1.24312       0.623675      -0.231015       0.342626        3.00164         1.9784        1.02761       -0.52382     0.00564527
79         1.5423        1.20954       0.591284      -0.253682       0.348538        3.00056        1.89568         1.0282      -0.440072      0.0026503
79.2        1.40463        1.24706       0.589283      -0.242784       0.345686        3.00061        1.93925       0.936421      -0.350138     0.00687011
79.4        1.53776        1.21588       0.561688      -0.215909       0.342762        3.00083        1.90442        1.02517      -0.443483     0.00213706
79.6        1.56201        1.19372       0.529129      -0.243627       0.343376        3.00021         1.8226        1.04134      -0.389191      0.0047907
79.8        1.54973        1.18123       0.592734      -0.233522       0.347757        3.00076         1.8882        1.03315      -0.437474    0.000316013
80        1.50368        1.27056       0.541288      -0.219388       0.344404        3.00081        1.93687        1.00246      -0.447623     0.00787987
80.2        1.56037        1.21201       0.537664      -0.251084       0.342753        3.00009        1.84135        1.04024      -0.419268      0.0176459
80.4        1.48795        1.19458       0.569835      -0.239603       0.341832        2.99964        1.86664       0.991969      -0.363567     0.00860828
80.6        1.50025        1.16558       0.570546      -0.231697       0.345505        3.00027        1.84994        1.00017      -0.350249    0.000335216
80.8        1.48888        1.24054       0.586819      -0.235192       0.342617        3.00089        1.93478       0.992589      -0.431194     0.00842187
81        1.44832        1.25023        0.56671      -0.226691       0.333492        3.00097        1.92374       0.965547      -0.386809       0.015715
81.2        1.46412        1.20855       0.575408      -0.224078       0.337361        3.00065        1.89724       0.976081      -0.362559     0.00185529
81.4        1.53125        1.16171       0.555077      -0.221735       0.335331         2.9995        1.83039        1.02084      -0.364447     0.00230185
81.6        1.47743        1.20682       0.613138        -0.2463        0.33831        3.00071        1.91197       0.984953       -0.39194     0.00325007
81.8        1.57264        1.09764       0.546372      -0.217334       0.334842        2.99963        1.76152        1.04843      -0.339295     0.00476591
82        1.47992        1.13427       0.556037      -0.244944       0.333804        2.99968        1.77917       0.986611      -0.266292      0.0068865
82.2        1.36699        1.14712       0.524601      -0.238162       0.337654        2.99938        1.77121        0.91133      -0.141367     0.00253419
82.4        1.46676        1.24074       0.604702       -0.22701       0.338372        3.00145        1.95681        0.97784      -0.446461      0.0243465
82.6        1.44379        1.22409       0.554115      -0.228499       0.332284        3.00022        1.88199       0.962527      -0.330171     0.00461641
82.8         1.6615        1.18519       0.537992      -0.253393        0.33705        2.99994        1.80684        1.10767      -0.470947     0.00254106
83        1.43969        1.20178       0.526454      -0.213099       0.335002        3.00071        1.85014       0.959796      -0.297949      0.0088287
83.2        1.41291        1.15729       0.579075      -0.216962       0.329067        3.00052        1.84847       0.941941      -0.272275      0.0114145
83.4        1.55284        1.20572       0.522214      -0.232062       0.334278         3.0001        1.83015        1.03523      -0.388488     0.00559242
83.6        1.45193        1.21183       0.549236      -0.251723       0.337288        3.00029        1.84663       0.967951       -0.30092     0.00264657
83.8         1.3927          1.128       0.592822       -0.22361       0.332958        3.00055        1.83017       0.928468      -0.227565      0.0052471
84        1.51497        1.24493       0.606153        -0.2364       0.332594         3.0008        1.94727        1.00998      -0.463209     0.00176273
84.2        1.52788        1.29971       0.530717      -0.223037       0.335133        3.00061        1.94253        1.01859      -0.477769     0.00797216
84.4        1.48466        1.13693       0.634236      -0.230017        0.33515        3.00048         1.8763        0.98977      -0.364552      0.0040823
84.6        1.48251        1.21301       0.532658      -0.220842       0.338096        2.99994        1.86292        0.98834       -0.34675     0.00126096
84.8        1.47757         1.1234       0.552138      -0.214124       0.339943        2.99998        1.80136       0.985049      -0.283622     0.00467306
85        1.47323        1.13169       0.543254      -0.246955       0.341716        2.99995        1.76971       0.982151      -0.249178     0.00618668
85.2        1.56346        1.23461       0.592145      -0.242651       0.343635        3.00157        1.92774        1.04231      -0.490809     0.00117147
85.4        1.50754        1.23268       0.550428      -0.243327       0.332595         3.0007        1.87237        1.00503      -0.387301     0.00808433
85.6        1.47294        1.23767       0.515435      -0.247991       0.329342        3.00011        1.83445       0.981958      -0.312561     0.00527882
85.8        1.44264        1.16799       0.576526      -0.246691       0.339895        2.99974        1.83772       0.961759      -0.281709     0.00109443
86        1.50215        1.11417       0.522479      -0.231236       0.335555         2.9994        1.74097        1.00143      -0.251221     0.00750639
86.2        1.34002        1.21402       0.508811      -0.237527       0.329756        2.99998        1.81506       0.893347      -0.159104     0.00399956
86.4        1.45056        1.11609       0.543287      -0.234877       0.334073        2.99952        1.75857       0.967039      -0.219933      0.0103242
86.6        1.40982        1.08472       0.563079      -0.248564       0.336738        2.99976        1.73597       0.939881      -0.152379     0.00634887
86.8        1.36665         1.0903        0.55645      -0.230423       0.334831        3.00022        1.75115       0.911101      -0.124267     0.00668612
87        1.42816       0.983821       0.526095      -0.216369       0.331992        2.99851        1.62554       0.952108      -0.060247     0.00505455
87.2        1.36687        1.11873       0.525977      -0.253089       0.330524        2.99943        1.72214       0.911247     -0.0953086     0.00572759
87.4        1.47838         1.1866       0.587058      -0.230469       0.330395         3.0009        1.87358       0.985584      -0.355252     0.00419395
87.6        1.48037        1.17412       0.614548      -0.231154       0.332805        3.00094        1.89032       0.986916      -0.371596     0.00184309
87.8         1.5251         1.1974       0.515419      -0.236714       0.326156        2.99983        1.80226        1.01673      -0.335489     0.00795127
88        1.52322        1.17306       0.551678      -0.250693        0.33175        2.99995        1.80579        1.01548      -0.335605     0.00655049
88.2        1.40637        1.20393       0.548673      -0.242414       0.336559        3.00009        1.84675       0.937579      -0.255926     0.00290241
88.4        1.58221        1.11829       0.497751      -0.235898       0.334217        2.99958        1.71436         1.0548      -0.302057      0.0050755
88.6        1.45381        1.10763       0.585397      -0.238981       0.335175        3.00005        1.78922       0.969208      -0.250602     0.00762448
88.8        1.51878        1.10035       0.580035      -0.225248       0.333443         2.9995        1.78858        1.01252      -0.310985     0.00312226
89        1.46793        1.11719       0.613567      -0.191316       0.332829        3.00086        1.87227       0.978621      -0.344936     0.00559769
89.2        1.47242         1.1839       0.507566      -0.242269        0.33656        2.99945        1.78576       0.981615      -0.260251     0.00152703
89.4        1.45368        1.14792       0.553607      -0.188769       0.336193        3.00097        1.84895        0.96912        -0.3046     0.00293497
89.6        1.49189         1.0927       0.599879      -0.205792       0.334441        3.00004        1.82123       0.994592      -0.327729      0.0146572
89.8        1.41164        1.13931       0.466775       -0.22529       0.331794        2.99871        1.71259       0.941092      -0.128543     0.00303489
90        1.49035        1.14751        0.48884      -0.237619       0.345026        2.99922        1.74376       0.993567      -0.244899      0.0100109
90.2        1.50429        1.17576       0.618475      -0.204051       0.347426        3.00091        1.93761        1.00286      -0.451188      0.0101909
90.4        1.48222        1.21943       0.550227      -0.181958       0.340538        3.00096        1.92823       0.988146      -0.419453     0.00996334
90.6         1.4902        1.15823        0.45972      -0.242286       0.346294        2.99969        1.72196        0.99347       -0.22051     0.00803516
90.8        1.41156        1.16106        0.52898      -0.225022       0.336191        3.00031        1.80121       0.941038      -0.219647     0.00719498
91        1.57135        1.19159       0.608549      -0.186083       0.339018        3.00101        1.95308        1.04756      -0.532264     0.00884618
91.2        1.45806        1.17176       0.534145      -0.202418       0.342646        3.00053        1.84613       0.972042      -0.313698      0.0100316
91.4        1.38417        1.18068       0.543533       -0.19775       0.335039         3.0005         1.8615        0.92278      -0.249595      0.0044198
91.6        1.36611         1.2905       0.537698      -0.210629          0.336        3.00153        1.95357       0.910737      -0.329319      0.0111678
91.8        1.56257         1.1328       0.555229      -0.248353       0.341383         2.9998        1.78105        1.04171      -0.347841     0.00401326
92        1.61386        1.16917       0.538691      -0.241936       0.337302        3.00035        1.80322        1.07591      -0.428004      0.0112724
92.2        1.66095        1.18642       0.621834      -0.213022       0.343621        3.00172        1.93885         1.1073      -0.606131     0.00804527
92.4        1.41698        1.12238       0.542792      -0.213617       0.337176        2.99996        1.78873       0.944656      -0.216335      0.0105803
92.6        1.51037        1.28047       0.536031      -0.176557       0.332428        3.00143        1.97237        1.00692      -0.497967      0.0166483
92.8        1.48386        1.26428       0.595375      -0.230058         0.3357        3.00193         1.9653       0.989242      -0.459606      0.0123715
93        1.53794        1.14539       0.717939      -0.247427       0.335767        3.00184        1.95166        1.02529      -0.488574    0.000806308
93.2        1.63373         1.1371       0.563185      -0.212935        0.34368          3.001        1.83103        1.08915      -0.472316     0.00855802
93.4        1.47488        1.08106       0.656646      -0.237176       0.344513        3.00088        1.84504       0.983251      -0.326199     0.00715874
93.6        1.39731        1.18831       0.596614      -0.229737       0.336154        3.00082        1.89134        0.93154      -0.290076     0.00224465
93.8        1.35488         1.1113       0.567361      -0.246924       0.347011        3.00009        1.77875       0.903255      -0.136412     0.00286921
94        1.39367        1.16019       0.555938      -0.252217       0.338623        3.00015        1.80254       0.929113      -0.206819      0.0107643
94.2        1.41324        1.18256       0.502851      -0.217045        0.33576        2.99993        1.80412       0.942157      -0.218033    0.000602334
94.4        1.54692         1.1982          0.572      -0.255588       0.344341        3.00098        1.85896        1.03128      -0.414624     0.00972339
94.6        1.53318        1.16115        0.62748      -0.213404       0.334795        3.00184        1.91002        1.02212      -0.447527     0.00616829
94.8        1.60163        1.12295       0.545801       -0.25894       0.338799        2.99982        1.74861        1.06775      -0.360134     0.00971092
95        1.55387         1.1478       0.606711      -0.234263       0.333132        3.00074        1.85338        1.03591      -0.409285     0.00277375
95.2        1.61732        1.15471       0.593416      -0.178082       0.333044         3.0007        1.90309        1.07821      -0.524091     0.00438223
95.4        1.51005        1.21742       0.605771      -0.181263       0.336606        3.00169        1.97853         1.0067      -0.491415        0.00452
95.6        1.53987        1.19263       0.548164      -0.201767       0.328668        3.00044         1.8677        1.02658      -0.408882     0.00174822
95.8        1.60903         1.1589        0.58314      -0.213292         0.3457        3.00088        1.87445        1.07269      -0.484451     0.00184674
96        1.56912        1.20621        0.50632       -0.24565        0.33857        3.00048        1.80544        1.04608      -0.381395     0.00731219
96.2        1.43016        1.13672        0.55241       -0.21366       0.339869        3.00036        1.81534       0.953439      -0.252857     0.00771517
96.4        1.39476        1.16193        0.54351      -0.228886        0.34499        3.00074        1.82154       0.929841      -0.218841     0.00327765
96.6        1.60291        1.10037       0.584688      -0.217733       0.341423        3.00043        1.80875         1.0686      -0.417399     0.00618067
96.8        1.48106        1.16745       0.595867      -0.218406       0.337098        3.00104        1.88201       0.987376      -0.367001     0.00496433
97        1.56792        1.20788       0.566106       -0.20129       0.330266        3.00125        1.90296        1.04528      -0.476369     0.00673051
97.2        1.50591        1.14747       0.602672      -0.208412       0.337371        3.00112         1.8791        1.00394      -0.388633     0.00473809
97.4        1.47467        1.10295       0.570848      -0.202136       0.332926        3.00083        1.80459        0.98311      -0.290068       0.011636
97.6         1.5345        1.11006       0.535367      -0.207556       0.334773        3.00017        1.77264          1.023      -0.313025     0.00604146
97.8         1.5935        1.11527       0.564057      -0.223401       0.336738        3.00054        1.79266        1.06234      -0.395494     0.00986442
98        1.56014        1.21493       0.562243      -0.227719       0.346384         3.0011        1.89584        1.04009      -0.461134     0.00625594
98.2        1.48484        1.14972       0.590167      -0.212167       0.341816        3.00141        1.86954       0.989892      -0.366464      0.0134972
98.4        1.45062        1.15058       0.617081      -0.221627       0.338757        3.00087        1.88479        0.96708      -0.345702      0.0111607
98.6        1.55961        1.25886       0.531186      -0.231205       0.336627        3.00167        1.89547        1.03974      -0.453796    0.000389106
98.8        1.59731        1.16859       0.594257      -0.235946       0.344358        3.00134        1.87126        1.06487      -0.476784     0.00955044
99        1.53399        1.13852       0.609429      -0.246658       0.342569        3.00122        1.84386        1.02266      -0.380664     0.00403653
99.2        1.43724        1.21175       0.537623      -0.230125       0.342004        3.00116        1.86125        0.95816      -0.298865     0.00153786
99.4        1.46938        1.23548       0.570295      -0.226336       0.338881        3.00169        1.91832       0.979586      -0.395996     0.00998823
99.6         1.5318        1.23762       0.602564      -0.223227       0.331835        3.00231        1.94879         1.0212      -0.480735      0.0024524
99.8         1.5166        1.15268       0.538324      -0.233059       0.340294        2.99979        1.79824        1.01107      -0.318402     0.00335553
