time        kinetic     stretching        bending             LJ electrostatics          total      potential    temperature
0        1.51345        1.24868     1.9381e-05              0    0.000977825        2.76313        1.24968        1.00897   -1.80059e-05    1.80948e-05
0.2        1.62937       0.348382       0.321627              0     0.00277426        2.76193       0.672783        1.08625       0.455622     0.00415283
0.4        1.48358       0.428443         0.2023              0     0.00137257        2.76164       0.632116       0.989052       0.640599      0.0053451
0.6        1.43059       0.591137       0.108626              0     0.00215612        2.76159       0.701918       0.953727       0.619322     0.00975838
0.8        1.53537          0.433       0.253699              0     0.00204411        2.76169       0.688744        1.02358       0.531875     0.00570144
1        1.49871       0.474471       0.177388    -0.00057153     0.00168007        2.76178       0.652968       0.999139       0.603914     0.00618563
1.2        1.42844       0.457727       0.227758    -0.00107952     0.00278735        2.76209       0.687192       0.952292       0.645326     0.00113639
1.4         1.4266       0.452024       0.303385   -0.000460769     0.00193848        2.76229       0.756887        0.95107       0.573982     0.00481788
1.6        1.63381       0.457977       0.195289              0     0.00227548        2.76179       0.655542        1.08921       0.470832     0.00160071
1.8        1.50286       0.462633       0.190426              0      0.0017872        2.76191       0.654846        1.00191       0.601439     0.00276597
2        1.50829       0.363716        0.21847              0     0.00246606        2.76126       0.584652        1.00553        0.66289     0.00543199
2.2        1.53753       0.518696       0.177636              0     0.00236746         2.7618       0.698699        1.02502       0.516701     0.00886817
2.4        1.65774       0.415433       0.233695              0     0.00177853        2.76181       0.650906        1.10516       0.449957     0.00320434
2.6        1.39673       0.396478       0.248234              0     0.00205835        2.76172        0.64677       0.931152       0.714904     0.00332139
2.8        1.46107       0.449618       0.127203      0.0116531     0.00142149        2.76159       0.589896       0.974049       0.705948     0.00467501
3        1.57458        0.52819         0.2776     -0.0358143     0.00236678        2.76196       0.772342        1.04972       0.411529     0.00349991
3.2        1.37421       0.744102       0.336121     -0.0824793     0.00210389        2.76231       0.999847       0.916137       0.383001     0.00526034
3.4        1.74545       0.755649       0.284825     -0.0595566      0.0017075        2.76296       0.982625        1.16363      0.0322545     0.00263286
3.6        1.42332       0.821146        0.37276     -0.0119967     0.00190148        2.76272        1.18381       0.948883       0.151379     0.00420946
3.8        1.48627       0.795081       0.393187     -0.0160776     0.00206352        2.76246        1.17425        0.99085      0.0992027       0.002725
4        1.59568        0.88842       0.332938     -0.0426394     0.00233899        2.76254        1.18106        1.06379     -0.0189537     0.00476116
4.2         1.5509       0.906953       0.393499     -0.0320438      0.0021422        2.76295        1.27055        1.03394     -0.0590612     0.00055431
4.4        1.53705       0.899839       0.319305    -0.00753163     0.00174314        2.76232        1.21336         1.0247     0.00752743     0.00439107
4.6        1.49507        0.86757       0.337555     -0.0016102     0.00206038        2.76181        1.20558       0.996712      0.0512059     0.00996396
4.8         1.6262       0.876404       0.362871              0     0.00203087        2.76193        1.24131        1.08413      -0.111749     0.00617628
5         1.4934       0.912218       0.448694      0.0173477     0.00232586        2.76258        1.38059       0.995601      -0.114675     0.00327401
5.2        1.53712       0.933151       0.407441    -0.00331134     0.00190163        2.76161        1.33918        1.02475      -0.120741     0.00604489
5.4        1.44006        1.04352       0.476032     -0.0332373     0.00241116         2.7623        1.48873       0.960043      -0.173949     0.00745359
5.6         1.3987        1.08455       0.512837     -0.0206605     0.00228854        2.76339        1.57902       0.932465       -0.22284     0.00851294
5.8        1.63165        1.01424       0.489173     -0.0177972      0.0020586        2.76163        1.48767        1.08777      -0.368201      0.0105085
6        1.28925        1.16449       0.541456     -0.0200885     0.00210696        2.76349        1.68797       0.859502      -0.220839     0.00710736
6.2        1.57413        1.04692       0.562636    -0.00925976     0.00233233        2.76271        1.60262        1.04942      -0.414915    0.000869274
6.4        1.50775        1.03082       0.474373    -0.00669617     0.00198636        2.76187        1.50049        1.00517      -0.248013     0.00163886
6.6        1.50313        1.06174       0.525268    -0.00223864     0.00251078        2.76199        1.58728        1.00209       -0.33084     0.00242043
6.8        1.54162        1.02421        0.52345    -0.00312409     0.00190555        2.76186        1.54644        1.02775      -0.333457     0.00725393
7        1.61534        1.15354       0.459517   -0.000493516     0.00211229        2.76256        1.61468        1.07689      -0.472423     0.00496601
7.2         1.5437        1.04346       0.484528              0     0.00202448        2.76143        1.53001        1.02913       -0.31969     0.00741036
7.4         1.5199        1.04458       0.544284              0     0.00208584         2.7617        1.59095        1.01327      -0.355947     0.00678836
7.6        1.49915        1.06047       0.387018              0     0.00198762        2.76113        1.44947       0.999433      -0.190916      0.0034267
7.8         1.4312        1.10084       0.434476              0     0.00190176        2.76102        1.53722       0.954131      -0.214969     0.00757604
8        1.32324        1.02536       0.565416              0     0.00233392        2.76259        1.59311       0.882161      -0.155388     0.00162063
8.2        1.43585        1.07983       0.483911              0      0.0022057        2.76228        1.56595       0.957232      -0.251865      0.0123498
8.4        1.57051         1.0354       0.460892              0      0.0019359        2.76178        1.49823        1.04701      -0.309087     0.00212726
8.6        1.38769        1.11719       0.555968              0     0.00216801          2.763        1.67532       0.925124      -0.306011     0.00600174
8.8        1.44926       0.986679        0.48498              0     0.00190818        2.76197        1.47357       0.966175       -0.16971     0.00884987
9        1.43203       0.978792        0.53855              0     0.00210353        2.76211        1.51945       0.954689      -0.197679      0.0083144
9.2        1.46911       0.960517       0.445129              0     0.00194689        2.76079        1.40759       0.979408      -0.117406     0.00149613
9.4        1.50784        1.04697       0.528239              0     0.00222308        2.76216        1.57743        1.00523        -0.3302     0.00708686
9.6        1.46395       0.997349       0.537792              0     0.00209626        2.76245        1.53724       0.975966       -0.24219     0.00345247
9.8        1.53694        1.03628       0.456063              0     0.00177549        2.76221        1.49412        1.02463      -0.280305       0.011457
10        1.44029       0.998999       0.513005              0     0.00223238        2.76178        1.51424       0.960196      -0.198463     0.00571332
10.2        1.56842        1.12984       0.546241              0     0.00211418        2.76344        1.67819        1.04562      -0.485633     0.00245555
10.4        1.65902        1.02271       0.528522              0      0.0024306        2.76266        1.55366        1.10601      -0.458426     0.00840722
10.6        1.56723       0.971419       0.504619              0     0.00191696        2.76178        1.47795        1.04482      -0.284492     0.00108383
10.8        1.44427        1.07704       0.437664              0     0.00190188        2.76243        1.51661        0.96285      -0.203917     0.00546188
11        1.52505        1.06864       0.459089              0     0.00232716        2.76196        1.53005         1.0167      -0.303074     0.00992311
11.2         1.3285        1.03827       0.541619     0.00275562     0.00233173        2.76294        1.58498        0.88567      -0.152536     0.00199543
11.4        1.47649        1.11869       0.507912              0      0.0020865        2.76311        1.62868        0.98433      -0.346751     0.00467727
11.6        1.58801        1.11018       0.441633              0     0.00211951         2.7629        1.55393        1.05867      -0.383617     0.00457448
11.8        1.51061        1.05026         0.5272   -6.04082e-05      0.0023636        2.76267        1.57977        1.00707      -0.345907       0.018202
12        1.41737        1.03409       0.493218   -0.000746748      0.0021813        2.76225        1.52875       0.944915      -0.188215     0.00434127
12.2        1.60763       0.990979       0.517724     -0.0062941      0.0022903         2.7623         1.5047        1.07175       -0.35586     0.00583519
12.4        1.49406        1.08181       0.550898     -0.0172899     0.00198375        2.76276         1.6174       0.996041       -0.35266     0.00395594
12.6        1.58712        1.21862       0.418279     -0.0373261     0.00196036        2.76372        1.60153        1.05808       -0.43076     0.00583207
12.8        1.50479        1.05787       0.398763     -0.0199889     0.00233372        2.76154        1.43897        1.00319      -0.188818     0.00659993
13        1.43315        1.08606       0.508096     -0.0143187     0.00176431        2.76252         1.5816        0.95543      -0.265856      0.0136268
13.2        1.51225        1.08894        0.53816     -0.0255359     0.00240073        2.76303        1.60396        1.00817      -0.358581     0.00539723
13.4        1.37877        1.14099       0.557278     -0.0259975      0.0015365        2.76416        1.67381        0.91918      -0.296418     0.00799119
13.6        1.48585        1.04475        0.52887     -0.0176107     0.00236537        2.76234        1.55837       0.990566      -0.286513     0.00462809
13.8        1.60482        1.08462       0.452612    -0.00552263     0.00214871        2.76207        1.53386        1.06988      -0.378933     0.00231895
14        1.45617        1.02858       0.535205     -0.0276245     0.00204753        2.76228         1.5382       0.970778      -0.235335      0.0032465
14.2        1.46985        1.13533       0.508982     -0.0201184     0.00215287        2.76362        1.62635       0.979897      -0.341987     0.00941224
14.4        1.46855        1.13498        0.46106     -0.0298697     0.00208374        2.76276        1.56826       0.979035      -0.276158     0.00211499
14.6        1.48919       0.933799       0.594859     -0.0352576     0.00210432        2.76215         1.4955       0.992791      -0.226786     0.00424705
14.8        1.51136        1.04168       0.454636     -0.0268045     0.00227481        2.76135        1.47179        1.00758      -0.225878     0.00407645
15        1.52324        1.03144       0.504402     -0.0415895     0.00233412        2.76194        1.49659         1.0155      -0.265236     0.00734554
15.2        1.40101        1.17948        0.49519     -0.0365734     0.00226227         2.7639        1.64036       0.934009      -0.288252      0.0107728
15.4        1.39571        1.03327        0.53237      -0.162675     0.00240487        2.76215        1.40537       0.930472     -0.0484265     0.00949887
15.6        1.59753        1.05728        0.45795      -0.163411     0.00309769         2.7618        1.35492        1.06502      -0.203054      0.0124056
15.8        1.46662         1.0263       0.502991      -0.175202     0.00271502        2.76202        1.35681       0.977749      -0.064548     0.00313537
16        1.63249        1.11153       0.460013      -0.174792     0.00295355        2.76213         1.3997        1.08833      -0.276557     0.00649109
16.2        1.56279        1.03035       0.548854      -0.177379     0.00256672        2.76332        1.40439        1.04186       -0.21502      0.0111598
16.4        1.51824       0.946164       0.509409      -0.172821     0.00242916        2.76167        1.28518        1.01216      -0.053406      0.0116504
16.6        1.44762         1.1348        0.54766      -0.159018     0.00254783        2.76311        1.52599       0.965078      -0.216757     0.00625932
16.8         1.3957        1.12147       0.586067      -0.176855     0.00232298        2.76373          1.533       0.930469      -0.171534     0.00655749
17        1.40658        1.09475       0.502553      -0.163411     0.00280045        2.76275        1.43669       0.937721     -0.0815582     0.00103439
17.2        1.48359        1.08815       0.515727      -0.185356     0.00246777        2.76273        1.42099       0.989057      -0.144507     0.00265806
17.4        1.48743        1.03141       0.655047      -0.205604     0.00351017        2.76326        1.48436       0.991622      -0.216483     0.00794979
17.6        1.67786        1.01326       0.499613      -0.168693     0.00282896        2.76144          1.347        1.11857      -0.276604      0.0131853
17.8         1.5057        1.19109       0.527861      -0.149038     0.00276549        2.76284        1.57268         1.0038      -0.316377     0.00083083
18        1.51389        1.18252       0.498638      -0.150502     0.00253403        2.76288        1.53319        1.00926      -0.287641     0.00344779
18.2        1.54335        1.13705        0.59218      -0.150984     0.00284612        2.76328         1.5811         1.0289      -0.361657    0.000487806
18.4        1.54304        1.24823       0.477415      -0.148169     0.00286211        2.76374        1.58034        1.02869      -0.367223     0.00758616
18.6        1.59128         1.0923       0.637118      -0.171132     0.00290107        2.76337        1.56118        1.06085      -0.395035     0.00594243
18.8        1.59721        1.21557       0.480995      -0.164886     0.00291222        2.76321        1.53459         1.0648      -0.381271      0.0126885
19        1.66295        1.09797       0.555601      -0.153046     0.00259922        2.76286        1.50313        1.10863      -0.418088       0.014873
19.2        1.57816        1.10597       0.549556      -0.159661     0.00267024        2.76308        1.49854         1.0521       -0.32353     0.00991562
19.4        1.49064        1.09742       0.521566      -0.166149     0.00256045        2.76205         1.4554       0.993757      -0.187314     0.00333332
19.6        1.51243        1.07811       0.559281      -0.159533     0.00313547        2.76212        1.48099        1.00829      -0.233501      0.0021994
19.8        1.48482         1.0504       0.565363      -0.154495     0.00258895        2.76261        1.46386       0.989878      -0.189777     0.00370435
20          1.555        1.09431       0.512341      -0.153253     0.00248086        2.76201        1.45588        1.03667      -0.259449      0.0105864
20.2        1.40265        1.16379       0.601903      -0.145902     0.00283856        2.76382        1.62263       0.935101       -0.26695      0.0054908
20.4        1.58605        1.06376        0.54198       -0.14459     0.00273765        2.76161        1.46389        1.05736      -0.290269       0.001944
20.6        1.52847        1.18125       0.530681      -0.170221     0.00272821        2.76294        1.54444        1.01898      -0.325229      0.0152634
20.8        1.53665        1.21148       0.624719       -0.16611     0.00236756        2.76382        1.67246        1.02443      -0.455695        0.01041
21         1.4822        1.06626       0.483506      -0.170942     0.00252688        2.76195        1.38135       0.988131      -0.104988     0.00339281
21.2        1.47194        1.13368       0.481764      -0.152626      0.0022667        2.76272        1.46509       0.981291      -0.175925     0.00161869
21.4        1.49853        1.09255       0.583091      -0.156819     0.00285497        2.76293        1.52168       0.999021      -0.261744     0.00446433
21.6        1.35736        1.17636       0.514723      -0.160422      0.0026817         2.7631        1.53334       0.904908      -0.130155     0.00255002
21.8        1.46208        1.15651       0.453204      -0.181464     0.00229262        2.76257        1.43054       0.974722      -0.133216      0.0031658
22        1.37479        1.05275       0.614427      -0.186791     0.00306701        2.76285        1.48345        0.91653      -0.100786     0.00538691
22.2        1.54853        1.09277       0.505482      -0.171051     0.00264672        2.76248        1.42984        1.03235      -0.217009     0.00111787
22.4        1.51864        1.13491       0.526091      -0.183215     0.00242494        2.76261        1.48021        1.01243      -0.241261     0.00502066
22.6        1.47223        1.15094       0.497205      -0.188133     0.00279618        2.76322        1.46281       0.981487      -0.174236     0.00241657
22.8        1.50199        1.09777       0.556701      -0.195738     0.00261388        2.76254        1.46135        1.00133      -0.211309       0.010513
23        1.46894        1.12897       0.523823      -0.202292     0.00290532        2.76314         1.4534       0.979292      -0.171939      0.0127421
23.2        1.46654        1.17337       0.506427      -0.175409     0.00262374        2.76307        1.50702       0.977695      -0.213903     0.00341874
23.4        1.44087        1.18182          0.552       -0.21546     0.00262526        2.76333        1.52099       0.960581      -0.204949     0.00641891
23.6        1.49682        1.17029       0.561221      -0.246963     0.00286927         2.7634        1.48741       0.997879      -0.227589     0.00675576
23.8         1.5738        1.23192       0.538596      -0.224186     0.00271881        2.76387        1.54905         1.0492      -0.362101     0.00311926
24        1.57464         1.2593       0.524513      -0.187894     0.00258597        2.76419        1.59851        1.04976      -0.418487     0.00952883
24.2        1.53455        1.15211       0.534351      -0.200567     0.00277868        2.76259        1.48867        1.02304       -0.26879     0.00815805
24.4        1.52833        1.22028       0.560602      -0.185349     0.00293792          2.764        1.59847        1.01888      -0.368242     0.00543946
24.6        1.60836        1.12039       0.520413      -0.191703     0.00252611        2.76264        1.45162        1.07224      -0.300788     0.00345067
24.8        1.51775        1.13893       0.586055      -0.203983     0.00270151        2.76344        1.52371        1.01184      -0.283127     0.00510826
25        1.41947         1.2258       0.518363      -0.175048     0.00272397        2.76376        1.57184       0.946314      -0.236702     0.00914759
25.2          1.507        1.13029        0.56539      -0.199716      0.0025623          2.763        1.49852        1.00466      -0.245125     0.00260309
25.4        1.55819        1.16889       0.518539      -0.179794     0.00273335        2.76273        1.51036         1.0388      -0.317583       0.011752
25.6        1.45876        1.19614       0.577744      -0.169044     0.00275363        2.76408        1.60759       0.972507      -0.327954      0.0256845
25.8        1.52196        1.12747       0.574727      -0.193993     0.00215861        2.76343        1.51036        1.01464      -0.270415     0.00152563
26        1.54388        1.21866       0.604732      -0.184188     0.00257325        2.76433        1.64178        1.02926      -0.425052     0.00372433
26.2        1.54455        1.13901        0.58883        -0.1955     0.00256401        2.76309         1.5349         1.0297      -0.325769     0.00940483
26.4        1.48006        1.20386       0.540748      -0.178419     0.00270206         2.7638        1.56889        0.98671      -0.288841      0.0036897
26.6        1.52662        1.19473       0.521964      -0.204139     0.00239167        2.76309        1.51495        1.01774      -0.282062     0.00358211
26.8        1.58062        1.17789        0.53689      -0.208775     0.00291541        2.76323        1.50892        1.05375      -0.331079     0.00477007
27        1.46356         1.2001       0.545787      -0.219272      0.0023634         2.7633        1.52898       0.975706      -0.233837     0.00460241
27.2        1.55045        1.08556       0.552356      -0.197166     0.00265783        2.76298         1.4434        1.03363      -0.243538       0.012666
27.4        1.47706        1.16373       0.541625      -0.207406       0.002522        2.76314        1.50047       0.984704      -0.216411     0.00202745
27.6           1.57        1.16267        0.50634      -0.228588     0.00277238        2.76252        1.44319        1.04667      -0.259328     0.00865586
27.8        1.46179        1.21635        0.55217      -0.196773     0.00243747        2.76353        1.57419       0.974526      -0.296991      0.0245482
28        1.52654        1.13901        0.49072      -0.219596     0.00255752        2.76255        1.41269        1.01769      -0.186701      0.0100227
28.2        1.57241        1.13865       0.490761      -0.194877     0.00280727        2.76259        1.43734        1.04827      -0.260681      0.0135227
28.4        1.49661        1.24176       0.547409      -0.210065      0.0024069        2.76448        1.58151        0.99774      -0.323835      0.0101873
28.6        1.54851        1.18735       0.625017      -0.201761     0.00322384         2.7644        1.61383        1.03234      -0.404452     0.00651084
28.8        1.51616        1.21077       0.534917      -0.228868      0.0025495        2.76336        1.51937        1.01077      -0.274276     0.00211154
29        1.47285        1.20088       0.556877      -0.230562      0.0028564        2.76325        1.53005       0.981899      -0.244849     0.00519832
29.2        1.44059        1.27955       0.627316      -0.218801     0.00257992        2.76514        1.69065       0.960395       -0.36858     0.00247659
29.4         1.5899        1.16285       0.549478      -0.214611     0.00252663        2.76305        1.50024        1.05993      -0.335841     0.00874727
29.6        1.55405        1.17839        0.53897      -0.204508     0.00247371        2.76323        1.51533        1.03603      -0.315702      0.0095575
29.8        1.49071        1.18457       0.536459      -0.238902     0.00252969        2.76337        1.48465       0.993805       -0.22302      0.0110286
30        1.51436        1.08632       0.568164      -0.200223     0.00267926        2.76325        1.45694        1.00957      -0.216293     0.00825518
30.2        1.48257         1.0372       0.541316      -0.214097     0.00230908        2.76248        1.36673       0.988383     -0.0878103    0.000987661
30.4        1.48287        1.12882       0.508566      -0.227942     0.00274253        2.76375        1.41219       0.988583      -0.134783     0.00347079
30.6        1.41492        1.15054       0.522779      -0.213656     0.00261642        2.76309        1.46227       0.943282      -0.119514     0.00540621
30.8        1.43868        1.08793       0.575195      -0.200323     0.00293755         2.7629        1.46574       0.959119      -0.143217     0.00169832
31        1.46278        1.22823       0.554495      -0.225057     0.00280437        2.76417        1.56048       0.975188       -0.27016      0.0110681
31.2        1.58243        1.16156       0.521044      -0.234855     0.00210389         2.7628        1.44986        1.05495      -0.277482      0.0079978
31.4        1.48279        1.12565       0.511545      -0.226299     0.00271419         2.7624        1.41361       0.988525      -0.139409     0.00541112
31.6        1.54291        1.17621       0.523778        -0.1964     0.00227881        2.76319        1.50587        1.02861      -0.290857     0.00525881
31.8        1.57864        1.10297       0.570394      -0.198716     0.00288596        2.76353        1.47753        1.05243      -0.298529     0.00588342
32        1.63067        1.13759        0.55198      -0.216743     0.00252086        2.76331        1.47535        1.08711      -0.351096     0.00838932
32.2        1.53983        1.18932       0.586252      -0.222279     0.00264231        2.76415        1.55593        1.02655      -0.334513     0.00290205
32.4        1.60202        1.29413       0.537637      -0.221887     0.00258924        2.76486        1.61247        1.06802      -0.454688     0.00505534
32.6        1.63218          1.202       0.451119      -0.231736     0.00297508        2.76305        1.42436        1.08812      -0.295334     0.00184215
32.8        1.43304         1.2134       0.549244       -0.21929     0.00245259        2.76312        1.54581       0.955359      -0.217941     0.00221597
33        1.50833        1.09566       0.586957      -0.208325     0.00280053        2.76361        1.47709        1.00555      -0.228599     0.00678247
33.2        1.49309        1.12446       0.483274      -0.214891     0.00228582        2.76285        1.39512       0.995394      -0.127897     0.00253178
33.4        1.53273        1.12601       0.543154      -0.240609       0.002841        2.76379         1.4314        1.02182      -0.205381     0.00503714
33.6        1.43103        1.14324       0.570943      -0.233155     0.00269931        2.76433        1.48373        0.95402      -0.152949     0.00251216
33.8         1.4727        1.14132       0.532385      -0.265175     0.00282181        2.76357        1.41135       0.981799      -0.123718     0.00323946
34        1.58139        1.15151       0.539996       -0.24091     0.00262943        2.76389        1.45322        1.05426      -0.280605     0.00988555
34.2        1.43466        1.20234       0.569862      -0.253404     0.00270195         2.7642         1.5215       0.956443      -0.197168     0.00519909
34.4        1.45749        1.16058       0.592107      -0.258541     0.00311466        2.76412        1.49726       0.971659      -0.199336     0.00870281
34.6        1.51405        1.11537        0.50393      -0.267389     0.00288235         2.7632         1.3548        1.00937      -0.108264     0.00260829
34.8        1.49449        1.15748        0.56463      -0.277156     0.00282144        2.76385        1.44778       0.996326      -0.181152      0.0027337
35        1.53393        1.20624       0.516098      -0.283567     0.00271608        2.76426        1.44148        1.02262       -0.21775     0.00659126
35.2        1.55988        1.15477       0.497345      -0.245726     0.00320027        2.76292        1.40959        1.03992      -0.210944     0.00438993
35.4        1.56813        1.20776       0.561389      -0.280379     0.00266346        2.76389        1.49143        1.04542      -0.297717     0.00204779
35.6         1.5667        1.19701       0.548763      -0.285037     0.00302055        2.76406        1.46376        1.04447      -0.271605     0.00520044
35.8         1.5668        1.25021       0.517591      -0.319098     0.00270918        2.76379        1.45141        1.04453      -0.262041     0.00761911
36        1.51728        1.23332       0.593851       -0.30865     0.00316278        2.76488        1.52168        1.01152      -0.277919      0.0038429
36.2        1.51085        1.13292       0.498601      -0.343756     0.00330103        2.76256        1.29107        1.00724     -0.0493849      0.0100272
36.4        1.46861        1.18273       0.537559      -0.332869     0.00285443        2.76368        1.39027       0.979074      -0.101682     0.00647885
36.6         1.3883        1.20884       0.554907      -0.316898     0.00254094        2.76382        1.44939       0.925531     -0.0929094      0.0190427
36.8        1.49485        1.13331       0.543542      -0.328724     0.00293137        2.76352        1.35106       0.996566     -0.0905197     0.00812687
37        1.40777        1.15837       0.529537      -0.296256     0.00266464        2.76328        1.39431       0.938513     -0.0504127      0.0116145
37.2        1.46547        1.16777       0.520565      -0.289851     0.00277537        2.76419        1.40126       0.976983      -0.112267     0.00972304
37.4        1.52572        1.13867       0.546123      -0.331025     0.00271587        2.76374        1.35648        1.01714      -0.121009     0.00255363
37.6        1.47037        1.13726       0.589506      -0.312073     0.00298489        2.76313        1.41768       0.980247      -0.128672     0.00375707
37.8        1.47941        1.18585       0.569789      -0.299242     0.00261312        2.76481        1.45901       0.986272       -0.18254     0.00893378
38        1.65843        1.16077           0.56      -0.339709     0.00322842        2.76357        1.38429        1.10562      -0.299727      0.0205756
38.2        1.58541        1.13169       0.523785      -0.333082      0.0030235        2.76277        1.32542        1.05694      -0.161088      0.0130275
38.4        1.52951        1.18151       0.538394      -0.263845      0.0025382        2.76375         1.4586        1.01967      -0.228261     0.00389602
38.6        1.57463        1.23428       0.563774      -0.319042     0.00304438        2.76391        1.48206        1.04975      -0.300022     0.00724749
38.8        1.56613        1.25574       0.556489      -0.291467     0.00308955        2.76465        1.52385        1.04409       -0.32737     0.00203966
39        1.62655        1.20901       0.552547      -0.323319     0.00322859        2.76429        1.44147        1.08437      -0.310069     0.00633729
39.2        1.51012        1.24627       0.569198      -0.315917     0.00254139        2.76509        1.50209        1.00674      -0.253682      0.0065656
39.4        1.54785        1.18143       0.539364      -0.301597     0.00286906        2.76389        1.42206         1.0319      -0.207573     0.00154679
39.6        1.49674        1.16411       0.521962      -0.315047     0.00296735         2.7633        1.37399       0.997828      -0.118781      0.0113447
39.8        1.54226        1.14685       0.542827      -0.298017     0.00258043        2.76361        1.39424        1.02818      -0.175003     0.00210479
40        1.44885        1.16013       0.564107      -0.320359      0.0033078         2.7637        1.40719       0.965898     -0.0962333     0.00390506
40.2        1.48125        1.11757       0.543257      -0.286068     0.00285525        2.76324        1.37761       0.987502      -0.101858     0.00623188
40.4        1.42517        1.08521         0.5698      -0.319761     0.00305731        2.76272         1.3383       0.950112    -0.00105109     0.00029388
40.6        1.51271        1.10373       0.591868      -0.346514     0.00302704        2.76297        1.35211        1.00847       -0.11436      0.0125159
40.8        1.48897         1.1495       0.566618      -0.310677     0.00283769        2.76293        1.40828       0.992649      -0.141413     0.00708825
41        1.51387        1.11345       0.566058      -0.336565     0.00298744        2.76272        1.34593        1.00925       -0.10419     0.00711548
41.2         1.4988        1.17041       0.539433      -0.294528      0.0030494        2.76379        1.41837       0.999201      -0.159473     0.00609235
41.4        1.36337        1.28078       0.506147      -0.319555     0.00345787        2.76463        1.47083       0.908916     -0.0914186      0.0218453
41.6        1.55052        1.12801       0.538622      -0.347217     0.00303297        2.76304        1.32245        1.03368      -0.115064     0.00513735
41.8        1.47867        1.21357        0.46393      -0.285283     0.00316949        2.76358        1.39539        0.98578      -0.124312      0.0138319
42         1.6354         1.1574        0.48739      -0.293315     0.00266099         2.7633        1.35413        1.09027      -0.235087     0.00885262
42.2        1.50397        1.27249       0.568099      -0.295476     0.00304914        2.76566        1.54817        1.00265      -0.290646      0.0041706
42.4         1.5685        1.18116       0.631557      -0.337555     0.00290015        2.76494        1.47806        1.04567       -0.29203      0.0104058
42.6         1.6912        1.23434        0.56047      -0.295806     0.00273275        2.76493        1.50173        1.12747      -0.432046     0.00404745
42.8        1.66658        1.20597       0.498873      -0.320857      0.0025463        2.76401        1.38653        1.11105       -0.29541     0.00631307
43        1.42682           1.16       0.563511      -0.313118     0.00320068        2.76405         1.4136       0.951212     -0.0801106     0.00375004
43.2        1.47328        1.02448       0.591721      -0.320795      0.0030664        2.76343        1.29847        0.98219    -0.00928007    0.000946998
43.4        1.46533        1.16008       0.480042      -0.365988     0.00310245         2.7628        1.27724        0.97689     0.00565754      0.0145694
43.6        1.28916        1.17377       0.535398      -0.332995      0.0032296        2.76368         1.3794       0.859442      0.0869345      0.0081816
43.8        1.50775        1.17685       0.533917      -0.326586     0.00294294        2.76433        1.38712        1.00517      -0.138454     0.00791433
44        1.44931         1.1936       0.483964      -0.324291     0.00304739        2.76315        1.35632       0.966207     -0.0429473    0.000461989
44.2         1.5908        1.08089       0.519044      -0.352324     0.00342926        2.76295        1.25104        1.06053     -0.0902772      0.0113876
44.4        1.64797        1.12466       0.550024      -0.347435     0.00297487        2.76388        1.33023        1.09865      -0.217796     0.00347941
44.6        1.51894        1.20921        0.54804      -0.319559     0.00300535        2.76446         1.4407        1.01263      -0.200715     0.00553426
44.8        1.44149        1.24087       0.621625      -0.276047     0.00249311        2.76569        1.58894       0.960996      -0.265136    0.000391822
45        1.51886        1.24591        0.56166      -0.311316     0.00334091        2.76492        1.49959        1.01258      -0.260468     0.00693191
45.2        1.61141         1.2012       0.530374      -0.321892     0.00314739        2.76467        1.41283        1.07427      -0.263041     0.00346832
45.4        1.54125        1.16435       0.583267       -0.32132     0.00315644         2.7642        1.42945         1.0275       -0.20894     0.00243306
45.6        1.57945        1.18078       0.590035      -0.342945     0.00323661        2.76473        1.43111        1.05296      -0.259332      0.0135065
45.8        1.58352        1.10458       0.537089      -0.328338     0.00280608        2.76388        1.31613        1.05568      -0.137192     0.00142204
46        1.47582        1.14133       0.580236      -0.365582     0.00311329        2.76358         1.3591        0.98388      -0.081874      0.0105308
46.2        1.48875        1.21299       0.524572      -0.358335      0.0031476        2.76435        1.38237       0.992503      -0.129091       0.022314
46.4         1.6197        1.18089       0.522962      -0.322917     0.00267961        2.76463        1.38362         1.0798        -0.2525      0.0138093
46.6         1.5214        1.10983       0.557778      -0.365701     0.00322096        2.76386        1.30513        1.01426     -0.0675855     0.00492743
46.8        1.51712        1.10797       0.497231      -0.345975     0.00309869        2.76364        1.26232        1.01142     -0.0175003      0.0016958
47        1.53509        1.13686       0.530955      -0.339827     0.00278586         2.7642        1.33077        1.02339      -0.107696     0.00602763
47.2         1.5637        1.16595       0.556407      -0.345775     0.00296965        2.76449        1.37956        1.04247      -0.187992     0.00922713
47.4        1.44572        1.17013       0.593154      -0.370991     0.00309872        2.76458        1.39539       0.963815     -0.0825467     0.00601647
47.6         1.5518        1.13682       0.527892      -0.339809     0.00320047        2.76397         1.3281        1.03454      -0.116521    0.000583512
47.8        1.57189        1.22736       0.550106      -0.355393     0.00275372        2.76508        1.42483        1.04793      -0.244085      0.0124529
48        1.60152        1.16089       0.551128      -0.332207     0.00340235        2.76422        1.38321        1.06768      -0.222745     0.00223522
48.2        1.50031        1.27488        0.53281      -0.309537     0.00285975        2.76533        1.50101         1.0002      -0.236695    0.000712244
48.4        1.51107        1.19698        0.55345      -0.336431     0.00303751        2.76511        1.41703        1.00738      -0.175681      0.0126853
48.6        1.59294        1.08419       0.569714      -0.340195     0.00354377        2.76413        1.31725        1.06196      -0.153581     0.00751647
48.8        1.52047        1.19826        0.52468      -0.333206     0.00308071        2.76467        1.39281        1.01364      -0.151518     0.00291243
49        1.45507        1.13998       0.581203      -0.330706     0.00330183        2.76489        1.39378       0.970047     -0.0912927      0.0073345
49.2        1.53166        1.18331       0.581375      -0.337454      0.0029148        2.76454        1.43014        1.02111      -0.201862     0.00460065
49.4        1.54421        1.12497       0.567697      -0.329978     0.00298169        2.76462        1.36567        1.02947       -0.15289     0.00762748
49.6        1.49796        1.15071       0.583965      -0.317858     0.00280723        2.76477        1.41962       0.998637      -0.161244      0.0084425
49.8        1.46088         1.0854       0.560599      -0.340367     0.00286329        2.76377        1.30849       0.973923      -0.016451      0.0108476
50        1.38092        1.15217       0.538013      -0.325615     0.00268772        2.76402        1.36725        0.92061     0.00980413     0.00604198
50.2        1.59483        1.11518       0.499976      -0.346451     0.00304774        2.76346        1.27175        1.06322      -0.111339     0.00821074
50.4        1.50312         1.1493       0.559698      -0.326018     0.00300613        2.76414        1.38599        1.00208      -0.128701     0.00373142
50.6            1.5        1.13542       0.499082       -0.32586     0.00281981        2.76336        1.31146              1     -0.0577939      0.0096949
50.8        1.44889        1.17108       0.586582      -0.315445     0.00287747        2.76532         1.4451       0.965929      -0.129614    0.000938589
51        1.50555        1.17857       0.541738      -0.351183     0.00326377        2.76369        1.37239         1.0037      -0.120889     0.00663906
51.2        1.44815        1.20559       0.516669      -0.314357      0.0031727        2.76387        1.41107       0.965431       -0.10389      0.0085355
51.4        1.47474        1.17333       0.567672      -0.314969     0.00345232        2.76448        1.42948       0.983159      -0.141281     0.00153647
51.6        1.49009        1.17202         0.5606      -0.336277     0.00282057         2.7638        1.39916       0.993396      -0.127341     0.00188311
51.8        1.49151        1.15409       0.577974      -0.364271     0.00358463        2.76418        1.37138       0.994337      -0.103748     0.00503744
52        1.32471        1.14075       0.572867      -0.317828      0.0028559        2.76375        1.39864       0.883143      0.0381963     0.00219771
52.2        1.47775        1.16088       0.580187       -0.32834     0.00254248        2.76395        1.41527       0.985168      -0.131451     0.00238225
52.4        1.47397        1.12079       0.570751      -0.327045     0.00308705        2.76334        1.36758       0.982644     -0.0820355     0.00382589
52.6        1.46251        1.15815       0.560019       -0.31917     0.00291074        2.76384        1.40191       0.975006      -0.101253    0.000671502
52.8        1.42926        1.21718       0.508075      -0.305362     0.00251902        2.76365        1.42242       0.952841     -0.0886623    0.000635867
53        1.43706        1.17351       0.512145      -0.357655     0.00281261        2.76327        1.33081       0.958039     -0.0120552     0.00746175
53.2        1.50941        1.16554       0.555587      -0.342419     0.00303528        2.76392        1.38174        1.00627      -0.132742     0.00551167
53.4        1.47676        1.17531       0.531872      -0.353188     0.00290875        2.76363         1.3569       0.984509      -0.076078     0.00604901
53.6        1.49132        1.12481       0.496034      -0.332806     0.00298451        2.76339        1.29102       0.994212     -0.0250591     0.00610604
53.8        1.49395        1.10363       0.574533      -0.314004      0.0028436        2.76386        1.36701       0.995965      -0.109845      0.0127495
54        1.41861         1.2803       0.549487      -0.335651      0.0027759        2.76509        1.49691       0.945739      -0.157321     0.00689532
54.2        1.48851        1.28261       0.555061       -0.31766      0.0031219        2.76533        1.52314       0.992342      -0.247995      0.0016772
54.4        1.55819        1.20742        0.58035      -0.293136      0.0030689        2.76453         1.4977        1.03879       -0.29839     0.00702825
54.6        1.57254        1.15944       0.543957      -0.325326     0.00305862        2.76448        1.38113        1.04836      -0.194705     0.00551209
54.8        1.52015        1.24477        0.54237      -0.311609     0.00267686          2.765        1.47821        1.01343      -0.241787     0.00842834
55        1.38397        1.11307       0.600885      -0.343316      0.0031947        2.76409        1.37383       0.922645     0.00259965     0.00368904
55.2        1.56353        1.05011       0.535137      -0.372703     0.00356078        2.76306        1.21611        1.04235     -0.0175717    0.000997917
55.4        1.47163        1.08804       0.542804       -0.28281     0.00261126        2.76361        1.35065       0.981086     -0.0605263     0.00185556
55.6        1.38805        1.22106       0.535551       -0.31308     0.00267661        2.76336        1.44621       0.925367     -0.0730088     0.00211066
55.8        1.42673        1.17415       0.503225      -0.318091     0.00257918        2.76358        1.36187       0.951153     -0.0277702     0.00275413
56        1.49395        1.09317       0.511265      -0.328457     0.00276114        2.76293        1.27874       0.995968     -0.0113521     0.00159003
56.2        1.44257        1.14881       0.582242      -0.309358     0.00286417        2.76399        1.42456       0.961716      -0.105985      0.0028461
56.4        1.43639         1.1324       0.547807      -0.360769     0.00310878        2.76411        1.32255       0.957595   -0.000235004     0.00540877
56.6        1.53426        1.09904       0.498926      -0.332109     0.00257359         2.7625        1.26843        1.02284     -0.0432408     0.00305483
56.8        1.54729        1.14603       0.582856      -0.310679      0.0029508        2.76372        1.42116        1.03153      -0.208036     0.00330121
57        1.55933        1.20785       0.496324      -0.358304     0.00285624        2.76408        1.34873        1.03955      -0.146694      0.0027169
57.2        1.48735        1.24276       0.519407      -0.376504     0.00300005        2.76399        1.38867       0.991568      -0.117011     0.00498548
57.4        1.36901        1.19897       0.562271      -0.381246     0.00321087        2.76453         1.3832       0.912676   -0.000368585      0.0126829
57.6        1.44101        1.25367       0.580804      -0.390118     0.00299746        2.76427        1.44735       0.960672      -0.128268     0.00418083
57.8        1.41607        1.16797       0.534737      -0.397434     0.00290082        2.76278        1.30817       0.944046      0.0346839     0.00385873
58        1.64027        1.21198       0.574943       -0.38285     0.00299817        2.76445        1.40707        1.09351       -0.29597      0.0130812
58.2        1.67495        1.13421       0.539903       -0.40811     0.00286628        2.76279        1.26887        1.11663      -0.189332     0.00829795
58.4        1.50744        1.25482        0.53233      -0.388283     0.00295202        2.76453        1.40181        1.00496      -0.149132     0.00440286
58.6        1.61344        1.12995        0.55288      -0.437034     0.00335565        2.76281        1.24916        1.07563      -0.103758     0.00396494
58.8        1.40662         1.2324       0.513558      -0.407614     0.00304365         2.7631        1.34138       0.937747     0.00336424       0.011732
59        1.42766        1.07582       0.540355      -0.425752     0.00337576        2.76242         1.1938       0.951775       0.131842     0.00911638
59.2        1.37969        1.19684       0.473943      -0.481944     0.00318104        2.76295        1.19202       0.919793       0.187199     0.00403789
59.4        1.55237        1.11447       0.467874      -0.523011     0.00353054        2.76198        1.06286        1.03491       0.138478     0.00827007
59.6        1.44872        1.11572       0.525969      -0.455927     0.00324322        2.76245        1.18901       0.965811       0.114916     0.00980756
59.8        1.57536         1.2492       0.602179      -0.460787     0.00323211        2.76415        1.39383        1.05024      -0.206653     0.00160949
60         1.6372        1.22591       0.577942      -0.463775     0.00353218        2.76376        1.34361        1.09147       -0.22353      0.0064732
60.2        1.63029        1.19711       0.636316      -0.424457     0.00280056        2.76508        1.41177        1.08686      -0.283949     0.00697013
60.4        1.59637        1.24991        0.56865      -0.489295     0.00309536        2.76399        1.33236        1.06425      -0.167583     0.00284706
60.6        1.47969        1.23983       0.543808      -0.507831     0.00322321        2.76425        1.27903       0.986461     0.00248748     0.00303657
60.8        1.47372        1.16536        0.50976      -0.565007     0.00312382        2.76312        1.11324       0.982479       0.173848     0.00231805
61        1.45029        1.08494       0.575182      -0.545765     0.00402646        2.76226        1.11839       0.966858       0.188439     0.00514981
61.2         1.5591        1.14255       0.566098      -0.493113     0.00293731        2.76434        1.21847         1.0394     -0.0243337      0.0110966
61.4        1.46825        1.14736       0.497748      -0.516473     0.00379105        2.76223        1.13242       0.978833       0.160054     0.00149939
61.6        1.43114        1.13108        0.54026      -0.567082     0.00356792        2.76241        1.10782       0.954096       0.213324      0.0101168
61.8        1.49148        1.13319       0.566808      -0.533021     0.00382866        2.76306        1.17081       0.994321      0.0966128     0.00415832
62        1.40689         1.1213       0.559341      -0.484229     0.00349419        2.76308         1.1999       0.937925       0.152458     0.00383029
62.2        1.40089          1.186       0.522062      -0.528578     0.00371922        2.76336        1.18321       0.933924       0.157698       0.021573
62.4        1.44001        1.17124       0.516154      -0.565301     0.00371531         2.7635        1.12581       0.960003       0.191281     0.00640367
62.6         1.4338        1.27322       0.574503      -0.548003      0.0033002        2.76451        1.30302       0.955867      0.0271241    0.000561051
62.8         1.4058        1.15609       0.543984      -0.506564     0.00371584        2.76335        1.19722       0.937203       0.155038     0.00528613
63        1.51043        1.07765       0.573551      -0.598472     0.00376995        2.76195         1.0565        1.00695       0.193444      0.0015784
63.2        1.48203        1.13912       0.504607       -0.55992     0.00342607        2.76203        1.08723       0.988023       0.175445       0.017323
63.4        1.53785        1.22478       0.547645      -0.579555     0.00399366         2.7638        1.19687        1.02523      0.0233411     0.00574604
63.6        1.53962        1.24575       0.537791      -0.515972     0.00332548        2.76421        1.27089        1.02641     -0.0508914     0.00458874
63.8        1.48255         1.3286       0.500315      -0.550809     0.00367822        2.76427        1.28178        0.98837    -0.00221687     0.00215262
64        1.45247        1.28655       0.593305      -0.568176     0.00341407        2.76551        1.31509       0.968311     -0.0164366      0.0143927
64.2         1.5194         1.2986       0.624443      -0.557019     0.00392375        2.76552        1.36995        1.01294      -0.138948      0.0151129
64.4        1.43873        1.20401       0.617785      -0.526982     0.00369008        2.76443         1.2985       0.959155      0.0244269     0.00276299
64.6        1.54852        1.20518       0.512784      -0.535762     0.00333317         2.7643        1.18554        1.03235       0.025988     0.00424838
64.8        1.55966        1.24184       0.497175      -0.558859     0.00328065         2.7634        1.18343        1.03978      0.0109661     0.00933436
65        1.51792        1.16617       0.596535      -0.564969     0.00357417        2.76413        1.20131        1.01194       0.041951     0.00294711
65.2        1.54963        1.13931       0.574425      -0.497157     0.00339745        2.76436        1.21997        1.03309     -0.0155584      0.0103193
65.4        1.40009        1.21962       0.570375      -0.551781     0.00353812        2.76447        1.24175        0.93339       0.113095     0.00954308
65.6        1.54658        1.27326       0.466714      -0.566443     0.00317604        2.76412        1.17671        1.03105      0.0327695     0.00806128
65.8        1.49665        1.04578       0.566533      -0.548773     0.00366238        2.76348        1.06721       0.997764       0.194893     0.00473028
66        1.43198        1.24978       0.521103      -0.587183     0.00368476         2.7638        1.18739       0.954654       0.139577     0.00485573
66.2          1.357        1.34849       0.481483      -0.597346     0.00388116        2.76462         1.2365       0.904666       0.166541     0.00457729
66.4        1.51899        1.16808       0.604746      -0.554698     0.00373386        2.76385        1.22186        1.01266      0.0125483      0.0104474
66.6         1.6018        1.17728       0.532479      -0.532367     0.00333137        2.76382        1.18072        1.06787      -0.027277      0.0085697
66.8        1.46168         1.1938       0.526264      -0.604833     0.00350134        2.76288        1.11873       0.974455       0.178714     0.00375535
67        1.51956        1.29534       0.550121       -0.53287       0.003551        2.76403        1.31615        1.01304     -0.0861818      0.0145151
67.2         1.5699        1.26876       0.554652      -0.586803     0.00370263        2.76399        1.24032         1.0466     -0.0598382      0.0136158
67.4        1.54042        1.24093       0.546632      -0.587952     0.00344393        2.76407        1.20305        1.02695     -0.0046845      0.0252788
67.6        1.43082        1.19695       0.573321      -0.583833     0.00365382        2.76452         1.1901       0.953882       0.122991      0.0206054
67.8        1.44872        1.20353         0.5453      -0.591526     0.00406161        2.76324        1.16137       0.965812        0.14552     0.00763651
68        1.50684        1.19315       0.530467      -0.526047     0.00298444        2.76318        1.20056        1.00456      0.0527198     0.00305866
68.2        1.57763         1.2414       0.575218      -0.611073     0.00407581        2.76434        1.20962        1.05175     -0.0295301     0.00661245
68.4        1.56455        1.18611       0.508266      -0.576357     0.00360176        2.76306        1.12162        1.04303      0.0673383     0.00954951
68.6        1.47098         1.2407       0.561077      -0.570578     0.00374451        2.76441        1.23495       0.980651      0.0540137     0.00447262
68.8        1.51569        1.26033       0.572191      -0.606857     0.00376323        2.76427        1.22943        1.01046      0.0148625     0.00428838
69        1.54741        1.27993       0.475265      -0.595019     0.00346762        2.76336        1.16365         1.0316      0.0489598      0.0033455
69.2        1.46788        1.21877       0.558883      -0.580949     0.00397269        2.76419        1.20067       0.978589      0.0891941     0.00643683
69.4        1.56874        1.28079       0.577493      -0.563025     0.00325679        2.76504        1.29852        1.04583       -0.10753     0.00531316
69.6        1.57631        1.28288       0.553542      -0.542164     0.00367386         2.7645        1.29793        1.05087      -0.123411        0.01367
69.8        1.54679        1.34831       0.542742       -0.57286     0.00343597        2.76501        1.32163         1.0312      -0.105355     0.00195084
70        1.51099        1.30261       0.598413      -0.546335     0.00342764        2.76558        1.35812        1.00733      -0.117165      0.0136308
70.2        1.47978        1.23244       0.552927      -0.489543     0.00307475        2.76461         1.2989       0.986518     -0.0222596     0.00819476
70.4        1.58996         1.1898       0.599712      -0.518485     0.00357907        2.76413         1.2746        1.05997      -0.101843     0.00140913
70.6        1.55543        1.25176       0.572764      -0.554968     0.00352228        2.76459        1.27308        1.03695       -0.07405      0.0101356
70.8        1.56433        1.26533       0.599723      -0.567983      0.0040001        2.76455        1.30107        1.04289      -0.106111      0.0052572
71        1.46868        1.26091       0.576246      -0.557917     0.00360608        2.76431        1.28284       0.979119     0.00946634     0.00332498
71.2        1.48534        1.23385       0.571007      -0.555038     0.00340594        2.76456        1.25322       0.990226      0.0187213     0.00727784
71.4        1.50453        1.23813       0.527577      -0.565684     0.00380534        2.76363        1.20383        1.00302      0.0509023     0.00436455
71.6        1.52324        1.27654       0.541386      -0.578022     0.00378146        2.76349        1.24369         1.0155     -0.0105548     0.00711066
71.8        1.47157        1.11489        0.57425      -0.551317     0.00390466        2.76242        1.14172       0.981046       0.144106     0.00502152
72        1.47268        1.14877       0.610711      -0.565483     0.00383131        2.76276        1.19783       0.981789      0.0908636     0.00138251
72.2        1.48119        1.22071       0.502759      -0.549204      0.0035419        2.76272        1.17781       0.987463       0.102843    0.000869249
72.4        1.40154        1.17622       0.594219      -0.571049     0.00350363        2.76377        1.20289       0.934358       0.157757     0.00158356
72.6        1.38703        1.14017       0.523099      -0.548492     0.00323809        2.76238        1.11802       0.924685       0.255993      0.0013418
72.8        1.67843        1.24675       0.558131      -0.557266     0.00380295        2.76336        1.25142        1.11895       -0.17917      0.0126792
73        1.61128        1.23425       0.583358      -0.550296     0.00331203        2.76419        1.27062        1.07419      -0.123497     0.00577706
73.2         1.5601        1.26209         0.5208      -0.558649     0.00319654        2.76254        1.22744        1.04007      -0.027743     0.00274184
73.4        1.56468         1.2798       0.551515      -0.538583     0.00380377        2.76396        1.29654        1.04312      -0.110209      0.0129492
73.6        1.67379        1.26991       0.532926      -0.620581     0.00371932        2.76231        1.18597        1.11586      -0.106007     0.00855487
73.8        1.63161        1.21785       0.605941      -0.561444     0.00347469        2.76378        1.26582        1.08774      -0.139787      0.0061368
74        1.56466        1.12132       0.567022      -0.561054      0.0037274        2.76257        1.13102        1.04311      0.0578732     0.00901794
74.2        1.42618        1.23987       0.540554      -0.598478     0.00343491        2.76323        1.18539       0.950788       0.144115     0.00754257
74.4        1.49873        1.18574       0.536596      -0.546846      0.0032821        2.76304        1.17877       0.999153       0.077235     0.00830004
74.6        1.44382        1.28192       0.496949      -0.562036     0.00381713        2.76351        1.22065       0.962548      0.0954051     0.00363479
74.8        1.45856        1.20562         0.5655      -0.593125     0.00356482        2.76262        1.18156       0.972372       0.116646     0.00585955
75        1.48029        1.31904       0.500391      -0.570081     0.00363924        2.76316        1.25299       0.986862      0.0273596     0.00251553
75.2        1.55767        1.27922       0.557313      -0.590432     0.00364217        2.76308        1.24975        1.03844     -0.0472505     0.00292025
75.4        1.53812        1.19578       0.583008      -0.549487     0.00305211        2.76313        1.23236        1.02541     -0.0134925     0.00614985
75.6        1.54338        1.19105       0.535241      -0.513731     0.00320413        2.76333        1.21576        1.02892     -0.0104215      0.0145997
75.8        1.50445        1.15023       0.511303      -0.531454      0.0036603        2.76223        1.13373        1.00297       0.118952     0.00509503
76        1.59772        1.13644       0.542006       -0.53339     0.00396512        2.76212        1.14902        1.06515     0.00650211     0.00887947
76.2        1.53714        1.19719       0.544382      -0.531628     0.00321706        2.76266        1.21316        1.02476     0.00152914      0.0108348
76.4        1.49781        1.29546       0.555755      -0.536793     0.00363954        2.76377        1.31806       0.998543     -0.0579592     0.00585139
76.6        1.48951        1.18573       0.491679      -0.612292     0.00383469        2.76196        1.06895       0.993007       0.194832     0.00866743
76.8        1.50908        1.30417       0.599411      -0.576937     0.00392534        2.76389        1.33057        1.00605     -0.0844053     0.00865289
77        1.49046        1.35325       0.533814      -0.565875     0.00379265        2.76437        1.32498        0.99364     -0.0532996     0.00222772
77.2        1.43824         1.2322       0.539624      -0.545465     0.00323902        2.76275        1.22959       0.958824      0.0844902      0.0104295
77.4        1.55457        1.24778       0.525874      -0.578302     0.00370225         2.7623        1.19906        1.03638    -0.00740858      0.0160774
77.6        1.58322        1.30032       0.504057        -0.6119     0.00356569         2.7622        1.19604        1.05548     -0.0331139      0.0160576
77.8        1.56454        1.27216       0.564004      -0.579723     0.00378666        2.76272        1.26023        1.04302     -0.0677187      0.0056694
78        1.57432        1.28075       0.569797      -0.640076     0.00379943        2.76336        1.21427        1.04955     -0.0260723    0.000843665
78.2        1.55476        1.24562       0.574103      -0.599102     0.00341967        2.76274        1.22404        1.03651     -0.0212115      0.0051542
78.4        1.40012        1.20469       0.641295      -0.541585       0.003413        2.76423        1.30782       0.933416      0.0550417     0.00124756
78.6        1.52835        1.14684       0.571472      -0.574824     0.00319902        2.76158        1.14669         1.0189      0.0807798     0.00575765
78.8        1.51983        1.24694       0.555654      -0.616186     0.00302555        2.76262        1.18943        1.01322      0.0479429     0.00541179
79        1.41113        1.27049       0.548808      -0.567109     0.00344378        2.76308        1.25563       0.940752      0.0933233     0.00300219
79.2        1.49407        1.25885       0.555664      -0.581648     0.00321573        2.76324        1.23609       0.996046      0.0263083     0.00678174
79.4        1.53367        1.17611       0.548024      -0.583766     0.00382979        2.76299         1.1442        1.02244      0.0830889     0.00203743
79.6         1.4903        1.22112       0.497665      -0.582277     0.00377705        2.76203        1.14029        0.99353        0.12295     0.00850078
79.8        1.38834        1.11946       0.538799      -0.572172     0.00334398         2.7622        1.08943       0.925557       0.277901     0.00653988
80        1.46981        1.22255       0.532342      -0.572371     0.00373092         2.7629        1.18625       0.979871       0.101613     0.00523444
80.2        1.44405        1.19945       0.558058      -0.588536     0.00344128        2.76297        1.17241       0.962702        0.14217     0.00432929
80.4        1.48372        1.19087       0.563789      -0.553994     0.00391482        2.76299        1.20458       0.989149      0.0740729     0.00061237
80.6        1.50682        1.19478       0.641775      -0.560097      0.0035316        2.76444        1.27999        1.00455     -0.0254792     0.00310882
80.8        1.47003        1.21656       0.540175      -0.542676     0.00326603        2.76304        1.21732       0.980017      0.0750132     0.00067606
81        1.54791        1.28867        0.48058      -0.542356     0.00342697        2.76367        1.23032        1.03194     -0.0183971     0.00383425
81.2        1.47709        1.28085       0.592051      -0.579415     0.00345665        2.76415        1.29694       0.984729     -0.0203158       0.010436
81.4        1.51184        1.21382       0.553424        -0.5516     0.00401502        2.76318        1.21966        1.00789      0.0273813     0.00430383
81.6        1.52877        1.26822        0.54397      -0.575647     0.00343567        2.76365        1.23997        1.01918    -0.00669503     0.00159822
81.8        1.49606        1.20808       0.548312      -0.491103     0.00382931        2.76326        1.26912       0.997376     -0.0123896      0.0104697
82        1.48373        1.25131       0.574645      -0.598428     0.00312846        2.76292        1.23066       0.989153      0.0225538      0.0259802
82.2        1.45301         1.2328       0.577159      -0.612718     0.00348284        2.76237        1.20072       0.968673      0.0976677      0.0109659
82.4        1.53693        1.18551        0.52253      -0.558221     0.00319026        2.76212        1.15301        1.02462      0.0704207     0.00175877
82.6        1.44057        1.28405       0.537727      -0.594045     0.00350498        2.76258        1.23123       0.960379       0.089584     0.00119071
82.8        1.45616        1.17507       0.604447      -0.572219     0.00383697        2.76261        1.21114       0.970772      0.0901738     0.00514141
83        1.50783         1.1257       0.528083       -0.58407     0.00366071         2.7622        1.07337        1.00522       0.175105     0.00589511
83.2        1.52068        1.22326       0.570852      -0.595457     0.00345486        2.76305        1.20211        1.01379      0.0224508      0.0178081
83.4        1.48713        1.22065       0.546937      -0.521201     0.00340999        2.76397        1.24979       0.991418      0.0236193     0.00343255
83.6        1.49956        1.22227        0.56156      -0.565474     0.00379784        2.76309        1.22215       0.999704      0.0352703      0.0061083
83.8        1.57651        1.33869       0.473105      -0.585018     0.00345418        2.76285        1.23023        1.05101      -0.062315      0.0184233
84        1.48422         1.2311       0.606824      -0.528249     0.00359752        2.76448        1.31327       0.989483     -0.0373882     0.00437168
84.2         1.4224        1.19104       0.529492      -0.567532      0.0035855        2.76346        1.15658       0.948267       0.164141      0.0203334
84.4        1.41252        1.18165       0.567436      -0.613666     0.00329174        2.76259        1.13871        0.94168       0.206336     0.00502707
84.6        1.44187         1.2111       0.526725      -0.547157     0.00338944        2.76332        1.19406        0.96125       0.117034      0.0103551
84.8        1.48165        1.24941       0.538861      -0.579963     0.00346293        2.76291        1.21177       0.987768       0.066659     0.00281997
85        1.43033        1.26054       0.570417      -0.560616     0.00390413        2.76441        1.27425       0.953555      0.0583148     0.00151822
85.2          1.458        1.12256       0.589125      -0.577091     0.00376305        2.76247        1.13836       0.971999       0.163196     0.00291867
85.4        1.48868         1.1972       0.438052      -0.535504     0.00316159        2.76218        1.10291       0.992451       0.163568     0.00702473
85.6        1.53489        1.12413       0.504524      -0.571786     0.00359874        2.76225        1.06047        1.02326       0.159909     0.00697816
85.8        1.48368        1.21062       0.561257      -0.521466     0.00339357         2.7644         1.2538       0.989118      0.0226653     0.00425297
86        1.47409        1.24085       0.562933      -0.579661     0.00359794        2.76377        1.22772       0.982723      0.0581285     0.00384234
86.2        1.63938        1.13678       0.549813      -0.524112     0.00344294        2.76268        1.16592        1.09292     -0.0436849     0.00105586
86.4        1.52646        1.15866       0.578102      -0.518116     0.00352332         2.7638        1.22217        1.01764     0.00861779     0.00655458
86.6        1.50463         1.2182       0.520813      -0.573757      0.0040298        2.76295        1.16929        1.00309      0.0751366      0.0138971
86.8        1.49211        1.31464        0.57703      -0.590593     0.00344441        2.76476        1.30453       0.994737     -0.0324534    0.000575967
87        1.50464        1.33372       0.537078      -0.589763     0.00318268        2.76413        1.28422         1.0031     -0.0258578     0.00112824
87.2        1.54043         1.2459       0.517073      -0.619687      0.0039967        2.76312        1.14728        1.02695      0.0708736     0.00453023
87.4        1.68529        1.15867       0.554489      -0.569047        0.00378        2.76296        1.14789        1.12353     -0.0787321     0.00851793
87.6         1.6968        1.15896       0.597385      -0.558079     0.00360903        2.76329        1.20188         1.1312      -0.139807     0.00442488
87.8        1.46905        1.16254       0.564269      -0.548754     0.00341346        2.76343        1.18147       0.979364       0.112049    0.000861555
88        1.39713        1.18561       0.573489      -0.543152     0.00347453        2.76447        1.21942       0.931419       0.146356     0.00156927
88.2        1.45785        1.29305       0.498647      -0.568613     0.00349322        2.76415        1.22658         0.9719      0.0761318     0.00359384
88.4        1.42141          1.171       0.668106      -0.552541     0.00393487        2.76379         1.2905       0.947609       0.046159     0.00571635
88.6        1.49999        1.34481       0.552071      -0.509795      0.0030897        2.76472        1.39017       0.999992      -0.129226      0.0037833
88.8        1.52493        1.23916       0.612346      -0.524336     0.00379134        2.76434        1.33096        1.01662      -0.102766      0.0112226
89        1.48996        1.27688       0.570903      -0.534344     0.00349752        2.76493        1.31694       0.993305     -0.0484647     0.00649644
89.2        1.52986        1.22129       0.608189      -0.546018     0.00391588        2.76454        1.28738         1.0199     -0.0545227      0.0018324
89.4        1.52983        1.18766       0.598658      -0.513005     0.00322571        2.76402        1.27654        1.01989     -0.0459566     0.00360844
89.6         1.4967         1.2461       0.550343      -0.555371      0.0037793        2.76382        1.24486         0.9978      0.0196647     0.00260248
89.8        1.62662        1.22394       0.544927      -0.576047      0.0037539        2.76353        1.19657        1.08441     -0.0683435      0.0086923
90        1.48045        1.22741       0.656864      -0.615245     0.00357802        2.76422        1.27261       0.986968     0.00975251     0.00141066
90.2        1.45318        1.28148        0.57305      -0.571575     0.00338591        2.76513        1.28634       0.968786      0.0203596     0.00525836
90.4        1.51514        1.28734       0.451891      -0.564059     0.00375283        2.76324        1.17892        1.01009      0.0649149     0.00427211
90.6         1.5224        1.18113       0.489925      -0.535523     0.00368543        2.76334        1.13922        1.01493      0.0936126     0.00811176
90.8        1.48027        1.24361        0.59441      -0.579052     0.00311686        2.76517        1.26208       0.986849      0.0202546     0.00255988
91        1.61486        1.24955       0.567143      -0.599699     0.00364418        2.76358        1.22064        1.07657     -0.0801326     0.00821057
91.2        1.41623        1.34466       0.577441       -0.56067     0.00376006         2.7662        1.36519       0.944156      -0.017753     0.00252489
91.4         1.5894        1.20912       0.617354      -0.552673     0.00391201        2.76475        1.27771         1.0596      -0.108408     0.00604813
91.6         1.5091        1.13949       0.623399      -0.554522     0.00357101        2.76448        1.21194        1.00607      0.0275443      0.0158926
91.8        1.52623        1.19419       0.540036      -0.555364     0.00365479        2.76415        1.18252        1.01749      0.0485103     0.00689274
92        1.62352        1.12856       0.526153      -0.549215     0.00336381        2.76264        1.10886        1.08234      0.0234657     0.00679927
92.2        1.51293        1.23676       0.569602      -0.603796     0.00380952        2.76377        1.20638        1.00862       0.041619     0.00284288
92.4        1.43935         1.2271       0.538053      -0.591048     0.00341676        2.76378        1.17752       0.959566       0.137538     0.00937822
92.6        1.55757         1.2773       0.527844      -0.571795     0.00361373         2.7642        1.23696        1.03838     -0.0369029     0.00657999
92.8        1.50939        1.21384       0.563137      -0.586374     0.00358392        2.76418        1.19419        1.00626      0.0570638     0.00353645
93        1.50227        1.31107       0.525984      -0.567683     0.00350011         2.7646        1.27287        1.00152     -0.0234159      0.0128686
93.2        1.44406         1.2492       0.547809      -0.551819      0.0037359        2.76504        1.24892       0.962708      0.0600657      0.0119927
93.4        1.47872        1.25717        0.54167      -0.569665     0.00348578        2.76475        1.23266       0.985813      0.0491257     0.00423925
93.6        1.40525         1.1954       0.527136      -0.519807     0.00317376        2.76464         1.2059       0.936832       0.148514     0.00498057
93.8        1.41584        1.20299       0.533902      -0.570091     0.00379309        2.76506        1.17059       0.943895       0.167229       0.011394
94        1.39999        1.11087       0.529417      -0.537822     0.00342633        2.76434        1.10589       0.933326       0.255352     0.00311208
94.2        1.53271        1.16215        0.49518      -0.575772     0.00380621        2.76394        1.08536        1.02181       0.143775     0.00209687
94.4        1.46284        1.21735       0.502091      -0.574487     0.00335909        2.76449        1.14831        0.97523       0.142805      0.0105269
94.6        1.42253        1.17941       0.545797      -0.576794     0.00347903         2.7649        1.15189       0.948357       0.184551     0.00592063
94.8        1.44454        1.22983       0.595593      -0.587257     0.00368568        2.76563        1.24186       0.963027      0.0617219      0.0175061
95        1.53956        1.19039       0.498563       -0.54413     0.00371275        2.76455        1.14853        1.02637      0.0695346     0.00691864
95.2        1.42548        1.36083       0.475493      -0.526734     0.00322586        2.76571        1.31282        0.95032      0.0197387     0.00766842
95.4        1.42856        1.29189       0.578298      -0.575707     0.00382446        2.76586        1.29831       0.952373      0.0350696     0.00392384
95.6        1.50604        1.24011       0.597563      -0.537449     0.00377396        2.76577          1.304        1.00403     -0.0472953     0.00302698
95.8        1.46175        1.24389       0.532087      -0.516852      0.0036719        2.76521         1.2628       0.974497      0.0387722     0.00189528
96        1.51132        1.23185       0.623488      -0.569198      0.0032947         2.7657        1.28944        1.00755     -0.0387511     0.00369405
96.2        1.54678        1.21792       0.537988      -0.526693     0.00358721        2.76479         1.2328        1.03119     -0.0247908     0.00999646
96.4        1.45697        1.22862       0.536837      -0.547528     0.00365336        2.76478        1.22159       0.971317      0.0795374      0.0066827
96.6        1.41804        1.21561       0.525677      -0.561718     0.00335271        2.76498        1.18292       0.945357       0.158692     0.00533576
96.8        1.57385        1.25429       0.574769      -0.504409      0.0030819        2.76609        1.32773        1.04923      -0.138149     0.00265638
97        1.52618        1.28522        0.50907       -0.56321     0.00348923        2.76526        1.23457        1.01745    -0.00116684     0.00568255
97.2        1.38882        1.20343       0.604293      -0.569635     0.00363187        2.76528        1.24171       0.925878       0.131777      0.0029755
97.4        1.66915        1.23654       0.532327      -0.538982     0.00381753        2.76451         1.2337        1.11277      -0.145119     0.00677967
97.6        1.51049        1.22723         0.5321      -0.578689     0.00342745        2.76458        1.18407        1.00699      0.0677368     0.00228259
97.8        1.51302        1.12872       0.554739      -0.551769     0.00353819        2.76457        1.13523        1.00868       0.105928      0.0103961
98        1.46135        1.12075       0.525133      -0.570391     0.00328333        2.76373        1.07878       0.974234       0.218803       0.004801
98.2        1.46192        1.13976        0.53954      -0.569387     0.00365774        2.76473        1.11357       0.974611       0.182164     0.00707184
98.4        1.64551         1.1451       0.664017      -0.536308     0.00364208        2.76525        1.27645        1.09701      -0.161178     0.00446466
98.6        1.53895        1.18608       0.531317      -0.572643     0.00304542        2.76365         1.1478        1.02597      0.0733567     0.00354757
98.8        1.45639        1.24702         0.5351       -0.58409     0.00375068        2.76451        1.20178        0.97093      0.0999473     0.00639046
99        1.33587        1.22389       0.555305      -0.598611      0.0035166        2.76448        1.18411       0.890582       0.240058     0.00444117
99.2        1.42284         1.1825        0.52187      -0.516769     0.00351704        2.76453        1.19111       0.948563       0.135028      0.0155455
99.4        1.48302        1.23402       0.510905      -0.548262     0.00378691        2.76424        1.20045       0.988682      0.0713725     0.00939846
99.6        1.41537        1.22054       0.527947      -0.532033     0.00342833        2.76436        1.21988       0.943578       0.125798     0.00331662
99.8        1.50895        1.16174       0.501304      -0.586806     0.00319369         2.7633        1.07943        1.00597       0.170869     0.00404626
