time        kinetic     stretching        bending             LJ electrostatics          total      potential    temperature
0        1.51729        1.24873    5.21897e-05              0     0.00801848        2.77409         1.2568        1.01153              0              0
0.2        1.64566       0.517116       0.434974              0       0.016022        2.61377       0.968112        1.09711              0              0
0.4        1.50404       0.713746       0.348684              0      0.0117623        2.57823        1.07419        1.00269              0              0
0.6         1.4309       0.913278       0.299619              0       0.013331        2.65713        1.22623       0.953934              0              0
0.8        1.30869        0.87352       0.423348              0      0.0130863        2.61865        1.30995       0.872463              0              0
1        1.24733       0.869776       0.404168              0      0.0121012        2.53338        1.28605       0.831554              0              0
1.2          1.225       0.910063       0.448004              0       0.013342         2.5964        1.37141       0.816664              0              0
1.4        1.32668       0.929281       0.477643              0      0.0129913        2.74659        1.41991       0.884451              0              0
1.6        1.39424        1.01518       0.421306              0      0.0124743         2.8432        1.44896       0.929492              0              0
1.8        1.41789        1.03842       0.460844              0       0.012284        2.92944        1.51155       0.945259              0              0
2        1.35964        1.14463       0.501661              0      0.0131269        3.01906        1.65942       0.906426              0              0
2.2        1.42102         1.1409       0.505903              0       0.012588        3.08041        1.65939       0.947345              0              0
2.4        1.46923        1.10104       0.534308              0      0.0130138        3.11759        1.64836       0.979488              0              0
2.6        1.40623        1.12251       0.595079              0      0.0123042        3.13612        1.72989       0.937487              0              0
2.8        1.48832        1.16367       0.546213              0      0.0123165        3.21052         1.7222       0.992213              0              0
3        1.49586        1.19404       0.540448              0      0.0140073        3.24436         1.7485       0.997242              0              0
3.2        1.50518        1.15238       0.580443   -0.000118042      0.0136553        3.25154        1.74636        1.00345              0              0
3.4        1.39653        1.15414       0.589959   -0.000242189      0.0141684        3.15455        1.75802       0.931019              0              0
3.6        1.44009        1.15398       0.500279   -0.000105285      0.0116216        3.10586        1.66577       0.960059              0              0
3.8        1.50828        1.10745        0.58679              0      0.0143991        3.21692        1.70864        1.00552              0              0
4        1.44666        1.14005       0.552146              0      0.0122273        3.15108        1.70443       0.964438              0              0
4.2        1.42937        1.15619       0.550813              0      0.0126222        3.14899        1.71962       0.952914              0              0
4.4        1.46778        1.10049       0.523154              0      0.0132157        3.10464        1.63686       0.978521              0              0
4.6        1.44844        1.21537        0.57132    4.32871e-05      0.0113972        3.24657        1.79813       0.965627              0              0
4.8          1.432        1.20202       0.576349    0.000173765      0.0131715        3.22372        1.79172       0.954666              0              0
5        1.48204        1.14195       0.547296   -2.63536e-05      0.0130033        3.18426        1.70222       0.988028              0              0
5.2        1.42955        1.13298       0.580705              0      0.0120619        3.15529        1.72574       0.953033              0              0
5.4        1.57635        1.02296       0.468711   -0.000203876      0.0123288        3.08015         1.5038         1.0509              0              0
5.6        1.48931        1.05066       0.576632    -0.00346213      0.0126206        3.12576        1.63645       0.992875              0              0
5.8        1.40612         1.1603       0.534667     -0.0151521      0.0120845        3.09801         1.6919       0.937411              0              0
6        1.46391         1.1675       0.563484     -0.0217512      0.0132768        3.18642        1.72251       0.975938              0              0
6.2        1.46994        1.17558       0.559889    -0.00374341      0.0119654        3.21363        1.74369       0.979958              0              0
6.4        1.46882        1.14653       0.595051      -0.004537      0.0127808        3.21864        1.74983       0.979212              0              0
6.6        1.43081        1.18951       0.555182     -0.0112001      0.0125894        3.17689        1.74608       0.953872              0              0
6.8        1.43671        1.22168        0.58782      -0.013923      0.0113614        3.24365        1.80694       0.957807              0              0
7        1.41729        1.21362       0.664481     -0.0216499      0.0114863        3.28522        1.86793        0.94486              0              0
7.2         1.4475        1.16201       0.576155     -0.0129254      0.0126299        3.18537        1.73787       0.964997              0              0
7.4        1.43301        1.23275       0.581369     -0.0119155      0.0119158        3.24713        1.81412       0.955342              0              0
7.6        1.50873        1.16766         0.5772     -0.0156566      0.0128274        3.25076        1.74203        1.00582              0              0
7.8         1.5846           1.16       0.553356     -0.0180609      0.0118231        3.29172        1.70712         1.0564              0              0
8        1.53692        1.18133        0.55852     -0.0185711      0.0122413        3.27044        1.73352        1.02462              0              0
8.2        1.55702        1.14695       0.602576     -0.0285082         0.0126        3.29064        1.73362        1.03801              0              0
8.4        1.58931        1.17687       0.575524     -0.0314739      0.0131807        3.32341         1.7341        1.05954              0              0
8.6        1.58587         1.2817       0.538266     -0.0410147      0.0127329        3.37756        1.79169        1.05724              0              0
8.8        1.51756        1.19922       0.634228     -0.0363415      0.0137585        3.32843        1.81087         1.0117              0              0
9        1.57065          1.253       0.558562     -0.0371587      0.0142826        3.35934        1.78868         1.0471              0              0
9.2         1.5111        1.30047       0.585605     -0.0568168      0.0154649        3.35583        1.84472         1.0074              0              0
9.4        1.57885        1.23048       0.546069     -0.0666578      0.0141326        3.30287        1.72402        1.05257              0              0
9.6        1.62941        1.13822       0.553443     -0.0661442      0.0124806        3.26742          1.638        1.08628              0              0
9.8        1.60181        1.17211       0.638338     -0.0690082       0.014396        3.35764        1.75583        1.06787              0              0
10        1.56745        1.23564       0.608616     -0.0694992      0.0136239        3.35583        1.78838        1.04497              0              0
10.2        1.52051        1.36681       0.564217     -0.0797451      0.0129693        3.38476        1.86425        1.01368              0              0
10.4         1.6889        1.19893       0.575319     -0.0975477      0.0135997         3.3792         1.6903        1.12593              0              0
10.6        1.58814        1.30079       0.569351      -0.107226      0.0131693        3.36422        1.77608        1.05876              0              0
10.8         1.6677        1.22899       0.582384      -0.122693      0.0145007        3.37089        1.70318         1.1118              0              0
11        1.61681        1.23397       0.623348      -0.133995      0.0136061        3.35373        1.73693        1.07787              0              0
11.2        1.56932        1.32552        0.58641      -0.148368      0.0148091        3.34769        1.77837        1.04621              0              0
11.4        1.62713        1.34458       0.656442      -0.182492      0.0154373         3.4611        1.83397        1.08476              0              0
11.6         1.6839        1.32316       0.599706      -0.151213      0.0151575        3.47072        1.78681         1.1226              0              0
11.8        1.68402        1.29625       0.661799       -0.16857      0.0145358        3.48803        1.80401        1.12268              0              0
12        1.67424        1.31715       0.582389       -0.17339      0.0159597        3.41635        1.74211        1.11616              0              0
12.2        1.66419        1.30621       0.626408      -0.186297      0.0153197        3.42583        1.76164        1.10946              0              0
12.4        1.54725        1.40705        0.63551      -0.221889      0.0159767         3.3839        1.83665         1.0315              0              0
12.6        1.64646        1.31693       0.635649      -0.229417      0.0156326        3.38525        1.73879        1.09764              0              0
12.8        1.63903        1.32973       0.601921       -0.22806        0.01625        3.35887        1.71985        1.09269              0              0
13        1.59751         1.2328       0.574859      -0.228766      0.0151913        3.19159        1.59408        1.06501              0              0
13.2         1.5785        1.30115       0.591599      -0.202481      0.0157156        3.28449        1.70599        1.05233              0              0
13.4         1.5879        1.27189       0.593292      -0.204449      0.0152522        3.26388        1.67598         1.0586              0              0
13.6        1.59853        1.24696       0.599987      -0.243349      0.0151159        3.21724        1.61871        1.06569              0              0
13.8        1.64794        1.16395        0.60385      -0.237233      0.0170145        3.19552        1.54758        1.09863              0              0
14         1.5482        1.09928       0.669672      -0.215489      0.0153845        3.11704        1.56885        1.03213              0              0
14.2        1.51008        1.15566       0.577484      -0.216356      0.0166334         3.0435        1.53343        1.00672              0              0
14.4         1.4853        1.15456       0.578539      -0.229224       0.015906        3.00508        1.51978       0.990199              0              0
14.6        1.55056        1.07917       0.564385      -0.242469      0.0165558         2.9682        1.41764        1.03371              0              0
14.8        1.53612        1.20041       0.528289      -0.252846       0.016103        3.02808        1.49196        1.02408              0              0
15        1.48574        1.14406       0.609059      -0.250174      0.0160263        3.00472        1.51897       0.990494              0              0
15.2        1.39434        1.22692       0.561724      -0.246025      0.0160202        2.95298        1.55864       0.929563              0              0
15.4        1.49308        1.18883       0.503096       -0.27526      0.0161919        2.92594        1.43285        0.99539              0              0
15.6        1.47045        1.15796       0.542631      -0.269958      0.0147101        2.91579        1.44534         0.9803              0              0
15.8        1.41771        1.12759       0.586247      -0.245893      0.0172428         2.9029        1.48519       0.945138              0              0
16         1.4407        1.22029       0.513192      -0.255077      0.0159734        2.93508        1.49438       0.960467              0              0
16.2        1.57626        1.12763       0.530868      -0.259178      0.0168744        2.99245         1.4162        1.05084              0              0
16.4        1.56194         1.1529       0.595166      -0.237106      0.0163348        3.08924        1.52729         1.0413              0              0
16.6        1.56266        1.22458       0.568209      -0.241342      0.0171678        3.13127        1.56862        1.04177              0              0
16.8        1.58705        1.16713       0.518258      -0.227784      0.0165706        3.06123        1.47418        1.05803              0              0
17        1.33553        1.34732       0.514775      -0.194368      0.0148955        3.01816        1.68263       0.890354              0              0
17.2         1.5024         1.1621       0.585278      -0.259679      0.0165708        3.00667        1.50427         1.0016              0              0
17.4         1.4901        1.10614       0.559722       -0.24141      0.0154086        2.92996        1.43986         0.9934              0              0
17.6        1.31911        1.18464       0.510851      -0.249583      0.0169205        2.78194        1.46283       0.879407              0              0
17.8        1.43705        1.10299       0.523721      -0.240559      0.0155013        2.83871        1.40166       0.958036              0              0
18        1.37628         1.1221       0.558536      -0.239245      0.0177861        2.83546        1.45918       0.917522              0              0
18.2        1.41237        1.10945       0.495562      -0.251944      0.0162244        2.78166        1.36929       0.941581              0              0
18.4        1.32627        1.09992       0.575025      -0.254971      0.0168208        2.76306        1.43679       0.884182              0              0
18.6        1.40932        1.08037       0.465905      -0.239981      0.0165745        2.73219        1.32287       0.939548              0              0
18.8         1.3597        1.11465       0.545005      -0.240744      0.0176606        2.79627        1.43657       0.906468              0              0
19        1.34482        1.07467       0.556977      -0.232234      0.0167742          2.761        1.41618       0.896547              0              0
19.2        1.30658        1.11154       0.528347      -0.236758      0.0165955        2.72631        1.41973       0.871052              0              0
19.4        1.40994        1.12783       0.497503      -0.244713      0.0166169        2.80718        1.39724       0.939959              0              0
19.6        1.28819        1.19432       0.576932      -0.243492      0.0169375         2.8329         1.5447       0.858796              0              0
19.8        1.41473        1.24903       0.551386      -0.253913      0.0171299        2.97836        1.56363       0.943152              0              0
20        1.64645        1.14552       0.497146      -0.249113      0.0161429        3.05614         1.4097        1.09763              0              0
20.2        1.66507        1.14299       0.526951      -0.251004       0.015933        3.09994        1.43487        1.11005              0              0
20.4        1.49638        1.16609       0.574406      -0.204078      0.0164178        3.04921        1.55283       0.997586              0              0
20.6        1.50521        1.17095       0.571738      -0.222148      0.0165542         3.0423        1.53709        1.00347              0              0
20.8        1.64419        1.19949        0.58226      -0.245934      0.0158613        3.19587        1.55168        1.09612              0              0
21        1.69347        1.26073       0.579553      -0.246935      0.0163781         3.3032        1.60973        1.12898              0              0
21.2        1.70314        1.21199       0.556101      -0.246609      0.0161573        3.24079        1.53764        1.13543              0              0
21.4        1.57506        1.27691       0.588213      -0.225236      0.0160275        3.23098        1.65591        1.05004              0              0
21.6        1.68413        1.35636        0.50593      -0.222172       0.015056         3.3393        1.65517        1.12275              0              0
21.8        1.57007        1.22387       0.595059       -0.23047      0.0158396        3.17437         1.6043        1.04671              0              0
22        1.49962        1.26975       0.614391      -0.253985      0.0172955        3.14706        1.64745       0.999745              0              0
22.2        1.42944        1.24273       0.585013      -0.235623      0.0157963        3.03736        1.60791        0.95296              0              0
22.4        1.46116        1.18424       0.588987      -0.234884      0.0174112        3.01692        1.55576       0.974107              0              0
22.6         1.5673        1.13731       0.547686      -0.239233      0.0175579        3.03062        1.46332        1.04486              0              0
22.8        1.48492        1.26825       0.528096      -0.229632      0.0157026        3.06733        1.58241       0.989945              0              0
23        1.48826        1.15001       0.589085       -0.20028      0.0151108        3.04219        1.55393       0.992173              0              0
23.2        1.45941        1.23281       0.554487      -0.211808      0.0145988         3.0495        1.59008       0.972941              0              0
23.4        1.49036        1.17937       0.560792      -0.216946      0.0160838        3.02966         1.5393       0.993575              0              0
23.6        1.59903        1.09846       0.531796        -0.2411      0.0142952        3.00248        1.40345        1.06602              0              0
23.8        1.49452        1.17531       0.604759      -0.224974      0.0153232        3.06494        1.57042       0.996346              0              0
24        1.56808          1.234       0.494678      -0.233623      0.0150409        3.07818         1.5101        1.04539              0              0
24.2        1.47376        1.14236       0.556563       -0.21971      0.0160506        2.96902        1.49527       0.982506              0              0
24.4        1.38362        1.13618       0.570131      -0.257895      0.0163862        2.84843         1.4648       0.922414              0              0
24.6        1.40097        1.19744       0.557067      -0.245323      0.0165033        2.92666        1.52569       0.933978              0              0
24.8        1.48752        1.15033       0.584719      -0.256605      0.0169629        2.98292         1.4954        0.99168              0              0
25        1.56425        1.21132       0.549564       -0.24412      0.0163697        3.09739        1.53314        1.04283              0              0
25.2        1.44565         1.1478       0.609242      -0.246397      0.0155896        2.97189        1.52624       0.963769              0              0
25.4        1.50819        1.15105       0.576778      -0.230944      0.0161349        3.02121        1.51302        1.00546              0              0
25.6        1.54262        1.16423       0.568444       -0.24344      0.0159964        3.04785        1.50523        1.02841              0              0
25.8        1.52601        1.22387       0.537418      -0.228773       0.015619        3.07414        1.54813        1.01734              0              0
26        1.52608        1.19654        0.54366      -0.223137      0.0178815        3.06103        1.53495        1.01739              0              0
26.2        1.48184        1.16235       0.579572      -0.277507      0.0155037        2.96176        1.47992       0.987893              0              0
26.4        1.51962        1.16544       0.535028      -0.260045      0.0149688        2.97501        1.45539        1.01308              0              0
26.6        1.48467        1.10176        0.53867      -0.237393      0.0153975         2.9031        1.41843       0.989779              0              0
26.8        1.41598        1.18935       0.574567      -0.251504      0.0159122        2.94431        1.52832        0.94399              0              0
27        1.52185         1.1308        0.58307       -0.24888      0.0165405        3.00338        1.48153        1.01457              0              0
27.2        1.52206        1.16535       0.556348      -0.248861      0.0154284        3.01032        1.48826        1.01471              0              0
27.4        1.52963        1.16248       0.493495      -0.245834      0.0158276         2.9556        1.42597        1.01975              0              0
27.6        1.42937        1.16704       0.583068      -0.250888      0.0157288        2.94432        1.51495       0.952913              0              0
27.8        1.58403        1.07948       0.588882      -0.249485      0.0166554        3.01956        1.43553        1.05602              0              0
28        1.52973        1.14555       0.555288      -0.245016      0.0167518         3.0023        1.47257        1.01982              0              0
28.2         1.5478        1.13116       0.538989      -0.227186      0.0148484        3.00561        1.45781        1.03187              0              0
28.4        1.39734        1.20941       0.572685      -0.240856      0.0170781        2.95565        1.55831       0.931558              0              0
28.6        1.52474        1.16746       0.544203      -0.219804      0.0150594        3.03166        1.50692        1.01649              0              0
28.8        1.41395        1.23994       0.552885      -0.230122      0.0158127        2.99247        1.57851       0.942637              0              0
29        1.53106        1.17879        0.50152       -0.25016      0.0152166        2.97642        1.44536         1.0207              0              0
29.2        1.46806        1.19013       0.534826      -0.230699      0.0172708        2.97959        1.51153       0.978708              0              0
29.4        1.49457         1.1632       0.548289      -0.244604      0.0164878        2.97794        1.48337       0.996379              0              0
29.6        1.39495        1.15704        0.61613      -0.250051      0.0156526        2.93372        1.53877       0.929967              0              0
29.8        1.49428        1.20368        0.53582       -0.25481      0.0156704        2.99464        1.50036       0.996187              0              0
30          1.588        1.15836       0.518125      -0.245382      0.0149458        3.03404        1.44605        1.05866              0              0
30.2        1.56018         1.1487       0.506387      -0.213594      0.0169906        3.01866        1.45848        1.04012              0              0
30.4        1.52541        1.20514        0.56776      -0.234629      0.0149362        3.07861        1.55321        1.01694              0              0
30.6        1.50537        1.22255       0.586959      -0.221688      0.0142056         3.1074        1.60203        1.00358              0              0
30.8        1.48429        1.18472       0.564749      -0.233605      0.0159445        3.01609         1.5318       0.989526              0              0
31         1.4641        1.22744       0.567711      -0.251128      0.0179276        3.02605        1.56195       0.976068              0              0
31.2        1.54036        1.12598       0.511058      -0.213103      0.0159735        2.98027        1.43991        1.02691              0              0
31.4        1.48037        1.27794       0.477931      -0.250377      0.0161337          3.002        1.52163       0.986914              0              0
31.6        1.44822        1.14017       0.552772      -0.242382      0.0160778        2.91486        1.46664       0.965477              0              0
31.8        1.48092        1.19971       0.524239      -0.272209      0.0162683        2.94892        1.46801       0.987278              0              0
32        1.43382        1.20122       0.544854      -0.256426      0.0149211        2.93839        1.50457       0.955881              0              0
32.2         1.5178        1.11691       0.559519       -0.25817      0.0157357         2.9518        1.43399        1.01187              0              0
32.4        1.50671        1.12059       0.483002      -0.248364      0.0144083        2.87635        1.36964        1.00447              0              0
32.6        1.46238        1.18802       0.536951      -0.241111       0.015871        2.96211        1.49973       0.974918              0              0
32.8        1.43789        1.16979       0.556176      -0.237567        0.01527        2.94155        1.50367       0.958591              0              0
33        1.51644        1.20604       0.545545      -0.261036      0.0152862        3.02228        1.50584        1.01096              0              0
33.2        1.57104        1.18021       0.577712      -0.244212      0.0149931        3.09975         1.5287        1.04736              0              0
33.4         1.5963         1.1963       0.583305      -0.285262      0.0154123        3.10606        1.50976         1.0642              0              0
33.6        1.60212        1.20107       0.476552      -0.277504       0.016399        3.01864        1.41652        1.06808              0              0
33.8        1.49046        1.16986       0.527463      -0.275182      0.0169439        2.92955        1.43909        0.99364              0              0
34        1.49877        1.13132        0.55648      -0.279869      0.0156511        2.92236        1.42359        0.99918              0              0
34.2        1.49195        1.17914       0.529033      -0.311562      0.0144133        2.90297        1.41103       0.994632              0              0
34.4        1.45824        1.11659       0.535794      -0.315198      0.0164927        2.81192        1.35368       0.972161              0              0
34.6        1.43417        1.18797       0.554674      -0.307349      0.0150425        2.88451        1.45034       0.956116              0              0
34.8        1.44787        1.22848       0.541933      -0.306158      0.0166454        2.92877         1.4809       0.965246              0              0
35        1.52989         1.2026       0.602515      -0.344528       0.016021         3.0065        1.47661        1.01993              0              0
35.2        1.62205        1.24423       0.495488      -0.335926      0.0154054        3.04124         1.4192        1.08136              0              0
35.4        1.68616        1.12956       0.554597      -0.318427      0.0143716        3.06627         1.3801        1.12411              0              0
35.6        1.69567        1.17881       0.619608      -0.320775      0.0172964        3.19061        1.49494        1.13045              0              0
35.8        1.63712        1.25417       0.564907      -0.271353      0.0154395        3.20029        1.56316        1.09141              0              0
36        1.64414        1.25965       0.559619      -0.328488      0.0144619        3.14939        1.50525        1.09609              0              0
36.2        1.52368        1.24646       0.588773      -0.320099      0.0162344        3.05505        1.53137        1.01579              0              0
36.4        1.48914        1.28003       0.531835      -0.323045      0.0146205        2.99258        1.50344       0.992763              0              0
36.6        1.64515        1.12465       0.554664      -0.350083      0.0158174         2.9902        1.34504        1.09677              0              0
36.8        1.58553        1.15198       0.498761      -0.360967       0.015193        2.89049        1.30497        1.05702              0              0
37        1.46786        1.17069       0.555313      -0.293855      0.0167418        2.91675        1.44889        0.97857              0              0
37.2        1.46126         1.2604       0.560248      -0.354761      0.0159623        2.94311        1.48185       0.974174              0              0
37.4         1.5225        1.15162       0.562446      -0.333874      0.0174506        2.92014        1.39764          1.015              0              0
37.6        1.42801        1.25815       0.536077      -0.351746      0.0161772        2.88667        1.45866       0.952009              0              0
37.8        1.45467        1.18262       0.540794      -0.335794      0.0149937        2.85729        1.40262       0.969781              0              0
38        1.61081        1.09268       0.518706      -0.344954      0.0155796        2.89283        1.28202        1.07388              0              0
38.2        1.45347        1.20406       0.543676      -0.347331      0.0148253         2.8687        1.41523       0.968979              0              0
38.4        1.55607        1.13665       0.512787       -0.34389      0.0153506        2.87696        1.32089        1.03738              0              0
38.6        1.39436        1.18873       0.605578      -0.368838      0.0141469        2.83398        1.43961       0.929576              0              0
38.8        1.42942        1.21983       0.536691      -0.341358      0.0144454        2.85903        1.42961       0.952945              0              0
39        1.44125        1.17955       0.564673      -0.345159      0.0161758        2.85649        1.41524       0.960834              0              0
39.2        1.43126        1.12455       0.583612      -0.342835      0.0164611        2.81304        1.38178       0.954173              0              0
39.4        1.46273        1.14615       0.565406      -0.372523       0.016358        2.81813        1.35539       0.975156              0              0
39.6        1.45452        1.11765       0.573244      -0.336886      0.0162978        2.82483        1.37031       0.969683              0              0
39.8        1.50776        1.13254       0.570023      -0.372979      0.0154934        2.85284        1.34508        1.00517              0              0
40        1.48556        1.27355       0.499028      -0.360928      0.0160581        2.91327        1.42771       0.990373              0              0
40.2        1.50908          1.215       0.483978      -0.396991       0.016885        2.82796        1.31887        1.00605              0              0
40.4        1.42724        1.21804       0.607301      -0.419009      0.0166612        2.85023        1.42299       0.951496              0              0
40.6        1.44516        1.17681       0.574635      -0.342826      0.0188101        2.87258        1.42742       0.963438              0              0
40.8        1.52501        1.11824       0.523254      -0.413033       0.018344        2.77181         1.2468        1.01667              0              0
41        1.40145        1.13047       0.565301      -0.390998      0.0183207        2.72455         1.3231       0.934298              0              0
41.2        1.51505        1.09186       0.580844      -0.398674      0.0165636        2.80564        1.29059        1.01004              0              0
41.4        1.43465        1.15899       0.524104      -0.378238      0.0159674        2.75548        1.32083       0.956435              0              0
41.6        1.38462        1.20244       0.492234      -0.360624      0.0159718        2.73464        1.35002        0.92308              0              0
41.8        1.41217         1.1574       0.604654      -0.391849       0.015767        2.79814        1.38598       0.941446              0              0
42         1.4352        1.11421        0.55918      -0.368565      0.0161932        2.75621        1.32101       0.956798              0              0
42.2          1.432        1.17301       0.572498      -0.398098      0.0170923         2.7965         1.3645       0.954668              0              0
42.4        1.48422         1.1898       0.544293      -0.395676      0.0174385        2.84007        1.35586       0.989478              0              0
42.6        1.54356        1.11414       0.568547      -0.382217      0.0170325        2.86107         1.3175        1.02904              0              0
42.8        1.49884        1.17574       0.537765      -0.365835      0.0175283        2.86404         1.3652       0.999229              0              0
43        1.52747        1.20959       0.595301      -0.391966      0.0171617        2.95756        1.43008        1.01831              0              0
43.2         1.6677        1.27108       0.577611      -0.398152      0.0180818        3.13631        1.46862         1.1118              0              0
43.4        1.66221        1.25274       0.596788      -0.422566      0.0150903        3.10426        1.44205        1.10814              0              0
43.6        1.59749        1.23946       0.610085      -0.436794      0.0167701        3.02702        1.42953        1.06499              0              0
43.8        1.56202        1.23297       0.636228      -0.436153      0.0172529        3.01231        1.45029        1.04135              0              0
44        1.62588        1.19276       0.561637      -0.440492      0.0184354        2.95822        1.33234        1.08392              0              0
44.2        1.52464        1.31848       0.563391       -0.43481      0.0186078        2.99032        1.46567        1.01643              0              0
44.4        1.64476        1.22288       0.538065      -0.429327      0.0178719        2.99424        1.34949         1.0965              0              0
44.6        1.65413        1.20368       0.580144      -0.470661      0.0195009        2.98679        1.33266        1.10275              0              0
44.8        1.44953         1.2927       0.592727      -0.453531      0.0197773        2.90121        1.45167       0.966356              0              0
45        1.55896        1.08617       0.556529      -0.481937      0.0200079        2.73973        1.18077        1.03931              0              0
45.2        1.49807        1.13035       0.532199      -0.480702      0.0173729        2.69729        1.19922       0.998715              0              0
45.4        1.41087        1.13598       0.540283      -0.453956      0.0165405        2.64972        1.23885        0.94058              0              0
45.6        1.48579        1.11539       0.561994      -0.472434      0.0184149        2.70916        1.22336        0.99053              0              0
45.8        1.54142         1.1864       0.487769      -0.469192      0.0189092        2.76531        1.22388        1.02762              0              0
46        1.45575        1.25114       0.514692        -0.4625      0.0168312        2.77592        1.32017       0.970502              0              0
46.2        1.46305        1.16133       0.528771      -0.451143      0.0183975        2.72041        1.25736       0.975365              0              0
46.4        1.54408        1.07819       0.548693      -0.465604      0.0186446        2.72401        1.17993        1.02939              0              0
46.6        1.37277        1.15446       0.552781      -0.494484       0.017034        2.60257        1.22979       0.915183              0              0
46.8        1.41567        1.12781       0.556806      -0.453392        0.01663        2.66352        1.24785       0.943778              0              0
47        1.51437        1.10357       0.566733        -0.4691      0.0178102        2.73338        1.21901        1.00958              0              0
47.2        1.57123        1.08042       0.507979      -0.458357       0.018969        2.72024        1.14901        1.04749              0              0
47.4        1.38181        1.13039       0.617983      -0.441422      0.0171031        2.70586        1.32405       0.921205              0              0
47.6        1.42788        1.12495       0.586197      -0.478766      0.0159503        2.67621        1.24833       0.951922              0              0
47.8        1.46365        1.14204       0.513867      -0.439932      0.0163417        2.69596        1.23231       0.975768              0              0
48        1.45458        1.09372       0.582697      -0.444619      0.0171146        2.70349        1.24891        0.96972              0              0
48.2        1.45216         1.1589       0.507536      -0.437762       0.017339        2.69817        1.24601       0.968109              0              0
48.4        1.46264        1.11602       0.551904      -0.433434      0.0168701          2.714        1.25136       0.975093              0              0
48.6        1.39719        1.17695       0.529827      -0.446337      0.0176165        2.67524        1.27805       0.931459              0              0
48.8        1.38989        1.19665       0.566606      -0.430671      0.0176132        2.74009         1.3502       0.926595              0              0
49        1.50806        1.12168       0.553734      -0.472061      0.0183199        2.72973        1.22167        1.00537              0              0
49.2        1.53542        1.21592        0.51778      -0.479244      0.0167048        2.80658        1.27116        1.02361              0              0
49.4        1.45979        1.18494       0.607702      -0.477689       0.016312        2.79105        1.33126       0.973192              0              0
49.6         1.5317        1.20413       0.517898      -0.456114      0.0168744        2.81449        1.28279        1.02113              0              0
49.8        1.46014        1.19966       0.588792      -0.452116      0.0181331        2.81461        1.35447       0.973424              0              0
50        1.59893        1.24411       0.543599       -0.49113      0.0194558        2.91496        1.31603        1.06595              0              0
50.2         1.5283        1.17573       0.588832      -0.472898      0.0177795        2.83774        1.30944        1.01887              0              0
50.4        1.59264        1.12671       0.497767      -0.493086      0.0187914        2.74282        1.15018        1.06176              0              0
50.6         1.4403         1.1729       0.585651      -0.469239        0.01833        2.74794        1.30764       0.960202              0              0
50.8        1.48463        1.13708       0.552531      -0.488905      0.0178873        2.70322        1.21859       0.989752              0              0
51        1.54981        1.18713       0.501053      -0.537585      0.0192263        2.71963        1.16982        1.03321              0              0
51.2        1.43724        1.21378       0.562249      -0.479887      0.0187131         2.7521        1.31485       0.958163              0              0
51.4        1.50427        1.21072       0.492011      -0.513084      0.0201031        2.71402        1.20975        1.00285              0              0
51.6        1.44629        1.12277       0.537802      -0.479224       0.019197        2.64684        1.20055       0.964194              0              0
51.8        1.45209        1.13237       0.533381      -0.539571      0.0181508        2.59641        1.14433       0.968058              0              0
52        1.46181        1.17553       0.510025      -0.503354      0.0178043        2.66181            1.2       0.974543              0              0
52.2        1.50831        1.15133       0.512164      -0.496362      0.0189872        2.69443        1.18612        1.00554              0              0
52.4         1.5537        1.18074       0.563832      -0.530547      0.0179317        2.78565        1.23195         1.0358              0              0
52.6        1.47061        1.31713         0.4989      -0.519971      0.0184968        2.78517        1.31456       0.980405              0              0
52.8        1.50654        1.20343        0.52712      -0.554194      0.0179801        2.70088        1.19434        1.00436              0              0
53        1.44768        1.18237       0.594255      -0.523537      0.0206543        2.72142        1.27374       0.965123              0              0
53.2        1.48406        1.16098       0.555877      -0.457908      0.0180476        2.76105          1.277       0.989371              0              0
53.4        1.57569        1.08497        0.55387      -0.471228      0.0189008         2.7622        1.18651        1.05046              0              0
53.6        1.50337        1.13326       0.550302      -0.451623      0.0183325        2.75364        1.25027        1.00225              0              0
53.8         1.5518        1.16184         0.5233      -0.462403      0.0183343        2.79287        1.24107        1.03453              0              0
54        1.43166        1.12076       0.690316      -0.466429      0.0193276        2.79563        1.36397       0.954438              0              0
54.2        1.44732         1.1961       0.531626      -0.429581        0.01831        2.76377        1.31645        0.96488              0              0
54.4        1.51312        1.17525       0.580358      -0.462711      0.0178287        2.82385        1.31072        1.00875              0              0
54.6        1.56432        1.27069       0.569719      -0.478477      0.0188111        2.94507        1.38075        1.04288              0              0
54.8        1.56276          1.209       0.589914      -0.471124      0.0189763        2.90953        1.34677        1.04184              0              0
55        1.64813        1.18461       0.586707      -0.533838       0.022081        2.90769        1.25956        1.09876              0              0
55.2        1.57597        1.29987       0.558757      -0.497811      0.0193989        2.95619        1.38022        1.05065              0              0
55.4        1.57706        1.25971       0.607934      -0.455313      0.0193849        3.00877        1.43172        1.05137              0              0
55.6         1.5364        1.17021       0.691889      -0.478523      0.0185322         2.9385         1.4021        1.02427              0              0
55.8        1.58937        1.21144       0.646104      -0.521235      0.0190502        2.94472        1.35536        1.05958              0              0
56        1.53347        1.21656       0.655883      -0.495239      0.0178223         2.9285        1.39502        1.02231              0              0
56.2         1.6159        1.16937       0.617304      -0.519039      0.0195243        2.90307        1.28716        1.07727              0              0
56.4        1.51722        1.20008       0.590659      -0.530738      0.0185891         2.7958        1.27859        1.01148              0              0
56.6        1.57176        1.19619       0.565843      -0.517373      0.0205584        2.83698        1.26522        1.04784              0              0
56.8        1.53698        1.20932        0.53242      -0.533868       0.020414        2.76526        1.22828        1.02465              0              0
57         1.4391        1.14689       0.565881      -0.528255      0.0205759         2.6442        1.20509       0.959402              0              0
57.2        1.51781        1.14225       0.561752      -0.552327       0.019643        2.68913        1.17132        1.01188              0              0
57.4        1.49324        1.08016       0.540707      -0.540611      0.0190295        2.59253        1.09929       0.995493              0              0
57.6        1.38759        1.18254       0.539733      -0.546163      0.0177619        2.58146        1.19387       0.925058              0              0
57.8        1.44316        1.17059       0.532559      -0.535602      0.0190361        2.62974        1.18658       0.962107              0              0
58        1.41828        1.15209       0.582866      -0.557666      0.0194817        2.61505        1.19677       0.945522              0              0
58.2        1.46325        1.15187       0.502134      -0.531821      0.0194011        2.60483        1.14159       0.975497              0              0
58.4        1.44094        1.18222       0.532954      -0.581819       0.019898        2.59419        1.15326       0.960625              0              0
58.6        1.47726        1.15109         0.5239      -0.535038      0.0194257        2.63664        1.15938       0.984838              0              0
58.8        1.52679        1.25359       0.573186      -0.551598      0.0209641        2.82293        1.29614        1.01786              0              0
59        1.56006        1.22065       0.557981      -0.530207      0.0194637        2.82794        1.26789        1.04004              0              0
59.2        1.68553        1.06087       0.552105      -0.537363      0.0195657        2.78071        1.09518        1.12369              0              0
59.4        1.48925        1.23736       0.549469      -0.559512      0.0216118        2.73818        1.24893       0.992834              0              0
59.6        1.47991        1.09248       0.606437      -0.552675      0.0214803        2.64763        1.16772       0.986607              0              0
59.8        1.42119        1.16461       0.595824      -0.515439      0.0188156          2.685        1.26381       0.947461              0              0
60        1.40067        1.18587       0.533129      -0.507911      0.0194419        2.63119        1.23053       0.933779              0              0
60.2        1.56501        1.08887       0.530264      -0.485464      0.0208495        2.71953        1.15452        1.04334              0              0
60.4        1.52071        1.15537       0.616514      -0.558693       0.018502         2.7524        1.23169        1.01381              0              0
60.6        1.61803        1.16377       0.573004      -0.550009      0.0193884        2.82418        1.20615        1.07869              0              0
60.8        1.47878        1.19853       0.680063      -0.559539      0.0219216        2.81976        1.34098       0.985854              0              0
61        1.63411        1.19677       0.559209      -0.599939      0.0190362        2.80919        1.17508        1.08941              0              0
61.2        1.58532        1.18977       0.547911      -0.545649      0.0200188        2.79737        1.21205        1.05688              0              0
61.4        1.66792         1.0977       0.561821      -0.544072      0.0179149        2.80129        1.13337        1.11195              0              0
61.6         1.4978        1.28092       0.524339      -0.593755       0.017446        2.72674        1.22895       0.998531              0              0
61.8        1.48815        1.17438       0.566794      -0.549567      0.0207568        2.70052        1.21237       0.992101              0              0
62        1.53779        1.14945       0.516222      -0.538506      0.0190209        2.68398        1.14618        1.02519              0              0
62.2        1.45439        1.18837       0.553895      -0.614688      0.0205937        2.60256        1.14817       0.969593              0              0
62.4        1.43524        1.23205       0.534298      -0.568727      0.0205682        2.65343        1.21819       0.956827              0              0
62.6        1.47355        1.17435       0.621782      -0.613232      0.0219223        2.67837        1.20482       0.982364              0              0
62.8         1.5073        1.17652       0.525774      -0.569616      0.0195357        2.65952        1.15221        1.00487              0              0
63        1.56465         1.1341       0.483412      -0.590307      0.0214625        2.61332        1.04867         1.0431              0              0
63.2         1.4775        1.15316       0.551617      -0.562756      0.0215725        2.64109        1.16359       0.984998              0              0
63.4        1.48453        1.18113       0.586556       -0.62369      0.0220987        2.65062        1.16609       0.989686              0              0
63.6        1.50956        1.29926       0.555701      -0.665509      0.0213827         2.7204        1.21084        1.00638              0              0
63.8        1.68096        1.24293        0.52526      -0.675236      0.0213976        2.79532        1.11435        1.12064              0              0
64        1.56578        1.27485       0.589457      -0.673276      0.0227895         2.7796        1.21382        1.04385              0              0
64.2        1.56172        1.22113       0.632643      -0.697632      0.0231802        2.74104        1.17932        1.04114              0              0
64.4         1.4976        1.35191       0.554566      -0.689186      0.0232548        2.73814        1.24054       0.998398              0              0
64.6        1.52859         1.2097       0.566691      -0.685648      0.0257404        2.64507        1.11648        1.01906              0              0
64.8        1.45487         1.1381       0.630316      -0.707476       0.023362        2.53917         1.0843       0.969912              0              0
65        1.43309        1.23178       0.559857      -0.678067      0.0222788        2.56895        1.13585       0.955395              0              0
65.2        1.39383         1.3466       0.530879      -0.687128      0.0212425        2.60542        1.21159       0.929217              0              0
65.4        1.45425        1.25057       0.579465      -0.658236      0.0239835        2.65003        1.19578       0.969498              0              0
65.6        1.51204        1.18642       0.497227      -0.629376      0.0210878         2.5874        1.07536        1.00803              0              0
65.8        1.52819        1.22522        0.57856      -0.713305      0.0221667        2.64083        1.11264        1.01879              0              0
66        1.57015        1.18467       0.569648      -0.730708      0.0218077        2.61557        1.04542        1.04677              0              0
66.2        1.59695        1.24659       0.510297      -0.712156      0.0208222        2.66251        1.06555        1.06464              0              0
66.4         1.5338        1.26168       0.538966      -0.669984      0.0230076        2.68747        1.15367        1.02253              0              0
66.6        1.61026        1.20023        0.51499      -0.607117      0.0215327         2.7399        1.12964        1.07351              0              0
66.8        1.59011        1.19747       0.538775      -0.634843      0.0214844          2.713        1.12289        1.06007              0              0
67        1.56557        1.25359        0.59657      -0.696408        0.02049        2.73981        1.17424        1.04371              0              0
67.2        1.60484        1.14509       0.596747      -0.700072      0.0206637        2.66728        1.06243        1.06989              0              0
67.4        1.55239        1.22881        0.57116      -0.669285      0.0218373        2.70492        1.15253        1.03493              0              0
67.6        1.53375        1.24805       0.576347      -0.653891      0.0219441         2.7262        1.19245         1.0225              0              0
67.8        1.52357        1.32133       0.593293      -0.718889      0.0237581        2.74307        1.21949        1.01572              0              0
68        1.69658         1.1732       0.486571      -0.653783      0.0211242        2.72369        1.02711        1.13105              0              0
68.2        1.53318        1.21843       0.518562      -0.642922      0.0208156        2.64807        1.11489        1.02212              0              0
68.4        1.55925        1.11443       0.578167      -0.620775      0.0197177        2.65078        1.09154         1.0395              0              0
68.6        1.59527        1.17878       0.561978      -0.710101      0.0224696        2.64839        1.05312        1.06351              0              0
68.8        1.52778        1.21292       0.546572      -0.718379       0.019376        2.58828        1.06049        1.01852              0              0
69        1.53717        1.26459       0.536662      -0.718543       0.021721        2.64159        1.10443        1.02478              0              0
69.2        1.51273        1.23534        0.58078      -0.717957      0.0212897        2.63218        1.11946        1.00848              0              0
69.4        1.34512        1.21957       0.648288      -0.708771       0.022794          2.527        1.18189       0.896746              0              0
69.6        1.48089        1.19198       0.512448      -0.734575      0.0221785        2.47292       0.992033       0.987261              0              0
69.8        1.40078        1.15567       0.530183      -0.708528      0.0224595        2.40056       0.999782       0.933855              0              0
70        1.40541        1.13049        0.49299        -0.6444      0.0205823        2.40508       0.999667        0.93694              0              0
70.2        1.49136        1.20647       0.492613      -0.700561      0.0205094        2.51039        1.01903       0.994238              0              0
70.4        1.46137        1.25476        0.51217       -0.71097      0.0206866        2.53802        1.07665       0.974246              0              0
70.6        1.56112        1.22327       0.579096      -0.714064      0.0227418        2.67216        1.11104        1.04074              0              0
70.8        1.52793        1.16134       0.621088      -0.661008      0.0216288        2.67098        1.14305        1.01862              0              0
71        1.57699        1.19042       0.533494      -0.624107      0.0219911        2.69878        1.12179        1.05133              0              0
71.2        1.50004        1.19591       0.519444      -0.711187      0.0222958        2.52651        1.02646        1.00003              0              0
71.4        1.55664        1.10794       0.489953      -0.697833      0.0209711        2.47767       0.921029        1.03776              0              0
71.6        1.41996        1.12901       0.552524      -0.684646      0.0224545         2.4393        1.01934       0.946638              0              0
71.8         1.4341        1.21694       0.513644      -0.734339      0.0213843        2.45173        1.01763       0.956066              0              0
72         1.4463        1.10493       0.519175      -0.692183      0.0218164        2.40003       0.953738       0.964197              0              0
72.2        1.33388         1.1846       0.555445      -0.697108      0.0210906        2.39791        1.06403       0.889254              0              0
72.4         1.3699        1.17289       0.575837      -0.708384      0.0219772        2.43222        1.06232       0.913264              0              0
72.6        1.34265        1.16845       0.512852      -0.702455        0.02148        2.34298        1.00032       0.895103              0              0
72.8         1.4099        1.06617       0.550585      -0.694976      0.0205085        2.35219       0.942292       0.939931              0              0
73        1.34094        1.28286       0.526812      -0.732054       0.020591        2.43915        1.09821       0.893963              0              0
73.2        1.46828        1.23156        0.52992      -0.730788      0.0226874        2.52165        1.05337       0.978851              0              0
73.4        1.51409        1.22308       0.564541      -0.679682      0.0239367        2.64596        1.13187        1.00939              0              0
73.6        1.45706        1.30014       0.625029      -0.721716      0.0208437        2.68135         1.2243       0.971372              0              0
73.8        1.48651        1.20084       0.606979      -0.713634      0.0218873        2.60258        1.11608       0.991006              0              0
74        1.56475         1.2071       0.531061      -0.711882       0.021918        2.61295         1.0482        1.04317              0              0
74.2        1.57171        1.20732       0.583132      -0.705145      0.0216024        2.67863        1.10691        1.04781              0              0
74.4        1.49506        1.17177       0.592508      -0.601572      0.0214185        2.67919        1.18412        0.99671              0              0
74.6        1.54763        1.17784       0.570478      -0.654394      0.0190552        2.66061        1.11298        1.03175              0              0
74.8         1.5341        1.23883       0.582065      -0.680383      0.0181514        2.69276        1.15866        1.02274              0              0
75        1.58531        1.24443       0.545357      -0.672486      0.0208566        2.72347        1.13816        1.05687              0              0
75.2        1.54549        1.20396       0.574798      -0.617638      0.0219154        2.72853        1.18304        1.03033              0              0
75.4        1.55256        1.24121       0.473759      -0.651957       0.022487        2.63806         1.0855        1.03504              0              0
75.6        1.48537        1.22608       0.543672      -0.678207       0.021322        2.59823        1.11286       0.990247              0              0
75.8        1.46431        1.20472        0.55021      -0.663456      0.0220583        2.57785        1.11354       0.976208              0              0
76        1.44699        1.25083       0.553474      -0.677183      0.0211893        2.59531        1.14831       0.964663              0              0
76.2        1.51844        1.19285       0.441622      -0.650346      0.0213377        2.52391        1.00546        1.01229              0              0
76.4        1.50316        1.23344       0.471072      -0.668537      0.0202298        2.55936         1.0562         1.0021              0              0
76.6        1.50537        1.23444       0.556418      -0.682352      0.0228246        2.63671        1.13133        1.00358              0              0
76.8         1.5579        1.21427       0.604789      -0.674603      0.0216469        2.72401         1.1661         1.0386              0              0
77        1.54855        1.22363       0.581559      -0.703784      0.0225605        2.67251        1.12396        1.03237              0              0
77.2        1.51428        1.24271       0.613434      -0.697737      0.0214549        2.69414        1.17986        1.00952              0              0
77.4        1.50652         1.2078       0.587167      -0.712643      0.0219012        2.61075        1.10423        1.00435              0              0
77.6        1.60504        1.24421       0.527017      -0.692974      0.0222681        2.70557        1.10052        1.07003              0              0
77.8        1.52016         1.2639       0.579046      -0.618119      0.0217071        2.76669        1.24653        1.01344              0              0
78        1.66925        1.21549       0.566534      -0.705403      0.0223197        2.76818        1.09894        1.11283              0              0
78.2        1.63719        1.29645        0.57488      -0.685162      0.0214114        2.84477        1.20758        1.09146              0              0
78.4        1.68928        1.27325       0.499087       -0.68933      0.0214928        2.79378         1.1045        1.12619              0              0
78.6        1.59881        1.28007       0.648457      -0.652867      0.0213247        2.89579        1.29698        1.06587              0              0
78.8        1.53835         1.3196       0.610965      -0.628599      0.0212779        2.86159        1.32324        1.02557              0              0
79        1.62906        1.31213       0.564149      -0.611573      0.0196825        2.91345        1.28439        1.08604              0              0
79.2        1.69713        1.37977       0.587053      -0.736216      0.0234737        2.95121        1.25408        1.13142              0              0
79.4        1.62001        1.43223       0.516133      -0.637221      0.0213966        2.95255        1.33254        1.08001              0              0
79.6        1.59089         1.3483       0.578785      -0.661112         0.0231        2.87996        1.28907        1.06059              0              0
79.8        1.64162        1.26535       0.543669      -0.680333      0.0208865        2.79119        1.14957        1.09441              0              0
80         1.4922        1.33285       0.565446      -0.675995      0.0216095        2.73611        1.24391       0.994801              0              0
80.2        1.56972        1.24843       0.632445       -0.69244      0.0214012        2.77955        1.20983        1.04648              0              0
80.4        1.57299        1.27486       0.609172      -0.696454      0.0202043        2.78077        1.20778        1.04866              0              0
80.6        1.71123         1.2459       0.546719      -0.735265      0.0216924        2.79027        1.07904        1.14082              0              0
80.8        1.58146        1.23767       0.547749      -0.665502      0.0215965        2.72298        1.14151        1.05431              0              0
81        1.49794         1.2874       0.625306      -0.647951      0.0205593        2.78326        1.28532       0.998625              0              0
81.2        1.63791        1.22426       0.611678       -0.63992      0.0192791        2.85321         1.2153        1.09194              0              0
81.4        1.56034        1.19386       0.608748      -0.602341      0.0196848        2.78029        1.21995        1.04023              0              0
81.6         1.5197        1.19038       0.585547      -0.663764      0.0206971        2.65256        1.13286        1.01313              0              0
81.8         1.4216        1.24806       0.567198      -0.655789      0.0217948        2.60286        1.18126       0.947731              0              0
82        1.56858        1.19887       0.603289      -0.701492      0.0201153        2.68936        1.12078        1.04572              0              0
82.2        1.52134        1.24228       0.590826      -0.689584      0.0214049        2.68627        1.16493        1.01423              0              0
82.4        1.45938        1.26953       0.580286      -0.669397      0.0206259        2.66043        1.20105       0.972921              0              0
82.6        1.60753        1.17832       0.580035       -0.67952      0.0212249        2.70759        1.10006        1.07169              0              0
82.8        1.53056        1.30635       0.528186      -0.687162      0.0214591        2.69939        1.16884        1.02037              0              0
83        1.59948        1.20447       0.536002      -0.665929      0.0214978        2.69553        1.09605        1.06632              0              0
83.2        1.50566        1.20833       0.527665      -0.633581      0.0204044        2.62848        1.12282        1.00378              0              0
83.4        1.49738        1.24477       0.597154      -0.670444       0.022284        2.69115        1.19377       0.998251              0              0
83.6        1.60881        1.23606       0.520714      -0.671889      0.0222356        2.71593        1.10712        1.07254              0              0
83.8        1.65533          1.178       0.598714      -0.673187      0.0214727        2.78033          1.125        1.10355              0              0
84        1.59073        1.15947       0.536271      -0.603158      0.0185819        2.70189        1.11117        1.06048              0              0
84.2        1.53878        1.18404       0.615038      -0.711774       0.020041        2.64612        1.10735        1.02585              0              0
84.4        1.50094        1.16073       0.563121      -0.664227      0.0194214        2.57999        1.07905        1.00063              0              0
84.6        1.48679        1.23257        0.54275       -0.64561      0.0198991        2.63639        1.14961       0.991191              0              0
84.8        1.58944        1.23909       0.585278      -0.693044      0.0181813        2.73894        1.14951        1.05962              0              0
85         1.5676        1.18081       0.533748      -0.655717      0.0192451        2.64569        1.07809        1.04507              0              0
85.2        1.49645         1.1625       0.601515      -0.668756      0.0196633        2.61138        1.11492       0.997636              0              0
85.4        1.52231        1.15364       0.550603      -0.654451      0.0220356        2.59413        1.07183        1.01487              0              0
85.6        1.54642        1.12989       0.580082      -0.655383      0.0211087        2.62212         1.0757        1.03095              0              0
85.8        1.50439        1.30486       0.509839      -0.679938       0.022686        2.66183        1.15745        1.00292              0              0
86        1.50408        1.26853       0.590227      -0.702358      0.0222981        2.68278        1.17869        1.00272              0              0
86.2        1.50994        1.22792       0.499861      -0.614532      0.0190354        2.64223        1.13229        1.00663              0              0
86.4        1.53221        1.19437       0.571019      -0.730397      0.0209564        2.58815        1.05595        1.02147              0              0
86.6        1.51949        1.18291       0.527578       -0.61608      0.0202974         2.6342        1.11471        1.01299              0              0
86.8         1.5208        1.21348       0.584212      -0.679366      0.0195601        2.65869        1.13789        1.01387              0              0
87        1.43947        1.21858        0.55959      -0.628853      0.0181273        2.60692        1.16745       0.959645              0              0
87.2        1.58582        1.20782       0.497457      -0.675968      0.0191555        2.63429        1.04847        1.05721              0              0
87.4        1.55125        1.20142       0.508388      -0.639789      0.0194393         2.6407        1.08945        1.03417              0              0
87.6        1.48115         1.3301       0.574983      -0.697287      0.0195153        2.70846        1.22731       0.987435              0              0
87.8         1.6305        1.20291       0.493517      -0.665524      0.0200823        2.68149        1.05099          1.087              0              0
88        1.47733        1.26514       0.539153      -0.648605      0.0198441        2.65286        1.17553       0.984884              0              0
88.2        1.50063        1.20633       0.575565      -0.639433      0.0201369        2.66323         1.1626        1.00042              0              0
88.4        1.52698        1.20754       0.560607      -0.679771      0.0201383         2.6355        1.10852        1.01799              0              0
88.6         1.4957        1.19781       0.575562      -0.683709      0.0218898        2.60726        1.11155       0.997136              0              0
88.8        1.49324         1.2082       0.547798      -0.611875      0.0220796        2.65945        1.16621       0.995495              0              0
89        1.48037        1.22922       0.567896      -0.654536      0.0213599        2.64431        1.16394       0.986912              0              0
89.2        1.52321        1.24843        0.61289      -0.707362      0.0222113        2.69938        1.17616        1.01548              0              0
89.4        1.57728        1.17233       0.586874      -0.667269      0.0208432        2.69006        1.11278        1.05152              0              0
89.6        1.50589        1.26195        0.54955      -0.683496      0.0212488        2.65514        1.14925        1.00393              0              0
89.8        1.44308        1.19135       0.529083      -0.635114      0.0208651        2.54927        1.10618       0.962055              0              0
90        1.45174         1.1704       0.567452      -0.671194       0.021026        2.53943        1.08768       0.967829              0              0
90.2        1.41431        1.23399       0.573842      -0.647773       0.022263        2.59663        1.18232        0.94287              0              0
90.4        1.45433        1.17019       0.472287      -0.582989      0.0195285        2.53335        1.07901       0.969554              0              0
90.6        1.45708        1.17013       0.519673      -0.647071      0.0224735        2.52229        1.06521       0.971387              0              0
90.8        1.46381        1.15567       0.495227      -0.627978      0.0212843        2.50801         1.0442       0.975874              0              0
91        1.48082        1.22618       0.530789      -0.655121      0.0208916        2.60355        1.12274       0.987211              0              0
91.2         1.4767        1.15256       0.572788      -0.659649      0.0193207        2.56172        1.08502       0.984466              0              0
91.4        1.54349        1.15853       0.570954      -0.694962      0.0209451        2.59895        1.05546        1.02899              0              0
91.6        1.57561        1.12245       0.543141      -0.636501      0.0213305        2.62603        1.05042        1.05041              0              0
91.8        1.45337        1.28886       0.609146      -0.712621      0.0227541        2.66151        1.20814       0.968914              0              0
92        1.51144          1.267       0.604259      -0.647547      0.0199547         2.7551        1.24367        1.00763              0              0
92.2        1.62244        1.21269       0.612791       -0.67104      0.0219528        2.79883        1.17639        1.08163              0              0
92.4        1.52813        1.18888       0.593354      -0.642446      0.0204973        2.68841        1.16028        1.01875              0              0
92.6        1.59854        1.17858       0.590451      -0.679244      0.0214982        2.70982        1.11128        1.06569              0              0
92.8        1.62044        1.19787       0.591393      -0.670214      0.0225774        2.76206        1.14162        1.08029              0              0
93         1.5287        1.22644       0.595415      -0.725726      0.0210234        2.64586        1.11716        1.01913              0              0
93.2         1.4626        1.30662       0.541788      -0.728688      0.0239306        2.60624        1.14365       0.975064              0              0
93.4        1.48036        1.23724       0.500265      -0.657201      0.0222552        2.58292        1.10256       0.986904              0              0
93.6        1.45044        1.15331       0.540716      -0.677741      0.0221957        2.48891        1.03848       0.966958              0              0
93.8        1.32589        1.25038       0.495169      -0.707966      0.0201301         2.3836        1.05771       0.883925              0              0
94        1.34342        1.16825       0.534307      -0.700121       0.022263        2.36811         1.0247       0.895611              0              0
94.2        1.38283        1.20091       0.496531      -0.678065      0.0225934         2.4248        1.04197       0.921887              0              0
94.4        1.43057        1.18338        0.52375      -0.694513      0.0230395        2.46622        1.03565       0.953714              0              0
94.6        1.47291        1.17542       0.518078      -0.702184       0.020272        2.48449        1.01158       0.981937              0              0
94.8        1.47296        1.20039       0.527634      -0.692082      0.0222982         2.5312        1.05824       0.981972              0              0
95        1.48889        1.22905       0.540968       -0.73256      0.0234158        2.54977        1.06088       0.992592              0              0
95.2          1.536        1.20642       0.485883      -0.718892      0.0217908         2.5312       0.995199          1.024              0              0
95.4        1.53799        1.12285       0.545956      -0.671625      0.0236941        2.55887        1.02088        1.02533              0              0
95.6        1.49119        1.26519       0.578593      -0.739706      0.0234143        2.61868        1.12749       0.994125              0              0
95.8        1.49218        1.22685       0.545381       -0.70356      0.0229611        2.58381        1.09163       0.994788              0              0
96        1.67705        1.15302       0.551755      -0.711794      0.0216394        2.69167        1.01462        1.11803              0              0
96.2        1.50985         1.2312       0.545565      -0.662056       0.019432        2.64398        1.13414        1.00656              0              0
96.4        1.49694        1.23085       0.580365      -0.699763       0.019778        2.62817        1.13123       0.997961              0              0
96.6        1.49023        1.35911       0.533976      -0.732841      0.0181749        2.66866        1.17842       0.993489              0              0
96.8        1.57871        1.21061       0.613705      -0.707273      0.0198474         2.7156        1.13689        1.05248              0              0
97        1.58848        1.27809       0.483409      -0.692671      0.0198057        2.67711        1.08864        1.05899              0              0
97.2        1.50576        1.24605       0.527108      -0.644852      0.0212511        2.65532        1.14956        1.00384              0              0
97.4        1.55114        1.14557       0.561559      -0.674762      0.0208132        2.60432        1.05318        1.03409              0              0
97.6         1.5304        1.24698       0.547457      -0.715322      0.0202589        2.62978        1.09938        1.02027              0              0
97.8        1.63175        1.18681       0.527455      -0.723456      0.0229397         2.6455        1.01375        1.08783              0              0
98        1.50498        1.29624       0.556399      -0.706878      0.0210262        2.67177        1.16679        1.00332              0              0
98.2        1.52225        1.24243        0.58667      -0.713948      0.0216607        2.65906        1.13681        1.01483              0              0
98.4        1.56082        1.16704       0.586031      -0.741685      0.0235392        2.59575        1.03493        1.04055              0              0
98.6        1.41059        1.29692       0.575548      -0.758593      0.0222726        2.54675        1.13615       0.940396              0              0
98.8        1.48294        1.18858       0.635657      -0.743364      0.0230798        2.58689        1.10395       0.988628              0              0
99        1.55165        1.19009       0.574024      -0.685588      0.0210229         2.6512        1.09955        1.03443              0              0
99.2        1.57852        1.24935       0.538634      -0.676535      0.0214951        2.71146        1.13294        1.05234              0              0
99.4        1.51044        1.22775       0.581582      -0.703228      0.0209905        2.63753        1.12709        1.00696              0              0
99.6         1.4765         1.2492       0.661508      -0.702719      0.0225504        2.70703        1.23054       0.984332              0              0
99.8         1.5969        1.18342       0.543945      -0.656137      0.0209568        2.68909        1.09219         1.0646              0              0
