time        kinetic     stretching        bending             LJ electrostatics          total      potential    temperature
0        1.51328        1.24875    1.89883e-05              0       0.398113        3.16015        1.64688        1.00885   -1.80059e-05    1.80917e-05
0.2        1.62504       0.344052       0.308856              0       0.437375        3.15896        1.09028        1.08336       0.439894     0.00373951
0.4        1.47798        0.43144       0.203135              0       0.443889        3.15872        1.07846       0.985323       0.598911     0.00336615
0.6         1.4348       0.594802       0.106367              0         0.4467        3.15863        1.14787       0.956531       0.568101     0.00785959
0.8        1.54436       0.434905       0.247397              0       0.457409         3.1588        1.13971        1.02957       0.471511     0.00322518
1         1.4783       0.480909       0.176315   -0.000624309       0.445874        3.15878        1.10247       0.985536       0.569694     0.00830554
1.2        1.43033       0.479566       0.214106   -0.000365433       0.455451        3.15908        1.14876       0.953553       0.575482     0.00451102
1.4        1.44458       0.447286       0.298322   -3.30141e-05       0.470336        3.15919        1.21591       0.963055       0.495709     0.00298444
1.6        1.62035       0.435656       0.192798              0       0.472187        3.15866        1.10064        1.08023       0.436349     0.00131617
1.8        1.47651       0.467226       0.186926              0       0.461431        3.15883        1.11558       0.984343        0.55049      0.0162406
2        1.54518       0.370495       0.216116              0       0.455383        3.15815        1.04199        1.03012       0.563885     0.00709166
2.2        1.52462       0.502907       0.183989              0       0.437139        3.15863        1.12404        1.01641       0.504053      0.0059191
2.4        1.53248       0.419141        0.22538              0       0.434269        3.15868        1.07879        1.02165       0.542113     0.00530356
2.6        1.44662       0.403661       0.242261              0        0.45664        3.15882        1.10256       0.964413       0.593627      0.0160064
2.8        1.53516        0.46666       0.150875     -0.0276077        0.46701        3.15844        1.05694        1.02344       0.547908      0.0184353
3        1.47158       0.502342       0.254814     -0.0477577       0.481508        3.15886        1.19091       0.981053       0.491542     0.00483113
3.2        1.51383        0.51696       0.270272    -0.00580705       0.500147        3.15931        1.28157        1.00922       0.346433      0.0174787
3.4        1.48553       0.546718       0.195764       -0.06917       0.486949        3.15881        1.16026       0.990356       0.502945      0.0100703
3.6        1.35708       0.539229       0.320902     -0.0153478       0.474784        3.15928        1.31957       0.904717       0.473016     0.00962467
3.8        1.52269       0.561037       0.252142    -0.00145824        0.46076        3.15834        1.27248        1.01513       0.356032     0.00713241
4        1.60183       0.587186       0.286483              0       0.455842        3.15886        1.32951        1.06788       0.223158     0.00436542
4.2        1.51348       0.616265       0.253578   -0.000365659       0.450915        3.15858        1.32039        1.00899       0.316798      0.0079037
4.4        1.47303       0.621946       0.224654    -2.6834e-06        0.45971        3.15832        1.30631       0.982018       0.372559     0.00642201
4.6        1.54132       0.606234       0.302761   -0.000407535       0.471364        3.15878        1.37995        1.02755       0.233541     0.00396299
4.8        1.46007       0.600468       0.320959      -0.031451       0.502007        3.15896        1.39198       0.973377       0.296189      0.0107264
5         1.5281       0.678512       0.363177     -0.0250392       0.503421        3.15917        1.52007        1.01873      0.0981066      0.0128892
5.2         1.3799        0.64628       0.378254   -0.000387476       0.496332        3.15813        1.52048       0.919933       0.254722     0.00303277
5.4        1.44076       0.808805        0.29289   -0.000127912       0.494456        3.15883        1.59602       0.960507       0.118916     0.00312937
5.6        1.52656       0.728493       0.399851     -0.0265247       0.502318        3.15877        1.60414        1.01771      0.0262812     0.00179467
5.8        1.45528       0.796253       0.459341    -0.00929484       0.498826        3.15977        1.74513       0.970186      -0.042952     0.00231555
6        1.51487       0.809539       0.350299    -0.00248759        0.47497        3.15862        1.63232        1.00991    0.000838068      0.0105902
6.2         1.5784       0.727122       0.350102     0.00157338       0.470365         3.1585        1.54916        1.05227      0.0281674     0.00276785
6.4        1.46516       0.753863       0.450146     0.00142933       0.467779        3.15854        1.67322       0.976774      0.0145211     0.00564133
6.6        1.40434       0.866286       0.377559     0.00663595       0.468904         3.1591        1.71938       0.936227      0.0189383      0.0164351
6.8        1.41076       0.909624       0.506699     -0.0149971       0.477204        3.15941        1.87853       0.940506      -0.149647      0.0197713
7        1.51794       0.872921       0.371705     -0.0010874       0.470774        3.15897        1.71431        1.01196     -0.0760887     0.00280628
7.2        1.48516        1.04355       0.379932    -0.00807087       0.468155        3.15944        1.88357       0.990108       -0.22552      0.0162307
7.4        1.59855       0.846733       0.412997    -0.00291906       0.467114         3.1588        1.72393         1.0657      -0.169808     0.00613038
7.6        1.39083        1.00166       0.360866    -0.00137992       0.469157        3.15915         1.8303       0.927221     -0.0645223     0.00253921
7.8        1.59436       0.973846       0.394588    4.83742e-06       0.470554        3.15955        1.83899        1.06291      -0.276281     0.00247765
8        1.40719       0.898669       0.533312              0       0.468806        3.15975        1.90079       0.938129      -0.152864      0.0046302
8.2        1.46468       0.998015        0.37687       0.004405       0.463837        3.15921        1.84313       0.976455      -0.149057    0.000455761
8.4        1.48762       0.974601       0.420903   -9.97991e-05       0.475933        3.15907        1.87134       0.991745      -0.203729     0.00384156
8.6        1.53969        0.93144       0.423486     -0.0474884       0.477293         3.1597        1.78473        1.02646      -0.169874     0.00515009
8.8        1.49629        1.01461        0.36986     -0.0670502         0.4777        3.15933        1.79512       0.997526      -0.133749     0.00167088
9        1.47984        1.07341       0.434964     -0.0271625       0.486401        3.16019        1.96761       0.986563      -0.307419      0.0201543
9.2        1.54077        1.05017       0.429146     -0.0160155       0.486452        3.16033        1.94975        1.02718      -0.336771     0.00658048
9.4        1.45776        1.01634       0.502039     -0.0487148        0.47461        3.16051        1.94427       0.971837      -0.250115     0.00859227
9.6        1.46092        0.95337       0.412867     -0.0319682       0.462487        3.15835        1.79676       0.973948      -0.122625      0.0232942
9.8        1.57115        1.03242       0.412368     -0.0283173       0.464716        3.15989        1.88119        1.04744      -0.299536     0.00708428
10        1.48922       0.949449       0.453102     -0.0153742       0.463337        3.15907        1.85051       0.992816      -0.190083     0.00941908
10.2        1.39711        1.00205       0.404921   -0.000101146       0.456202        3.15845        1.86307       0.931404      -0.114739      0.0130101
10.4        1.47221       0.984389       0.470305              0        0.45756        3.15879        1.91226       0.981474      -0.232032     0.00635853
10.6        1.48876       0.927174       0.447612    -0.00119596       0.454883        3.15882        1.82847       0.992504       -0.16368     0.00527402
10.8        1.45261        1.03865       0.452263   -0.000202371       0.462406         3.1588        1.95311       0.968409      -0.256678     0.00975477
11        1.48458       0.946036       0.449603              0       0.468387         3.1587        1.86403       0.989721      -0.207322      0.0174103
11.2        1.36111       0.996789        0.48039              0       0.469035        3.15944        1.94621        0.90741      -0.152307     0.00441658
11.4        1.58041       0.948352        0.48152   -1.65577e-05       0.472301        3.15912        1.90216        1.05361      -0.330793     0.00733984
11.6        1.48939        1.06491       0.534618    -0.00313833       0.482098        3.16082        2.07848       0.992928       -0.41714       0.010079
11.8        1.49614        1.05805       0.442912   -0.000153041       0.487161        3.15963        1.98797       0.997427      -0.326893     0.00241155
12         1.5322        0.95583       0.524829              0       0.496685        3.15939        1.97734        1.02147      -0.354486     0.00432799
12.2        1.70233        1.06371       0.459869     0.00326444       0.494054        3.15996         2.0209        1.13489      -0.570465      0.0071932
12.4        1.53913        1.10639       0.451711    0.000175101       0.494098        3.16063        2.05238        1.02609      -0.441016      0.0101341
12.6        1.50418       0.908413        0.56051    3.75511e-06        0.48914        3.15933        1.95807        1.00279      -0.303822    0.000900146
12.8        1.61916        1.01834       0.460619    -0.00135821       0.492318        3.15947        1.96992        1.07944      -0.434644     0.00502857
13        1.57855        1.02233        0.41601    -0.00402149       0.488237        3.15881        1.92256        1.05237      -0.349245     0.00695197
13.2        1.58411       0.935504       0.495747      -0.021512        0.48199        3.15911        1.89173        1.05607      -0.334069      0.0173385
13.4        1.46343       0.882051       0.475832    -0.00457356       0.477741        3.15842        1.83105       0.975619      -0.138961     0.00290307
13.6        1.43136       0.980055       0.473062    -0.00635217       0.469545        3.15945        1.91631       0.954243      -0.197636      0.0094176
13.8        1.45134        0.92865       0.506405    -0.00296334       0.464331        3.15938        1.89642       0.967563      -0.191107     0.00271801
14        1.46938        1.00708       0.468051    -0.00149538       0.464883        3.15919        1.93852       0.979589      -0.260027      0.0113117
14.2        1.51519        1.02057       0.451817   -0.000974704       0.453389        3.15942         1.9248        1.01013      -0.286168     0.00559416
14.4        1.51771        1.02312       0.467382   -4.19779e-05       0.457782        3.15937        1.94824        1.01181      -0.312221      0.0056392
14.6        1.49265       0.981298       0.441473              0       0.452496        3.15879        1.87527       0.995102      -0.224084      0.0149522
14.8        1.40117        1.02184       0.511792              0       0.453154        3.15958        1.98678       0.934112      -0.231419     0.00304518
15        1.49893       0.963122         0.4686    -0.00471638       0.454346        3.15896        1.88135       0.999286      -0.230341     0.00902486
15.2        1.57162        1.01918       0.438199     0.00199914       0.453983        3.15892        1.91336        1.04775      -0.326951    0.000884839
15.4        1.49879        1.02234       0.528463   -3.02197e-05       0.458557        3.15982        2.00933       0.999196      -0.357598     0.00930125
15.6        1.58123        1.04056       0.467232    -0.00735817       0.452974        3.15904         1.9534        1.05415      -0.378749     0.00316193
15.8        1.56019       0.937491       0.462869    -0.00802594        0.46779        3.15887        1.86013        1.04013      -0.267649     0.00620406
16        1.49784        1.05844       0.499651     -0.0303554       0.472889        3.15967        2.00062       0.998559      -0.347157     0.00836392
16.2        1.58388        1.00919       0.523235     -0.0146715       0.482941        3.15983        2.00069        1.05592      -0.450006      0.0252614
16.4        1.59139        1.06821       0.457366    -0.00640943       0.477303        3.15968        1.99647        1.06093      -0.434329     0.00614351
16.6        1.48653        1.10687       0.391317   -0.000699591       0.476408        3.15947        1.97389       0.991022      -0.303547      0.0025927
16.8        1.39574        1.02299        0.46965    -0.00232745       0.479396        3.15881        1.96971       0.930495      -0.219196      0.0125544
17        1.42595       0.995023       0.524535     0.00800874       0.481342        3.15962        2.00891       0.950633      -0.277196     0.00196052
17.2        1.50592        1.06435       0.452617    -0.00139979       0.478165        3.15912        1.99373        1.00394       -0.34542     0.00488622
17.4         1.5287        1.09596       0.433091    -0.00400389       0.470523        3.15943        1.99557        1.01913      -0.369751     0.00491089
17.6        1.44357        1.04241       0.560322     -0.0109487       0.470828        3.15979        2.06261       0.962377      -0.351753     0.00536803
17.8        1.43348        1.03906       0.444789     -0.0126063       0.471654        3.15893         1.9429       0.955652      -0.224067     0.00661636
18        1.43438       0.998026       0.453505    -0.00415287       0.476924        3.15866         1.9243       0.956253      -0.206159     0.00613538
18.2        1.40167        1.09403       0.518087   -0.000590529       0.473802         3.1598        2.08533       0.934448      -0.331998     0.00479757
18.4          1.474         1.1514       0.488637     -0.0136626       0.468264        3.15993        2.09464       0.982668      -0.413455     0.00474417
18.6        1.44941        1.03819       0.558602     -0.0102684       0.466705        3.15941        2.05323       0.966272      -0.348206     0.00497614
18.8        1.46198        1.02401       0.558716    -0.00182277       0.471632        3.15982        2.05253       0.974652      -0.359374     0.00467989
19        1.40766         1.0933       0.512175    -0.00240735       0.471945        3.15922        2.07502       0.938442      -0.333259     0.00980163
19.2        1.49901        1.04042       0.533594     -0.0036868       0.477271        3.15949         2.0476       0.999337      -0.395821      0.0087021
19.4        1.36561        1.08385       0.515863     -0.0131841       0.478395        3.15946        2.06492       0.910405      -0.276592     0.00551898
19.6        1.40934        1.14153       0.489818     -0.0127075       0.473733         3.1599        2.09237        0.93956      -0.344663     0.00285011
19.8        1.42948        1.06277       0.534141     -0.0158714       0.478762        3.15895         2.0598       0.952988      -0.348244      0.0179085
20        1.50143        1.05626       0.455605     -0.0119381       0.479827        3.15864        1.97976        1.00096      -0.326688     0.00413609
20.2        1.55914        1.10284       0.494224    -0.00182268       0.478628        3.15915        2.07387        1.03943      -0.476152     0.00228631
20.4        1.55939        1.07814       0.542989    -0.00199672       0.484622        3.15955        2.10375        1.03959      -0.513679      0.0100868
20.6        1.51094        1.14614       0.445931    -0.00935115        0.47963        3.15897        2.06235        1.00729      -0.421101     0.00678591
20.8        1.51574        1.14284       0.508626    -0.00207212       0.485031        3.16001        2.13442        1.01049      -0.493366     0.00321464
21        1.63823        1.12277       0.490019              0       0.490385         3.1586        2.10317        1.09215      -0.589208     0.00641335
21.2         1.5778        1.15983       0.499075              0       0.485545        3.15959        2.14445        1.05186       -0.56606     0.00340693
21.4        1.61584        1.21366       0.556689              0       0.486825        3.16089        2.25717        1.07722      -0.715515     0.00339401
21.6        1.43794        1.02275       0.464993    4.76041e-07       0.473552        3.15791        1.96129        0.95863      -0.241919    0.000590072
21.8        1.44945       0.986841       0.528794   -8.13412e-05        0.46638        3.15845        1.98193       0.966303      -0.279587     0.00664917
22         1.4342       0.962639       0.540441     -0.0099238       0.460819        3.15851        1.95398       0.956135      -0.230921     0.00124949
22.2        1.49708       0.988275        0.56389    -0.00166376       0.455512        3.15892        2.00601       0.998052       -0.35379     0.00962159
22.4         1.4502          1.114       0.488926   -0.000272133       0.457139        3.15934         2.0598       0.966798      -0.360174      0.0095165
22.6        1.45609        1.05376       0.538444   -0.000233317        0.46169        3.15911        2.05366       0.970725      -0.358379     0.00774323
22.8        1.49024        0.96347       0.482522    -0.00147581       0.463862         3.1574        1.90838       0.993496      -0.248231     0.00700707
23        1.45116        1.05493       0.437636    -0.00012626       0.468165        3.15826         1.9606       0.967438      -0.259575     0.00607509
23.2        1.49463        1.04988       0.538742    0.000654562       0.473785        3.15836        2.06306       0.996418      -0.418535       0.019208
23.4          1.482        1.14328       0.531515              0       0.472384        3.15959        2.14718       0.987997      -0.471215     0.00163346
23.6        1.53123        1.07756       0.534443              0       0.478392        3.15907         2.0904        1.02082      -0.470232     0.00767867
23.8         1.5238        1.16108       0.496252   -4.75297e-05       0.472085        3.15924        2.12937        1.01587      -0.508111      0.0141748
24         1.4968        1.16807       0.487136   -0.000525411       0.477499        3.15952        2.13218       0.997869      -0.476585     0.00711443
24.2         1.4943        1.06238       0.508884   -0.000685223       0.474848        3.15865        2.04543       0.996202      -0.384707      0.0036241
24.4        1.45873        1.08829       0.496898    -0.00282194       0.476117        3.15869        2.05849       0.972488      -0.361406     0.00287795
24.6        1.48182        1.18067       0.533312      -0.018754       0.470534        3.15945        2.16576       0.987878      -0.490741     0.00261059
24.8        1.56107        1.09806       0.555834    -0.00871118       0.469096        3.15914        2.11428        1.04071      -0.518315     0.00210518
25        1.58179        1.06324       0.504338    -0.00285821       0.466475        3.15829        2.03119        1.05453      -0.456436     0.00173853
25.2        1.53357        1.11986       0.442912    -0.00334029        0.46012        3.15871        2.01955        1.02238       -0.39789     0.00348425
25.4        1.51432         1.0011       0.526418    -0.00693928       0.453136        3.15794        1.97372        1.00955      -0.335728     0.00562764
25.6        1.49221          1.084       0.513478     -0.0169763       0.455199        3.15853         2.0357       0.994808      -0.379948      0.0105686
25.8        1.50866        1.14443       0.493948     -0.0194831       0.451849        3.15935        2.07074        1.00577      -0.421738      0.0016791
26        1.51924        1.10203       0.556446    -0.00284602       0.453028        3.15929        2.10866        1.01283      -0.473606     0.00499601
26.2        1.42612        1.07367       0.540227   -0.000411266       0.456884        3.15906        2.07037       0.950744      -0.343363     0.00593164
26.4         1.4446        1.13618       0.507418    -0.00033125       0.456766        3.15958        2.10003       0.963068      -0.386184     0.00112902
26.6        1.45644        1.03908       0.602564    -0.00153214       0.465785        3.15951         2.1059       0.970963      -0.412612     0.00978059
26.8        1.58584        1.07685       0.461743    0.000765974       0.464232         3.1584        2.00359        1.05722      -0.434437     0.00341121
27        1.46192        1.09501        0.48847   -8.67852e-05       0.469494        3.15841        2.05289       0.974615       -0.35889     0.00248124
27.2        1.58988        1.02007       0.519072     9.6446e-06       0.466786        3.15811        2.00593        1.05992      -0.449939      0.0122434
27.4        1.50091        1.09541       0.552045              0       0.467461        3.15896        2.11491        1.00061      -0.467541      0.0106803
27.6         1.4583        1.11064       0.561793              0       0.467863        3.15938        2.14029         0.9722      -0.443298     0.00408224
27.8        1.54208        1.08311       0.470741              0       0.469203        3.15823        2.02305        1.02805      -0.411537     0.00463534
28        1.52084         1.0831       0.482028              0       0.464942        3.15827        2.03008        1.01389      -0.397815     0.00516824
28.2        1.57666        1.19258       0.569984              0       0.467225        3.15981        2.22979         1.0511      -0.649556      0.0029188
28.4        1.50502         1.2249       0.473097   -1.20447e-05       0.464402        3.15936        2.16238        1.00335      -0.510464     0.00241866
28.6        1.53574        1.09093        0.54317   -0.000269393       0.467769        3.15904         2.1016        1.02383      -0.479553     0.00124704
28.8        1.41792        1.11656       0.568388    -0.00160411       0.465813        3.15919        2.14916       0.945277      -0.409942     0.00206045
29        1.54867        1.13357       0.464982   -4.39246e-05       0.465961        3.15905        2.06447        1.03245      -0.456641     0.00255959
29.2        1.55639        1.15049       0.563423    -0.00120463       0.465404        3.15945        2.17811         1.0376      -0.586609      0.0115502
29.4         1.5245        1.18158        0.52835     -0.0116202        0.46828        3.16001        2.16659        1.01633      -0.537234      0.0061559
29.6        1.52197         1.0933       0.518192     -0.0270779       0.467433        3.15903        2.05185        1.01465      -0.429428       0.014635
29.8        1.53084        1.09186       0.511181     -0.0305004       0.471583        3.15876        2.04412        1.02056      -0.421937     0.00572755
30        1.48147        1.07304       0.541221      -0.016236       0.472156        3.15861        2.07018       0.987648      -0.393735     0.00068844
30.2        1.38968        1.08218       0.577914        -0.0248       0.478543        3.16026        2.11383       0.926454      -0.349536     0.00627916
30.4        1.46771        1.04942         0.5301     -0.0293283       0.483065        3.15877        2.03325       0.978477      -0.343288     0.00109559
30.6        1.49165        1.03955       0.523682     -0.0503535       0.497466        3.15914        2.01034       0.994435        -0.3453      0.0024442
30.8        1.47236        1.13016       0.460235     -0.0745168       0.502279        3.15876        2.01816       0.981576      -0.335105     0.00334014
31        1.52239        1.08307       0.525578     -0.0755611       0.504379        3.15926        2.03746        1.01492      -0.404817     0.00422859
31.2        1.51784        1.13904       0.467126     -0.0613057       0.499383        3.15923        2.04424        1.01189       -0.41085     0.00800625
31.4        1.51162        1.09439       0.551556      -0.063775       0.498205        3.15945        2.08037        1.00775      -0.438729     0.00619079
31.6        1.52896        1.18366       0.541463     -0.0652454       0.500118        3.16008           2.16        1.01931      -0.532898     0.00402118
31.8        1.38647        1.12341       0.568486     -0.0862766       0.509315        3.15914        2.11493       0.924313      -0.355207      0.0129496
32        1.45046        1.19835       0.500152     -0.0694564       0.498928        3.15932        2.12798       0.966971      -0.421798     0.00267898
32.2        1.46224        1.04258       0.514396     -0.0680308       0.495552        3.15847        1.98449       0.974825      -0.292551     0.00429233
32.4         1.6524        1.10207       0.532413     -0.0836055       0.514512        3.15926        2.06539         1.1016      -0.560073     0.00154224
32.6        1.51348        1.09817        0.59151     -0.0925883       0.512655        3.15967        2.10975        1.00898      -0.474157      0.0106037
32.8        1.50097        1.18215       0.485721     -0.0938882          0.512        3.15979        2.08599        1.00065      -0.430296     0.00312783
33        1.51519        1.05853       0.567652       -0.06015       0.508045        3.15882        2.07407        1.01013      -0.436444     0.00599827
33.2        1.63209        1.20273       0.568122     -0.0822175       0.506519        3.16007        2.19516        1.08806      -0.671258     0.00408074
33.4           1.51        1.22851       0.581925     -0.0756201       0.499918        3.16019        2.23473        1.00667      -0.589315     0.00477676
33.6        1.40984        1.21423       0.539941     -0.0746019       0.492858        3.15995        2.17243       0.939897      -0.432783      0.0104596
33.8        1.49333        1.16095       0.512841     -0.0740893       0.496765         3.1596        2.09647       0.995551      -0.442759      0.0125606
34        1.49508        1.15669       0.549125     -0.0931939       0.506946        3.15974        2.11956        0.99672      -0.460546      0.0056397
34.2        1.51439        1.17691       0.538053      -0.109209       0.498546        3.15941         2.1043         1.0096      -0.461406     0.00212976
34.4        1.46861        1.21642       0.508506     -0.0813404       0.496899        3.15979        2.14049       0.979074      -0.454627      0.0053208
34.6        1.61117        1.05219       0.519485     -0.0783987       0.492138        3.15852        1.98541        1.07411      -0.442599     0.00453405
34.8         1.3098        1.22328       0.528955     -0.0650782       0.482075        3.15991        2.16923       0.873202      -0.320383     0.00125259
35        1.46394        1.12504       0.544975     -0.0720084       0.486436         3.1594        2.08444       0.975961      -0.394349      0.0053707
35.2        1.38866        1.19766       0.454563     -0.0553878       0.483727        3.15912        2.08056       0.925776      -0.316455     0.00634337
35.4        1.41882         1.1336       0.593828     -0.0645485        0.48806        3.16002        2.15094       0.945878       -0.41543     0.00569483
35.6        1.45932        1.11417       0.521646     -0.0836585       0.482764        3.15881        2.03492       0.972879       -0.33886     0.00343153
35.8        1.39489        1.10356       0.488964     -0.0922179       0.490259        3.15885        1.99056       0.929925      -0.232695     0.00609357
36         1.5068        1.10358       0.545251      -0.098483       0.482208        3.15894        2.03255        1.00453       -0.38555     0.00514299
36.2        1.52563        1.18658       0.479815     -0.0893576       0.483621        3.15946        2.06066        1.01709      -0.434817     0.00798027
36.4        1.37604        1.12761       0.573742     -0.0792229       0.478421        3.15933        2.10055       0.917358      -0.317706    0.000455768
36.6        1.50102        1.09631       0.501677     -0.0832417       0.480938        3.15891        1.99568        1.00068      -0.342665     0.00487022
36.8        1.46698        1.19456       0.466198      -0.124119       0.486225        3.15934        2.02286       0.977989      -0.339296     0.00879519
37        1.49017        1.03636        0.54928     -0.0914057       0.497324        3.15883        1.99156       0.993447      -0.335045      0.0121399
37.2        1.46414        1.13968       0.470862     -0.0984477       0.495542        3.15914        2.00763       0.976096      -0.315504     0.00287052
37.4        1.42195        1.13193        0.51018        -0.1018       0.497726        3.15938        2.03804       0.947966      -0.304033     0.00342032
37.6        1.46414        1.00205        0.52638     -0.0885035        0.49458        3.15811        1.93451       0.976094       -0.24289      0.0023574
37.8        1.57704        1.09929       0.564381     -0.0865114       0.487625        3.15892        2.06478        1.05136      -0.489858     0.00695133
38        1.55401        1.11059        0.53921      -0.058357       0.482223         3.1591        2.07367        1.03601      -0.474155     0.00557297
38.2        1.47297        1.09298       0.515751     -0.0817968       0.481769        3.15844         2.0087       0.981982      -0.325454     0.00221703
38.4        1.44471        1.17626       0.542773     -0.0809574       0.478492        3.15945        2.11656       0.963143      -0.405127     0.00330029
38.6         1.5825        1.10282       0.518857     -0.0638324       0.476874        3.15858        2.03472          1.055       -0.46852      0.0098811
38.8        1.58384        1.17431       0.510284     -0.0817791       0.473221        3.15953        2.07604        1.05589      -0.502123     0.00177904
39        1.54771         1.1891       0.529718     -0.0907979       0.476905        3.15957        2.10493        1.03181       -0.49775     0.00467992
39.2        1.51145         1.1603        0.60692     -0.0885529       0.474464        3.16078        2.15313        1.00764       -0.51529      0.0114901
39.4        1.52749        1.16165       0.524062     -0.0937808       0.476638        3.15902        2.06857        1.01833      -0.439835     0.00280123
39.6        1.52132        1.11644       0.568317     -0.0902513       0.476734        3.15919        2.07124        1.01421       -0.43876     0.00538209
39.8         1.4351        1.15028       0.615266     -0.0889741       0.479228        3.15992         2.1558       0.956737      -0.437211     0.00622351
40        1.53845        1.23761       0.536058     -0.0869797       0.482672        3.15939        2.16936        1.02564      -0.558294     0.00986839
40.2        1.44494        1.09101       0.547813      -0.102747       0.485168        3.15904        2.02125       0.963293      -0.325708      0.0185642
40.4        1.45931        1.05608       0.527909     -0.0911041       0.481468        3.15872        1.97435       0.972871      -0.277873     0.00293937
40.6        1.45471        1.12612       0.555919       -0.10588       0.489923        3.15973        2.06608       0.969808      -0.369482     0.00841767
40.8        1.43108         1.2504         0.4918      -0.128934       0.487666        3.16033        2.10093       0.954054      -0.376696     0.00501659
41        1.46536        1.15877       0.564492      -0.174844       0.502254        3.15993        2.05067       0.976908      -0.362205     0.00610449
41.2        1.42179        1.19222       0.510015      -0.162957       0.505686        3.15983        2.04496       0.947861      -0.316444     0.00952427
41.4        1.44158        1.20359       0.559497      -0.157149       0.501955        3.16004        2.10789       0.961056      -0.391986     0.00254753
41.6        1.48196        1.17976       0.581966      -0.157085       0.503816        3.16013        2.10846       0.987971         -0.437     0.00671154
41.8        1.48793        1.29122       0.478198      -0.161872       0.510412        3.16017        2.11796       0.991956      -0.446223    0.000497629
42        1.61331        1.24884       0.561524      -0.177079       0.510597        3.16025        2.14388        1.07554      -0.601468     0.00452101
42.2        1.58403        1.17956       0.637997      -0.183401       0.508766        3.16051        2.14292        1.05602       -0.57149      0.0050462
42.4        1.32357        1.21625       0.464056      -0.192058       0.503818        3.15941        1.99207       0.882378      -0.160837     0.00461401
42.6        1.57287        1.12195       0.554924      -0.211687       0.500252         3.1595        1.96543        1.04858      -0.386965     0.00815994
42.8        1.49866        1.14633       0.582966      -0.219636       0.499049        3.15966        2.00871        0.99911      -0.349591     0.00187502
43        1.42988        1.22372       0.478132      -0.195018       0.501146        3.15917        2.00798        0.95325      -0.284938     0.00624655
43.2        1.54772         1.1399       0.532144      -0.192826       0.499067        3.15905        1.97829        1.03181      -0.373573     0.00661477
43.4        1.52245        1.16261       0.592492      -0.198759       0.506879        3.15984        2.06322        1.01497      -0.426484    0.000653251
43.6         1.5868        1.09817          0.554      -0.182567       0.500715        3.15959        1.97032        1.05787      -0.405391     0.00785804
43.8        1.56642         1.1215       0.558016      -0.234333       0.502829        3.15966        1.94801        1.04428      -0.361866     0.00709527
44        1.42612        1.23139       0.507686      -0.212062       0.507571        3.16066        2.03458        0.95075      -0.303324     0.00327621
44.2         1.4478        1.27588       0.494645      -0.257323       0.512024        3.15954        2.02522       0.965199      -0.314496     0.00101013
44.4        1.58604        1.08176       0.524805      -0.271073       0.524123         3.1589        1.85962        1.05736       -0.29556     0.00881112
44.6        1.51406         1.2246       0.526075      -0.277761       0.523825        3.16039        1.99674        1.00938      -0.354066     0.00365647
44.8         1.4784        1.15459       0.562552      -0.220823       0.515416        3.15991        2.01173       0.985601      -0.333406     0.00318769
45        1.51456        1.13244       0.526545      -0.237523       0.515573        3.15936        1.93704        1.00971      -0.295634     0.00340191
45.2         1.4992        1.21041       0.562823      -0.239535       0.513025        3.15975        2.04672       0.999464      -0.396882      0.0107129
45.4        1.48688        1.10608       0.507455       -0.25376       0.516705        3.15849        1.87648       0.991252      -0.208562     0.00369716
45.6        1.46899        1.19964       0.540629      -0.246927       0.524021        3.16065        2.01736       0.979323      -0.326468    0.000766078
45.8        1.50964        1.21455       0.497573      -0.265161       0.519019        3.15877        1.96598        1.00642      -0.320854     0.00400978
46         1.5434        1.18688       0.553663      -0.242554       0.522303        3.15935        2.02029        1.02893      -0.405887     0.00154402
46.2        1.45622        1.25077       0.529473      -0.245973       0.520191        3.16015        2.05446       0.970811      -0.354297     0.00376483
46.4        1.44973        1.20554       0.528602      -0.220393       0.515343        3.15996        2.02909       0.966489      -0.332455      0.0135905
46.6        1.51021         1.1583       0.524515      -0.252625       0.515295        3.15941        1.94549        1.00681      -0.302292     0.00599768
46.8        1.42302        1.19935       0.553468      -0.259661       0.522468        3.15965        2.01563       0.948677      -0.284072     0.00507918
47        1.62635        1.22508       0.497139      -0.271737       0.524479        3.15913        1.97496        1.08423       -0.44805     0.00587387
47.2        1.54126         1.1751       0.631402      -0.265284        0.52022         3.1603        2.06144        1.02751      -0.445823     0.00342627
47.4        1.52915        1.14724       0.537033      -0.258265       0.522506         3.1599        1.94852        1.01943      -0.328729      0.0109625
47.6        1.56284        1.06993       0.565361      -0.264498       0.523353        3.15908        1.89414         1.0419      -0.300434      0.0025278
47.8        1.52001        1.12701        0.60203      -0.235222       0.524103        3.15985        2.01792        1.01334      -0.379403     0.00132138
48        1.52686        1.21707       0.532959      -0.261673       0.515368        3.15992        2.00372         1.0179      -0.378058     0.00739906
48.2        1.42523         1.1902        0.57905      -0.236058       0.522118        3.16013        2.05531       0.950152      -0.326549     0.00613948
48.4        1.46812        1.10801       0.593408      -0.255214       0.520662        3.15973        1.96687       0.978748      -0.296323      0.0210623
48.6        1.49697        1.11262        0.56043      -0.237002       0.522923        3.15894        1.95897       0.997981      -0.312503      0.0155038
48.8        1.50674        1.19792       0.553281      -0.261056       0.525328        3.15984        2.01547        1.00449      -0.380511      0.0181376
49        1.45645        1.16725        0.55638      -0.236008       0.524246        3.15959        2.01187       0.970964      -0.320621      0.0119022
49.2        1.48961        1.15406       0.573357      -0.271997       0.529252        3.16002        1.98467       0.993073      -0.317357     0.00309588
49.4        1.54153        1.10104       0.511974      -0.262588       0.527643        3.15927        1.87807        1.02769      -0.263972     0.00364536
49.6         1.4278        1.06222       0.548986      -0.253268        0.51862        3.15868        1.87656       0.951865       -0.14948     0.00380488
49.8        1.35356        1.17798       0.559468      -0.251838       0.510725        3.16007        1.99633       0.902372      -0.195267     0.00544817
50        1.50007        1.15995       0.543799      -0.238384       0.505189        3.15978        1.97055        1.00004      -0.316244     0.00540144
50.2        1.47735        1.09672       0.522727      -0.279383       0.514948        3.15872        1.85501       0.984903      -0.179521     0.00587915
50.4        1.42945        1.23616       0.504323       -0.27891       0.518269        3.15928        1.97985       0.952966      -0.252668     0.00264829
50.6        1.41699        1.16566       0.557421      -0.263736       0.509537        3.15893        1.96889       0.944658      -0.238397      0.0114551
50.8        1.61637        1.17366       0.561866       -0.25592        0.50497        3.15962        1.98458        1.07758      -0.445111     0.00378559
51        1.49748         1.3415       0.578938      -0.232614       0.497383        3.16177        2.18521       0.998322      -0.524671      0.0037523
51.2        1.61194        1.15892       0.540376      -0.265683       0.502901        3.15949        1.93651        1.07463      -0.392757     0.00378735
51.4        1.50556        1.17487        0.53987       -0.24529       0.506517        3.15973        1.97597         1.0037      -0.328911     0.00712073
51.6        1.59187         1.0972       0.552504      -0.255909       0.514446         3.1595        1.90824        1.06125       -0.34606     0.00544808
51.8        1.53729        1.19821       0.629394      -0.235531       0.493702        3.16115        2.08577        1.02486      -0.466044     0.00413613
52        1.62396        1.15287        0.48463      -0.241107        0.49473        3.15902        1.89112        1.08264      -0.361203     0.00514623
52.2        1.51888        1.16216       0.569845      -0.231217       0.503824        3.15967        2.00461        1.01259      -0.373107     0.00928584
52.4        1.48071        1.19006       0.549414      -0.252624       0.499852         3.1593         1.9867       0.987139      -0.314849      0.0067406
52.6        1.42792        1.09776       0.565881      -0.267828       0.508078        3.15954        1.90389       0.951946      -0.198476      0.0262103
52.8        1.49074        1.08177       0.519502      -0.239935       0.516587         3.1591        1.87792       0.993824      -0.216046     0.00648574
53         1.5115        1.09783       0.522732       -0.25278       0.509598        3.15932        1.87738        1.00766       -0.23134     0.00178212
53.2        1.43239        1.15919       0.584093      -0.249124       0.503191        3.15988        1.99735        0.95493      -0.283801      0.0139397
53.4        1.38806        1.16522       0.565428      -0.237601       0.520329        3.16003        2.01338       0.925371      -0.244573     0.00317521
53.6         1.4608        1.16892       0.592523      -0.254169       0.519407        3.16051        2.02668       0.973865      -0.343677      0.0167122
53.8        1.63704        1.18897       0.533824      -0.250749       0.526447        3.15942        1.99849        1.09136       -0.47892     0.00279862
54        1.49648        1.21487       0.517733      -0.256447        0.52395        3.15989         2.0001       0.997651      -0.342794     0.00610561
54.2        1.55152        1.12874       0.551424      -0.245779       0.522865        3.15945        1.95725        1.03435      -0.352673     0.00334996
54.4        1.63807        1.04749       0.590272      -0.249974       0.520247        3.15952        1.90804        1.09205      -0.390556     0.00396499
54.6        1.51257        1.16459       0.597686      -0.247335       0.526452        3.15997         2.0414        1.00838      -0.400428     0.00642638
54.8        1.49859        1.25342       0.582669      -0.270072       0.516645        3.16107        2.08266        0.99906      -0.423749     0.00356493
55        1.59789        1.18947       0.543861        -0.2557       0.528329        3.15985        2.00596        1.06526      -0.446977     0.00296948
55.2        1.42371        1.11796       0.607503      -0.246558       0.531193        3.16007         2.0101        0.94914      -0.281102     0.00736428
55.4         1.3947         1.1935       0.493288      -0.236543       0.522912        3.15986        1.97315         0.9298      -0.214876      0.0068819
55.6        1.35024        1.14698       0.539162      -0.241278       0.519227         3.1596        1.96409       0.900159      -0.163526     0.00879258
55.8        1.46308        1.11158       0.541519      -0.231908       0.520195        3.15871        1.94139       0.975384      -0.250619     0.00486825
56        1.54743        1.22454       0.497834      -0.224566       0.515944        3.15984        2.01375        1.03162      -0.404962     0.00361575
56.2        1.48689        1.18759       0.622711      -0.218536       0.515363        3.16108        2.10713       0.991262      -0.441682     0.00873834
56.4        1.61451        1.11797       0.561796      -0.252282       0.513821        3.15986         1.9413        1.07634      -0.403233     0.00728733
56.6         1.5545        1.16605       0.600064      -0.230377        0.50981        3.16072        2.04554        1.03633      -0.442752     0.00342599
56.8        1.51925        1.16591       0.521156      -0.246659        0.50579        3.15999         1.9462        1.01284      -0.313142     0.00767585
57        1.49064        1.11069       0.501538      -0.254887       0.513053        3.15894        1.87039       0.993761      -0.208712      0.0066239
57.2        1.38581        1.19271       0.566516      -0.250007       0.519179        3.16047        2.02839       0.923871      -0.262411     0.00868469
57.4        1.47054        1.15094       0.506219      -0.246377       0.511793        3.15963        1.92257        0.98036      -0.235561     0.00207918
57.6        1.40935        1.21632       0.472821      -0.246777        0.51303        3.15985        1.95539       0.939566      -0.214276     0.00938706
57.8        1.45163        1.15422        0.54813      -0.236424       0.516406        3.16001        1.98233       0.967751      -0.275616      0.0016657
58        1.51332        1.10174       0.540052      -0.271823       0.513552        3.15889        1.88352        1.00888      -0.240232     0.00227884
58.2        1.44397        1.12023       0.519842      -0.235446       0.510615        3.15988        1.91524       0.962649      -0.207455     0.00812552
58.4        1.50355        1.19828       0.513878       -0.25729       0.514754        3.16008        1.96962        1.00236      -0.316125     0.00303607
58.6        1.55006        1.18417       0.508873      -0.248913       0.508272        3.15986         1.9524        1.03337      -0.344675     0.00208428
58.8        1.60722        1.20311       0.456891      -0.245262       0.512039        3.16014        1.92677        1.07148      -0.381311     0.00745447
59        1.55467        1.14619       0.537967      -0.261848       0.510223        3.16046        1.93253        1.03645      -0.332341     0.00560108
59.2        1.57048        1.09468        0.54541      -0.252649       0.512254        3.16015         1.8997        1.04698      -0.314011     0.00399447
59.4         1.5929        1.10982       0.537369      -0.219351       0.504355        3.16008        1.93219        1.06194      -0.370587     0.00556874
59.6        1.45128        1.18888       0.495739      -0.270582       0.506859        3.15958        1.92089       0.967518      -0.225469      0.0128794
59.8        1.59988        1.20954       0.565815      -0.239943       0.506819         3.1609        2.04223        1.06658      -0.485326     0.00411409
60        1.51189        1.32101       0.623974      -0.238055       0.513199        3.16254        2.22012        1.00793      -0.576117      0.0066355
60.2        1.52488        1.22148       0.575693      -0.248287       0.508499        3.16154        2.05738        1.01658       -0.42235     0.00163105
60.4        1.44982        1.26357        0.55355      -0.255478       0.513959        3.16168         2.0756       0.966545      -0.373622     0.00988639
60.6        1.48581        1.26043       0.460269      -0.227985       0.503217        3.16097        1.99593       0.990542      -0.321503    0.000727767
60.8        1.42368        1.13481       0.574464      -0.219335       0.505942        3.16064        1.99588       0.949122      -0.262789     0.00386679
61        1.41315        1.16152       0.530784      -0.290348       0.509926        3.16057        1.91189       0.942097       -0.16849     0.00402444
61.2        1.52767        1.15484       0.503449      -0.264522       0.511173        3.16023        1.90494        1.01845      -0.274079     0.00169353
61.4        1.38493        1.13558       0.593174      -0.245363       0.510894        3.16072        1.99429       0.923287      -0.220934     0.00243541
61.6        1.44547        1.10116       0.553077      -0.270339        0.50881        3.16021         1.8927       0.963649      -0.179411      0.0014388
61.8        1.50569        1.07073       0.529868      -0.262054       0.504826        3.15919        1.84337        1.00379      -0.192934     0.00307173
62        1.51151        1.16459       0.441675      -0.261741       0.509982        3.15948         1.8545        1.00767       -0.20815     0.00162025
62.2        1.52712        1.09831       0.515989      -0.262153       0.516208        3.15992        1.86835        1.01808      -0.239048     0.00349408
62.4        1.45395        1.15496       0.525954      -0.248427       0.508233        3.16041        1.94072       0.969302      -0.238253     0.00398964
62.6        1.46537        1.11788       0.558404      -0.242308       0.507889        3.16101        1.94186       0.976912      -0.249344     0.00312268
62.8        1.45324        1.11343       0.545614      -0.252314           0.51        3.16049        1.91673       0.968825      -0.220846      0.0113746
63         1.4866        1.17853       0.506292       -0.23882       0.513371        3.16092        1.95938        0.99107       -0.28694      0.0018818
63.2         1.5019        1.15345       0.503962      -0.254668        0.51967        3.16071        1.92241        1.00127      -0.265697     0.00209928
63.4        1.56013        1.15998       0.519944      -0.215348       0.516776        3.16111        1.98135        1.04008       -0.39089      0.0105245
63.6        1.53504        1.21245       0.537445      -0.232661       0.515721        3.16214        2.03295        1.02336      -0.409402       0.003542
63.8        1.56768        1.19172        0.55465      -0.204841       0.505304        3.16117        2.04683        1.04512      -0.459158     0.00581472
64        1.61707        1.18789       0.531032      -0.247576       0.510228        3.16137        1.98157        1.07805      -0.442394     0.00512089
64.2        1.63505          1.153       0.512391      -0.266829       0.508894        3.16111        1.90746        1.09003      -0.385701     0.00430324
64.4          1.472        1.24605       0.566702      -0.258957        0.51504        3.16219        2.06883       0.981336      -0.380899     0.00225033
64.6        1.50767        1.18091       0.538334      -0.251887       0.524397        3.16112        1.99175        1.00511      -0.349353      0.0110475
64.8         1.4391        1.24978       0.521471      -0.241502       0.515787        3.16141        2.04554       0.959399      -0.324722     0.00149511
65        1.38746        1.24302        0.57091      -0.219644       0.516561        3.16207        2.11084       0.924972        -0.3462     0.00996699
65.2        1.56832        1.23575       0.535536      -0.236187       0.514024        3.16125        2.04912        1.04555      -0.459917     0.00371914
65.4        1.52805         1.1673       0.475775      -0.268541       0.521492         3.1604        1.89602         1.0187      -0.266896     0.00322145
65.6        1.51009        1.08259       0.505364      -0.252322       0.522124         3.1597        1.85776        1.00673      -0.217085      0.0089283
65.8        1.45228        1.09911       0.479665      -0.243587        0.51291        3.16029        1.84809       0.968183      -0.145337     0.00525719
66        1.56116        1.09834       0.512687      -0.237247        0.50584        3.16013        1.87962        1.04077      -0.285063     0.00441994
66.2        1.35175        1.12464       0.593499      -0.251794       0.510864        3.16115        1.97721       0.901166       -0.17095     0.00314908
66.4        1.51861        1.08539       0.585982      -0.273112       0.521496        3.16006        1.91976         1.0124      -0.283376     0.00507184
66.6        1.43454        1.15032       0.585006      -0.274738         0.5194        3.16143        1.97999       0.956357      -0.254896     0.00179695
66.8        1.43159        1.17045       0.525649      -0.246503       0.516282         3.1614        1.96588       0.954395      -0.239935     0.00386655
67        1.39748        1.15106        0.61199      -0.267344       0.509228        3.16131        2.00494       0.931653      -0.244285     0.00317929
67.2         1.5124        1.12412       0.527399      -0.260533       0.519452        3.16098        1.91044        1.00827      -0.269858     0.00800367
67.4        1.38539        1.16993        0.59787       -0.22924       0.519358         3.1619        2.05792       0.923594      -0.284655     0.00324352
67.6        1.62333        1.15782       0.514108       -0.25173       0.522054        3.16126        1.94225        1.08222      -0.408153     0.00382713
67.8        1.50391        1.20683       0.520999      -0.246872        0.51593        3.16131        1.99689        1.00261      -0.343349     0.00385695
68         1.4838        1.22113       0.518766      -0.238535       0.510756        3.16055        2.01212       0.989198      -0.342432     0.00706827
68.2         1.4456        1.18011       0.559131      -0.251473       0.517451        3.16111        2.00522       0.963734      -0.294496     0.00479158
68.4        1.62798         1.0756       0.525625      -0.239864       0.520291        3.16042        1.88165        1.08532      -0.353336     0.00412574
68.6        1.42327        1.14971       0.558878      -0.244687       0.521558        3.16115        1.98546       0.948847      -0.253889      0.0063051
68.8        1.37815        1.21629       0.516459      -0.249887       0.517915        3.16129        2.00078       0.918764      -0.226007     0.00837398
69        1.46528        1.12508       0.518861      -0.290213       0.513697        3.16022        1.86742       0.976851       -0.17528     0.00279459
69.2        1.42427        1.05217       0.583334      -0.253531       0.503831           3.16         1.8858       0.949512      -0.155842     0.00577032
69.4        1.42677        1.10323       0.552702      -0.252213       0.504804        3.15965        1.90852       0.951182      -0.186615      0.0109763
69.6        1.46642        1.17695       0.533438       -0.26338        0.49984        3.16135        1.94685       0.977613      -0.258396     0.00648303
69.8        1.42089        1.06712       0.618878      -0.256934       0.511674        3.16024        1.94073       0.947259       -0.20802     0.00664241
70        1.60602        1.08006        0.58122      -0.277006       0.508227        3.16074         1.8925        1.07068      -0.345902      0.0081162
70.2        1.51037        1.12237       0.541812      -0.251172       0.505441        3.16025        1.91846        1.00691      -0.275641     0.00705835
70.4        1.51732        1.10424       0.450552      -0.242642       0.502133        3.15938        1.81429        1.01155      -0.183496      0.0112724
70.6        1.48816        1.15846       0.549532      -0.239684       0.508316        3.16113        1.97662       0.992105      -0.307876     0.00423065
70.8         1.4826        1.17997       0.447047      -0.211261       0.506779        3.16086        1.92253       0.988402      -0.253377     0.00910473
71        1.50079        1.13116       0.466618      -0.236471       0.512954         3.1598        1.87426        1.00052      -0.218921     0.00366916
71.2        1.41767        1.13619       0.564141      -0.243309       0.514493        3.16124        1.97151        0.94511      -0.233628     0.00569126
71.4        1.42914        1.19493       0.511039      -0.246843       0.516565        3.16103        1.97569       0.952757      -0.251014     0.00721718
71.6         1.4841        1.18037       0.467247       -0.22407       0.517864        3.16127        1.94141       0.989402      -0.271167     0.00692286
71.8        1.48602        1.29609       0.618605      -0.267649       0.521082         3.1631        2.16813       0.990678      -0.491787    0.000748075
72         1.4309        1.24933       0.576154      -0.282938       0.524101        3.16165        2.06665       0.953935      -0.347295      0.0113932
72.2        1.37984        1.13899       0.498284      -0.273003       0.523679        3.16072        1.88795       0.919895      -0.108467      0.0013985
72.4         1.4866        1.01387       0.546731      -0.235546       0.520891        3.15974        1.84594       0.991067      -0.187902      0.0151017
72.6        1.41085        1.09619       0.554736      -0.251345       0.520936        3.16054        1.92051        0.94057      -0.174712     0.00388781
72.8        1.37967        1.16581       0.501198        -0.2462       0.511145        3.16095        1.93195       0.919783      -0.157367      0.0066906
73        1.44339         1.1342       0.505867      -0.281013       0.510718        3.16027        1.86978       0.962257      -0.158201     0.00530742
73.2        1.47611        1.15301       0.538439      -0.280986       0.513879        3.16071        1.92434       0.984071      -0.244122     0.00437918
73.4        1.61319        1.11648       0.512522      -0.233326       0.513389        3.16051        1.90907        1.07546       -0.36789     0.00614348
73.6        1.59235        1.18375       0.501112      -0.255275       0.515484        3.16063        1.94507        1.06157      -0.388459      0.0116707
73.8        1.55591        1.16557        0.50766      -0.257577       0.513085        3.16122        1.92874        1.03728      -0.327968     0.00453285
74        1.56092        1.18144       0.579209      -0.276281       0.520485        3.16191        2.00485        1.04062      -0.408337     0.00447686
74.2        1.47687         1.1893       0.493218      -0.254434       0.510204        3.16102        1.93828        0.98458      -0.261116     0.00698575
74.4        1.45443        1.13311       0.532252      -0.225874       0.510108        3.16084         1.9496       0.969617      -0.245817     0.00263284
74.6        1.38067        1.14477       0.565171      -0.255353       0.512352         3.1614        1.96694       0.920444      -0.194469     0.00826168
74.8         1.4186        1.12813       0.538325      -0.261698       0.508767        3.16082        1.91352       0.945732      -0.171922    0.000624916
75        1.41225        1.12884       0.579023      -0.254423       0.500661        3.16135         1.9541       0.941501       -0.20645     0.00144703
75.2        1.45762        1.20108       0.533877      -0.239181       0.509566        3.16151        2.00534        0.97175      -0.305522      0.0040619
75.4        1.60405        1.20366        0.47699      -0.282814       0.511921         3.1608        1.90976        1.06937      -0.354135     0.00112692
75.6        1.46742        1.22483       0.597041      -0.291717       0.505878        3.16199        2.03603       0.978278      -0.347144     0.00568402
75.8        1.61577        1.19094       0.533896      -0.268973       0.518045        3.16118         1.9739        1.07718      -0.441246       0.012751
76        1.54976         1.1865        0.50489      -0.227998       0.508216        3.16117        1.97161        1.03317      -0.364612     0.00441162
76.2        1.55718        1.14266       0.524771      -0.231274       0.512926        3.16085        1.94908        1.03812      -0.349387     0.00397916
76.4        1.46123        1.16725       0.573073      -0.254001        0.51695        3.16179        2.00327       0.974154       -0.30585     0.00313658
76.6        1.49747        1.07854       0.611433      -0.247655       0.521595        3.16156        1.96391       0.998311      -0.309542     0.00972141
76.8        1.64193        1.10177        0.58666      -0.251971       0.516753        3.16057        1.95321        1.09462      -0.438798     0.00422098
77        1.63468        1.19617       0.528871      -0.232391       0.508668        3.16139        2.00132        1.08979      -0.481633     0.00702197
77.2        1.44967        1.12597       0.590527      -0.246475        0.51385        3.16094        1.98387       0.966447      -0.278448     0.00584486
77.4        1.47857        1.15291       0.563664      -0.246881       0.515796        3.16153        1.98549       0.985711        -0.3157      0.0131718
77.6         1.5882        1.16395       0.574395      -0.255847       0.512868          3.162        1.99537         1.0588      -0.430498     0.00892914
77.8         1.6404        1.18204       0.544258      -0.247112       0.509176        3.16063        1.98836         1.0936      -0.469332     0.00120631
78        1.59977        1.31754       0.541613      -0.250682       0.511769        3.16232        2.12025        1.06652      -0.560233      0.0025367
78.2        1.59587        1.14385       0.593332        -0.2676       0.519676        3.16117        1.98926        1.06391      -0.430879     0.00692251
78.4        1.65535        1.18416       0.563983      -0.248588       0.521998        3.16121        2.02155        1.10357      -0.517186     0.00150068
78.6        1.64079        1.11491       0.556093      -0.260654       0.520398        3.16117        1.93074        1.09386      -0.418722     0.00836056
78.8        1.48854         1.2277       0.523353      -0.242443       0.518952        3.16165        2.02756       0.992357      -0.355484     0.00103826
79        1.49489        1.17618       0.484509       -0.24645       0.511252        3.16072         1.9255       0.996593      -0.264962     0.00530008
79.2        1.51985        1.16521       0.526818      -0.259017       0.522878        3.16087        1.95589        1.01323      -0.326662      0.0117945
79.4         1.5016        1.18687       0.511584       -0.27687       0.520989        3.16167        1.94258        1.00106      -0.287163     0.00465901
79.6        1.47536        1.23593       0.544444      -0.235726       0.524612         3.1629        2.06926       0.983575      -0.386299      0.0045783
79.8        1.65012        1.17331       0.519387      -0.251103        0.52446        3.16176        1.96605        1.10008      -0.466719       0.012308
80        1.53164        1.09349       0.563448      -0.260749       0.532898         3.1612        1.92909        1.02109      -0.302149     0.00262682
80.2        1.51905        1.17215       0.568843      -0.260834       0.522004         3.1624        2.00216         1.0127      -0.359808     0.00099775
80.4        1.45706        1.20468       0.585407      -0.261928       0.523174        3.16231        2.05133       0.971371      -0.349107     0.00303233
80.6        1.54448        1.23166       0.576565      -0.274034       0.533152         3.1624        2.06735        1.02966      -0.452034     0.00260589
80.8         1.6015        1.24845       0.512473      -0.258459       0.520571        3.16224        2.02304        1.06766      -0.472154     0.00985986
81        1.48156         1.2221       0.549282       -0.25465       0.522239        3.16211        2.03897       0.987708      -0.362787      0.0043685
81.2        1.39405        1.13535       0.585801      -0.253204       0.518432        3.16163        1.98638       0.929369      -0.232609      0.0138074
81.4        1.38572        1.20502       0.575963      -0.259298       0.513085        3.16217        2.03477       0.923813      -0.262775     0.00446391
81.6         1.5443        1.08821       0.545722      -0.286461       0.516783         3.1611        1.86425        1.02954      -0.253432     0.00597746
81.8        1.48669         1.1814        0.53812      -0.279096       0.516456        3.16085        1.95688        0.99113      -0.289697     0.00697375
82        1.58912        1.17905       0.561722      -0.262459       0.517564        3.16172        1.99588        1.05942      -0.423665     0.00037671
82.2        1.53609        1.11154       0.523123       -0.26654       0.512979        3.16065         1.8811        1.02406      -0.261777     0.00523887
82.4        1.43608        1.15338       0.517864      -0.254123       0.502883        3.16123        1.92001       0.957385       -0.21013      0.0152763
82.6        1.53251        1.10636       0.474015      -0.286705       0.509505        3.16057        1.80318        1.02167      -0.181013     0.00590404
82.8        1.59114        1.16088       0.544767      -0.256117       0.509714        3.16142        1.95924        1.06076      -0.405954       0.016991
83        1.59413        1.14627       0.592566      -0.250294       0.517342        3.16223        2.00589        1.06275      -0.447915      0.0101305
83.2        1.48127        1.27054       0.480633       -0.25913       0.506347        3.16115        1.99839       0.987512       -0.32126     0.00275699
83.4        1.43942        1.15407       0.583286      -0.241752       0.505169        3.16166        2.00078       0.959614      -0.284069     0.00552788
83.6        1.41108        1.18119       0.496174      -0.214131        0.50342        3.16151        1.96665       0.940719      -0.223143      0.0069201
83.8          1.394        1.15476       0.566881      -0.186622       0.500548        3.16203        2.03557        0.92933      -0.270421     0.00288884
84        1.36467        1.19656       0.587685      -0.235463       0.508384        3.16216        2.05717       0.909777      -0.268548     0.00886928
84.2        1.46597        1.14538       0.502655      -0.214461       0.505028        3.16101         1.9386       0.977311      -0.249588     0.00603141
84.4        1.48801        1.10151        0.59218       -0.21664       0.508658        3.16183        1.98571       0.992004      -0.318305     0.00642422
84.6        1.40602        1.23545       0.552347      -0.227566       0.518056        3.16199        2.07828       0.937349      -0.324963     0.00264073
84.8        1.53605        1.18258       0.454699      -0.224252       0.518948        3.16084        1.93197        1.02404      -0.314134     0.00694995
85        1.43987        1.11725       0.585391      -0.237821       0.522084        3.16161         1.9869       0.959914      -0.270841     0.00568482
85.2        1.49626        1.09641        0.61634      -0.249024       0.519605         3.1613        1.98333       0.997506      -0.323237     0.00494586
85.4        1.50575        1.16986       0.519096      -0.234496       0.515098        3.16109        1.96956        1.00384      -0.316415     0.00219224
85.6        1.51872        1.16253       0.552245      -0.232938       0.512869        3.16166        1.99471        1.01248      -0.357186     0.00541693
85.8        1.56996        1.13252       0.534963      -0.226828       0.522064        3.16171        1.96272        1.04664      -0.380624     0.00964715
86        1.45682        1.19072       0.530964      -0.263557       0.520455        3.16128        1.97858       0.971216      -0.281447     0.00732519
86.2        1.48557        1.09963       0.522935      -0.271424        0.52344        3.16097        1.87459       0.990379      -0.203006      0.0038233
86.4        1.44062        1.08639       0.535213      -0.267198        0.52182        3.16138        1.87623       0.960415      -0.157784     0.00231345
86.6        1.50465        1.09744       0.566472       -0.26435       0.511483         3.1613        1.91105         1.0031      -0.263114     0.00872401
86.8        1.50413        1.10302       0.568065      -0.215957       0.505515        3.16134        1.96065        1.00275      -0.305181     0.00174303
87        1.53269        1.08815       0.542245      -0.215958       0.498553        3.16022        1.91299        1.02179      -0.288196     0.00273411
87.2        1.50008        1.12732       0.547309      -0.208233       0.499354         3.1614        1.96575        1.00006       -0.30767     0.00323919
87.4        1.47501        1.16421       0.586713      -0.206933       0.499951        3.16241        2.04394       0.983338      -0.368991      0.0124541
87.6        1.56973        1.22327       0.545494      -0.182675       0.496801        3.16215        2.08289        1.04649      -0.492904     0.00243486
87.8        1.52482        1.23949       0.518406      -0.207258       0.496724         3.1612        2.04736        1.01655      -0.416932     0.00595194
88         1.5839        1.13955       0.562812      -0.217141       0.496836         3.1622        1.98206        1.05593      -0.408923     0.00516007
88.2        1.46753        1.26143       0.505907      -0.193861       0.492599        3.16209        2.06608       0.978351      -0.373745     0.00222677
88.4         1.5477        1.15578       0.551823      -0.208436       0.503933        3.16249         2.0031         1.0318      -0.405273      0.0169691
88.6        1.50914        1.14537       0.537657      -0.272787       0.506941        3.16137        1.91719        1.00609      -0.267986     0.00303238
88.8        1.43157        1.24729        0.56589      -0.263366       0.513402        3.16228        2.06322       0.954381      -0.336135     0.00361786
89        1.46496        1.19629       0.549008      -0.275843       0.514893        3.16205        1.98434       0.976643      -0.292104     0.00484914
89.2        1.53202        1.15929       0.516729       -0.23872       0.512012        3.16165        1.94931        1.02135      -0.320609    0.000926519
89.4        1.56287        1.17626       0.552844      -0.251962       0.511282        3.16201        1.98843        1.04191      -0.397156      0.0078735
89.6        1.55965        1.19218       0.580657      -0.245169       0.514349        3.16213        2.04202        1.03977      -0.440012    0.000468767
89.8        1.47871        1.16852       0.516592      -0.261783       0.509905        3.16177        1.93324       0.985806      -0.259959     0.00978661
90        1.47277        1.15812       0.595311      -0.265184       0.516494        3.16226        2.00474       0.981846      -0.318708     0.00346068
90.2        1.54396        1.14031       0.489475      -0.232931       0.512346        3.16142         1.9092        1.02931      -0.296735     0.00499161
90.4        1.45934        1.21744       0.519715      -0.216336       0.505672        3.16226        2.02649       0.972893      -0.329907     0.00633593
90.6        1.48453        1.20713       0.528115      -0.217674       0.505774        3.16245        2.02334       0.989684      -0.352546     0.00712797
90.8        1.45441        1.19825       0.564115      -0.210857       0.503997        3.16267        2.05551       0.969603      -0.350915     0.00367654
91        1.48368        1.19307       0.535044      -0.204708       0.500019        3.16219        2.02342       0.989123      -0.353939     0.00902153
91.2        1.56613        1.20619       0.578649      -0.204307       0.510028         3.1638        2.09056        1.04408      -0.494689     0.00180688
91.4        1.39657        1.24736         0.5652      -0.240936       0.509505        3.16268        2.08113       0.931047      -0.322532     0.00751173
91.6        1.44367        1.25064       0.587147      -0.226564       0.506052        3.16277        2.11727       0.962445      -0.401812      0.0036358
91.8        1.60662        1.15959       0.512195      -0.200979       0.503667        3.16168        1.97448        1.07108      -0.424272     0.00486084
92        1.54213        1.13772       0.578742      -0.240991       0.508391        3.16136        1.98386        1.02809      -0.365721     0.00108839
92.2        1.53651        1.18024       0.528733      -0.262362        0.51181        3.16221        1.95843        1.02434      -0.337851     0.00512719
92.4        1.57043        1.18778       0.547131       -0.27138       0.516035        3.16236        1.97957        1.04696      -0.388039    0.000392781
92.6        1.46093        1.19825       0.532379      -0.253633       0.512867        3.16232        1.98986       0.973956      -0.293281     0.00480307
92.8        1.39069        1.18304       0.545786      -0.244437       0.511697        3.16221        1.99608       0.927125      -0.226008     0.00144906
93        1.40643        1.11346         0.5668      -0.212281       0.510869        3.16209        1.97885       0.937617       -0.23277     0.00958476
93.2        1.42766        1.11075        0.57465      -0.256489        0.51223        3.16184        1.94114       0.951775      -0.208392     0.00143031
93.4        1.55299        1.18482       0.528914      -0.266003       0.509448        3.16182        1.95717        1.03533      -0.363037       0.014694
93.6        1.57532        1.17936       0.541898      -0.226958       0.512491        3.16208         2.0068        1.05021      -0.421628     0.00159373
93.8        1.58197        1.21134       0.540269      -0.256563       0.506275        3.16253        2.00132        1.05465      -0.422871     0.00211481
94        1.66049        1.24449       0.587141      -0.240152       0.508383        3.16313        2.09986        1.10699      -0.598986     0.00177639
94.2        1.55754        1.23572       0.572375      -0.233551       0.506164        3.16282        2.08071        1.03836      -0.483638     0.00821416
94.4        1.57466        1.23422       0.530543      -0.270859       0.511319        3.16232        2.00522        1.04977      -0.420749     0.00319313
94.6        1.46495         1.2122       0.610054      -0.264499       0.515671        3.16307        2.07342       0.976636      -0.382726     0.00742072
94.8        1.50697        1.17424        0.53064      -0.276467       0.512415        3.16259        1.94083        1.00465      -0.288598     0.00338963
95        1.47356        1.12296       0.570046      -0.268205         0.5091        3.16192         1.9339        0.98237      -0.254873     0.00933885
95.2        1.42172        1.16421       0.577636      -0.254565       0.509978        3.16234        1.99726       0.947811      -0.263011     0.00637414
95.4        1.41612        1.07162        0.56616      -0.232842       0.508082        3.16152        1.91302       0.944078      -0.183083      0.0154658
95.6        1.39238          1.113       0.579122      -0.262198        0.50901        3.16189        1.93893       0.928255      -0.175191     0.00576864
95.8        1.46147        1.13189        0.51642      -0.252727       0.503209         3.1613        1.89879       0.974315      -0.204612     0.00564755
96        1.43933        1.11226       0.592973      -0.243839       0.512316        3.16192        1.97371       0.959554      -0.254415     0.00328964
96.2          1.492        1.10054       0.574013      -0.251535       0.502234        3.16175        1.92525       0.994667      -0.265314     0.00981804
96.4        1.49641        1.22435       0.569066      -0.260984       0.512072        3.16243         2.0445       0.997604      -0.386052     0.00757785
96.6        1.62304        1.19792       0.529525      -0.243834       0.510062        3.16213        1.99368        1.08203      -0.467076       0.012483
96.8        1.52484        1.10661       0.608667      -0.273599        0.50847        3.16226        1.95014        1.01656      -0.322143     0.00941821
97        1.51324         1.2139       0.596339      -0.254196       0.515172        3.16315        2.07121        1.00882      -0.427477     0.00617431
97.2        1.50721        1.17845       0.555161      -0.248944       0.515107        3.16191        1.99977        1.00481      -0.352694     0.00761637
97.4        1.47346        1.12296       0.611509      -0.222057       0.508166        3.16207        2.02058       0.982306      -0.337607     0.00563305
97.6        1.55796        1.16676       0.623283      -0.254934        0.51099        3.16236         2.0461        1.03864      -0.463056      0.0213561
97.8        1.43172        1.20277       0.575987      -0.256623       0.512635        3.16264        2.03477       0.954481       -0.31072     0.00686739
98        1.52953        1.10418       0.569545      -0.270937        0.51141        3.16151         1.9142        1.01968      -0.293279      0.0110634
98.2        1.40657        1.15448       0.619281      -0.247255        0.51289        3.16296        2.03939       0.937716      -0.284496     0.00148459
98.4        1.56047        1.13346       0.553447      -0.235464        0.51722         3.1618        1.96866        1.04032      -0.377334      0.0099983
98.6        1.56578        1.14967       0.539463       -0.26074       0.514829        3.16149        1.94322        1.04385      -0.354989     0.00747783
98.8        1.57819        1.15301       0.480578      -0.248712          0.513        3.16176        1.89787        1.05213      -0.322437     0.00813674
99        1.62431        1.13442       0.633836      -0.246892       0.516054        3.16286        2.03742        1.08288      -0.499778     0.00090581
99.2        1.50804        1.17267       0.506635      -0.231721       0.510949        3.16189        1.95853        1.00536      -0.313391      0.0087149
99.4        1.50316         1.1794       0.484654      -0.273596       0.532457        3.16182        1.92292        1.00211      -0.267842     0.00358347
99.6        1.51139        1.08571       0.490471      -0.274361       0.523489        3.16155        1.82531        1.00759      -0.182406     0.00725784
99.8        1.51748        1.12709       0.583104      -0.266358       0.520366        3.16174         1.9642        1.01165      -0.327366     0.00742741
