time        kinetic     stretching        bending             LJ electrostatics          total      potential    temperature
0        1.51342         1.2487    1.92948e-05              0     0.00802235        2.77016        1.25674        1.00894   -1.80059e-05    1.80941e-05
0.2        1.63021       0.347304       0.318193              0      0.0156737        2.76896       0.681171        1.08681       0.453486     0.00408977
0.4        1.48094       0.430504        0.20147              0      0.0113148        2.76867       0.643289       0.987292       0.639149     0.00529949
0.6        1.43199       0.590293       0.107865              0      0.0128626        2.76861       0.711021       0.954659       0.615704     0.00990008
0.8        1.53329       0.434371       0.252288              0      0.0133721        2.76873       0.700031        1.02219       0.530323     0.00508834
1         1.4997       0.476613       0.176255   -0.000577129      0.0114914        2.76879       0.663782       0.999799         0.5991     0.00621366
1.2        1.41852       0.458986       0.224103    -0.00105655      0.0146175        2.76908        0.69665       0.945683       0.651304     0.00260581
1.4         1.4263       0.451617       0.302818   -0.000437451      0.0128952        2.76926       0.766892       0.950867       0.574187     0.00188146
1.6        1.60089       0.452778       0.190176              0      0.0134983        2.76873       0.656453        1.06726       0.509893     0.00148816
1.8        1.50188       0.464069       0.188394              0      0.0116214        2.76889       0.664085        1.00125       0.594243      0.0086837
2        1.58102       0.368619       0.221197              0       0.014033         2.7683       0.603849        1.05401       0.580879     0.00255521
2.2        1.56958       0.524449       0.177675              0      0.0132344        2.76884       0.715358        1.04639       0.480802     0.00309867
2.4        1.51218       0.401224       0.224352              0       0.011249        2.76866       0.636825        1.00812       0.610916     0.00873933
2.6        1.47582       0.404286       0.247065              0      0.0125286        2.76874       0.663879       0.983877       0.623798      0.0052425
2.8        1.63277       0.456509       0.128411   -0.000828883      0.0101547        2.76822       0.594246        1.08851        0.53652     0.00468191
3        1.53836       0.531163        0.26957     -0.0428131       0.013165        2.76867       0.771085        1.02557       0.457223     0.00200469
3.2         1.3466       0.755579       0.330438     -0.0918491      0.0130736         2.7694        1.00724       0.897734       0.411215     0.00434611
3.4        1.55265        0.77454       0.282753     -0.0535138      0.0114014        2.76965        1.01518         1.0351       0.196293      0.0055257
3.6        1.40636       0.824339       0.348855     -0.0126028      0.0109607        2.76925        1.17155       0.937572       0.189487     0.00185547
3.8        1.49108        0.75816       0.396874     -0.0143913      0.0126065        2.76905        1.15325       0.994053       0.118064     0.00665443
4        1.57441       0.885255       0.330519     -0.0299047       0.012753        2.76885        1.19862        1.04961     -0.0099492      0.0057668
4.2        1.47807       0.927991       0.418336     -0.0326173      0.0129223        2.76994        1.32663       0.985383     -0.0362799     0.00151428
4.4        1.60571       0.901291       0.281482     -0.0237782       0.012938        2.76848        1.17193        1.07048     -0.0116319     0.00246651
4.6        1.50414       0.823105       0.394553   -0.000134799      0.0132788         2.7685         1.2308        1.00276      0.0247547     0.00879803
4.8        1.41766       0.856667       0.337463              0      0.0136426        2.76819        1.20777       0.945108       0.138806     0.00395104
5        1.57764       0.909578       0.394184    0.000187299      0.0130048        2.76853        1.31695        1.05176      -0.135542     0.00947632
5.2        1.61664       0.893019       0.439773     -0.0108781      0.0112418        2.76839        1.33316        1.07776       -0.18283     0.00142488
5.4        1.50919        1.19713       0.443906    -0.00164284      0.0133182        2.76979        1.65271        1.00613      -0.400438     0.00833017
5.6        1.52828        1.04003       0.430777     -0.0592717      0.0140973        2.76957        1.42563        1.01885      -0.189597     0.00525922
5.8        1.45014        1.14627       0.553477     -0.0189662      0.0149061        2.76982        1.69568       0.966759      -0.378364     0.00235962
6        1.54271        1.06257       0.511952      -0.013028      0.0147919        2.76896        1.57628        1.02847      -0.358583      0.0085448
6.2         1.6633        1.04991       0.452546     -0.0540505      0.0146259        2.76937        1.46304        1.10886      -0.368413      0.0114519
6.4        1.60161        1.05816       0.544866     -0.0527387      0.0153848        2.77012        1.56567        1.06774      -0.406349     0.00919123
6.6        1.31605        1.05912        0.50742      -0.037975      0.0122268        2.76923        1.54079       0.877366     -0.0905296     0.00292293
6.8        1.58786        1.10272       0.504844     -0.0203683      0.0119442        2.76937        1.59914        1.05857      -0.419182     0.00154939
7        1.53486        1.17479       0.538229    -0.00124834      0.0120187        2.76989        1.72379        1.02324      -0.492574     0.00380774
7.2        1.59026        1.14952       0.460101    2.10948e-05      0.0119724         2.7689        1.62162        1.06017      -0.448166     0.00518849
7.4        1.55257        1.13833       0.525201              0      0.0133494        2.76958        1.67688        1.03504      -0.464958     0.00509969
7.6        1.49254        1.07094       0.522914     0.00205892      0.0112046        2.76871        1.60711       0.995029      -0.348266      0.0173192
7.8         1.4333         1.1286       0.485869     -0.0066441      0.0153918        2.76977        1.62321       0.955535      -0.295868     0.00912591
8        1.45475        1.08198       0.454376    -0.00404733      0.0102108        2.76865        1.54252       0.969832      -0.231092     0.00247191
8.2        1.47704        1.01325       0.500121     -0.0251677      0.0140271        2.76895        1.50223       0.984693      -0.211086    0.000770426
8.4        1.49783        1.14628       0.522306    -0.00833011      0.0120051        2.77019        1.67226       0.998553      -0.408286     0.00838694
8.6        1.52258        1.09212       0.562627     -0.0227881      0.0132286        2.77028        1.64519        1.01505      -0.399203     0.00171428
8.8        1.54563       0.992274         0.5035     -0.0525204      0.0133911        2.76879        1.45664        1.03042      -0.237678     0.00419048
9        1.62163        1.00055       0.498963     -0.0415766      0.0114404         2.7684        1.46937        1.08108      -0.328169     0.00556628
9.2        1.39236        1.17766       0.536445     -0.0431577      0.0146798        2.76981        1.68563       0.928239      -0.312386      0.0042136
9.4        1.55998        1.16064       0.435179     -0.0328328      0.0114237        2.76924        1.57441        1.03999      -0.369331     0.00417973
9.6        1.50896        1.11677       0.520755     -0.0271418       0.013696         2.7691        1.62408        1.00598      -0.370821     0.00687501
9.8        1.55377        1.15133       0.480045     -0.0431438      0.0114183        2.76895        1.59965        1.03585      -0.390716     0.00623888
10        1.49433        1.18083       0.478515     -0.0532335      0.0139707        2.76962        1.62008        0.99622       -0.35166     0.00686654
10.2        1.48466        1.14657       0.485009     -0.0514559      0.0123542        2.76917        1.59248       0.989773      -0.311682     0.00371819
10.4        1.37402         1.2039       0.523421     -0.0438146      0.0124953        2.76961          1.696        0.91601      -0.303303     0.00289741
10.6        1.50159        1.16998       0.505027     -0.0292778      0.0140639        2.76937        1.65979        1.00106      -0.401491     0.00948205
10.8         1.4487        1.08513       0.510204     -0.0370673      0.0128147        2.76904        1.57108       0.965801      -0.255792     0.00504698
11        1.44132        1.06949       0.572477      -0.031637       0.013254        2.76987        1.62359        0.96088      -0.297221     0.00218674
11.2        1.49193        1.09569       0.499842     -0.0399652      0.0127897        2.76919        1.56835        0.99462      -0.300701     0.00960574
11.4        1.42536         1.2408       0.445321     -0.0397799      0.0109277        2.77009        1.65727       0.950237      -0.315621     0.00308081
11.6        1.49143        1.06958       0.507217     -0.0204115       0.013031        2.76914        1.56941       0.994288      -0.307119      0.0154202
11.8        1.48325        1.13437       0.473554     -0.0631322      0.0113725        2.77067        1.55616        0.98883      -0.270004      0.0012672
12        1.37223        1.06435       0.570052     -0.0849634      0.0138305        2.76979        1.56327       0.914821      -0.168735     0.00302878
12.2        1.46567          1.086        0.59955      -0.108108      0.0127323        2.76974        1.59017       0.977116      -0.292106     0.00599818
12.4        1.49976        1.05818       0.573028      -0.118123      0.0165408        2.76951        1.52963       0.999837      -0.267533     0.00765853
12.6        1.58622        1.09568       0.494957      -0.120853      0.0150474        2.76953        1.48483        1.05748      -0.304562     0.00304398
12.8        1.48299        1.04947       0.520596      -0.153991      0.0169331        2.76953        1.43301        0.98866      -0.152318     0.00585071
13        1.33772        1.31255       0.528465      -0.161787      0.0153484        2.77126        1.69457       0.891812       -0.27474      0.0137028
13.2         1.4815        1.10146       0.424746      -0.173887      0.0163029        2.76935        1.36862       0.987668     -0.0889124      0.0081341
13.4        1.43632        1.10941       0.498122      -0.143997      0.0159745        2.76879        1.47951       0.957549      -0.151053     0.00401283
13.6        1.53842       0.991014       0.570203      -0.122975       0.014682        2.76945        1.45292        1.02561      -0.224472     0.00257916
13.8        1.48246        1.02393       0.628163       -0.14397      0.0152236        2.77028        1.52335       0.988307      -0.236981     0.00145573
14        1.47832         1.0922       0.488918      -0.177095      0.0161127        2.76957        1.42013       0.985548      -0.130763     0.00188374
14.2        1.47381        1.12913       0.487712       -0.17243      0.0163585        2.76936        1.46077       0.982542      -0.172265     0.00703325
14.4        1.46927        1.05946       0.510559      -0.150248      0.0146588        2.76936        1.43443       0.979515      -0.141395     0.00705569
14.6        1.45653        1.16727       0.462157      -0.140047      0.0141038         2.7688        1.50349       0.971023      -0.192952     0.00173094
14.8        1.55751         1.1177       0.533536      -0.167161      0.0165235        2.76951         1.5006        1.03834      -0.291273     0.00266902
15        1.57923        1.07611       0.499883      -0.141404      0.0153522         2.7689        1.44994        1.05282      -0.264458     0.00419428
15.2        1.56715         1.0362       0.440016      -0.166095      0.0131506        2.76824        1.32327        1.04477      -0.129522     0.00733887
15.4        1.39499        1.09132       0.483535      -0.153738      0.0173733        2.76975        1.43849       0.929992      -0.070008     0.00628182
15.6        1.42523        1.12563       0.491155       -0.16974      0.0148151        2.76943        1.46186       0.950154      -0.130209      0.0125418
15.8        1.50257        1.08595       0.517141      -0.166278      0.0168498        2.76898        1.45367        1.00172      -0.191877     0.00461721
16        1.45398         1.2126       0.609155      -0.163444      0.0159083        2.77063        1.67422       0.969319       -0.36427     0.00670799
16.2        1.58445        1.12829       0.491049      -0.169975      0.0154485        2.76891        1.46482         1.0563      -0.299219      0.0188627
16.4        1.49798        1.13523       0.562712      -0.170365      0.0166027        2.76991        1.54418       0.998651      -0.283955      0.0117109
16.6        1.52458        1.11067       0.507322      -0.159558      0.0149284        2.76935        1.47337        1.01639      -0.233504     0.00490583
16.8        1.43018        1.09909       0.545819      -0.169528       0.015774        2.76873        1.49115       0.953452       -0.15544     0.00284074
17        1.70758        1.16838       0.497088      -0.154486      0.0152297        2.76974        1.52622        1.13838      -0.467074     0.00302718
17.2        1.59307        1.18148       0.508376      -0.159961      0.0164389        2.76887        1.54633        1.06205      -0.381422       0.010892
17.4        1.49712        1.14517       0.637138      -0.167479      0.0163023         2.7699        1.63113       0.998083       -0.36519      0.0068393
17.6          1.614         1.2272        0.47477      -0.164749       0.016174        2.76932         1.5534          1.076      -0.401657     0.00357882
17.8        1.59686        1.17877       0.576458      -0.153689      0.0156765        2.77001        1.61722        1.06457      -0.458409      0.0143374
18        1.39074        1.15349       0.615927      -0.167321      0.0168345        2.76978        1.61893       0.927158      -0.245461     0.00557711
18.2        1.48129        1.09808       0.469367      -0.152055      0.0141389        2.76795        1.42953       0.987523      -0.147831     0.00497106
18.4        1.52448        1.20049       0.443297      -0.167461      0.0165318        2.76839        1.49286        1.01632      -0.249932    0.000985826
18.6        1.46599        1.06271       0.607919      -0.169881      0.0161687        2.76966        1.51692       0.977324      -0.220186     0.00694178
18.8          1.453        1.12513        0.50962      -0.172119      0.0144065        2.76841        1.47703       0.968664      -0.163726      0.0021109
19        1.48271        1.10372       0.578695      -0.135372      0.0149987        2.76948        1.56205       0.988472      -0.280614     0.00533692
19.2        1.57606        1.07815       0.569547      -0.143496      0.0148967        2.76912         1.5191        1.05071      -0.332448     0.00640248
19.4        1.49427        1.20029       0.555985      -0.170964      0.0166058         2.7697        1.60192       0.996183      -0.335035     0.00854458
19.6        1.45147        1.20677       0.518466      -0.148207         0.0166        2.76911        1.59363       0.967648        -0.2826     0.00660821
19.8        1.52202        1.04778       0.546346      -0.163489      0.0164282        2.76857        1.44707        1.01468      -0.206098     0.00558061
20        1.46316        1.19134       0.462749      -0.167408      0.0129781        2.76954        1.49966       0.975437      -0.196173     0.00289866
20.2        1.55401        1.04884       0.507409      -0.155991      0.0149933        2.76861        1.41526        1.03601      -0.204125     0.00347264
20.4        1.42001        1.07212       0.562747      -0.163601      0.0144385        2.76871         1.4857       0.946671      -0.141208     0.00421545
20.6        1.45505        1.12496       0.514926      -0.155309       0.014816        2.76851        1.49939       0.970031      -0.197983      0.0120507
20.8        1.49527        1.10853       0.572274      -0.165791       0.015928         2.7695        1.53094       0.996844       -0.26104     0.00433721
21        1.44584        1.01952       0.567677      -0.158391      0.0160637        2.76903        1.44487       0.963892      -0.126484     0.00480787
21.2        1.43105        1.10178        0.57977      -0.172349      0.0159378        2.76932        1.52514       0.954031      -0.194951     0.00807784
21.4        1.53193        1.16487       0.477662      -0.156727       0.016759         2.7691        1.50257        1.02128      -0.266516     0.00112727
21.6        1.51844        1.15548       0.500061      -0.143894      0.0134987         2.7699        1.52514         1.0123      -0.279005     0.00532229
21.8         1.5108        1.14432       0.590583      -0.163142      0.0166506        2.77012        1.58841         1.0072      -0.334312     0.00522581
22        1.50005        1.12659       0.566879      -0.158091      0.0149246        2.76888        1.55031        1.00003      -0.292606      0.0111259
22.2        1.50454        1.19607       0.536594      -0.155971      0.0158537        2.76954        1.59254        1.00303      -0.334142      0.0065948
22.4        1.45503        1.20025       0.534568      -0.156136      0.0142688         2.7693        1.59295       0.970018      -0.279523    0.000844722
22.6        1.41595        1.24117       0.574529      -0.149103      0.0157863        2.77015        1.68238       0.943965      -0.335843     0.00766234
22.8        1.54056        1.18098       0.497164      -0.172004      0.0140551        2.76907         1.5202        1.02704      -0.300615     0.00892057
23         1.4506         1.1772       0.523284      -0.182785      0.0171284        2.76963        1.53483       0.967069      -0.224171     0.00836915
23.2        1.50221        1.16477       0.463931      -0.190365       0.015777        2.76815        1.45411        1.00148      -0.191603     0.00342133
23.4        1.40135        1.16008       0.500795      -0.167104      0.0159899        2.76922        1.50976        0.93423      -0.154099      0.0122099
23.6        1.48666        1.05858       0.549393      -0.187261      0.0146493        2.76855        1.43536       0.991108      -0.163392     0.00992476
23.8        1.36318        1.16381       0.546306      -0.177241      0.0153834        2.76972        1.54826       0.908788      -0.146296     0.00457291
24        1.54481        1.06545        0.44204      -0.166751      0.0148075        2.76791        1.35554        1.02987      -0.135663     0.00322168
24.2        1.52418        1.00225       0.518388      -0.170559      0.0163973        2.76772        1.36648        1.01612      -0.131444     0.00850598
24.4        1.42854        1.10505       0.505094      -0.167978      0.0158047        2.76845        1.45797        0.95236       -0.12123     0.00317146
24.6        1.41065        1.14304       0.506105      -0.180478      0.0149736        2.76851        1.48364       0.940435      -0.128915     0.00312787
24.8        1.53159        1.06004       0.484199      -0.199582      0.0172149        2.76734        1.36187        1.02106      -0.130142     0.00401381
25        1.34971        1.13054       0.570874      -0.178752      0.0155282        2.76913        1.53819       0.899806      -0.120193     0.00141764
25.2          1.527        1.07784       0.554034      -0.171812      0.0149942        2.76908        1.47506          1.018      -0.243806      0.0108389
25.4        1.51766        1.07807       0.553582      -0.234452      0.0175077        2.76899         1.4147        1.01177      -0.167922      0.0045578
25.6        1.51539        1.20119       0.541366      -0.247115      0.0168922        2.76939        1.51234        1.01026      -0.263218     0.00487836
25.8        1.53772        1.20971       0.512819      -0.253041      0.0178957        2.76953        1.48738        1.02515      -0.256861     0.00128634
26        1.62839         1.1107       0.612075      -0.298863      0.0182364        2.76951        1.44215         1.0856      -0.305876     0.00484454
26.2         1.5661        1.27747       0.511297      -0.331863      0.0193422        2.77049        1.47625        1.04407      -0.279077     0.00721697
26.4        1.58183        1.16831       0.529626      -0.346677      0.0183547        2.76913        1.36962        1.05455      -0.189628     0.00731008
26.6        1.47702        1.14245       0.530385      -0.344907      0.0172649        2.76937         1.3452       0.984678     -0.0593081     0.00646771
26.8        1.49542        1.10943       0.600576      -0.403295      0.0187184         2.7689        1.32543       0.996944     -0.0549452     0.00300216
27        1.57759        1.20694        0.51068      -0.373918      0.0182576         2.7704        1.36196        1.05173      -0.173074     0.00392432
27.2        1.49674         1.1997       0.530932      -0.363127      0.0169449        2.76988        1.38445       0.997828      -0.117497     0.00618456
27.4        1.50484          1.277       0.495457      -0.377313      0.0184567        2.77025         1.4136        1.00323      -0.153068     0.00487038
27.6         1.5224        1.17581       0.502108       -0.38996      0.0207192        2.76995        1.30868        1.01493     -0.0674226     0.00629684
27.8        1.53825        1.20334       0.531279      -0.382752       0.017343        2.77066        1.36921         1.0255      -0.140262     0.00345986
28        1.34872        1.30195       0.526237      -0.317346      0.0179346        2.77134        1.52877       0.899144      -0.112849     0.00669857
28.2        1.48606         1.1905       0.584047      -0.410455       0.018677        2.76999        1.38277       0.990708      -0.102108     0.00327459
28.4        1.48572        1.18565       0.645206      -0.436931      0.0193638        2.77052        1.41329       0.990483      -0.130819     0.00231852
28.6        1.52365        1.27093       0.571218      -0.410806      0.0196012        2.77093        1.45094        1.01576      -0.205667     0.00201184
28.8        1.52766        1.23613       0.568922      -0.437003      0.0181799        2.77201        1.38623        1.01844      -0.145419     0.00353707
29        1.49766        1.16445       0.609854      -0.426021      0.0213475        2.77115        1.36963       0.998438      -0.101886     0.00574459
29.2        1.48901        1.20367       0.531896       -0.39051      0.0180453        2.77109         1.3631       0.992671       -0.08259     0.00157011
29.4        1.53538        1.15515       0.527613      -0.448246      0.0213479        2.77004        1.25587        1.02359     -0.0224373     0.00122792
29.6        1.55433        1.13038       0.534865      -0.431199      0.0202679        2.76984        1.25431        1.03622     -0.0464106     0.00761153
29.8        1.42409        1.19098       0.518976      -0.430102      0.0209367        2.76967        1.30079       0.949393      0.0427738     0.00201782
30        1.44809        1.13572       0.520978       -0.44233      0.0206285        2.76959          1.235       0.965396      0.0806127     0.00588829
30.2         1.5094        1.05398       0.594876      -0.450182      0.0216435        2.76972        1.22032        1.00627      0.0380666     0.00193068
30.4        1.48851        1.19892       0.573893      -0.424931      0.0198303        2.77031        1.36771       0.992337     -0.0923259     0.00641193
30.6        1.54106         1.1234       0.557969      -0.475796      0.0205666        2.76961        1.22614        1.02737      -0.001428     0.00384165
30.8        1.50942        1.19417        0.55499      -0.457134      0.0209302        2.76994        1.31295        1.00628     -0.0644193      0.0119807
31        1.43353        1.24477       0.521972      -0.465443      0.0197407        2.77031        1.32104       0.955685     0.00306323      0.0126864
31.2        1.49745        1.22426       0.555094       -0.48976       0.021392         2.7703        1.31098       0.998299     -0.0427126     0.00458333
31.4        1.42556        1.23331       0.551466      -0.425378      0.0210581        2.77027        1.38045       0.950374     -0.0369935     0.00125109
31.6        1.49192        1.22132       0.539251      -0.444266      0.0179916        2.77084        1.33429       0.994611     -0.0606755     0.00530755
31.8        1.57443        1.24826       0.576664      -0.474445      0.0200437        2.77067        1.37053        1.04962      -0.179581     0.00529387
32        1.53075        1.18583       0.560342      -0.455849      0.0197417        2.77057        1.31006         1.0205     -0.0725345     0.00229366
32.2        1.56595        1.18043       0.550518      -0.471634      0.0190224        2.77094        1.27834        1.04397     -0.0748772     0.00152842
32.4        1.52978        1.24817       0.600928      -0.523917       0.019906        2.77104        1.34509        1.01985      -0.105015     0.00119325
32.6        1.51584        1.23408       0.518539       -0.46587      0.0199443        2.77065         1.3067        1.01056     -0.0601116     0.00823012
32.8         1.6011        1.27165       0.503663      -0.442399      0.0183316        2.77101        1.35124         1.0674      -0.187845     0.00651154
33        1.45465        1.20219       0.586882       -0.43878      0.0212743        2.77134        1.37156       0.969765     -0.0631296     0.00825599
33.2        1.50982        1.21988       0.535244      -0.473694      0.0209326        2.77047        1.30236        1.00655     -0.0502571     0.00855252
33.4        1.57584        1.23424       0.509282      -0.453418      0.0201508         2.7705        1.31026        1.05056       -0.11991     0.00430635
33.6         1.5211        1.24607       0.500575      -0.460163      0.0204112        2.77059        1.30689        1.01407     -0.0649402      0.0075417
33.8        1.50419        1.21002        0.53955      -0.455147      0.0195668        2.77079        1.31399        1.00279     -0.0569468     0.00955811
34        1.55815        1.11284       0.588888      -0.482564      0.0199575        2.76967        1.23912        1.03876      -0.037903      0.0103041
34.2        1.53431        1.10771        0.58943      -0.483371      0.0214927        2.77005        1.23526        1.02288    -0.00313107      0.0036058
34.4        1.50513        1.26924       0.607729      -0.477694      0.0213008        2.77253        1.42057        1.00342      -0.162892     0.00972315
34.6        1.72082        1.16786       0.512718      -0.469706       0.019927        2.77011         1.2308        1.14721      -0.183428      0.0019222
34.8        1.49183        1.25228       0.607164      -0.469171      0.0205153        2.77106        1.41079       0.994554      -0.137467     0.00590758
35        1.51371        1.18311       0.557491       -0.47005      0.0217791        2.77038        1.29233        1.00914     -0.0441381     0.00846963
35.2        1.55087        1.09809       0.523475      -0.484082       0.021459        2.76919        1.15894        1.03391      0.0499698     0.00941382
35.4        1.46067        1.17403       0.534585      -0.477738      0.0216192        2.76957         1.2525        0.97378      0.0464361     0.00996682
35.6        1.52513        1.16971       0.547036      -0.470721      0.0214183        2.77009        1.26745        1.01675     -0.0313968     0.00890864
35.8        1.45402        1.17159        0.59502      -0.473304      0.0217061        2.77105        1.31502       0.969349    -0.00022384      0.0022366
36        1.62073        1.13383       0.553933      -0.512876      0.0218208        2.76921        1.19671        1.08048     -0.0543786     0.00615555
36.2        1.52623        1.21999       0.544556      -0.475538      0.0203254        2.77095        1.30933        1.01749      -0.066133     0.00151053
36.4        1.62448        1.21327       0.558577      -0.494593      0.0208561        2.77014        1.29811        1.08298      -0.156783     0.00433687
36.6        1.65404        1.24802       0.505834      -0.485062      0.0207053        2.77018         1.2895        1.10269      -0.185539      0.0121882
36.8         1.6667        1.27047       0.530153      -0.530653      0.0219039        2.77033        1.29187        1.11114      -0.190399     0.00215047
37        1.49456        1.14314        0.55838      -0.533353      0.0223338        2.76958         1.1905       0.996374      0.0664885      0.0180339
37.2        1.46107        1.22013       0.525197      -0.522125      0.0225457        2.77041        1.24575       0.974044      0.0480002      0.0155907
37.4        1.59179        1.12384       0.563322      -0.550206      0.0220403        2.76925        1.15899        1.06119      0.0128889     0.00558748
37.6        1.44393        1.22732       0.521494      -0.527513      0.0214372        2.77009        1.24274       0.962621      0.0808783     0.00254483
37.8        1.55362        1.27417       0.456386      -0.521571      0.0219869        2.77017        1.23097        1.03574      -0.015162    0.000744258
38        1.49592        1.21481       0.589049      -0.527918      0.0232013        2.77117        1.29914        0.99728     -0.0272853     0.00339817
38.2        1.59238        1.20874       0.550817      -0.522588      0.0209685        2.77085        1.25793        1.06159     -0.0907066      0.0112476
38.4        1.52215         1.3542       0.566865      -0.492588      0.0220892        2.77315        1.45057        1.01477      -0.209836      0.0102703
38.6        1.59664        1.24952       0.536917      -0.535122      0.0222363        2.77162        1.27355        1.06443      -0.105405     0.00683239
38.8           1.49        1.17197       0.515043       -0.50993      0.0219681        2.77044        1.19905       0.993332      0.0782434     0.00314416
39        1.51076        1.30026       0.542453      -0.517147        0.02038        2.77091        1.34595        1.00717     -0.0917252     0.00592832
39.2        1.50453        1.25569       0.544999      -0.503238      0.0214007        2.77076        1.31885        1.00302     -0.0616633     0.00904422
39.4        1.51897        1.30961       0.466665      -0.536042      0.0209996         2.7707        1.26124        1.01265       -0.01553     0.00601379
39.6        1.52554        1.18238       0.547911      -0.546635      0.0218822        2.77007        1.20553        1.01703      0.0351527     0.00383875
39.8        1.42115        1.30532       0.507113      -0.550763      0.0221895        2.77109        1.28386       0.947433      0.0619987     0.00408419
40        1.62571        1.18091       0.501913      -0.541191      0.0208414        2.76983        1.16247        1.08381     -0.0380188      0.0196671
40.2        1.46046        1.13913       0.615955       -0.50864      0.0220406        2.77091        1.26848       0.973642       0.030402      0.0115684
40.4        1.61499        1.16417       0.542903      -0.522969      0.0208319        2.77043        1.20494        1.07666      -0.060729       0.011235
40.6        1.58337        1.23924       0.528622      -0.550917       0.022769        2.77061        1.23972        1.05558     -0.0555907     0.00311783
40.8        1.51491        1.20668       0.529333      -0.524249      0.0218599        2.77049        1.23362        1.00994      0.0196501     0.00230701
41        1.38594        1.16964       0.545271      -0.553486      0.0216656        2.77014        1.18309       0.923963       0.198909     0.00219766
41.2        1.33347        1.18958       0.518061      -0.543827      0.0223525        2.77031        1.18617       0.888982       0.245579     0.00509024
41.4        1.38865        1.16645       0.508077      -0.586307      0.0230461        2.76995        1.11127        0.92577       0.268411     0.00161236
41.6        1.44586        1.14168       0.528159      -0.575459      0.0228493        2.77023        1.11723        0.96391       0.202777     0.00436279
41.8        1.47477        1.20557        0.53683      -0.565484      0.0231208        2.77054        1.20003       0.983177      0.0946903      0.0010517
42        1.49262        1.29709       0.518785      -0.572547      0.0207564        2.77058        1.26409       0.995079      0.0113008     0.00256708
42.2        1.66746        1.21624       0.545552      -0.625366       0.025308        2.77063        1.16174        1.11164      -0.064992     0.00643303
42.4        1.52626        1.27358       0.543404      -0.609696      0.0229241         2.7708        1.23021         1.0175    0.000416582      0.0139172
42.6        1.54508         1.2684       0.603793       -0.59571      0.0225034        2.77177        1.29899        1.03005     -0.0765817     0.00428613
42.8        1.58234        1.25782       0.529888      -0.654833      0.0226131        2.77075        1.15548        1.05489      0.0274877     0.00543454
43        1.54137         1.2724       0.528588      -0.662259      0.0221096        2.77057        1.16084        1.02758      0.0645167     0.00384649
43.2        1.48406        1.17162        0.54677       -0.64519      0.0226396        2.76961        1.09584       0.989374       0.182447     0.00726538
43.4        1.47437        1.19313       0.542256      -0.644332      0.0219418        2.77049          1.113       0.982912       0.176199     0.00692696
43.6        1.44339        1.26032       0.566563      -0.653957      0.0255764        2.77066        1.19851       0.962263       0.124979     0.00377664
43.8         1.4956        1.16854       0.579445      -0.648467      0.0235294        2.76996        1.12304       0.997066       0.136576       0.014742
44        1.59838        1.22086       0.520023      -0.631402      0.0221578        2.77056        1.13164        1.06559      0.0322729     0.00826865
44.2        1.39541        1.14979       0.457079       -0.67657      0.0227518        2.76884       0.953053       0.930277       0.409778      0.0105988
44.4        1.38679        1.16564       0.535374      -0.640259      0.0217155        2.76965        1.08247        0.92453       0.297476     0.00291483
44.6        1.47337        1.17293       0.518628      -0.638592      0.0229755        2.76941        1.07594       0.982247       0.219586    0.000513733
44.8        1.38872        1.27325       0.497239      -0.632042      0.0228762        2.77084        1.16132       0.925816       0.218241     0.00255612
45        1.48717         1.1953       0.585604      -0.651541      0.0231731        2.76976        1.15253       0.991446       0.126593     0.00346291
45.2        1.60243        1.23422       0.499144      -0.670084      0.0246412         2.7697        1.08792        1.06829      0.0728793     0.00645982
45.4         1.4515        1.24828       0.519564      -0.669547      0.0240331        2.77023        1.12233       0.967664        0.18295       0.013456
45.6        1.49638        1.19058       0.491777      -0.701232      0.0260736        2.76935         1.0072       0.997589       0.253732      0.0120311
45.8        1.42404        1.29896       0.566839      -0.679648      0.0243408        2.77124        1.21049       0.949358       0.135034      0.0016832
46        1.50984        1.21535       0.540866      -0.682183      0.0221217        2.77007        1.09616        1.00656       0.162811     0.00125702
46.2        1.48968        1.21656       0.518782      -0.640895      0.0231994         2.7711        1.11765       0.993119       0.152463      0.0113042
46.4        1.43176         1.1671       0.547905      -0.649148      0.0234603        2.77071        1.08931       0.954504       0.246926     0.00271717
46.6        1.47638        1.13695       0.544254      -0.628634      0.0233909        2.77064        1.07596       0.984252       0.212765     0.00553687
46.8        1.37947        1.16799       0.560945      -0.642909      0.0242716        2.77033         1.1103       0.919647       0.272767     0.00779963
47        1.47614        1.16857       0.570341      -0.658072      0.0232916        2.77065        1.10413       0.984095       0.181613     0.00876492
47.2        1.52309         1.1526       0.538526      -0.670864      0.0224922        2.76965        1.04275        1.01539       0.192355      0.0114532
47.4        1.46862        1.22631       0.478086      -0.614974      0.0224317        2.77092        1.11185       0.979079       0.181422     0.00902833
47.6        1.46897        1.16939       0.565876      -0.647244      0.0232171        2.77003        1.11124       0.979312       0.187253     0.00257309
47.8        1.55787        1.17801       0.485122      -0.624806      0.0238286        2.76977        1.06215        1.03858       0.144022     0.00572901
48        1.50663         1.1506       0.531123      -0.585969      0.0211029        2.76975        1.11686        1.00442       0.136919     0.00934515
48.2        1.56457        1.29553       0.538846      -0.646721      0.0230025        2.77084        1.21066        1.04305      -0.012121     0.00773004
48.4        1.54477        1.31264       0.513909      -0.620823      0.0224622        2.77093        1.22819        1.02985    -0.00847901     0.00644496
48.6        1.55707         1.2803       0.523327      -0.664936      0.0235998         2.7712        1.16229        1.03804      0.0395073       0.012339
48.8        1.58717        1.12252       0.597344      -0.619015      0.0242237         2.7705        1.12507        1.05811      0.0533062     0.00496017
49         1.5321        1.24128       0.550649      -0.716415      0.0253678        2.77041        1.10088         1.0214       0.128197     0.00923319
49.2        1.45604        1.16909        0.53719      -0.634877      0.0241198        2.76992        1.09552       0.970695       0.213005     0.00535217
49.4        1.50637         1.1482       0.540208      -0.594501      0.0227427        2.77076        1.11665        1.00424       0.140195     0.00754412
49.6        1.50293        1.18768       0.562315      -0.603722      0.0230452        2.77042        1.16932        1.00195      0.0909674     0.00720614
49.8        1.50956        1.20222       0.655518      -0.643437      0.0230957        2.77201        1.23739        1.00637      0.0240035     0.00105532
50        1.66679        1.11774       0.545496      -0.617889      0.0236817        2.77007        1.06902        1.11119      0.0263649       0.007899
50.2        1.56965        1.25967       0.564291      -0.627804      0.0210662        2.77077        1.21723        1.04644     -0.0234515     0.00734523
50.4        1.52547        1.23968       0.535895      -0.681053      0.0233959        2.77053        1.11792        1.01698       0.120411     0.00672802
50.6        1.51977        1.17939       0.581557      -0.668384      0.0236292        2.77019         1.1162        1.01318       0.121381      0.0128478
50.8        1.49248        1.13988       0.519049      -0.686132      0.0243973        2.76911       0.997191       0.994989       0.271485     0.00794553
51        1.46992        1.22852       0.511389      -0.621987      0.0230494        2.76985        1.14097       0.979949       0.157056     0.00190037
51.2        1.55988        1.32241       0.541176      -0.647727      0.0234076        2.77025        1.23927        1.03992     -0.0326219     0.00372767
51.4        1.53146        1.21978       0.611843      -0.659013       0.025625        2.77002        1.19824        1.02097      0.0316516     0.00866422
51.6         1.5078        1.15402       0.535793      -0.659587      0.0216376        2.77018        1.05186         1.0052       0.204688     0.00582604
51.8        1.45964        1.16937       0.571928       -0.69487      0.0233458        2.76932        1.06978       0.973095       0.235308      0.0045904
52        1.51108        1.12494       0.526312      -0.675934      0.0234493        2.76827       0.998768        1.00739       0.257466    0.000953831
52.2        1.56023         1.1482       0.541143      -0.660738      0.0238266        2.76961        1.05243        1.04015       0.135626      0.0213264
52.4        1.53168         1.1738        0.53526      -0.658176      0.0230941        2.76935        1.07398        1.02112       0.157396     0.00630373
52.6        1.68315        1.20776       0.556922      -0.622637      0.0223319        2.76998        1.16438         1.1221     -0.0834242     0.00587814
52.8        1.47557        1.21059       0.592889      -0.667458      0.0222289         2.7701        1.15825       0.983713       0.126761     0.00951933
53        1.50222        1.23244       0.537389      -0.697156      0.0242322        2.77006        1.09691        1.00148        0.16949     0.00143777
53.2        1.48061        1.19946       0.468679      -0.655016      0.0235747        2.76927        1.03669        0.98707        0.24738     0.00459281
53.4        1.53932        1.14819        0.58463      -0.698512      0.0255028        2.76985        1.05981        1.02622       0.168507      0.0022061
53.6        1.47774        1.20828       0.489439      -0.662055      0.0231432        2.76946         1.0588       0.985157       0.230455     0.00246458
53.8        1.33664        1.24345       0.541419      -0.669306      0.0242146        2.76985        1.13977       0.891092       0.290609     0.00282988
54        1.58013        1.28486       0.585771      -0.629188      0.0225549        2.77138        1.26399        1.05342     -0.0754806      0.0027374
54.2        1.60213        1.09248       0.587161      -0.617394      0.0231441        2.76909         1.0854        1.06809      0.0632851      0.0182752
54.4        1.45542        1.29617       0.541106      -0.691945       0.022796        2.77012        1.16813       0.970282       0.143533     0.00304193
54.6        1.52153        1.14877       0.539801      -0.667547      0.0236581        2.76913        1.04468        1.01436       0.197875     0.00504165
54.8        1.49067        1.15849       0.462669      -0.617457      0.0225268        2.76884        1.02623       0.993779        0.25052       0.001424
55        1.43338        1.16919       0.555164      -0.651288      0.0253521        2.76932        1.09841       0.955585       0.231114     0.00641834
55.2        1.47837        1.13526       0.547876      -0.699063      0.0217045        2.76859        1.00578        0.98558        0.28305     0.00138904
55.4        1.46632        1.12604       0.593708      -0.657089      0.0235681        2.77001        1.08623       0.977547       0.211294     0.00616923
55.6        1.44229        1.22336       0.538373       -0.67173      0.0233045        2.76972         1.1133        0.96153       0.209778     0.00434378
55.8        1.43763        1.19051       0.526657       -0.70503      0.0228782        2.76881        1.03502        0.95842       0.291619     0.00454459
56        1.45052        1.14065       0.568358      -0.641745      0.0240253        2.76996        1.09128       0.967011       0.225005     0.00314965
56.2        1.52141        1.10663       0.495432      -0.698493      0.0231167        2.76833       0.926685        1.01427        0.31797     0.00226653
56.4        1.54865        1.09386       0.552579      -0.703903      0.0224967        2.76866       0.965033        1.03243       0.249103     0.00587203
56.6        1.49053        1.15321       0.545201      -0.691798      0.0244729         2.7685        1.03109       0.993684       0.242772     0.00411417
56.8         1.5275        1.15866       0.560023      -0.690396       0.022195        2.76818        1.05048        1.01833       0.189735    0.000467136
57        1.56562        1.10127       0.500678      -0.627425      0.0226762        2.76864       0.997202        1.04374       0.202233     0.00358455
57.2        1.41566        1.24518       0.512039      -0.673988      0.0226616        2.76956        1.10589       0.943772        0.24364     0.00436575
57.4        1.46338        1.16834       0.596008      -0.636043      0.0230096        2.77032        1.15131       0.975584       0.150401     0.00523263
57.6        1.45503        1.21358       0.514829      -0.684839      0.0234489        2.76988        1.06702       0.970021        0.24296      0.0048683
57.8        1.47103        1.14846       0.561244      -0.715437      0.0250175         2.7695        1.01929       0.980689       0.277378     0.00179734
58        1.52007        1.11596       0.530323       -0.66897        0.02423        2.76817        1.00155        1.01338       0.243182     0.00337568
58.2        1.57736         1.2809       0.607544      -0.685613      0.0238221        2.77081        1.22666        1.05158      -0.045332      0.0121196
58.4          1.532        1.24779       0.559334      -0.641094      0.0230076        2.77075        1.18903        1.02133      0.0408423     0.00887163
58.6        1.47999        1.20755       0.601699      -0.669242      0.0254312        2.77023        1.16544       0.986662       0.109253      0.0155477
58.8        1.52507        1.17481       0.528157      -0.693842      0.0237149        2.76935        1.03284        1.01671       0.201137       0.010314
59        1.52325        1.18254       0.568034       -0.67269       0.024582        2.77001        1.10247         1.0155       0.129053      0.0152401
59.2        1.53923        1.21547       0.552049      -0.630612      0.0226282        2.77022        1.15954        1.02615      0.0691724     0.00227922
59.4         1.5848          1.143        0.53043      -0.708747       0.023748        2.76868        0.98843        1.05653       0.192061     0.00338973
59.6        1.49316        1.18186       0.549452      -0.697503      0.0237625        2.77041        1.05757       0.995442       0.205618      0.0140604
59.8        1.49877        1.25309       0.560546       -0.72136      0.0226818        2.77061        1.11496       0.999182       0.152089     0.00479271
60        1.62713        1.20935       0.486648      -0.747717      0.0227872        2.76921       0.971071        1.08475       0.165648     0.00536819
60.2        1.48713        1.16882       0.488963      -0.745808      0.0238282        2.76999       0.935808       0.991422       0.338467     0.00857933
60.4        1.50467        1.15612       0.570763      -0.767926      0.0242744        2.76991       0.983231        1.00312        0.26794      0.0140636
60.6        1.57545        1.24585       0.578271      -0.766481       0.025721        2.77128        1.08336         1.0503       0.111697    0.000774592
60.8        1.44101         1.1561       0.535887      -0.824667      0.0250374        2.76896       0.892362       0.960672       0.430086     0.00550009
61         1.5787        1.18135       0.500571      -0.861356      0.0261487         2.7691       0.846717        1.05247       0.335777     0.00790648
61.2        1.48241        1.21118       0.510583      -0.844033      0.0261929        2.76907       0.903923       0.988271       0.375549     0.00719263
61.4        1.56918        1.18419       0.488283       -0.86789      0.0276231        2.76877       0.832207        1.04612       0.364677     0.00271009
61.6        1.38634        1.20842       0.604829      -0.804174       0.025268        2.77094        1.03434       0.924229       0.348804     0.00145109
61.8        1.60191        1.13512        0.51284      -0.800983      0.0255394        2.76934       0.872519        1.06794       0.289889     0.00502318
62        1.54077        1.13255       0.576662      -0.790432      0.0252495        2.77026       0.944031        1.02718       0.283195     0.00226076
62.2        1.49189        1.27139       0.578524      -0.776261      0.0281747         2.7721        1.10183       0.994596       0.172738     0.00563997
62.4        1.43959        1.14858       0.476225       -0.80295      0.0238533        2.76957       0.845704        0.95973       0.480392     0.00387927
62.6        1.40277        1.21751       0.527157      -0.845702      0.0276356        2.76916         0.9266       0.935178        0.43134     0.00845669
62.8        1.49367        1.19005       0.444302      -0.813497      0.0269482        2.76939       0.847801        0.99578       0.426751     0.00116529
63        1.54758        1.22939       0.530865      -0.752044      0.0251296         2.7706        1.03334        1.03172       0.177924      0.0117537
63.2        1.58951        1.27216       0.543029       -0.80656      0.0267198           2.77        1.03535        1.05967       0.140017     0.00512396
63.4        1.55474        1.34212       0.476885      -0.755101      0.0260427        2.77085        1.08995        1.03649       0.121668     0.00449161
63.6        1.39452        1.21683       0.591464      -0.851193      0.0268128        2.76957       0.983913       0.929682       0.389175     0.00195771
63.8        1.46448        1.14402       0.565817      -0.801626      0.0258702         2.7702       0.934082       0.976317       0.370274     0.00137271
64        1.51337        1.13943       0.565197      -0.819338      0.0233681        2.76968       0.908658        1.00891       0.345184     0.00247309
64.2        1.40416        1.18665       0.518331      -0.818766      0.0278657        2.76965       0.914078       0.936104       0.434477      0.0169415
64.4        1.51441        1.26627       0.436388       -0.80832      0.0263837        2.77031       0.920717        1.00961       0.327647     0.00752841
64.6        1.52952        1.19803       0.505607      -0.833385      0.0241239        2.76994       0.894378        1.01968       0.341216     0.00482527
64.8        1.56432        1.21376       0.507803      -0.861518       0.027583        2.76907       0.887631        1.04288       0.313546     0.00356725
65        1.51807        1.18795       0.497138      -0.891941      0.0272359        2.76812       0.820378        1.01205        0.42169     0.00798142
65.2        1.43878        1.11205       0.538947      -0.818079      0.0254491         2.7685       0.858367        0.95919       0.466241     0.00511153
65.4        1.37302        1.18711       0.581512      -0.782722      0.0263961        2.77063         1.0123       0.915346       0.378501     0.00681284
65.6        1.42723        1.09844       0.501345      -0.830088      0.0269866        2.76869       0.796687       0.951485       0.541198     0.00357547
65.8         1.4524        1.13808       0.508774      -0.782059      0.0270946        2.76955       0.891893       0.968265        0.41858     0.00668212
