0        1.77507  -0.866944  -0.596371  2.06353
41        1.60168  -0.640067  0.0714414  1.72632
82        1.63559  1.05177  0.253183  1.96099
123       0.917722  1.10338  0.644562  1.57325
164      -0.482599  1.25011  0.185953  1.35286
205      -0.967942  0.164761  -0.234353  1.00944
246      -0.792717  -0.701008  -1.42895  1.77812
287       -0.42352  -0.763849  1.58538  1.81005
328       0.389622  1.56  0.667424  1.74094
369       0.121246  0.445602  -0.92749  1.0361
410      -0.545672  -1.01711  -1.32142  1.75454
451       0.614675  0.989442  0.57359  1.29839
492       0.831693  -1.07596  0.778651  1.56707
533       -1.16846  -0.978052  0.128962  1.52922
574       -0.83855  -0.451118  -1.25457  1.575
615       -1.10143  0.401852  -1.25739  1.71921
656      -0.560141  1.53795  -0.779532  1.81293
697     -0.0990908  -0.940132  -0.207693  0.967886
738       0.742792  -0.841331  -0.074271  1.12476
779       -1.37464  -0.37724  0.14143  1.43247
820      -0.922272  0.281925  0.915678  1.32986
861      -0.316431  -0.873877  -0.0106238  0.929464
902       0.547717  0.831644  0.775117  1.26192
943      0.0549997  -1.1072  -0.411195  1.18237
984       -1.21004  0.0360942  0.0374486  1.21116
1025      -0.140672  1.16144  0.53227  1.28532
1066        1.71136  -0.182087  1.21278  2.10541
